2023-12-27 17:53:16,653 | INFO | hilo : 
+==============================================================+
|                                                              |
| ██████╗  █████╗ ██████╗ ██╗         ██╗      █████╗ ██████╗  |
| ██╔══██╗██╔══██╗██╔══██╗██║         ██║     ██╔══██╗██╔══██╗ |
| ██║  ██║███████║██║  ██║██║         ██║     ███████║██████╔╝ |
| ██║  ██║██╔══██║██║  ██║██║         ██║     ██╔══██║██╔══██╗ |
| ██████╔╝██║  ██║██████╔╝███████╗    ███████╗██║  ██║██████╔╝ |
| ╚═════╝ ╚═╝  ╚═╝╚═════╝ ╚══════╝    ╚══════╝╚═╝  ╚═╝╚═════╝  |
+==============================================================+
|             Hi-Lo Resolution Image Classification            |
|             -------------------------------------            |
|                       Gabriel C. Trahan                      |
|                          Sahan Ahmad                         |
|                       MD  Aminual Islam                      |
+==============================================================+
2023-12-27 17:53:18,232 | INFO | hilo.dataset-accessor : Fetching dataset: cifar100
2023-12-27 17:53:18,232 | INFO | hilo.cifar100-dataset : Initializing transform
2023-12-27 17:53:18,232 | INFO | hilo.cifar100-dataset : Verifying/downloading train data
2023-12-27 17:53:18,904 | INFO | hilo.cifar100-dataset : Verifying/downloading test data
2023-12-27 17:53:19,413 | INFO | hilo.cifar100-dataset : Creating train data loader.
2023-12-27 17:53:19,414 | INFO | hilo.cifar100-dataset : Creating test data loader.
2023-12-27 17:53:19,433 | ERROR | hilo : An error occured: 'Resnet' object has no attribute '_make_layer'
2023-12-27 17:53:19,435 | INFO | hilo : Exiting...
