2024-03-10 20:15:40,413 | INFO | hilo : 
+==============================================================+
|                                                              |
| ██████╗  █████╗ ██████╗ ██╗         ██╗      █████╗ ██████╗  |
| ██╔══██╗██╔══██╗██╔══██╗██║         ██║     ██╔══██╗██╔══██╗ |
| ██║  ██║███████║██║  ██║██║         ██║     ███████║██████╔╝ |
| ██║  ██║██╔══██║██║  ██║██║         ██║     ██╔══██║██╔══██╗ |
| ██████╔╝██║  ██║██████╔╝███████╗    ███████╗██║  ██║██████╔╝ |
| ╚═════╝ ╚═╝  ╚═╝╚═════╝ ╚══════╝    ╚══════╝╚═╝  ╚═╝╚═════╝  |
+==============================================================+
|             Hi-Lo Resolution Image Classification            |
|             -------------------------------------            |
|                       Gabriel C. Trahan                      |
|                          Sahan Ahmad                         |
|                       MD  Aminual Islam                      |
+==============================================================+
2024-03-10 20:15:42,028 | INFO | hilo.dataset-accessor : Fetching dataset: cifar100
2024-03-10 20:15:42,028 | INFO | hilo.cifar100-dataset : Initializing transform
2024-03-10 20:15:42,028 | INFO | hilo.cifar100-dataset : Verifying/downloading train data
2024-03-10 20:15:42,678 | INFO | hilo.cifar100-dataset : Verifying/downloading test data
2024-03-10 20:15:43,179 | INFO | hilo.cifar100-dataset : Creating train data loader.
2024-03-10 20:15:43,179 | INFO | hilo.cifar100-dataset : Creating test data loader.
2024-03-10 20:15:43,292 | INFO | hilo : Output directory: output/resnet/cifar100/None/20240310_201542/
2024-03-10 20:15:44,249 | INFO | hilo : Using device: NVIDIA GeForce GTX 1060 6GB
2024-03-10 20:15:44,249 | INFO | hilo : Exeucting job: MODEL resnet | DATASET cifar100 | KERNEL none
2024-03-10 20:15:44,249 | INFO | hilo : Commencing training phase...
2024-03-10 20:16:55,450 | INFO | hilo : Epoch   1/200 | Accuracy:   9.4203 | Loss:   4.1060
2024-03-10 20:18:05,812 | INFO | hilo : Epoch   2/200 | Accuracy:  16.4583 | Loss:   3.0604
2024-03-10 20:19:16,243 | INFO | hilo : Epoch   3/200 | Accuracy:  18.3239 | Loss:   3.3745
2024-03-10 20:20:26,667 | INFO | hilo : Epoch   4/200 | Accuracy:  26.3787 | Loss:   2.9050
2024-03-10 20:21:37,082 | INFO | hilo : Epoch   5/200 | Accuracy:  32.8804 | Loss:   2.1605
2024-03-10 20:22:47,395 | INFO | hilo : Epoch   6/200 | Accuracy:  33.9844 | Loss:   2.3863
2024-03-10 20:23:57,793 | INFO | hilo : Epoch   7/200 | Accuracy:  37.5000 | Loss:   2.0466
2024-03-10 20:25:08,190 | INFO | hilo : Epoch   8/200 | Accuracy:  42.1875 | Loss:   1.6379
2024-03-10 20:26:18,635 | INFO | hilo : Epoch   9/200 | Accuracy:  42.9688 | Loss:   2.1757
2024-03-10 20:27:29,071 | INFO | hilo : Epoch  10/200 | Accuracy:  40.6250 | Loss:   1.7107
2024-03-10 20:28:39,530 | INFO | hilo : Epoch  11/200 | Accuracy:  41.3651 | Loss:   2.0654
2024-03-10 20:29:49,985 | INFO | hilo : Epoch  12/200 | Accuracy:  39.1667 | Loss:   1.8603
2024-03-10 20:31:00,455 | INFO | hilo : Epoch  13/200 | Accuracy:  43.7500 | Loss:   1.7943
2024-03-10 20:32:10,887 | INFO | hilo : Epoch  14/200 | Accuracy:  43.8043 | Loss:   1.5743
2024-03-10 20:33:21,318 | INFO | hilo : Epoch  15/200 | Accuracy:  44.5312 | Loss:   1.6985
2024-03-10 20:34:31,769 | INFO | hilo : Epoch  16/200 | Accuracy:  39.0727 | Loss:   1.4644
2024-03-10 20:35:42,140 | INFO | hilo : Epoch  17/200 | Accuracy:  46.4844 | Loss:   1.5360
2024-03-10 20:36:52,516 | INFO | hilo : Epoch  18/200 | Accuracy:  41.9271 | Loss:   1.5392
2024-03-10 20:38:02,896 | INFO | hilo : Epoch  19/200 | Accuracy:  46.0938 | Loss:   2.0631
2024-03-10 20:39:13,268 | INFO | hilo : Epoch  20/200 | Accuracy:  44.5312 | Loss:   1.3776
2024-03-10 20:40:23,648 | INFO | hilo : Epoch  21/200 | Accuracy:  43.7500 | Loss:   1.2703
2024-03-10 20:41:34,020 | INFO | hilo : Epoch  22/200 | Accuracy:  50.0000 | Loss:   1.5145
2024-03-10 20:42:44,416 | INFO | hilo : Epoch  23/200 | Accuracy:  45.3125 | Loss:   1.4784
2024-03-10 20:43:54,775 | INFO | hilo : Epoch  24/200 | Accuracy:  44.5312 | Loss:   1.5071
2024-03-10 20:45:05,148 | INFO | hilo : Epoch  25/200 | Accuracy:  42.9688 | Loss:   1.4695
2024-03-10 20:46:15,566 | INFO | hilo : Epoch  26/200 | Accuracy:  48.9583 | Loss:   1.7323
2024-03-10 20:47:26,031 | INFO | hilo : Epoch  27/200 | Accuracy:  45.7386 | Loss:   1.5331
2024-03-10 20:48:36,433 | INFO | hilo : Epoch  28/200 | Accuracy:  50.5208 | Loss:   1.6330
2024-03-10 20:49:46,862 | INFO | hilo : Epoch  29/200 | Accuracy:  43.2598 | Loss:   1.3714
2024-03-10 20:50:57,284 | INFO | hilo : Epoch  30/200 | Accuracy:  72.6562 | Loss:   0.5910
2024-03-10 20:52:07,692 | INFO | hilo : Epoch  31/200 | Accuracy:  64.4531 | Loss:   0.2883
2024-03-10 20:53:18,076 | INFO | hilo : Epoch  32/200 | Accuracy:  63.2212 | Loss:   0.3190
2024-03-10 20:54:28,496 | INFO | hilo : Epoch  33/200 | Accuracy:  70.3125 | Loss:   0.0887
2024-03-10 20:55:39,002 | INFO | hilo : Epoch  34/200 | Accuracy:  65.6250 | Loss:   0.1086
2024-03-10 20:56:49,445 | INFO | hilo : Epoch  35/200 | Accuracy:  66.6667 | Loss:   0.0825
2024-03-10 20:57:59,904 | INFO | hilo : Epoch  36/200 | Accuracy:  71.8750 | Loss:   0.0223
2024-03-10 20:59:10,307 | INFO | hilo : Epoch  37/200 | Accuracy:  64.8438 | Loss:   0.0227
2024-03-10 21:00:20,805 | INFO | hilo : Epoch  38/200 | Accuracy:  68.7500 | Loss:   0.1464
2024-03-10 21:01:31,169 | INFO | hilo : Epoch  39/200 | Accuracy:  63.1944 | Loss:   0.0165
2024-03-10 21:02:41,604 | INFO | hilo : Epoch  40/200 | Accuracy:  71.8750 | Loss:   0.0217
2024-03-10 21:03:52,008 | INFO | hilo : Epoch  41/200 | Accuracy:  64.0625 | Loss:   0.0182
2024-03-10 21:05:02,463 | INFO | hilo : Epoch  42/200 | Accuracy:  63.2812 | Loss:   0.0128
2024-03-10 21:06:12,908 | INFO | hilo : Epoch  43/200 | Accuracy:  61.5680 | Loss:   0.0127
2024-03-10 21:07:23,323 | INFO | hilo : Epoch  44/200 | Accuracy:  67.1875 | Loss:   0.0144
2024-03-10 21:08:33,767 | INFO | hilo : Epoch  45/200 | Accuracy:  68.7500 | Loss:   0.0110
2024-03-10 21:09:44,159 | INFO | hilo : Epoch  46/200 | Accuracy:  65.6250 | Loss:   0.0170
2024-03-10 21:10:54,579 | INFO | hilo : Epoch  47/200 | Accuracy:  65.6250 | Loss:   0.0148
2024-03-10 21:12:04,945 | INFO | hilo : Epoch  48/200 | Accuracy:  64.0625 | Loss:   0.0126
2024-03-10 21:13:15,352 | INFO | hilo : Epoch  49/200 | Accuracy:  71.8750 | Loss:   0.0118
2024-03-10 21:14:25,793 | INFO | hilo : Epoch  50/200 | Accuracy:  62.5000 | Loss:   0.0120
2024-03-10 21:15:36,173 | INFO | hilo : Epoch  51/200 | Accuracy:  64.0625 | Loss:   0.0498
2024-03-10 21:16:46,620 | INFO | hilo : Epoch  52/200 | Accuracy:  58.2078 | Loss:   0.0551
2024-03-10 21:17:57,024 | INFO | hilo : Epoch  53/200 | Accuracy:  57.8125 | Loss:   0.5301
2024-03-10 21:19:07,476 | INFO | hilo : Epoch  54/200 | Accuracy:  56.2500 | Loss:   0.6777
2024-03-10 21:20:17,918 | INFO | hilo : Epoch  55/200 | Accuracy:  54.7706 | Loss:   0.3309
2024-03-10 21:21:28,296 | INFO | hilo : Epoch  56/200 | Accuracy:  55.9152 | Loss:   0.1271
2024-03-10 21:22:38,732 | INFO | hilo : Epoch  57/200 | Accuracy:  63.5417 | Loss:   0.0841
2024-03-10 21:23:49,130 | INFO | hilo : Epoch  58/200 | Accuracy:  63.0208 | Loss:   0.0214
2024-03-10 21:24:59,556 | INFO | hilo : Epoch  59/200 | Accuracy:  64.0625 | Loss:   0.0072
2024-03-10 21:26:09,947 | INFO | hilo : Epoch  60/200 | Accuracy:  65.6250 | Loss:   0.0092
2024-03-10 21:27:20,402 | INFO | hilo : Epoch  61/200 | Accuracy:  69.5312 | Loss:   0.0051
2024-03-10 21:28:30,810 | INFO | hilo : Epoch  62/200 | Accuracy:  65.6250 | Loss:   0.0042
2024-03-10 21:29:41,190 | INFO | hilo : Epoch  63/200 | Accuracy:  65.6250 | Loss:   0.0046
2024-03-10 21:30:51,590 | INFO | hilo : Epoch  64/200 | Accuracy:  63.2711 | Loss:   0.0038
2024-03-10 21:32:01,995 | INFO | hilo : Epoch  65/200 | Accuracy:  64.4531 | Loss:   0.0053
2024-03-10 21:33:12,397 | INFO | hilo : Epoch  66/200 | Accuracy:  65.0000 | Loss:   0.0040
2024-03-10 21:34:22,790 | INFO | hilo : Epoch  67/200 | Accuracy:  66.1458 | Loss:   0.0051
2024-03-10 21:35:33,125 | INFO | hilo : Epoch  68/200 | Accuracy:  64.3750 | Loss:   0.0035
2024-03-10 21:36:43,493 | INFO | hilo : Epoch  69/200 | Accuracy:  64.5833 | Loss:   0.0039
2024-03-10 21:37:53,935 | INFO | hilo : Epoch  70/200 | Accuracy:  67.1875 | Loss:   0.0047
2024-03-10 21:39:04,311 | INFO | hilo : Epoch  71/200 | Accuracy:  82.8125 | Loss:   0.0046
2024-03-10 21:40:14,744 | INFO | hilo : Epoch  72/200 | Accuracy:  64.4043 | Loss:   0.0047
2024-03-10 21:41:25,174 | INFO | hilo : Epoch  73/200 | Accuracy:  73.4375 | Loss:   0.0058
2024-03-10 21:42:35,608 | INFO | hilo : Epoch  74/200 | Accuracy:  68.7500 | Loss:   0.0045
2024-03-10 21:43:46,026 | INFO | hilo : Epoch  75/200 | Accuracy:  63.3789 | Loss:   0.0050
2024-03-10 21:44:56,445 | INFO | hilo : Epoch  76/200 | Accuracy:  64.4770 | Loss:   0.0092
2024-03-10 21:46:06,727 | INFO | hilo : Epoch  77/200 | Accuracy:  66.1058 | Loss:   0.0035
2024-03-10 21:47:17,083 | INFO | hilo : Epoch  78/200 | Accuracy:  65.4297 | Loss:   0.0061
2024-03-10 21:48:27,510 | INFO | hilo : Epoch  79/200 | Accuracy:  66.2109 | Loss:   0.0057
2024-03-10 21:49:37,979 | INFO | hilo : Epoch  80/200 | Accuracy:  70.7031 | Loss:   0.0066
2024-03-10 21:50:48,443 | INFO | hilo : Epoch  81/200 | Accuracy:  67.7083 | Loss:   0.0053
2024-03-10 21:51:58,857 | INFO | hilo : Epoch  82/200 | Accuracy:  71.0938 | Loss:   0.0035
2024-03-10 21:53:09,283 | INFO | hilo : Epoch  83/200 | Accuracy:  65.6250 | Loss:   0.0035
2024-03-10 21:54:19,742 | INFO | hilo : Epoch  84/200 | Accuracy:  65.1042 | Loss:   0.0053
2024-03-10 21:55:30,211 | INFO | hilo : Epoch  85/200 | Accuracy:  68.7500 | Loss:   0.0057
2024-03-10 21:56:40,665 | INFO | hilo : Epoch  86/200 | Accuracy:  69.5312 | Loss:   0.0050
2024-03-10 21:57:51,079 | INFO | hilo : Epoch  87/200 | Accuracy:  70.3125 | Loss:   0.0050
2024-03-10 21:59:01,521 | INFO | hilo : Epoch  88/200 | Accuracy:  64.8438 | Loss:   0.0045
2024-03-10 22:00:12,012 | INFO | hilo : Epoch  89/200 | Accuracy:  64.2857 | Loss:   0.0051
2024-03-10 22:01:22,480 | INFO | hilo : Epoch  90/200 | Accuracy:  66.2500 | Loss:   0.0072
2024-03-10 22:02:32,921 | INFO | hilo : Epoch  91/200 | Accuracy:  68.7500 | Loss:   0.0031
2024-03-10 22:03:43,351 | INFO | hilo : Epoch  92/200 | Accuracy:  63.1660 | Loss:   0.0043
2024-03-10 22:04:53,763 | INFO | hilo : Epoch  93/200 | Accuracy:  68.7500 | Loss:   0.0057
2024-03-10 22:06:04,156 | INFO | hilo : Epoch  94/200 | Accuracy:  63.7263 | Loss:   0.0044
2024-03-10 22:07:14,563 | INFO | hilo : Epoch  95/200 | Accuracy:  67.9688 | Loss:   0.0050
2024-03-10 22:08:24,960 | INFO | hilo : Epoch  96/200 | Accuracy:  64.0625 | Loss:   0.0057
2024-03-10 22:09:35,388 | INFO | hilo : Epoch  97/200 | Accuracy:  70.3125 | Loss:   0.0044
2024-03-10 22:10:45,823 | INFO | hilo : Epoch  98/200 | Accuracy:  63.2610 | Loss:   0.0060
2024-03-10 22:11:56,209 | INFO | hilo : Epoch  99/200 | Accuracy:  67.1875 | Loss:   0.0043
2024-03-10 22:13:06,586 | INFO | hilo : Epoch 100/200 | Accuracy:  67.1875 | Loss:   0.0048
2024-03-10 22:14:17,038 | INFO | hilo : Epoch 101/200 | Accuracy:  69.2708 | Loss:   0.0048
2024-03-10 22:15:27,460 | INFO | hilo : Epoch 102/200 | Accuracy:  68.7500 | Loss:   0.0063
2024-03-10 22:16:37,815 | INFO | hilo : Epoch 103/200 | Accuracy:  63.2605 | Loss:   0.0060
2024-03-10 22:17:48,221 | INFO | hilo : Epoch 104/200 | Accuracy:  65.6250 | Loss:   0.0050
2024-03-10 22:18:58,599 | INFO | hilo : Epoch 105/200 | Accuracy:  67.1875 | Loss:   0.0045
2024-03-10 22:20:08,990 | INFO | hilo : Epoch 106/200 | Accuracy:  64.4886 | Loss:   0.0049
2024-03-10 22:21:19,393 | INFO | hilo : Epoch 107/200 | Accuracy:  71.8750 | Loss:   0.0062
2024-03-10 22:22:29,831 | INFO | hilo : Epoch 108/200 | Accuracy:  65.5208 | Loss:   0.0120
2024-03-10 22:23:40,203 | INFO | hilo : Epoch 109/200 | Accuracy:  64.6484 | Loss:   0.0041
2024-03-10 22:24:50,610 | INFO | hilo : Epoch 110/200 | Accuracy:  64.2578 | Loss:   0.0045
2024-03-10 22:26:01,016 | INFO | hilo : Epoch 111/200 | Accuracy:  63.1189 | Loss:   0.0040
2024-03-10 22:27:11,440 | INFO | hilo : Epoch 112/200 | Accuracy:  65.3846 | Loss:   0.0055
2024-03-10 22:28:21,848 | INFO | hilo : Epoch 113/200 | Accuracy:  68.7500 | Loss:   0.0045
2024-03-10 22:29:32,279 | INFO | hilo : Epoch 114/200 | Accuracy:  66.6667 | Loss:   0.0055
2024-03-10 22:30:42,702 | INFO | hilo : Epoch 115/200 | Accuracy:  68.7500 | Loss:   0.0053
2024-03-10 22:31:53,125 | INFO | hilo : Epoch 116/200 | Accuracy:  71.8750 | Loss:   0.0097
2024-03-10 22:33:03,561 | INFO | hilo : Epoch 117/200 | Accuracy:  66.6295 | Loss:   0.0057
2024-03-10 22:34:13,988 | INFO | hilo : Epoch 118/200 | Accuracy:  65.7812 | Loss:   0.0041
2024-03-10 22:35:24,363 | INFO | hilo : Epoch 119/200 | Accuracy:  64.8438 | Loss:   0.0058
2024-03-10 22:36:34,778 | INFO | hilo : Epoch 120/200 | Accuracy:  68.5938 | Loss:   0.0074
2024-03-10 22:37:45,209 | INFO | hilo : Epoch 121/200 | Accuracy:  64.7461 | Loss:   0.0046
2024-03-10 22:38:55,612 | INFO | hilo : Epoch 122/200 | Accuracy:  65.6250 | Loss:   0.0055
2024-03-10 22:40:05,975 | INFO | hilo : Epoch 123/200 | Accuracy:  66.5179 | Loss:   0.0052
2024-03-10 22:41:16,365 | INFO | hilo : Epoch 124/200 | Accuracy:  65.1042 | Loss:   0.0058
2024-03-10 22:42:26,804 | INFO | hilo : Epoch 125/200 | Accuracy:  69.0625 | Loss:   0.0039
2024-03-10 22:43:37,189 | INFO | hilo : Epoch 126/200 | Accuracy:  65.6250 | Loss:   0.0065
2024-03-10 22:44:47,589 | INFO | hilo : Epoch 127/200 | Accuracy:  67.1875 | Loss:   0.0047
2024-03-10 22:45:58,019 | INFO | hilo : Epoch 128/200 | Accuracy:  66.4931 | Loss:   0.0061
2024-03-10 22:47:08,421 | INFO | hilo : Epoch 129/200 | Accuracy:  64.1140 | Loss:   0.0081
2024-03-10 22:48:18,845 | INFO | hilo : Epoch 130/200 | Accuracy:  68.7500 | Loss:   0.0057
2024-03-10 22:49:29,189 | INFO | hilo : Epoch 131/200 | Accuracy:  71.8750 | Loss:   0.0091
2024-03-10 22:50:39,550 | INFO | hilo : Epoch 132/200 | Accuracy:  67.5781 | Loss:   0.0043
2024-03-10 22:51:49,979 | INFO | hilo : Epoch 133/200 | Accuracy:  63.4878 | Loss:   0.0054
2024-03-10 22:53:00,422 | INFO | hilo : Epoch 134/200 | Accuracy:  67.5781 | Loss:   0.0063
2024-03-10 22:54:10,819 | INFO | hilo : Epoch 135/200 | Accuracy:  66.2946 | Loss:   0.0067
2024-03-10 22:55:21,259 | INFO | hilo : Epoch 136/200 | Accuracy:  67.1875 | Loss:   0.0043
2024-03-10 22:56:31,676 | INFO | hilo : Epoch 137/200 | Accuracy:  64.0625 | Loss:   0.0079
2024-03-10 22:57:42,020 | INFO | hilo : Epoch 138/200 | Accuracy:  75.0000 | Loss:   0.0047
2024-03-10 22:58:52,365 | INFO | hilo : Epoch 139/200 | Accuracy:  65.0000 | Loss:   0.0072
2024-03-10 23:00:02,769 | INFO | hilo : Epoch 140/200 | Accuracy:  63.3681 | Loss:   0.0054
2024-03-10 23:01:13,098 | INFO | hilo : Epoch 141/200 | Accuracy:  68.7500 | Loss:   0.0056
2024-03-10 23:02:23,577 | INFO | hilo : Epoch 142/200 | Accuracy:  65.1042 | Loss:   0.0052
2024-03-10 23:03:34,030 | INFO | hilo : Epoch 143/200 | Accuracy:  70.3125 | Loss:   0.0046
2024-03-10 23:04:44,500 | INFO | hilo : Epoch 144/200 | Accuracy:  65.6250 | Loss:   0.0041
2024-03-10 23:05:54,937 | INFO | hilo : Epoch 145/200 | Accuracy:  63.5989 | Loss:   0.0065
2024-03-10 23:07:05,379 | INFO | hilo : Epoch 146/200 | Accuracy:  75.0000 | Loss:   0.0042
2024-03-10 23:08:15,723 | INFO | hilo : Epoch 147/200 | Accuracy:  67.5781 | Loss:   0.0038
2024-03-10 23:09:26,011 | INFO | hilo : Epoch 148/200 | Accuracy:  68.7500 | Loss:   0.0048
2024-03-10 23:10:36,353 | INFO | hilo : Epoch 149/200 | Accuracy:  70.3125 | Loss:   0.0070
2024-03-10 23:11:46,832 | INFO | hilo : Epoch 150/200 | Accuracy:  70.3125 | Loss:   0.0049
2024-03-10 23:12:57,231 | INFO | hilo : Epoch 151/200 | Accuracy:  75.0000 | Loss:   0.0049
2024-03-10 23:14:07,668 | INFO | hilo : Epoch 152/200 | Accuracy:  63.3667 | Loss:   0.0067
2024-03-10 23:15:18,051 | INFO | hilo : Epoch 153/200 | Accuracy:  76.5625 | Loss:   0.0049
2024-03-10 23:16:28,408 | INFO | hilo : Epoch 154/200 | Accuracy:  66.2946 | Loss:   0.0080
2024-03-10 23:17:38,811 | INFO | hilo : Epoch 155/200 | Accuracy:  64.4676 | Loss:   0.0124
2024-03-10 23:18:49,292 | INFO | hilo : Epoch 156/200 | Accuracy:  67.9688 | Loss:   0.0082
2024-03-10 23:19:59,797 | INFO | hilo : Epoch 157/200 | Accuracy:  65.0000 | Loss:   0.0069
2024-03-10 23:21:10,245 | INFO | hilo : Epoch 158/200 | Accuracy:  63.4665 | Loss:   0.0041
2024-03-10 23:22:20,639 | INFO | hilo : Epoch 159/200 | Accuracy:  65.6250 | Loss:   0.0055
2024-03-10 23:23:31,085 | INFO | hilo : Epoch 160/200 | Accuracy:  67.4107 | Loss:   0.0067
2024-03-10 23:24:41,491 | INFO | hilo : Epoch 161/200 | Accuracy:  68.7500 | Loss:   0.0041
2024-03-10 23:25:51,969 | INFO | hilo : Epoch 162/200 | Accuracy:  66.4062 | Loss:   0.0049
2024-03-10 23:27:02,304 | INFO | hilo : Epoch 163/200 | Accuracy:  67.1875 | Loss:   0.0071
2024-03-10 23:28:12,802 | INFO | hilo : Epoch 164/200 | Accuracy:  64.1304 | Loss:   0.0063
2024-03-10 23:29:23,210 | INFO | hilo : Epoch 165/200 | Accuracy:  63.3413 | Loss:   0.0063
2024-03-10 23:30:33,597 | INFO | hilo : Epoch 166/200 | Accuracy:  64.8438 | Loss:   0.0051
2024-03-10 23:31:44,010 | INFO | hilo : Epoch 167/200 | Accuracy:  65.3646 | Loss:   0.0056
2024-03-10 23:32:54,357 | INFO | hilo : Epoch 168/200 | Accuracy:  63.5417 | Loss:   0.0056
2024-03-10 23:34:04,757 | INFO | hilo : Epoch 169/200 | Accuracy:  66.0156 | Loss:   0.0052
2024-03-10 23:35:15,191 | INFO | hilo : Epoch 170/200 | Accuracy:  68.7500 | Loss:   0.0053
2024-03-10 23:36:25,638 | INFO | hilo : Epoch 171/200 | Accuracy:  63.2300 | Loss:   0.0054
2024-03-10 23:37:36,032 | INFO | hilo : Epoch 172/200 | Accuracy:  71.8750 | Loss:   0.0054
2024-03-10 23:38:46,457 | INFO | hilo : Epoch 173/200 | Accuracy:  65.2778 | Loss:   0.0046
2024-03-10 23:39:56,871 | INFO | hilo : Epoch 174/200 | Accuracy:  67.1875 | Loss:   0.0061
2024-03-10 23:41:07,269 | INFO | hilo : Epoch 175/200 | Accuracy:  71.8750 | Loss:   0.0049
2024-03-10 23:42:17,720 | INFO | hilo : Epoch 176/200 | Accuracy:  63.7500 | Loss:   0.0067
2024-03-10 23:43:28,231 | INFO | hilo : Epoch 177/200 | Accuracy:  64.6875 | Loss:   0.0061
2024-03-10 23:44:38,631 | INFO | hilo : Epoch 178/200 | Accuracy:  68.7500 | Loss:   0.0043
2024-03-10 23:45:48,907 | INFO | hilo : Epoch 179/200 | Accuracy:  71.8750 | Loss:   0.0045
2024-03-10 23:46:59,299 | INFO | hilo : Epoch 180/200 | Accuracy:  73.4375 | Loss:   0.0056
2024-03-10 23:48:09,734 | INFO | hilo : Epoch 181/200 | Accuracy:  70.5729 | Loss:   0.0054
2024-03-10 23:49:20,072 | INFO | hilo : Epoch 182/200 | Accuracy:  63.3218 | Loss:   0.0056
2024-03-10 23:50:30,500 | INFO | hilo : Epoch 183/200 | Accuracy:  64.0625 | Loss:   0.0079
2024-03-10 23:51:40,954 | INFO | hilo : Epoch 184/200 | Accuracy:  75.0000 | Loss:   0.0055
2024-03-10 23:52:51,384 | INFO | hilo : Epoch 185/200 | Accuracy:  70.3125 | Loss:   0.0063
2024-03-10 23:54:01,840 | INFO | hilo : Epoch 186/200 | Accuracy:  66.4062 | Loss:   0.0048
2024-03-10 23:55:12,248 | INFO | hilo : Epoch 187/200 | Accuracy:  68.7500 | Loss:   0.0102
2024-03-10 23:56:22,611 | INFO | hilo : Epoch 188/200 | Accuracy:  64.0855 | Loss:   0.0175
2024-03-10 23:57:33,034 | INFO | hilo : Epoch 189/200 | Accuracy:  73.4375 | Loss:   0.0060
2024-03-10 23:58:43,460 | INFO | hilo : Epoch 190/200 | Accuracy:  64.0625 | Loss:   0.0078
2024-03-10 23:59:53,838 | INFO | hilo : Epoch 191/200 | Accuracy:  64.5833 | Loss:   0.0048
2024-03-11 00:01:04,122 | INFO | hilo : Epoch 192/200 | Accuracy:  65.6250 | Loss:   0.0054
2024-03-11 00:02:14,455 | INFO | hilo : Epoch 193/200 | Accuracy:  71.8750 | Loss:   0.0064
2024-03-11 00:03:24,900 | INFO | hilo : Epoch 194/200 | Accuracy:  68.7500 | Loss:   0.0061
2024-03-11 00:04:35,336 | INFO | hilo : Epoch 195/200 | Accuracy:  67.1875 | Loss:   0.0236
2024-03-11 00:05:45,685 | INFO | hilo : Epoch 196/200 | Accuracy:  66.6667 | Loss:   0.0076
2024-03-11 00:06:56,088 | INFO | hilo : Epoch 197/200 | Accuracy:  65.6250 | Loss:   0.0101
2024-03-11 00:08:06,455 | INFO | hilo : Epoch 198/200 | Accuracy:  65.6250 | Loss:   0.0076
2024-03-11 00:09:16,880 | INFO | hilo : Epoch 199/200 | Accuracy:  63.6719 | Loss:   0.0257
2024-03-11 00:10:27,378 | INFO | hilo : Epoch 200/200 | Accuracy:  64.6875 | Loss:   0.0062
2024-03-11 00:10:27,378 | INFO | hilo : Commencing testing phase...
2024-03-11 00:10:32,529 | INFO | hilo : Test Accuracy: 63.09
2024-03-11 00:10:32,530 | INFO | hilo : Best accuracy of 82.8125% @ epoch 71
2024-03-11 00:10:32,530 | INFO | hilo : Recording job results in output/results.csv
2024-03-11 00:10:32,535 | INFO | hilo : Saving training report to output/resnet/cifar100/None/20240310_201542//training_report.csv
2024-03-11 00:10:32,536 | INFO | hilo : Saving accuracy graph to output/resnet/cifar100/None/20240310_201542//training_graph.jpg
2024-03-11 00:10:32,698 | INFO | hilo.resnet : Saving model layer data to output/resnet/cifar100/None/20240310_201542//model_layers.csv
2024-03-11 00:10:32,698 | INFO | hilo : Job complete: MODEL resnet | DATASET cifar100 | KERNEL none
2024-03-11 00:10:32,698 | INFO | hilo : Exiting...
