2023-10-15 10:28:58,615 | INFO | hi-lo : 
+=========================================================================+
|  ______     ______   ______    ___         ___        ______   _______  |
| /| ___ \  // ____ \ /| ___ \  /| |        /| |      // ____ \ /| ___  \ |
| /| |//\ \ /| |//| | /| |//\ \ /| |        /| |      /| |//| | /| |//| | |
| /| | /| | /| ____ | /| | /| | /| |        /| |      /| ____ | /| ___  / |
| /| |_// / /| |//| | /| |_// / /| |____    /| |____  /| |//| | /| |//\ \ |
| /|_____/  /|_| /|_| /|_____/  /|______|   /|______| /|_| /|_| /|______/ |
| ///////   ///  ///  //////    ////////    ////////  ///  ///  ////////  |
+=========================================================================+
|                  Hi-Lo Resolution Image Classification                  |
|                  -------------------------------------                  |
|                            Gabriel C. Trahan                            |
|                               Sahan Ahmad                               |
|                            MD  Aminual Islam                            |
+=========================================================================+
| MODEL:                      normal | LR:                            0.1 |
| DATASET:                   cifar10 | BATCH SIZE:                     64 |
+=========================================================================+
2023-10-15 10:28:58,615 | INFO | hi-lo : Output directory: output/None//normal/cifar10/20231015_102858
2023-10-15 10:28:58,615 | INFO | hi-lo.dataset-accessor : Fetching dataset: cifar10
2023-10-15 10:28:58,615 | INFO | hi-lo.cifar10-dataset : Initializing transform.
2023-10-15 10:28:58,615 | INFO | hi-lo.cifar10-dataset : Verifying/downloading train data.
2023-10-15 10:28:59,267 | INFO | hi-lo.cifar10-dataset : Verifying/downloading test data.
2023-10-15 10:28:59,751 | INFO | hi-lo.cifar10-dataset : Creating train data loader.
2023-10-15 10:28:59,751 | INFO | hi-lo.cifar10-dataset : Creating test data loader.
2023-10-15 10:29:00,755 | INFO | hi-lo : Using device: NVIDIA GeForce GTX 1060 6GB
2023-10-15 10:29:00,755 | INFO | hi-lo : Commencing training phase...
2023-10-15 10:29:00,756 | INFO | hi-lo : BEGIN EPOCH 1 =========================================================================
2023-10-15 10:29:09,359 | INFO | hi-lo : END EPOCH:   1 | ACCURACY: 53.12 | LOSS: 1.349010705947876
2023-10-15 10:29:09,359 | INFO | hi-lo : BEGIN EPOCH 2 =========================================================================
2023-10-15 10:29:17,129 | INFO | hi-lo : END EPOCH:   2 | ACCURACY: 56.77 | LOSS: 1.364577293395996
2023-10-15 10:29:17,129 | INFO | hi-lo : BEGIN EPOCH 3 =========================================================================
2023-10-15 10:29:24,919 | INFO | hi-lo : END EPOCH:   3 | ACCURACY: 52.08 | LOSS: 1.113346815109253
2023-10-15 10:29:24,919 | INFO | hi-lo : BEGIN EPOCH 4 =========================================================================
2023-10-15 10:29:32,694 | INFO | hi-lo : END EPOCH:   4 | ACCURACY: 60.94 | LOSS: 1.3559085130691528
2023-10-15 10:29:32,694 | INFO | hi-lo : BEGIN EPOCH 5 =========================================================================
2023-10-15 10:29:40,476 | INFO | hi-lo : END EPOCH:   5 | ACCURACY: 56.25 | LOSS: 1.461953043937683
2023-10-15 10:29:40,476 | INFO | hi-lo : BEGIN EPOCH 6 =========================================================================
2023-10-15 10:29:48,285 | INFO | hi-lo : END EPOCH:   6 | ACCURACY: 55.43 | LOSS: 1.5702394247055054
2023-10-15 10:29:48,285 | INFO | hi-lo : BEGIN EPOCH 7 =========================================================================
2023-10-15 10:29:56,107 | INFO | hi-lo : END EPOCH:   7 | ACCURACY: 60.76 | LOSS: 1.104790210723877
2023-10-15 10:29:56,107 | INFO | hi-lo : BEGIN EPOCH 8 =========================================================================
2023-10-15 10:30:03,928 | INFO | hi-lo : END EPOCH:   8 | ACCURACY: 70.31 | LOSS: 1.3380444049835205
2023-10-15 10:30:03,928 | INFO | hi-lo : BEGIN EPOCH 9 =========================================================================
2023-10-15 10:30:11,726 | INFO | hi-lo : END EPOCH:   9 | ACCURACY: 60.42 | LOSS: 1.378530740737915
2023-10-15 10:30:11,727 | INFO | hi-lo : BEGIN EPOCH 10 =========================================================================
2023-10-15 10:30:19,563 | INFO | hi-lo : END EPOCH:  10 | ACCURACY: 55.79 | LOSS: 0.942327618598938
2023-10-15 10:30:19,563 | INFO | hi-lo : BEGIN EPOCH 11 =========================================================================
2023-10-15 10:30:27,379 | INFO | hi-lo : END EPOCH:  11 | ACCURACY: 73.44 | LOSS: 1.1963354349136353
2023-10-15 10:30:27,380 | INFO | hi-lo : BEGIN EPOCH 12 =========================================================================
2023-10-15 10:30:35,240 | INFO | hi-lo : END EPOCH:  12 | ACCURACY: 55.31 | LOSS: 1.494443416595459
2023-10-15 10:30:35,240 | INFO | hi-lo : BEGIN EPOCH 13 =========================================================================
2023-10-15 10:30:43,086 | INFO | hi-lo : END EPOCH:  13 | ACCURACY: 60.94 | LOSS: 1.4194613695144653
2023-10-15 10:30:43,086 | INFO | hi-lo : BEGIN EPOCH 14 =========================================================================
2023-10-15 10:30:50,928 | INFO | hi-lo : END EPOCH:  14 | ACCURACY: 67.19 | LOSS: 1.260805368423462
2023-10-15 10:30:50,928 | INFO | hi-lo : BEGIN EPOCH 15 =========================================================================
2023-10-15 10:30:58,765 | INFO | hi-lo : END EPOCH:  15 | ACCURACY: 68.75 | LOSS: 1.2572507858276367
2023-10-15 10:30:58,766 | INFO | hi-lo : BEGIN EPOCH 16 =========================================================================
2023-10-15 10:31:06,612 | INFO | hi-lo : END EPOCH:  16 | ACCURACY: 68.75 | LOSS: 1.1809240579605103
2023-10-15 10:31:06,612 | INFO | hi-lo : BEGIN EPOCH 17 =========================================================================
2023-10-15 10:31:14,489 | INFO | hi-lo : END EPOCH:  17 | ACCURACY: 58.5 | LOSS: 1.367509126663208
2023-10-15 10:31:14,489 | INFO | hi-lo : BEGIN EPOCH 18 =========================================================================
2023-10-15 10:31:22,369 | INFO | hi-lo : END EPOCH:  18 | ACCURACY: 57.59 | LOSS: 1.3058031797409058
2023-10-15 10:31:22,369 | INFO | hi-lo : BEGIN EPOCH 19 =========================================================================
2023-10-15 10:31:30,232 | INFO | hi-lo : END EPOCH:  19 | ACCURACY: 57.91 | LOSS: 1.0657243728637695
2023-10-15 10:31:30,232 | INFO | hi-lo : BEGIN EPOCH 20 =========================================================================
2023-10-15 10:31:38,127 | INFO | hi-lo : END EPOCH:  20 | ACCURACY: 67.97 | LOSS: 1.093262791633606
2023-10-15 10:31:38,127 | INFO | hi-lo : BEGIN EPOCH 21 =========================================================================
2023-10-15 10:31:46,024 | INFO | hi-lo : END EPOCH:  21 | ACCURACY: 60.94 | LOSS: 1.2996630668640137
2023-10-15 10:31:46,024 | INFO | hi-lo : BEGIN EPOCH 22 =========================================================================
2023-10-15 10:31:53,898 | INFO | hi-lo : END EPOCH:  22 | ACCURACY: 60.94 | LOSS: 1.4117590188980103
2023-10-15 10:31:53,898 | INFO | hi-lo : BEGIN EPOCH 23 =========================================================================
2023-10-15 10:32:01,785 | INFO | hi-lo : END EPOCH:  23 | ACCURACY: 59.38 | LOSS: 1.1498212814331055
2023-10-15 10:32:01,785 | INFO | hi-lo : BEGIN EPOCH 24 =========================================================================
2023-10-15 10:32:09,650 | INFO | hi-lo : END EPOCH:  24 | ACCURACY: 52.02 | LOSS: 1.2180352210998535
2023-10-15 10:32:09,650 | INFO | hi-lo : BEGIN EPOCH 25 =========================================================================
2023-10-15 10:32:17,541 | INFO | hi-lo : END EPOCH:  25 | ACCURACY: 58.04 | LOSS: 1.3850716352462769
2023-10-15 10:32:17,541 | INFO | hi-lo : BEGIN EPOCH 26 =========================================================================
2023-10-15 10:32:25,465 | INFO | hi-lo : END EPOCH:  26 | ACCURACY: 58.59 | LOSS: 1.0755947828292847
2023-10-15 10:32:25,465 | INFO | hi-lo : BEGIN EPOCH 27 =========================================================================
2023-10-15 10:32:33,330 | INFO | hi-lo : END EPOCH:  27 | ACCURACY: 67.19 | LOSS: 1.3725597858428955
2023-10-15 10:32:33,330 | INFO | hi-lo : BEGIN EPOCH 28 =========================================================================
2023-10-15 10:32:41,219 | INFO | hi-lo : END EPOCH:  28 | ACCURACY: 67.19 | LOSS: 1.1730194091796875
2023-10-15 10:32:41,219 | INFO | hi-lo : BEGIN EPOCH 29 =========================================================================
2023-10-15 10:32:49,128 | INFO | hi-lo : END EPOCH:  29 | ACCURACY: 73.44 | LOSS: 0.989777684211731
2023-10-15 10:32:49,128 | INFO | hi-lo : BEGIN EPOCH 30 =========================================================================
2023-10-15 10:32:57,031 | INFO | hi-lo : END EPOCH:  30 | ACCURACY: 76.56 | LOSS: 0.5386474132537842
2023-10-15 10:32:57,031 | INFO | hi-lo : BEGIN EPOCH 31 =========================================================================
2023-10-15 10:33:04,990 | INFO | hi-lo : END EPOCH:  31 | ACCURACY: 80.47 | LOSS: 0.5026660561561584
2023-10-15 10:33:04,990 | INFO | hi-lo : BEGIN EPOCH 32 =========================================================================
2023-10-15 10:33:12,876 | INFO | hi-lo : END EPOCH:  32 | ACCURACY: 80.8 | LOSS: 0.5256085395812988
2023-10-15 10:33:12,876 | INFO | hi-lo : BEGIN EPOCH 33 =========================================================================
2023-10-15 10:33:20,748 | INFO | hi-lo : END EPOCH:  33 | ACCURACY: 82.81 | LOSS: 0.26648008823394775
2023-10-15 10:33:20,748 | INFO | hi-lo : BEGIN EPOCH 34 =========================================================================
2023-10-15 10:33:28,669 | INFO | hi-lo : END EPOCH:  34 | ACCURACY: 78.26 | LOSS: 0.13688072562217712
2023-10-15 10:33:28,669 | INFO | hi-lo : BEGIN EPOCH 35 =========================================================================
2023-10-15 10:33:36,557 | INFO | hi-lo : END EPOCH:  35 | ACCURACY: 84.38 | LOSS: 0.2710636258125305
2023-10-15 10:33:36,557 | INFO | hi-lo : BEGIN EPOCH 36 =========================================================================
2023-10-15 10:33:44,434 | INFO | hi-lo : END EPOCH:  36 | ACCURACY: 78.12 | LOSS: 0.11974450945854187
2023-10-15 10:33:44,434 | INFO | hi-lo : BEGIN EPOCH 37 =========================================================================
2023-10-15 10:33:52,336 | INFO | hi-lo : END EPOCH:  37 | ACCURACY: 82.03 | LOSS: 0.1518864929676056
2023-10-15 10:33:52,336 | INFO | hi-lo : BEGIN EPOCH 38 =========================================================================
2023-10-15 10:34:00,265 | INFO | hi-lo : END EPOCH:  38 | ACCURACY: 82.81 | LOSS: 0.06892731040716171
2023-10-15 10:34:00,265 | INFO | hi-lo : BEGIN EPOCH 39 =========================================================================
2023-10-15 10:34:08,148 | INFO | hi-lo : END EPOCH:  39 | ACCURACY: 82.81 | LOSS: 0.08378761261701584
2023-10-15 10:34:08,149 | INFO | hi-lo : BEGIN EPOCH 40 =========================================================================
2023-10-15 10:34:16,075 | INFO | hi-lo : END EPOCH:  40 | ACCURACY: 84.38 | LOSS: 0.06916043162345886
2023-10-15 10:34:16,075 | INFO | hi-lo : BEGIN EPOCH 41 =========================================================================
2023-10-15 10:34:23,994 | INFO | hi-lo : END EPOCH:  41 | ACCURACY: 83.93 | LOSS: 0.05160953849554062
2023-10-15 10:34:23,994 | INFO | hi-lo : BEGIN EPOCH 42 =========================================================================
2023-10-15 10:34:31,881 | INFO | hi-lo : END EPOCH:  42 | ACCURACY: 89.06 | LOSS: 0.06100666522979736
2023-10-15 10:34:31,881 | INFO | hi-lo : BEGIN EPOCH 43 =========================================================================
2023-10-15 10:34:39,873 | INFO | hi-lo : END EPOCH:  43 | ACCURACY: 81.05 | LOSS: 0.12457910925149918
2023-10-15 10:34:39,873 | INFO | hi-lo : BEGIN EPOCH 44 =========================================================================
2023-10-15 10:34:47,800 | INFO | hi-lo : END EPOCH:  44 | ACCURACY: 77.78 | LOSS: 0.02912450022995472
2023-10-15 10:34:47,801 | INFO | hi-lo : BEGIN EPOCH 45 =========================================================================
2023-10-15 10:34:55,819 | INFO | hi-lo : END EPOCH:  45 | ACCURACY: 77.85 | LOSS: 0.0774892270565033
2023-10-15 10:34:55,819 | INFO | hi-lo : BEGIN EPOCH 46 =========================================================================
2023-10-15 10:35:03,729 | INFO | hi-lo : END EPOCH:  46 | ACCURACY: 78.45 | LOSS: 0.03130251169204712
2023-10-15 10:35:03,729 | INFO | hi-lo : BEGIN EPOCH 47 =========================================================================
2023-10-15 10:35:11,662 | INFO | hi-lo : END EPOCH:  47 | ACCURACY: 86.72 | LOSS: 0.07900039106607437
2023-10-15 10:35:11,662 | INFO | hi-lo : BEGIN EPOCH 48 =========================================================================
2023-10-15 10:35:19,573 | INFO | hi-lo : END EPOCH:  48 | ACCURACY: 79.49 | LOSS: 0.07078470289707184
2023-10-15 10:35:19,573 | INFO | hi-lo : BEGIN EPOCH 49 =========================================================================
2023-10-15 10:35:27,523 | INFO | hi-lo : END EPOCH:  49 | ACCURACY: 78.7 | LOSS: 0.0756426677107811
2023-10-15 10:35:27,524 | INFO | hi-lo : BEGIN EPOCH 50 =========================================================================
2023-10-15 10:35:35,449 | INFO | hi-lo : END EPOCH:  50 | ACCURACY: 79.69 | LOSS: 0.08556287735700607
2023-10-15 10:35:35,449 | INFO | hi-lo : BEGIN EPOCH 51 =========================================================================
2023-10-15 10:35:43,491 | INFO | hi-lo : END EPOCH:  51 | ACCURACY: 84.38 | LOSS: 0.09715371578931808
2023-10-15 10:35:43,491 | INFO | hi-lo : BEGIN EPOCH 52 =========================================================================
2023-10-15 10:35:51,438 | INFO | hi-lo : END EPOCH:  52 | ACCURACY: 84.38 | LOSS: 0.0507415309548378
2023-10-15 10:35:51,438 | INFO | hi-lo : BEGIN EPOCH 53 =========================================================================
2023-10-15 10:35:59,413 | INFO | hi-lo : END EPOCH:  53 | ACCURACY: 79.45 | LOSS: 0.06852064281702042
2023-10-15 10:35:59,413 | INFO | hi-lo : BEGIN EPOCH 54 =========================================================================
2023-10-15 10:36:07,357 | INFO | hi-lo : END EPOCH:  54 | ACCURACY: 77.99 | LOSS: 0.04315446689724922
2023-10-15 10:36:07,358 | INFO | hi-lo : BEGIN EPOCH 55 =========================================================================
2023-10-15 10:36:15,304 | INFO | hi-lo : END EPOCH:  55 | ACCURACY: 84.38 | LOSS: 0.048531848937273026
2023-10-15 10:36:15,304 | INFO | hi-lo : BEGIN EPOCH 56 =========================================================================
2023-10-15 10:36:23,375 | INFO | hi-lo : END EPOCH:  56 | ACCURACY: 77.84 | LOSS: 0.005491221323609352
2023-10-15 10:36:23,376 | INFO | hi-lo : BEGIN EPOCH 57 =========================================================================
2023-10-15 10:36:31,509 | INFO | hi-lo : END EPOCH:  57 | ACCURACY: 80.21 | LOSS: 0.04456310346722603
2023-10-15 10:36:31,509 | INFO | hi-lo : BEGIN EPOCH 58 =========================================================================
2023-10-15 10:36:39,528 | INFO | hi-lo : END EPOCH:  58 | ACCURACY: 85.94 | LOSS: 0.009952935390174389
2023-10-15 10:36:39,528 | INFO | hi-lo : BEGIN EPOCH 59 =========================================================================
2023-10-15 10:36:47,494 | INFO | hi-lo : END EPOCH:  59 | ACCURACY: 81.25 | LOSS: 0.011162892915308475
2023-10-15 10:36:47,494 | INFO | hi-lo : BEGIN EPOCH 60 =========================================================================
2023-10-15 10:36:55,574 | INFO | hi-lo : END EPOCH:  60 | ACCURACY: 82.81 | LOSS: 0.007136293221265078
2023-10-15 10:36:55,575 | INFO | hi-lo : BEGIN EPOCH 61 =========================================================================
2023-10-15 10:37:03,817 | INFO | hi-lo : END EPOCH:  61 | ACCURACY: 81.25 | LOSS: 0.004723731894046068
2023-10-15 10:37:03,818 | INFO | hi-lo : BEGIN EPOCH 62 =========================================================================
2023-10-15 10:37:11,835 | INFO | hi-lo : END EPOCH:  62 | ACCURACY: 85.94 | LOSS: 0.004825950134545565
2023-10-15 10:37:11,835 | INFO | hi-lo : BEGIN EPOCH 63 =========================================================================
2023-10-15 10:37:19,967 | INFO | hi-lo : END EPOCH:  63 | ACCURACY: 83.98 | LOSS: 0.0042550694197416306
2023-10-15 10:37:19,967 | INFO | hi-lo : BEGIN EPOCH 64 =========================================================================
2023-10-15 10:37:28,070 | INFO | hi-lo : END EPOCH:  64 | ACCURACY: 81.25 | LOSS: 0.004492000211030245
2023-10-15 10:37:28,071 | INFO | hi-lo : BEGIN EPOCH 65 =========================================================================
2023-10-15 10:37:36,345 | INFO | hi-lo : END EPOCH:  65 | ACCURACY: 84.38 | LOSS: 0.003787072841078043
2023-10-15 10:37:36,345 | INFO | hi-lo : BEGIN EPOCH 66 =========================================================================
2023-10-15 10:37:44,584 | INFO | hi-lo : END EPOCH:  66 | ACCURACY: 81.51 | LOSS: 0.005806810688227415
2023-10-15 10:37:44,584 | INFO | hi-lo : BEGIN EPOCH 67 =========================================================================
2023-10-15 10:37:52,878 | INFO | hi-lo : END EPOCH:  67 | ACCURACY: 84.38 | LOSS: 0.0031478647142648697
2023-10-15 10:37:52,879 | INFO | hi-lo : BEGIN EPOCH 68 =========================================================================
2023-10-15 10:38:01,140 | INFO | hi-lo : END EPOCH:  68 | ACCURACY: 90.62 | LOSS: 0.0035414479207247496
2023-10-15 10:38:01,141 | INFO | hi-lo : BEGIN EPOCH 69 =========================================================================
2023-10-15 10:38:09,475 | INFO | hi-lo : END EPOCH:  69 | ACCURACY: 82.5 | LOSS: 0.002546064555644989
2023-10-15 10:38:09,475 | INFO | hi-lo : BEGIN EPOCH 70 =========================================================================
2023-10-15 10:38:17,819 | INFO | hi-lo : END EPOCH:  70 | ACCURACY: 82.42 | LOSS: 0.005350146442651749
2023-10-15 10:38:17,819 | INFO | hi-lo : BEGIN EPOCH 71 =========================================================================
2023-10-15 10:38:26,295 | INFO | hi-lo : END EPOCH:  71 | ACCURACY: 85.94 | LOSS: 0.007503170985728502
2023-10-15 10:38:26,295 | INFO | hi-lo : BEGIN EPOCH 72 =========================================================================
2023-10-15 10:38:34,729 | INFO | hi-lo : END EPOCH:  72 | ACCURACY: 82.81 | LOSS: 0.005796798970550299
2023-10-15 10:38:34,729 | INFO | hi-lo : BEGIN EPOCH 73 =========================================================================
2023-10-15 10:38:43,116 | INFO | hi-lo : END EPOCH:  73 | ACCURACY: 85.94 | LOSS: 0.005370755679905415
2023-10-15 10:38:43,116 | INFO | hi-lo : BEGIN EPOCH 74 =========================================================================
2023-10-15 10:38:51,530 | INFO | hi-lo : END EPOCH:  74 | ACCURACY: 80.19 | LOSS: 0.0042979237623512745
2023-10-15 10:38:51,531 | INFO | hi-lo : BEGIN EPOCH 75 =========================================================================
2023-10-15 10:38:59,962 | INFO | hi-lo : END EPOCH:  75 | ACCURACY: 85.94 | LOSS: 0.00537269189953804
2023-10-15 10:38:59,962 | INFO | hi-lo : BEGIN EPOCH 76 =========================================================================
2023-10-15 10:39:08,434 | INFO | hi-lo : END EPOCH:  76 | ACCURACY: 84.77 | LOSS: 0.0030359714291989803
2023-10-15 10:39:08,434 | INFO | hi-lo : BEGIN EPOCH 77 =========================================================================
2023-10-15 10:39:17,011 | INFO | hi-lo : END EPOCH:  77 | ACCURACY: 79.92 | LOSS: 0.003456477075815201
2023-10-15 10:39:17,011 | INFO | hi-lo : BEGIN EPOCH 78 =========================================================================
2023-10-15 10:39:25,553 | INFO | hi-lo : END EPOCH:  78 | ACCURACY: 80.77 | LOSS: 0.005076131317764521
2023-10-15 10:39:25,553 | INFO | hi-lo : BEGIN EPOCH 79 =========================================================================
2023-10-15 10:39:34,103 | INFO | hi-lo : END EPOCH:  79 | ACCURACY: 81.73 | LOSS: 0.010947002097964287
2023-10-15 10:39:34,103 | INFO | hi-lo : BEGIN EPOCH 80 =========================================================================
2023-10-15 10:39:42,710 | INFO | hi-lo : END EPOCH:  80 | ACCURACY: 81.92 | LOSS: 0.009028095752000809
2023-10-15 10:39:42,710 | INFO | hi-lo : BEGIN EPOCH 81 =========================================================================
2023-10-15 10:39:51,346 | INFO | hi-lo : END EPOCH:  81 | ACCURACY: 83.59 | LOSS: 0.005615689791738987
2023-10-15 10:39:51,346 | INFO | hi-lo : BEGIN EPOCH 82 =========================================================================
2023-10-15 10:39:59,987 | INFO | hi-lo : END EPOCH:  82 | ACCURACY: 80.21 | LOSS: 0.0056404611095786095
2023-10-15 10:39:59,987 | INFO | hi-lo : BEGIN EPOCH 83 =========================================================================
2023-10-15 10:40:08,653 | INFO | hi-lo : END EPOCH:  83 | ACCURACY: 82.81 | LOSS: 0.004293455276638269
2023-10-15 10:40:08,653 | INFO | hi-lo : BEGIN EPOCH 84 =========================================================================
2023-10-15 10:40:17,237 | INFO | hi-lo : END EPOCH:  84 | ACCURACY: 80.73 | LOSS: 0.006134840659797192
2023-10-15 10:40:17,237 | INFO | hi-lo : BEGIN EPOCH 85 =========================================================================
2023-10-15 10:40:25,857 | INFO | hi-lo : END EPOCH:  85 | ACCURACY: 84.38 | LOSS: 0.005268906708806753
2023-10-15 10:40:25,857 | INFO | hi-lo : BEGIN EPOCH 86 =========================================================================
2023-10-15 10:40:34,531 | INFO | hi-lo : END EPOCH:  86 | ACCURACY: 80.61 | LOSS: 0.0061181336641311646
2023-10-15 10:40:34,532 | INFO | hi-lo : BEGIN EPOCH 87 =========================================================================
2023-10-15 10:40:43,268 | INFO | hi-lo : END EPOCH:  87 | ACCURACY: 89.06 | LOSS: 0.004917201120406389
2023-10-15 10:40:43,268 | INFO | hi-lo : BEGIN EPOCH 88 =========================================================================
2023-10-15 10:40:52,001 | INFO | hi-lo : END EPOCH:  88 | ACCURACY: 85.94 | LOSS: 0.005609184969216585
2023-10-15 10:40:52,001 | INFO | hi-lo : BEGIN EPOCH 89 =========================================================================
2023-10-15 10:41:00,789 | INFO | hi-lo : END EPOCH:  89 | ACCURACY: 84.38 | LOSS: 0.0058272164314985275
2023-10-15 10:41:00,789 | INFO | hi-lo : BEGIN EPOCH 90 =========================================================================
2023-10-15 10:41:09,534 | INFO | hi-lo : END EPOCH:  90 | ACCURACY: 82.81 | LOSS: 0.009141608141362667
2023-10-15 10:41:09,534 | INFO | hi-lo : BEGIN EPOCH 91 =========================================================================
2023-10-15 10:41:18,381 | INFO | hi-lo : END EPOCH:  91 | ACCURACY: 85.55 | LOSS: 0.0037973050493746996
2023-10-15 10:41:18,381 | INFO | hi-lo : BEGIN EPOCH 92 =========================================================================
2023-10-15 10:41:27,187 | INFO | hi-lo : END EPOCH:  92 | ACCURACY: 80.21 | LOSS: 0.005164022091776133
2023-10-15 10:41:27,187 | INFO | hi-lo : BEGIN EPOCH 93 =========================================================================
2023-10-15 10:41:35,986 | INFO | hi-lo : END EPOCH:  93 | ACCURACY: 82.81 | LOSS: 0.007622961886227131
2023-10-15 10:41:35,986 | INFO | hi-lo : BEGIN EPOCH 94 =========================================================================
2023-10-15 10:41:44,774 | INFO | hi-lo : END EPOCH:  94 | ACCURACY: 84.38 | LOSS: 0.005502663552761078
2023-10-15 10:41:44,774 | INFO | hi-lo : BEGIN EPOCH 95 =========================================================================
2023-10-15 10:41:53,582 | INFO | hi-lo : END EPOCH:  95 | ACCURACY: 80.03 | LOSS: 0.004680769518017769
2023-10-15 10:41:53,582 | INFO | hi-lo : BEGIN EPOCH 96 =========================================================================
2023-10-15 10:42:02,554 | INFO | hi-lo : END EPOCH:  96 | ACCURACY: 82.81 | LOSS: 0.004159906413406134
2023-10-15 10:42:02,554 | INFO | hi-lo : BEGIN EPOCH 97 =========================================================================
2023-10-15 10:42:11,473 | INFO | hi-lo : END EPOCH:  97 | ACCURACY: 79.9 | LOSS: 0.003955252468585968
2023-10-15 10:42:11,473 | INFO | hi-lo : BEGIN EPOCH 98 =========================================================================
2023-10-15 10:42:20,404 | INFO | hi-lo : END EPOCH:  98 | ACCURACY: 81.25 | LOSS: 0.006045761052519083
2023-10-15 10:42:20,404 | INFO | hi-lo : BEGIN EPOCH 99 =========================================================================
2023-10-15 10:42:29,231 | INFO | hi-lo : END EPOCH:  99 | ACCURACY: 79.57 | LOSS: 0.004968630149960518
2023-10-15 10:42:29,231 | INFO | hi-lo : BEGIN EPOCH 100 =========================================================================
2023-10-15 10:42:38,066 | INFO | hi-lo : END EPOCH: 100 | ACCURACY: 81.25 | LOSS: 0.004542702808976173
2023-10-15 10:42:38,066 | INFO | hi-lo : BEGIN EPOCH 101 =========================================================================
2023-10-15 10:42:46,953 | INFO | hi-lo : END EPOCH: 101 | ACCURACY: 79.81 | LOSS: 0.004557107575237751
2023-10-15 10:42:46,953 | INFO | hi-lo : BEGIN EPOCH 102 =========================================================================
2023-10-15 10:42:55,889 | INFO | hi-lo : END EPOCH: 102 | ACCURACY: 84.38 | LOSS: 0.0033472045324742794
2023-10-15 10:42:55,889 | INFO | hi-lo : BEGIN EPOCH 103 =========================================================================
2023-10-15 10:43:04,818 | INFO | hi-lo : END EPOCH: 103 | ACCURACY: 83.33 | LOSS: 0.00805056095123291
2023-10-15 10:43:04,818 | INFO | hi-lo : BEGIN EPOCH 104 =========================================================================
2023-10-15 10:43:13,812 | INFO | hi-lo : END EPOCH: 104 | ACCURACY: 81.56 | LOSS: 0.00652550021186471
2023-10-15 10:43:13,812 | INFO | hi-lo : BEGIN EPOCH 105 =========================================================================
2023-10-15 10:43:22,713 | INFO | hi-lo : END EPOCH: 105 | ACCURACY: 83.85 | LOSS: 0.006920922081917524
2023-10-15 10:43:22,714 | INFO | hi-lo : BEGIN EPOCH 106 =========================================================================
2023-10-15 10:43:31,672 | INFO | hi-lo : END EPOCH: 106 | ACCURACY: 80.47 | LOSS: 0.004652546253055334
2023-10-15 10:43:31,672 | INFO | hi-lo : BEGIN EPOCH 107 =========================================================================
2023-10-15 10:43:40,655 | INFO | hi-lo : END EPOCH: 107 | ACCURACY: 85.16 | LOSS: 0.006130835972726345
2023-10-15 10:43:40,655 | INFO | hi-lo : BEGIN EPOCH 108 =========================================================================
2023-10-15 10:43:49,631 | INFO | hi-lo : END EPOCH: 108 | ACCURACY: 79.56 | LOSS: 0.00781513936817646
2023-10-15 10:43:49,631 | INFO | hi-lo : BEGIN EPOCH 109 =========================================================================
2023-10-15 10:43:59,192 | INFO | hi-lo : END EPOCH: 109 | ACCURACY: 80.77 | LOSS: 0.008251234889030457
2023-10-15 10:43:59,192 | INFO | hi-lo : BEGIN EPOCH 110 =========================================================================
2023-10-15 10:44:08,203 | INFO | hi-lo : END EPOCH: 110 | ACCURACY: 83.33 | LOSS: 0.00626665074378252
2023-10-15 10:44:08,203 | INFO | hi-lo : BEGIN EPOCH 111 =========================================================================
2023-10-15 10:44:17,205 | INFO | hi-lo : END EPOCH: 111 | ACCURACY: 82.81 | LOSS: 0.005343849770724773
2023-10-15 10:44:17,205 | INFO | hi-lo : BEGIN EPOCH 112 =========================================================================
2023-10-15 10:44:26,273 | INFO | hi-lo : END EPOCH: 112 | ACCURACY: 80.42 | LOSS: 0.00800438690930605
2023-10-15 10:44:26,273 | INFO | hi-lo : BEGIN EPOCH 113 =========================================================================
2023-10-15 10:44:35,312 | INFO | hi-lo : END EPOCH: 113 | ACCURACY: 84.38 | LOSS: 0.006248582620173693
2023-10-15 10:44:35,312 | INFO | hi-lo : BEGIN EPOCH 114 =========================================================================
2023-10-15 10:44:44,368 | INFO | hi-lo : END EPOCH: 114 | ACCURACY: 84.38 | LOSS: 0.009809134528040886
2023-10-15 10:44:44,368 | INFO | hi-lo : BEGIN EPOCH 115 =========================================================================
2023-10-15 10:44:53,414 | INFO | hi-lo : END EPOCH: 115 | ACCURACY: 81.25 | LOSS: 0.006058612838387489
2023-10-15 10:44:53,414 | INFO | hi-lo : BEGIN EPOCH 116 =========================================================================
2023-10-15 10:45:02,504 | INFO | hi-lo : END EPOCH: 116 | ACCURACY: 82.81 | LOSS: 0.00519971689209342
2023-10-15 10:45:02,505 | INFO | hi-lo : BEGIN EPOCH 117 =========================================================================
2023-10-15 10:45:11,646 | INFO | hi-lo : END EPOCH: 117 | ACCURACY: 84.77 | LOSS: 0.005616090726107359
2023-10-15 10:45:11,646 | INFO | hi-lo : BEGIN EPOCH 118 =========================================================================
2023-10-15 10:45:20,968 | INFO | hi-lo : END EPOCH: 118 | ACCURACY: 83.2 | LOSS: 0.006427664775401354
2023-10-15 10:45:20,968 | INFO | hi-lo : BEGIN EPOCH 119 =========================================================================
2023-10-15 10:45:30,193 | INFO | hi-lo : END EPOCH: 119 | ACCURACY: 82.81 | LOSS: 0.0061387973837554455
2023-10-15 10:45:30,193 | INFO | hi-lo : BEGIN EPOCH 120 =========================================================================
2023-10-15 10:45:39,380 | INFO | hi-lo : END EPOCH: 120 | ACCURACY: 81.25 | LOSS: 0.006608222145587206
2023-10-15 10:45:39,380 | INFO | hi-lo : BEGIN EPOCH 121 =========================================================================
2023-10-15 10:45:48,699 | INFO | hi-lo : END EPOCH: 121 | ACCURACY: 84.38 | LOSS: 0.0036302306689321995
2023-10-15 10:45:48,699 | INFO | hi-lo : BEGIN EPOCH 122 =========================================================================
2023-10-15 10:45:58,096 | INFO | hi-lo : END EPOCH: 122 | ACCURACY: 83.2 | LOSS: 0.0051566739566624165
2023-10-15 10:45:58,097 | INFO | hi-lo : BEGIN EPOCH 123 =========================================================================
2023-10-15 10:46:07,336 | INFO | hi-lo : END EPOCH: 123 | ACCURACY: 80.99 | LOSS: 0.005211506504565477
2023-10-15 10:46:07,336 | INFO | hi-lo : BEGIN EPOCH 124 =========================================================================
2023-10-15 10:46:16,697 | INFO | hi-lo : END EPOCH: 124 | ACCURACY: 82.81 | LOSS: 0.008656016550958157
2023-10-15 10:46:16,697 | INFO | hi-lo : BEGIN EPOCH 125 =========================================================================
2023-10-15 10:46:26,130 | INFO | hi-lo : END EPOCH: 125 | ACCURACY: 85.94 | LOSS: 0.006889837794005871
2023-10-15 10:46:26,130 | INFO | hi-lo : BEGIN EPOCH 126 =========================================================================
2023-10-15 10:46:35,575 | INFO | hi-lo : END EPOCH: 126 | ACCURACY: 81.25 | LOSS: 0.00943528302013874
2023-10-15 10:46:35,575 | INFO | hi-lo : BEGIN EPOCH 127 =========================================================================
2023-10-15 10:46:45,002 | INFO | hi-lo : END EPOCH: 127 | ACCURACY: 84.38 | LOSS: 0.0058863782323896885
2023-10-15 10:46:45,002 | INFO | hi-lo : BEGIN EPOCH 128 =========================================================================
2023-10-15 10:46:54,339 | INFO | hi-lo : END EPOCH: 128 | ACCURACY: 83.59 | LOSS: 0.008255110122263432
2023-10-15 10:46:54,339 | INFO | hi-lo : BEGIN EPOCH 129 =========================================================================
2023-10-15 10:47:03,645 | INFO | hi-lo : END EPOCH: 129 | ACCURACY: 79.88 | LOSS: 0.005017141345888376
2023-10-15 10:47:03,645 | INFO | hi-lo : BEGIN EPOCH 130 =========================================================================
2023-10-15 10:47:12,772 | INFO | hi-lo : END EPOCH: 130 | ACCURACY: 80.62 | LOSS: 0.006266649812459946
2023-10-15 10:47:12,772 | INFO | hi-lo : BEGIN EPOCH 131 =========================================================================
2023-10-15 10:47:21,893 | INFO | hi-lo : END EPOCH: 131 | ACCURACY: 80.75 | LOSS: 0.006796069443225861
2023-10-15 10:47:21,894 | INFO | hi-lo : BEGIN EPOCH 132 =========================================================================
2023-10-15 10:47:31,081 | INFO | hi-lo : END EPOCH: 132 | ACCURACY: 80.34 | LOSS: 0.006645490415394306
2023-10-15 10:47:31,081 | INFO | hi-lo : BEGIN EPOCH 133 =========================================================================
2023-10-15 10:47:40,377 | INFO | hi-lo : END EPOCH: 133 | ACCURACY: 82.03 | LOSS: 0.006222937721759081
2023-10-15 10:47:40,377 | INFO | hi-lo : BEGIN EPOCH 134 =========================================================================
2023-10-15 10:47:49,769 | INFO | hi-lo : END EPOCH: 134 | ACCURACY: 82.81 | LOSS: 0.008078763261437416
2023-10-15 10:47:49,769 | INFO | hi-lo : BEGIN EPOCH 135 =========================================================================
2023-10-15 10:47:59,179 | INFO | hi-lo : END EPOCH: 135 | ACCURACY: 80.21 | LOSS: 0.004330344498157501
2023-10-15 10:47:59,179 | INFO | hi-lo : BEGIN EPOCH 136 =========================================================================
2023-10-15 10:48:08,702 | INFO | hi-lo : END EPOCH: 136 | ACCURACY: 79.84 | LOSS: 0.007235874887555838
2023-10-15 10:48:08,702 | INFO | hi-lo : BEGIN EPOCH 137 =========================================================================
2023-10-15 10:48:18,035 | INFO | hi-lo : END EPOCH: 137 | ACCURACY: 81.25 | LOSS: 0.006160625722259283
2023-10-15 10:48:18,035 | INFO | hi-lo : BEGIN EPOCH 138 =========================================================================
2023-10-15 10:48:27,280 | INFO | hi-lo : END EPOCH: 138 | ACCURACY: 81.03 | LOSS: 0.005487041547894478
2023-10-15 10:48:27,280 | INFO | hi-lo : BEGIN EPOCH 139 =========================================================================
2023-10-15 10:48:36,544 | INFO | hi-lo : END EPOCH: 139 | ACCURACY: 82.81 | LOSS: 0.005843485239893198
2023-10-15 10:48:36,544 | INFO | hi-lo : BEGIN EPOCH 140 =========================================================================
2023-10-15 10:48:45,810 | INFO | hi-lo : END EPOCH: 140 | ACCURACY: 79.48 | LOSS: 0.006499469745904207
2023-10-15 10:48:45,810 | INFO | hi-lo : BEGIN EPOCH 141 =========================================================================
2023-10-15 10:48:55,133 | INFO | hi-lo : END EPOCH: 141 | ACCURACY: 79.66 | LOSS: 0.005877542309463024
2023-10-15 10:48:55,133 | INFO | hi-lo : BEGIN EPOCH 142 =========================================================================
2023-10-15 10:49:04,441 | INFO | hi-lo : END EPOCH: 142 | ACCURACY: 85.94 | LOSS: 0.004927443340420723
2023-10-15 10:49:04,441 | INFO | hi-lo : BEGIN EPOCH 143 =========================================================================
2023-10-15 10:49:13,771 | INFO | hi-lo : END EPOCH: 143 | ACCURACY: 80.47 | LOSS: 0.007326283026486635
2023-10-15 10:49:13,771 | INFO | hi-lo : BEGIN EPOCH 144 =========================================================================
2023-10-15 10:49:23,185 | INFO | hi-lo : END EPOCH: 144 | ACCURACY: 80.14 | LOSS: 0.0044092703610658646
2023-10-15 10:49:23,185 | INFO | hi-lo : BEGIN EPOCH 145 =========================================================================
2023-10-15 10:49:32,497 | INFO | hi-lo : END EPOCH: 145 | ACCURACY: 81.25 | LOSS: 0.0073936996050179005
2023-10-15 10:49:32,497 | INFO | hi-lo : BEGIN EPOCH 146 =========================================================================
2023-10-15 10:49:41,836 | INFO | hi-lo : END EPOCH: 146 | ACCURACY: 82.29 | LOSS: 0.009147408418357372
2023-10-15 10:49:41,836 | INFO | hi-lo : BEGIN EPOCH 147 =========================================================================
2023-10-15 10:49:51,238 | INFO | hi-lo : END EPOCH: 147 | ACCURACY: 80.27 | LOSS: 0.0041135381907224655
2023-10-15 10:49:51,238 | INFO | hi-lo : BEGIN EPOCH 148 =========================================================================
2023-10-15 10:50:00,629 | INFO | hi-lo : END EPOCH: 148 | ACCURACY: 82.81 | LOSS: 0.005475576967000961
2023-10-15 10:50:00,629 | INFO | hi-lo : BEGIN EPOCH 149 =========================================================================
2023-10-15 10:50:10,096 | INFO | hi-lo : END EPOCH: 149 | ACCURACY: 79.58 | LOSS: 0.007568154484033585
2023-10-15 10:50:10,096 | INFO | hi-lo : BEGIN EPOCH 150 =========================================================================
2023-10-15 10:50:19,503 | INFO | hi-lo : END EPOCH: 150 | ACCURACY: 81.03 | LOSS: 0.005408171564340591
2023-10-15 10:50:19,504 | INFO | hi-lo : BEGIN EPOCH 151 =========================================================================
2023-10-15 10:50:28,944 | INFO | hi-lo : END EPOCH: 151 | ACCURACY: 79.99 | LOSS: 0.0061262501403689384
2023-10-15 10:50:28,944 | INFO | hi-lo : BEGIN EPOCH 152 =========================================================================
2023-10-15 10:50:38,387 | INFO | hi-lo : END EPOCH: 152 | ACCURACY: 79.72 | LOSS: 0.00805217307060957
2023-10-15 10:50:38,387 | INFO | hi-lo : BEGIN EPOCH 153 =========================================================================
2023-10-15 10:50:47,955 | INFO | hi-lo : END EPOCH: 153 | ACCURACY: 82.81 | LOSS: 0.006456276401877403
2023-10-15 10:50:47,956 | INFO | hi-lo : BEGIN EPOCH 154 =========================================================================
2023-10-15 10:50:57,521 | INFO | hi-lo : END EPOCH: 154 | ACCURACY: 80.17 | LOSS: 0.010241702198982239
2023-10-15 10:50:57,521 | INFO | hi-lo : BEGIN EPOCH 155 =========================================================================
2023-10-15 10:51:07,052 | INFO | hi-lo : END EPOCH: 155 | ACCURACY: 82.81 | LOSS: 0.007064171135425568
2023-10-15 10:51:07,052 | INFO | hi-lo : BEGIN EPOCH 156 =========================================================================
2023-10-15 10:51:16,546 | INFO | hi-lo : END EPOCH: 156 | ACCURACY: 81.25 | LOSS: 0.007534154690802097
2023-10-15 10:51:16,546 | INFO | hi-lo : BEGIN EPOCH 157 =========================================================================
2023-10-15 10:51:26,034 | INFO | hi-lo : END EPOCH: 157 | ACCURACY: 84.38 | LOSS: 0.007259197998791933
2023-10-15 10:51:26,034 | INFO | hi-lo : BEGIN EPOCH 158 =========================================================================
2023-10-15 10:51:35,558 | INFO | hi-lo : END EPOCH: 158 | ACCURACY: 84.38 | LOSS: 0.004975778050720692
2023-10-15 10:51:35,558 | INFO | hi-lo : BEGIN EPOCH 159 =========================================================================
2023-10-15 10:51:45,139 | INFO | hi-lo : END EPOCH: 159 | ACCURACY: 84.38 | LOSS: 0.0051367012783885
2023-10-15 10:51:45,139 | INFO | hi-lo : BEGIN EPOCH 160 =========================================================================
2023-10-15 10:51:54,692 | INFO | hi-lo : END EPOCH: 160 | ACCURACY: 82.81 | LOSS: 0.006577504798769951
2023-10-15 10:51:54,692 | INFO | hi-lo : BEGIN EPOCH 161 =========================================================================
2023-10-15 10:52:04,273 | INFO | hi-lo : END EPOCH: 161 | ACCURACY: 85.94 | LOSS: 0.004266501870006323
2023-10-15 10:52:04,273 | INFO | hi-lo : BEGIN EPOCH 162 =========================================================================
2023-10-15 10:52:13,862 | INFO | hi-lo : END EPOCH: 162 | ACCURACY: 82.42 | LOSS: 0.004614178091287613
2023-10-15 10:52:13,862 | INFO | hi-lo : BEGIN EPOCH 163 =========================================================================
2023-10-15 10:52:23,570 | INFO | hi-lo : END EPOCH: 163 | ACCURACY: 84.38 | LOSS: 0.006529432721436024
2023-10-15 10:52:23,570 | INFO | hi-lo : BEGIN EPOCH 164 =========================================================================
2023-10-15 10:52:33,361 | INFO | hi-lo : END EPOCH: 164 | ACCURACY: 85.94 | LOSS: 0.006854067090898752
2023-10-15 10:52:33,361 | INFO | hi-lo : BEGIN EPOCH 165 =========================================================================
2023-10-15 10:52:43,077 | INFO | hi-lo : END EPOCH: 165 | ACCURACY: 81.25 | LOSS: 0.007369650062173605
2023-10-15 10:52:43,077 | INFO | hi-lo : BEGIN EPOCH 166 =========================================================================
2023-10-15 10:52:53,024 | INFO | hi-lo : END EPOCH: 166 | ACCURACY: 80.58 | LOSS: 0.006129066925495863
2023-10-15 10:52:53,024 | INFO | hi-lo : BEGIN EPOCH 167 =========================================================================
2023-10-15 10:53:02,908 | INFO | hi-lo : END EPOCH: 167 | ACCURACY: 81.25 | LOSS: 0.006465882994234562
2023-10-15 10:53:02,908 | INFO | hi-lo : BEGIN EPOCH 168 =========================================================================
2023-10-15 10:53:12,737 | INFO | hi-lo : END EPOCH: 168 | ACCURACY: 82.03 | LOSS: 0.005508589092642069
2023-10-15 10:53:12,737 | INFO | hi-lo : BEGIN EPOCH 169 =========================================================================
2023-10-15 10:53:22,557 | INFO | hi-lo : END EPOCH: 169 | ACCURACY: 80.32 | LOSS: 0.009710128419101238
2023-10-15 10:53:22,558 | INFO | hi-lo : BEGIN EPOCH 170 =========================================================================
2023-10-15 10:53:32,344 | INFO | hi-lo : END EPOCH: 170 | ACCURACY: 87.5 | LOSS: 0.0053022210486233234
2023-10-15 10:53:32,344 | INFO | hi-lo : BEGIN EPOCH 171 =========================================================================
2023-10-15 10:53:42,295 | INFO | hi-lo : END EPOCH: 171 | ACCURACY: 81.56 | LOSS: 0.005574656650424004
2023-10-15 10:53:42,295 | INFO | hi-lo : BEGIN EPOCH 172 =========================================================================
2023-10-15 10:53:52,496 | INFO | hi-lo : END EPOCH: 172 | ACCURACY: 82.81 | LOSS: 0.006101738661527634
2023-10-15 10:53:52,496 | INFO | hi-lo : BEGIN EPOCH 173 =========================================================================
2023-10-15 10:54:02,552 | INFO | hi-lo : END EPOCH: 173 | ACCURACY: 86.46 | LOSS: 0.005194018129259348
2023-10-15 10:54:02,552 | INFO | hi-lo : BEGIN EPOCH 174 =========================================================================
2023-10-15 10:54:12,421 | INFO | hi-lo : END EPOCH: 174 | ACCURACY: 81.64 | LOSS: 0.011947636492550373
2023-10-15 10:54:12,421 | INFO | hi-lo : BEGIN EPOCH 175 =========================================================================
2023-10-15 10:54:22,368 | INFO | hi-lo : END EPOCH: 175 | ACCURACY: 82.37 | LOSS: 0.007151354104280472
2023-10-15 10:54:22,368 | INFO | hi-lo : BEGIN EPOCH 176 =========================================================================
2023-10-15 10:54:32,333 | INFO | hi-lo : END EPOCH: 176 | ACCURACY: 83.07 | LOSS: 0.008806128054857254
2023-10-15 10:54:32,333 | INFO | hi-lo : BEGIN EPOCH 177 =========================================================================
2023-10-15 10:54:42,386 | INFO | hi-lo : END EPOCH: 177 | ACCURACY: 81.25 | LOSS: 0.006228120997548103
2023-10-15 10:54:42,387 | INFO | hi-lo : BEGIN EPOCH 178 =========================================================================
2023-10-15 10:54:52,351 | INFO | hi-lo : END EPOCH: 178 | ACCURACY: 80.77 | LOSS: 0.00727551244199276
2023-10-15 10:54:52,351 | INFO | hi-lo : BEGIN EPOCH 179 =========================================================================
2023-10-15 10:55:02,425 | INFO | hi-lo : END EPOCH: 179 | ACCURACY: 80.03 | LOSS: 0.005820790771394968
2023-10-15 10:55:02,425 | INFO | hi-lo : BEGIN EPOCH 180 =========================================================================
2023-10-15 10:55:12,425 | INFO | hi-lo : END EPOCH: 180 | ACCURACY: 83.59 | LOSS: 0.00600845692679286
2023-10-15 10:55:12,425 | INFO | hi-lo : BEGIN EPOCH 181 =========================================================================
2023-10-15 10:55:22,477 | INFO | hi-lo : END EPOCH: 181 | ACCURACY: 84.38 | LOSS: 0.0049509587697684765
2023-10-15 10:55:22,477 | INFO | hi-lo : BEGIN EPOCH 182 =========================================================================
2023-10-15 10:55:32,521 | INFO | hi-lo : END EPOCH: 182 | ACCURACY: 81.25 | LOSS: 0.006388818379491568
2023-10-15 10:55:32,521 | INFO | hi-lo : BEGIN EPOCH 183 =========================================================================
2023-10-15 10:55:42,571 | INFO | hi-lo : END EPOCH: 183 | ACCURACY: 82.81 | LOSS: 0.004207515623420477
2023-10-15 10:55:42,571 | INFO | hi-lo : BEGIN EPOCH 184 =========================================================================
2023-10-15 10:55:52,616 | INFO | hi-lo : END EPOCH: 184 | ACCURACY: 84.38 | LOSS: 0.006267271004617214
2023-10-15 10:55:52,617 | INFO | hi-lo : BEGIN EPOCH 185 =========================================================================
2023-10-15 10:56:02,694 | INFO | hi-lo : END EPOCH: 185 | ACCURACY: 80.29 | LOSS: 0.007076058071106672
2023-10-15 10:56:02,694 | INFO | hi-lo : BEGIN EPOCH 186 =========================================================================
2023-10-15 10:56:12,858 | INFO | hi-lo : END EPOCH: 186 | ACCURACY: 81.25 | LOSS: 0.007778016384691
2023-10-15 10:56:12,858 | INFO | hi-lo : BEGIN EPOCH 187 =========================================================================
2023-10-15 10:56:22,939 | INFO | hi-lo : END EPOCH: 187 | ACCURACY: 85.16 | LOSS: 0.009565765969455242
2023-10-15 10:56:22,939 | INFO | hi-lo : BEGIN EPOCH 188 =========================================================================
2023-10-15 10:56:33,090 | INFO | hi-lo : END EPOCH: 188 | ACCURACY: 84.38 | LOSS: 0.006375277880579233
2023-10-15 10:56:33,090 | INFO | hi-lo : BEGIN EPOCH 189 =========================================================================
2023-10-15 10:56:43,190 | INFO | hi-lo : END EPOCH: 189 | ACCURACY: 83.85 | LOSS: 0.006942511070519686
2023-10-15 10:56:43,191 | INFO | hi-lo : BEGIN EPOCH 190 =========================================================================
2023-10-15 10:56:53,293 | INFO | hi-lo : END EPOCH: 190 | ACCURACY: 81.25 | LOSS: 0.007311680819839239
2023-10-15 10:56:53,293 | INFO | hi-lo : BEGIN EPOCH 191 =========================================================================
2023-10-15 10:57:03,496 | INFO | hi-lo : END EPOCH: 191 | ACCURACY: 87.5 | LOSS: 0.005126177798956633
2023-10-15 10:57:03,496 | INFO | hi-lo : BEGIN EPOCH 192 =========================================================================
2023-10-15 10:57:13,681 | INFO | hi-lo : END EPOCH: 192 | ACCURACY: 83.33 | LOSS: 0.008153253234922886
2023-10-15 10:57:13,681 | INFO | hi-lo : BEGIN EPOCH 193 =========================================================================
2023-10-15 10:57:23,924 | INFO | hi-lo : END EPOCH: 193 | ACCURACY: 82.64 | LOSS: 0.006633063778281212
2023-10-15 10:57:23,924 | INFO | hi-lo : BEGIN EPOCH 194 =========================================================================
2023-10-15 10:57:34,118 | INFO | hi-lo : END EPOCH: 194 | ACCURACY: 80.15 | LOSS: 0.007752768229693174
2023-10-15 10:57:34,118 | INFO | hi-lo : BEGIN EPOCH 195 =========================================================================
2023-10-15 10:57:44,329 | INFO | hi-lo : END EPOCH: 195 | ACCURACY: 83.59 | LOSS: 0.008345049805939198
2023-10-15 10:57:44,329 | INFO | hi-lo : BEGIN EPOCH 196 =========================================================================
2023-10-15 10:57:54,550 | INFO | hi-lo : END EPOCH: 196 | ACCURACY: 81.25 | LOSS: 0.008892093785107136
2023-10-15 10:57:54,550 | INFO | hi-lo : BEGIN EPOCH 197 =========================================================================
2023-10-15 10:58:04,748 | INFO | hi-lo : END EPOCH: 197 | ACCURACY: 80.73 | LOSS: 0.007062950637191534
2023-10-15 10:58:04,749 | INFO | hi-lo : BEGIN EPOCH 198 =========================================================================
2023-10-15 10:58:15,049 | INFO | hi-lo : END EPOCH: 198 | ACCURACY: 87.5 | LOSS: 0.0061753676272928715
2023-10-15 10:58:15,050 | INFO | hi-lo : BEGIN EPOCH 199 =========================================================================
2023-10-15 10:58:25,250 | INFO | hi-lo : END EPOCH: 199 | ACCURACY: 90.62 | LOSS: 0.007655506022274494
2023-10-15 10:58:25,250 | INFO | hi-lo : BEGIN EPOCH 200 =========================================================================
2023-10-15 10:58:35,502 | INFO | hi-lo : END EPOCH: 200 | ACCURACY: 84.38 | LOSS: 0.004866027273237705
2023-10-15 10:58:35,502 | INFO | hi-lo : Commencing testing phase...
2023-10-15 10:58:36,961 | INFO | hi-lo : Highest accuracy of 90.62% @ epoch 68
2023-10-15 10:58:36,961 | INFO | hi-lo : Recording results
2023-10-15 10:58:37,136 | INFO | hi-lo : Saved plotted graph to {f'{output_dir}/training_graph.jpg'}
2023-10-15 10:58:37,137 | INFO | hi-lo : Saved training report to output/None//normal/cifar10/20231015_102858/training_report.csv
2023-10-15 10:58:38,408 | INFO | hi-lo : Saved model data to output/None//normal/cifar10/20231015_102858/model.csv
