2023-12-27 17:53:43,265 | INFO | hilo : 
+==============================================================+
|                                                              |
| ██████╗  █████╗ ██████╗ ██╗         ██╗      █████╗ ██████╗  |
| ██╔══██╗██╔══██╗██╔══██╗██║         ██║     ██╔══██╗██╔══██╗ |
| ██║  ██║███████║██║  ██║██║         ██║     ███████║██████╔╝ |
| ██║  ██║██╔══██║██║  ██║██║         ██║     ██╔══██║██╔══██╗ |
| ██████╔╝██║  ██║██████╔╝███████╗    ███████╗██║  ██║██████╔╝ |
| ╚═════╝ ╚═╝  ╚═╝╚═════╝ ╚══════╝    ╚══════╝╚═╝  ╚═╝╚═════╝  |
+==============================================================+
|             Hi-Lo Resolution Image Classification            |
|             -------------------------------------            |
|                       Gabriel C. Trahan                      |
|                          Sahan Ahmad                         |
|                       MD  Aminual Islam                      |
+==============================================================+
2023-12-27 17:53:44,846 | INFO | hilo.dataset-accessor : Fetching dataset: imagenet
2023-12-27 17:53:44,846 | INFO | hilo.imagenet-dataset : Initializing transform.
2023-12-27 17:53:44,847 | INFO | hilo.imagenet-dataset : Verifying/downloading train data.
2023-12-27 17:53:47,405 | INFO | hilo.imagenet-dataset : Verifying/downloading test data.
2023-12-27 17:53:47,426 | INFO | hilo.imagenet-dataset : Creating train data loader.
2023-12-27 17:53:47,426 | INFO | hilo.imagenet-dataset : Creating test data loader.
2023-12-27 17:53:47,698 | INFO | hilo : Output directory: output/vgg/imagenet/None/20231227_175344/
2023-12-27 17:53:47,720 | INFO | hilo : Using device: NVIDIA GeForce GTX 1060 6GB
2023-12-27 17:53:48,725 | INFO | hilo : Exeucting job: MODEL vgg | DATASET imagenet | KERNEL none
2023-12-27 17:53:48,725 | INFO | hilo : Commencing training phase...
2023-12-27 17:53:49,839 | ERROR | hilo : An error occured: Given groups=1, weight of size [128, 64, 3, 3], expected input[64, 128, 8, 8] to have 64 channels, but got 128 channels instead
2023-12-27 17:53:49,840 | INFO | hilo : Exiting...
