2024-03-11 15:53:27,676 | INFO | hilo : 
+==============================================================+
|                                                              |
| ██████╗  █████╗ ██████╗ ██╗         ██╗      █████╗ ██████╗  |
| ██╔══██╗██╔══██╗██╔══██╗██║         ██║     ██╔══██╗██╔══██╗ |
| ██║  ██║███████║██║  ██║██║         ██║     ███████║██████╔╝ |
| ██║  ██║██╔══██║██║  ██║██║         ██║     ██╔══██║██╔══██╗ |
| ██████╔╝██║  ██║██████╔╝███████╗    ███████╗██║  ██║██████╔╝ |
| ╚═════╝ ╚═╝  ╚═╝╚═════╝ ╚══════╝    ╚══════╝╚═╝  ╚═╝╚═════╝  |
+==============================================================+
|             Hi-Lo Resolution Image Classification            |
|             -------------------------------------            |
|                       Gabriel C. Trahan                      |
|                          Sahan Ahmad                         |
|                       MD  Aminual Islam                      |
+==============================================================+
2024-03-11 15:53:29,287 | INFO | hilo.dataset-accessor : Fetching dataset: imagenet
2024-03-11 15:53:29,288 | INFO | hilo.imagenet-dataset : Initializing transform.
2024-03-11 15:53:29,288 | INFO | hilo.imagenet-dataset : Verifying/downloading train data.
2024-03-11 15:53:31,951 | INFO | hilo.imagenet-dataset : Verifying/downloading test data.
2024-03-11 15:53:31,972 | INFO | hilo.imagenet-dataset : Creating train data loader.
2024-03-11 15:53:31,972 | INFO | hilo.imagenet-dataset : Creating test data loader.
2024-03-11 15:53:32,247 | INFO | hilo : Output directory: output/vgg/imagenet/None/20240311_155329/
2024-03-11 15:53:33,315 | INFO | hilo : Using device: NVIDIA GeForce GTX 1060 6GB
2024-03-11 15:53:33,315 | INFO | hilo : Exeucting job: MODEL vgg | DATASET imagenet | KERNEL none
2024-03-11 15:53:33,315 | INFO | hilo : Commencing training phase...
2024-03-11 15:54:49,624 | INFO | hilo : Epoch   1/200 | Accuracy:   0.0000 | Loss:   5.3083
2024-03-11 15:56:05,107 | INFO | hilo : Epoch   2/200 | Accuracy:   0.0000 | Loss:   5.3039
2024-03-11 15:57:20,664 | INFO | hilo : Epoch   3/200 | Accuracy:   0.0000 | Loss:   5.2903
2024-03-11 15:58:36,281 | INFO | hilo : Epoch   4/200 | Accuracy:   0.0000 | Loss:   5.3139
2024-03-11 15:59:51,994 | INFO | hilo : Epoch   5/200 | Accuracy:   0.0000 | Loss:   5.2965
2024-03-11 16:01:07,823 | INFO | hilo : Epoch   6/200 | Accuracy: 100.0000 | Loss:   5.3013
2024-03-11 16:02:23,702 | INFO | hilo : Epoch   7/200 | Accuracy:   0.0000 | Loss:   5.2939
2024-03-11 16:03:39,592 | INFO | hilo : Epoch   8/200 | Accuracy:   0.0000 | Loss:   5.2974
2024-03-11 16:04:55,472 | INFO | hilo : Epoch   9/200 | Accuracy:   0.0000 | Loss:   5.3070
2024-03-11 16:06:11,411 | INFO | hilo : Epoch  10/200 | Accuracy:   0.0000 | Loss:   5.3125
2024-03-11 16:07:27,491 | INFO | hilo : Epoch  11/200 | Accuracy:   0.0000 | Loss:   5.3167
2024-03-11 16:08:43,850 | INFO | hilo : Epoch  12/200 | Accuracy:   0.0000 | Loss:   5.2753
2024-03-11 16:10:00,066 | INFO | hilo : Epoch  13/200 | Accuracy:   0.0000 | Loss:   5.3097
2024-03-11 16:11:16,352 | INFO | hilo : Epoch  14/200 | Accuracy:   0.0000 | Loss:   5.3033
2024-03-11 16:12:32,917 | INFO | hilo : Epoch  15/200 | Accuracy:   0.0000 | Loss:   5.3102
2024-03-11 16:13:49,472 | INFO | hilo : Epoch  16/200 | Accuracy:   0.0000 | Loss:   5.3172
2024-03-11 16:15:06,168 | INFO | hilo : Epoch  17/200 | Accuracy:   0.0000 | Loss:   5.2973
2024-03-11 16:16:23,137 | INFO | hilo : Epoch  18/200 | Accuracy:   0.0000 | Loss:   5.3047
2024-03-11 16:17:40,190 | INFO | hilo : Epoch  19/200 | Accuracy:   0.0000 | Loss:   5.3053
2024-03-11 16:18:56,934 | INFO | hilo : Epoch  20/200 | Accuracy:   0.0000 | Loss:   5.3040
2024-03-11 16:20:13,477 | INFO | hilo : Epoch  21/200 | Accuracy:   0.0000 | Loss:   5.2967
2024-03-11 16:21:30,327 | INFO | hilo : Epoch  22/200 | Accuracy:   0.0000 | Loss:   5.3087
2024-03-11 16:22:47,476 | INFO | hilo : Epoch  23/200 | Accuracy:   0.0000 | Loss:   5.3106
2024-03-11 16:24:04,847 | INFO | hilo : Epoch  24/200 | Accuracy:   0.0000 | Loss:   5.2984
2024-03-11 16:25:22,133 | INFO | hilo : Epoch  25/200 | Accuracy:   0.0000 | Loss:   5.3085
2024-03-11 16:26:39,617 | INFO | hilo : Epoch  26/200 | Accuracy:   0.0000 | Loss:   5.3040
2024-03-11 16:27:56,765 | INFO | hilo : Epoch  27/200 | Accuracy:   0.0000 | Loss:   5.3187
2024-03-11 16:29:14,293 | INFO | hilo : Epoch  28/200 | Accuracy:   0.0000 | Loss:   5.2971
2024-03-11 16:30:32,016 | INFO | hilo : Epoch  29/200 | Accuracy:   0.0000 | Loss:   5.2936
2024-03-11 16:31:49,645 | INFO | hilo : Epoch  30/200 | Accuracy:   0.0000 | Loss:   5.3062
2024-03-11 16:33:07,306 | INFO | hilo : Epoch  31/200 | Accuracy:   0.0000 | Loss:   5.3194
2024-03-11 16:34:24,858 | INFO | hilo : Epoch  32/200 | Accuracy:   0.0000 | Loss:   5.2970
2024-03-11 16:35:42,409 | INFO | hilo : Epoch  33/200 | Accuracy:   0.0000 | Loss:   5.2995
2024-03-11 16:37:00,226 | INFO | hilo : Epoch  34/200 | Accuracy:   0.0000 | Loss:   5.3100
2024-03-11 16:38:17,765 | INFO | hilo : Epoch  35/200 | Accuracy:   0.0000 | Loss:   5.2976
2024-03-11 16:39:35,888 | INFO | hilo : Epoch  36/200 | Accuracy:   0.0000 | Loss:   5.3125
2024-03-11 16:40:53,749 | INFO | hilo : Epoch  37/200 | Accuracy:   0.0000 | Loss:   5.2965
2024-03-11 16:42:11,376 | INFO | hilo : Epoch  38/200 | Accuracy:   0.0000 | Loss:   5.2988
2024-03-11 16:43:29,033 | INFO | hilo : Epoch  39/200 | Accuracy:   0.0000 | Loss:   5.2961
2024-03-11 16:44:46,648 | INFO | hilo : Epoch  40/200 | Accuracy:   0.0000 | Loss:   5.2953
2024-03-11 16:46:04,292 | INFO | hilo : Epoch  41/200 | Accuracy:   0.0000 | Loss:   5.3041
2024-03-11 16:47:22,488 | INFO | hilo : Epoch  42/200 | Accuracy:   0.0000 | Loss:   5.3108
2024-03-11 16:48:41,038 | INFO | hilo : Epoch  43/200 | Accuracy:   0.0000 | Loss:   5.3052
2024-03-11 16:49:59,655 | INFO | hilo : Epoch  44/200 | Accuracy:   0.0000 | Loss:   5.3126
2024-03-11 16:51:18,316 | INFO | hilo : Epoch  45/200 | Accuracy:   0.0000 | Loss:   5.2893
2024-03-11 16:52:37,193 | INFO | hilo : Epoch  46/200 | Accuracy:   0.0000 | Loss:   5.3108
2024-03-11 16:53:55,905 | INFO | hilo : Epoch  47/200 | Accuracy:   0.0000 | Loss:   5.3113
2024-03-11 16:55:14,632 | INFO | hilo : Epoch  48/200 | Accuracy:   0.0000 | Loss:   5.2898
2024-03-11 16:56:33,574 | INFO | hilo : Epoch  49/200 | Accuracy:   0.0000 | Loss:   5.3057
2024-03-11 16:57:52,454 | INFO | hilo : Epoch  50/200 | Accuracy:   0.0000 | Loss:   5.3023
2024-03-11 16:59:11,337 | INFO | hilo : Epoch  51/200 | Accuracy:   0.0000 | Loss:   5.3018
2024-03-11 17:00:30,203 | INFO | hilo : Epoch  52/200 | Accuracy:   0.0000 | Loss:   5.2989
2024-03-11 17:01:49,043 | INFO | hilo : Epoch  53/200 | Accuracy:   0.0000 | Loss:   5.3001
2024-03-11 17:03:07,928 | INFO | hilo : Epoch  54/200 | Accuracy:   0.0000 | Loss:   5.2982
2024-03-11 17:04:27,110 | INFO | hilo : Epoch  55/200 | Accuracy:   0.0000 | Loss:   5.2992
2024-03-11 17:05:46,237 | INFO | hilo : Epoch  56/200 | Accuracy:   0.0000 | Loss:   5.2984
2024-03-11 17:07:05,328 | INFO | hilo : Epoch  57/200 | Accuracy:   0.0000 | Loss:   5.2979
2024-03-11 17:08:24,641 | INFO | hilo : Epoch  58/200 | Accuracy:   0.0000 | Loss:   5.2988
2024-03-11 17:09:43,695 | INFO | hilo : Epoch  59/200 | Accuracy:   0.0000 | Loss:   5.2996
2024-03-11 17:11:02,816 | INFO | hilo : Epoch  60/200 | Accuracy:   0.0000 | Loss:   5.3000
2024-03-11 17:12:22,012 | INFO | hilo : Epoch  61/200 | Accuracy:   0.0000 | Loss:   5.2987
2024-03-11 17:13:41,445 | INFO | hilo : Epoch  62/200 | Accuracy:   0.0000 | Loss:   5.2991
2024-03-11 17:15:00,808 | INFO | hilo : Epoch  63/200 | Accuracy:   0.0000 | Loss:   5.3004
2024-03-11 17:16:20,360 | INFO | hilo : Epoch  64/200 | Accuracy:   0.0000 | Loss:   5.3000
2024-03-11 17:17:39,894 | INFO | hilo : Epoch  65/200 | Accuracy:   0.0000 | Loss:   5.2972
2024-03-11 17:18:59,503 | INFO | hilo : Epoch  66/200 | Accuracy:   0.0000 | Loss:   5.2989
2024-03-11 17:20:19,211 | INFO | hilo : Epoch  67/200 | Accuracy:   0.0000 | Loss:   5.2996
2024-03-11 17:21:39,021 | INFO | hilo : Epoch  68/200 | Accuracy:   0.0000 | Loss:   5.2992
2024-03-11 17:22:58,752 | INFO | hilo : Epoch  69/200 | Accuracy:   0.0000 | Loss:   5.2997
2024-03-11 17:24:18,847 | INFO | hilo : Epoch  70/200 | Accuracy:   0.0000 | Loss:   5.2989
2024-03-11 17:25:38,912 | INFO | hilo : Epoch  71/200 | Accuracy:   0.0000 | Loss:   5.2995
2024-03-11 17:26:58,866 | INFO | hilo : Epoch  72/200 | Accuracy:   0.0000 | Loss:   5.2982
2024-03-11 17:28:18,869 | INFO | hilo : Epoch  73/200 | Accuracy:   0.0000 | Loss:   5.2987
2024-03-11 17:29:39,091 | INFO | hilo : Epoch  74/200 | Accuracy:   0.0000 | Loss:   5.2988
2024-03-11 17:30:59,386 | INFO | hilo : Epoch  75/200 | Accuracy:   0.0000 | Loss:   5.2990
2024-03-11 17:32:19,665 | INFO | hilo : Epoch  76/200 | Accuracy:   0.0000 | Loss:   5.2987
2024-03-11 17:33:39,967 | INFO | hilo : Epoch  77/200 | Accuracy:   0.0000 | Loss:   5.2995
2024-03-11 17:35:00,218 | INFO | hilo : Epoch  78/200 | Accuracy:   0.0000 | Loss:   5.2997
2024-03-11 17:36:21,050 | INFO | hilo : Epoch  79/200 | Accuracy:   0.0000 | Loss:   5.2993
2024-03-11 17:37:41,680 | INFO | hilo : Epoch  80/200 | Accuracy:   0.0000 | Loss:   5.3004
2024-03-11 17:39:02,307 | INFO | hilo : Epoch  81/200 | Accuracy:   0.0000 | Loss:   5.2987
2024-03-11 17:40:23,071 | INFO | hilo : Epoch  82/200 | Accuracy:   0.0000 | Loss:   5.2985
2024-03-11 17:41:43,765 | INFO | hilo : Epoch  83/200 | Accuracy:   0.0000 | Loss:   5.2989
2024-03-11 17:43:04,522 | INFO | hilo : Epoch  84/200 | Accuracy:   0.0000 | Loss:   5.2982
2024-03-11 17:44:25,297 | INFO | hilo : Epoch  85/200 | Accuracy:   0.0000 | Loss:   5.2980
2024-03-11 17:45:46,127 | INFO | hilo : Epoch  86/200 | Accuracy:   0.0000 | Loss:   5.3001
2024-03-11 17:47:07,129 | INFO | hilo : Epoch  87/200 | Accuracy:   0.0000 | Loss:   5.2975
2024-03-11 17:48:28,010 | INFO | hilo : Epoch  88/200 | Accuracy:   0.0000 | Loss:   5.2987
2024-03-11 17:49:49,159 | INFO | hilo : Epoch  89/200 | Accuracy:   0.0000 | Loss:   5.3004
2024-03-11 17:51:10,341 | INFO | hilo : Epoch  90/200 | Accuracy:   0.0000 | Loss:   5.2988
2024-03-11 17:52:31,494 | INFO | hilo : Epoch  91/200 | Accuracy:   0.0000 | Loss:   5.2993
2024-03-11 17:53:52,735 | INFO | hilo : Epoch  92/200 | Accuracy:   0.0000 | Loss:   5.2994
2024-03-11 17:55:13,996 | INFO | hilo : Epoch  93/200 | Accuracy:   0.0000 | Loss:   5.2980
2024-03-11 17:56:35,392 | INFO | hilo : Epoch  94/200 | Accuracy:   0.0000 | Loss:   5.2990
2024-03-11 17:57:56,870 | INFO | hilo : Epoch  95/200 | Accuracy:   0.0000 | Loss:   5.2993
2024-03-11 17:59:18,396 | INFO | hilo : Epoch  96/200 | Accuracy:   0.0000 | Loss:   5.2991
2024-03-11 18:00:39,931 | INFO | hilo : Epoch  97/200 | Accuracy:   0.0000 | Loss:   5.2995
2024-03-11 18:02:01,553 | INFO | hilo : Epoch  98/200 | Accuracy:   0.0000 | Loss:   5.2984
2024-03-11 18:03:23,184 | INFO | hilo : Epoch  99/200 | Accuracy:   0.0000 | Loss:   5.2999
2024-03-11 18:04:44,947 | INFO | hilo : Epoch 100/200 | Accuracy:   0.0000 | Loss:   5.2992
2024-03-11 18:06:06,638 | INFO | hilo : Epoch 101/200 | Accuracy:   0.0000 | Loss:   5.2987
2024-03-11 18:07:28,545 | INFO | hilo : Epoch 102/200 | Accuracy:   0.0000 | Loss:   5.2977
2024-03-11 18:08:50,689 | INFO | hilo : Epoch 103/200 | Accuracy:   0.0000 | Loss:   5.2983
2024-03-11 18:10:12,732 | INFO | hilo : Epoch 104/200 | Accuracy:   0.0000 | Loss:   5.2990
2024-03-11 18:11:34,594 | INFO | hilo : Epoch 105/200 | Accuracy:   0.0000 | Loss:   5.2988
2024-03-11 18:12:56,699 | INFO | hilo : Epoch 106/200 | Accuracy:   0.0000 | Loss:   5.2979
2024-03-11 18:14:18,875 | INFO | hilo : Epoch 107/200 | Accuracy:   0.0000 | Loss:   5.2986
2024-03-11 18:15:41,228 | INFO | hilo : Epoch 108/200 | Accuracy:   0.0000 | Loss:   5.2986
2024-03-11 18:17:03,463 | INFO | hilo : Epoch 109/200 | Accuracy:   0.0000 | Loss:   5.2981
2024-03-11 18:18:25,744 | INFO | hilo : Epoch 110/200 | Accuracy:   0.0000 | Loss:   5.2990
2024-03-11 18:19:48,268 | INFO | hilo : Epoch 111/200 | Accuracy:   0.0000 | Loss:   5.2988
2024-03-11 18:21:10,604 | INFO | hilo : Epoch 112/200 | Accuracy:   0.0000 | Loss:   5.2983
2024-03-11 18:22:33,037 | INFO | hilo : Epoch 113/200 | Accuracy:   0.0000 | Loss:   5.2982
2024-03-11 18:23:55,431 | INFO | hilo : Epoch 114/200 | Accuracy:   0.0000 | Loss:   5.2985
2024-03-11 18:25:17,925 | INFO | hilo : Epoch 115/200 | Accuracy:   0.0000 | Loss:   5.2981
2024-03-11 18:26:40,368 | INFO | hilo : Epoch 116/200 | Accuracy:   0.0000 | Loss:   5.2986
2024-03-11 18:28:03,054 | INFO | hilo : Epoch 117/200 | Accuracy:   0.0000 | Loss:   5.2988
2024-03-11 18:29:25,599 | INFO | hilo : Epoch 118/200 | Accuracy:   0.0000 | Loss:   5.2982
2024-03-11 18:30:48,183 | INFO | hilo : Epoch 119/200 | Accuracy:   0.0000 | Loss:   5.2985
2024-03-11 18:32:10,794 | INFO | hilo : Epoch 120/200 | Accuracy:   0.0000 | Loss:   5.2985
2024-03-11 18:33:34,119 | INFO | hilo : Epoch 121/200 | Accuracy:   0.0000 | Loss:   5.2987
2024-03-11 18:34:57,314 | INFO | hilo : Epoch 122/200 | Accuracy:   0.0000 | Loss:   5.2985
2024-03-11 18:36:20,511 | INFO | hilo : Epoch 123/200 | Accuracy:   0.0000 | Loss:   5.2984
2024-03-11 18:37:43,613 | INFO | hilo : Epoch 124/200 | Accuracy:   0.0000 | Loss:   5.2984
2024-03-11 18:39:06,661 | INFO | hilo : Epoch 125/200 | Accuracy:   0.0000 | Loss:   5.2985
2024-03-11 18:40:29,599 | INFO | hilo : Epoch 126/200 | Accuracy:   0.0000 | Loss:   5.2984
2024-03-11 18:41:53,077 | INFO | hilo : Epoch 127/200 | Accuracy:   0.0000 | Loss:   5.2985
2024-03-11 18:43:16,355 | INFO | hilo : Epoch 128/200 | Accuracy:   0.0000 | Loss:   5.2984
2024-03-11 18:44:39,485 | INFO | hilo : Epoch 129/200 | Accuracy:   0.0000 | Loss:   5.2984
2024-03-11 18:46:02,702 | INFO | hilo : Epoch 130/200 | Accuracy:   0.0000 | Loss:   5.2985
2024-03-11 18:47:25,916 | INFO | hilo : Epoch 131/200 | Accuracy:   0.0000 | Loss:   5.2984
2024-03-11 18:48:49,681 | INFO | hilo : Epoch 132/200 | Accuracy:   0.0000 | Loss:   5.2985
2024-03-11 18:50:12,936 | INFO | hilo : Epoch 133/200 | Accuracy:   0.0000 | Loss:   5.2984
2024-03-11 18:51:36,429 | INFO | hilo : Epoch 134/200 | Accuracy:   0.0000 | Loss:   5.2986
2024-03-11 18:52:59,885 | INFO | hilo : Epoch 135/200 | Accuracy:   0.0000 | Loss:   5.2986
2024-03-11 18:54:23,486 | INFO | hilo : Epoch 136/200 | Accuracy:   0.0000 | Loss:   5.2985
2024-03-11 18:55:46,924 | INFO | hilo : Epoch 137/200 | Accuracy:   0.0000 | Loss:   5.2985
2024-03-11 18:57:10,523 | INFO | hilo : Epoch 138/200 | Accuracy:   0.0000 | Loss:   5.2984
2024-03-11 18:58:34,232 | INFO | hilo : Epoch 139/200 | Accuracy:   0.0000 | Loss:   5.2984
2024-03-11 18:59:57,954 | INFO | hilo : Epoch 140/200 | Accuracy:   0.0000 | Loss:   5.2985
2024-03-11 19:01:21,679 | INFO | hilo : Epoch 141/200 | Accuracy:   0.0000 | Loss:   5.2985
2024-03-11 19:02:45,549 | INFO | hilo : Epoch 142/200 | Accuracy:   0.0000 | Loss:   5.2985
2024-03-11 19:04:09,413 | INFO | hilo : Epoch 143/200 | Accuracy:   0.0000 | Loss:   5.2985
2024-03-11 19:05:33,330 | INFO | hilo : Epoch 144/200 | Accuracy:   0.0000 | Loss:   5.2984
2024-03-11 19:06:57,287 | INFO | hilo : Epoch 145/200 | Accuracy:   0.0000 | Loss:   5.2984
2024-03-11 19:08:21,205 | INFO | hilo : Epoch 146/200 | Accuracy:   0.0000 | Loss:   5.2986
2024-03-11 19:09:45,184 | INFO | hilo : Epoch 147/200 | Accuracy:   0.0000 | Loss:   5.2984
2024-03-11 19:11:09,363 | INFO | hilo : Epoch 148/200 | Accuracy:   0.0000 | Loss:   5.2985
2024-03-11 19:12:33,605 | INFO | hilo : Epoch 149/200 | Accuracy:   0.0000 | Loss:   5.2985
2024-03-11 19:13:57,779 | INFO | hilo : Epoch 150/200 | Accuracy:   0.0000 | Loss:   5.2983
2024-03-11 19:15:22,149 | INFO | hilo : Epoch 151/200 | Accuracy:   0.0000 | Loss:   5.2983
2024-03-11 19:16:46,526 | INFO | hilo : Epoch 152/200 | Accuracy:   0.0000 | Loss:   5.2984
2024-03-11 19:18:11,583 | INFO | hilo : Epoch 153/200 | Accuracy:   0.0000 | Loss:   5.2984
2024-03-11 19:19:36,073 | INFO | hilo : Epoch 154/200 | Accuracy:   0.0000 | Loss:   5.2983
2024-03-11 19:21:00,593 | INFO | hilo : Epoch 155/200 | Accuracy:   0.0000 | Loss:   5.2983
2024-03-11 19:22:25,103 | INFO | hilo : Epoch 156/200 | Accuracy:   0.0000 | Loss:   5.2983
2024-03-11 19:23:49,719 | INFO | hilo : Epoch 157/200 | Accuracy:   0.0000 | Loss:   5.2983
2024-03-11 19:25:14,332 | INFO | hilo : Epoch 158/200 | Accuracy:   0.0000 | Loss:   5.2984
2024-03-11 19:26:39,017 | INFO | hilo : Epoch 159/200 | Accuracy:   0.0000 | Loss:   5.2983
2024-03-11 19:28:03,901 | INFO | hilo : Epoch 160/200 | Accuracy:   0.0000 | Loss:   5.2983
2024-03-11 19:29:28,847 | INFO | hilo : Epoch 161/200 | Accuracy:   0.0000 | Loss:   5.2983
2024-03-11 19:30:53,774 | INFO | hilo : Epoch 162/200 | Accuracy:   0.0000 | Loss:   5.2983
2024-03-11 19:32:18,714 | INFO | hilo : Epoch 163/200 | Accuracy:   0.0000 | Loss:   5.2983
2024-03-11 19:33:43,739 | INFO | hilo : Epoch 164/200 | Accuracy:   0.0000 | Loss:   5.2983
2024-03-11 19:35:08,772 | INFO | hilo : Epoch 165/200 | Accuracy:   0.0000 | Loss:   5.2983
2024-03-11 19:36:33,806 | INFO | hilo : Epoch 166/200 | Accuracy:   0.0000 | Loss:   5.2983
2024-03-11 19:37:59,015 | INFO | hilo : Epoch 167/200 | Accuracy:   0.0000 | Loss:   5.2983
2024-03-11 19:39:24,145 | INFO | hilo : Epoch 168/200 | Accuracy:   0.0000 | Loss:   5.2983
2024-03-11 19:40:49,459 | INFO | hilo : Epoch 169/200 | Accuracy:   0.0000 | Loss:   5.2983
2024-03-11 19:42:14,914 | INFO | hilo : Epoch 170/200 | Accuracy:   0.0000 | Loss:   5.2984
2024-03-11 19:43:40,315 | INFO | hilo : Epoch 171/200 | Accuracy:   0.0000 | Loss:   5.2983
2024-03-11 19:45:06,002 | INFO | hilo : Epoch 172/200 | Accuracy:   0.0000 | Loss:   5.2984
2024-03-11 19:46:31,678 | INFO | hilo : Epoch 173/200 | Accuracy:   0.0000 | Loss:   5.2983
2024-03-11 19:47:57,156 | INFO | hilo : Epoch 174/200 | Accuracy:   0.0000 | Loss:   5.2984
2024-03-11 19:49:22,772 | INFO | hilo : Epoch 175/200 | Accuracy:   0.0000 | Loss:   5.2984
2024-03-11 19:50:48,612 | INFO | hilo : Epoch 176/200 | Accuracy:   0.0000 | Loss:   5.2983
2024-03-11 19:52:14,375 | INFO | hilo : Epoch 177/200 | Accuracy:   0.0000 | Loss:   5.2983
2024-03-11 19:53:40,160 | INFO | hilo : Epoch 178/200 | Accuracy:   0.0000 | Loss:   5.2983
2024-03-11 19:55:05,958 | INFO | hilo : Epoch 179/200 | Accuracy:   0.0000 | Loss:   5.2983
2024-03-11 19:56:31,812 | INFO | hilo : Epoch 180/200 | Accuracy:   0.0000 | Loss:   5.2983
2024-03-11 19:57:57,883 | INFO | hilo : Epoch 181/200 | Accuracy:   0.0000 | Loss:   5.2983
2024-03-11 19:59:23,881 | INFO | hilo : Epoch 182/200 | Accuracy:   0.0000 | Loss:   5.2983
2024-03-11 20:00:49,946 | INFO | hilo : Epoch 183/200 | Accuracy:   0.0000 | Loss:   5.2983
2024-03-11 20:02:16,116 | INFO | hilo : Epoch 184/200 | Accuracy:   0.0000 | Loss:   5.2983
2024-03-11 20:03:42,228 | INFO | hilo : Epoch 185/200 | Accuracy:   0.0000 | Loss:   5.2984
2024-03-11 20:05:08,513 | INFO | hilo : Epoch 186/200 | Accuracy:   0.0000 | Loss:   5.2983
2024-03-11 20:06:34,791 | INFO | hilo : Epoch 187/200 | Accuracy:   0.0000 | Loss:   5.2984
2024-03-11 20:08:01,162 | INFO | hilo : Epoch 188/200 | Accuracy:   0.0000 | Loss:   5.2984
2024-03-11 20:09:27,547 | INFO | hilo : Epoch 189/200 | Accuracy:   0.0000 | Loss:   5.2983
2024-03-11 20:10:54,038 | INFO | hilo : Epoch 190/200 | Accuracy:   0.0000 | Loss:   5.2983
2024-03-11 20:12:20,637 | INFO | hilo : Epoch 191/200 | Accuracy:   0.0000 | Loss:   5.2983
2024-03-11 20:13:47,228 | INFO | hilo : Epoch 192/200 | Accuracy:   0.0000 | Loss:   5.2983
2024-03-11 20:15:13,882 | INFO | hilo : Epoch 193/200 | Accuracy:   0.0000 | Loss:   5.2983
2024-03-11 20:16:40,553 | INFO | hilo : Epoch 194/200 | Accuracy:   0.0000 | Loss:   5.2983
2024-03-11 20:18:07,332 | INFO | hilo : Epoch 195/200 | Accuracy:   0.0000 | Loss:   5.2983
2024-03-11 20:19:34,053 | INFO | hilo : Epoch 196/200 | Accuracy:   0.0000 | Loss:   5.2984
2024-03-11 20:21:00,969 | INFO | hilo : Epoch 197/200 | Accuracy:   0.0000 | Loss:   5.2983
2024-03-11 20:22:28,210 | INFO | hilo : Epoch 198/200 | Accuracy:   0.0000 | Loss:   5.2983
2024-03-11 20:23:56,080 | INFO | hilo : Epoch 199/200 | Accuracy:   0.0000 | Loss:   5.2984
2024-03-11 20:25:24,112 | INFO | hilo : Epoch 200/200 | Accuracy:   0.0000 | Loss:   5.2984
2024-03-11 20:25:24,112 | INFO | hilo : Commencing testing phase...
2024-03-11 20:25:26,937 | INFO | hilo : Test Accuracy: 0.0
2024-03-11 20:25:26,938 | INFO | hilo : Best accuracy of 100.0% @ epoch 6
2024-03-11 20:25:26,938 | INFO | hilo : Recording job results in output/results.csv
2024-03-11 20:25:26,943 | INFO | hilo : Saving training report to output/vgg/imagenet/None/20240311_155329//training_report.csv
2024-03-11 20:25:26,943 | INFO | hilo : Saving accuracy graph to output/vgg/imagenet/None/20240311_155329//training_graph.jpg
2024-03-11 20:25:27,240 | INFO | hilo.vgg : Saving model layer data to output/vgg/imagenet/None/20240311_155329//model_layers.csv
2024-03-11 20:25:30,708 | INFO | hilo : Job complete: MODEL vgg | DATASET imagenet | KERNEL none
2024-03-11 20:25:30,708 | INFO | hilo : Exiting...
