2023-12-27 14:31:09,284 | INFO | hilo : 
+==============================================================+
|                                                              |
| ██████╗  █████╗ ██████╗ ██╗         ██╗      █████╗ ██████╗  |
| ██╔══██╗██╔══██╗██╔══██╗██║         ██║     ██╔══██╗██╔══██╗ |
| ██║  ██║███████║██║  ██║██║         ██║     ███████║██████╔╝ |
| ██║  ██║██╔══██║██║  ██║██║         ██║     ██╔══██║██╔══██╗ |
| ██████╔╝██║  ██║██████╔╝███████╗    ███████╗██║  ██║██████╔╝ |
| ╚═════╝ ╚═╝  ╚═╝╚═════╝ ╚══════╝    ╚══════╝╚═╝  ╚═╝╚═════╝  |
+==============================================================+
|             Hi-Lo Resolution Image Classification            |
|             -------------------------------------            |
|                       Gabriel C. Trahan                      |
|                          Sahan Ahmad                         |
|                       MD  Aminual Islam                      |
+==============================================================+
2023-12-27 14:31:10,978 | INFO | hilo.dataset-accessor : Fetching dataset: imagenet
2023-12-27 14:31:10,978 | INFO | hilo.imagenet-dataset : Initializing transform.
2023-12-27 14:31:10,979 | INFO | hilo.imagenet-dataset : Verifying/downloading train data.
2023-12-27 14:31:11,011 | INFO | hilo.imagenet-dataset : Verifying/downloading test data.
2023-12-27 14:31:11,011 | ERROR | hilo : An error occured: [Errno 2] No such file or directory: 'data/tiny-imagenet-200/val'
2023-12-27 14:31:11,012 | INFO | hilo : Exiting...
