2023-12-27 17:53:36,527 | INFO | hilo : 
+==============================================================+
|                                                              |
| ██████╗  █████╗ ██████╗ ██╗         ██╗      █████╗ ██████╗  |
| ██╔══██╗██╔══██╗██╔══██╗██║         ██║     ██╔══██╗██╔══██╗ |
| ██║  ██║███████║██║  ██║██║         ██║     ███████║██████╔╝ |
| ██║  ██║██╔══██║██║  ██║██║         ██║     ██╔══██║██╔══██╗ |
| ██████╔╝██║  ██║██████╔╝███████╗    ███████╗██║  ██║██████╔╝ |
| ╚═════╝ ╚═╝  ╚═╝╚═════╝ ╚══════╝    ╚══════╝╚═╝  ╚═╝╚═════╝  |
+==============================================================+
|             Hi-Lo Resolution Image Classification            |
|             -------------------------------------            |
|                       Gabriel C. Trahan                      |
|                          Sahan Ahmad                         |
|                       MD  Aminual Islam                      |
+==============================================================+
2023-12-27 17:53:38,113 | INFO | hilo.dataset-accessor : Fetching dataset: cifar100
2023-12-27 17:53:38,113 | INFO | hilo.cifar100-dataset : Initializing transform
2023-12-27 17:53:38,113 | INFO | hilo.cifar100-dataset : Verifying/downloading train data
2023-12-27 17:53:38,782 | INFO | hilo.cifar100-dataset : Verifying/downloading test data
2023-12-27 17:53:39,289 | INFO | hilo.cifar100-dataset : Creating train data loader.
2023-12-27 17:53:39,289 | INFO | hilo.cifar100-dataset : Creating test data loader.
2023-12-27 17:53:39,584 | INFO | hilo : Output directory: output/vgg/cifar100/None/20231227_175338/
2023-12-27 17:53:39,606 | INFO | hilo : Using device: NVIDIA GeForce GTX 1060 6GB
2023-12-27 17:53:40,590 | INFO | hilo : Exeucting job: MODEL vgg | DATASET cifar100 | KERNEL none
2023-12-27 17:53:40,590 | INFO | hilo : Commencing training phase...
2023-12-27 17:53:41,657 | ERROR | hilo : An error occured: Given groups=1, weight of size [128, 64, 3, 3], expected input[64, 128, 8, 8] to have 64 channels, but got 128 channels instead
2023-12-27 17:53:41,658 | INFO | hilo : Exiting...
