2024-03-11 00:10:34,981 | INFO | hilo : 
+==============================================================+
|                                                              |
| ██████╗  █████╗ ██████╗ ██╗         ██╗      █████╗ ██████╗  |
| ██╔══██╗██╔══██╗██╔══██╗██║         ██║     ██╔══██╗██╔══██╗ |
| ██║  ██║███████║██║  ██║██║         ██║     ███████║██████╔╝ |
| ██║  ██║██╔══██║██║  ██║██║         ██║     ██╔══██║██╔══██╗ |
| ██████╔╝██║  ██║██████╔╝███████╗    ███████╗██║  ██║██████╔╝ |
| ╚═════╝ ╚═╝  ╚═╝╚═════╝ ╚══════╝    ╚══════╝╚═╝  ╚═╝╚═════╝  |
+==============================================================+
|             Hi-Lo Resolution Image Classification            |
|             -------------------------------------            |
|                       Gabriel C. Trahan                      |
|                          Sahan Ahmad                         |
|                       MD  Aminual Islam                      |
+==============================================================+
2024-03-11 00:10:36,558 | INFO | hilo.dataset-accessor : Fetching dataset: imagenet
2024-03-11 00:10:36,558 | INFO | hilo.imagenet-dataset : Initializing transform.
2024-03-11 00:10:36,558 | INFO | hilo.imagenet-dataset : Verifying/downloading train data.
2024-03-11 00:10:39,152 | INFO | hilo.imagenet-dataset : Verifying/downloading test data.
2024-03-11 00:10:39,174 | INFO | hilo.imagenet-dataset : Creating train data loader.
2024-03-11 00:10:39,174 | INFO | hilo.imagenet-dataset : Creating test data loader.
2024-03-11 00:10:39,292 | INFO | hilo : Output directory: output/resnet/imagenet/None/20240311_001036/
2024-03-11 00:10:40,295 | INFO | hilo : Using device: NVIDIA GeForce GTX 1060 6GB
2024-03-11 00:10:40,295 | INFO | hilo : Exeucting job: MODEL resnet | DATASET imagenet | KERNEL none
2024-03-11 00:10:40,295 | INFO | hilo : Commencing training phase...
2024-03-11 00:12:56,424 | INFO | hilo : Epoch   1/200 | Accuracy:   1.1719 | Loss:   4.5898
2024-03-11 00:15:11,889 | INFO | hilo : Epoch   2/200 | Accuracy:   0.5952 | Loss:   4.2315
2024-03-11 00:17:27,467 | INFO | hilo : Epoch   3/200 | Accuracy:   4.6875 | Loss:   3.6701
2024-03-11 00:19:42,987 | INFO | hilo : Epoch   4/200 | Accuracy:   1.8750 | Loss:   3.8414
2024-03-11 00:21:58,501 | INFO | hilo : Epoch   5/200 | Accuracy:   0.5541 | Loss:   3.6866
2024-03-11 00:24:13,997 | INFO | hilo : Epoch   6/200 | Accuracy:   0.2170 | Loss:   3.6109
2024-03-11 00:26:29,592 | INFO | hilo : Epoch   7/200 | Accuracy:   0.0822 | Loss:   3.5257
2024-03-11 00:28:45,160 | INFO | hilo : Epoch   8/200 | Accuracy:   1.5625 | Loss:   3.5056
2024-03-11 00:31:00,649 | INFO | hilo : Epoch   9/200 | Accuracy:   0.1736 | Loss:   3.5643
2024-03-11 00:33:16,029 | INFO | hilo : Epoch  10/200 | Accuracy:   0.0174 | Loss:   3.4021
2024-03-11 00:35:31,352 | INFO | hilo : Epoch  11/200 | Accuracy:   1.5625 | Loss:   3.3936
2024-03-11 00:37:46,915 | INFO | hilo : Epoch  12/200 | Accuracy:   0.1953 | Loss:   3.1160
2024-03-11 00:40:02,355 | INFO | hilo : Epoch  13/200 | Accuracy:   0.4117 | Loss:   3.1389
2024-03-11 00:42:17,806 | INFO | hilo : Epoch  14/200 | Accuracy:   2.3438 | Loss:   3.0435
2024-03-11 00:44:33,352 | INFO | hilo : Epoch  15/200 | Accuracy:   2.8646 | Loss:   3.5253
2024-03-11 00:46:48,852 | INFO | hilo : Epoch  16/200 | Accuracy:   0.7812 | Loss:   3.0687
2024-03-11 00:49:04,334 | INFO | hilo : Epoch  17/200 | Accuracy:   1.5625 | Loss:   3.2865
2024-03-11 00:51:19,908 | INFO | hilo : Epoch  18/200 | Accuracy:   3.1250 | Loss:   3.3826
2024-03-11 00:53:35,463 | INFO | hilo : Epoch  19/200 | Accuracy:   0.2262 | Loss:   3.3676
2024-03-11 00:55:50,840 | INFO | hilo : Epoch  20/200 | Accuracy:   1.5625 | Loss:   3.0615
2024-03-11 00:58:06,312 | INFO | hilo : Epoch  21/200 | Accuracy:   3.1250 | Loss:   3.3349
2024-03-11 01:00:21,812 | INFO | hilo : Epoch  22/200 | Accuracy:   0.6696 | Loss:   2.9575
2024-03-11 01:02:37,322 | INFO | hilo : Epoch  23/200 | Accuracy:   0.3906 | Loss:   3.0719
2024-03-11 01:04:52,748 | INFO | hilo : Epoch  24/200 | Accuracy:   3.1250 | Loss:   3.4358
2024-03-11 01:07:08,146 | INFO | hilo : Epoch  25/200 | Accuracy:   1.5625 | Loss:   3.0628
2024-03-11 01:09:23,682 | INFO | hilo : Epoch  26/200 | Accuracy:   3.1250 | Loss:   2.9763
2024-03-11 01:11:39,113 | INFO | hilo : Epoch  27/200 | Accuracy:   1.5625 | Loss:   3.3297
2024-03-11 01:13:54,515 | INFO | hilo : Epoch  28/200 | Accuracy:   0.0401 | Loss:   3.1422
2024-03-11 01:16:10,174 | INFO | hilo : Epoch  29/200 | Accuracy:   1.5625 | Loss:   3.2169
2024-03-11 01:18:25,606 | INFO | hilo : Epoch  30/200 | Accuracy:   1.5625 | Loss:   2.1359
2024-03-11 01:20:40,926 | INFO | hilo : Epoch  31/200 | Accuracy:   1.5625 | Loss:   2.4098
2024-03-11 01:22:56,414 | INFO | hilo : Epoch  32/200 | Accuracy:   0.5208 | Loss:   1.5944
2024-03-11 01:25:11,730 | INFO | hilo : Epoch  33/200 | Accuracy:   1.5625 | Loss:   1.5244
2024-03-11 01:27:27,027 | INFO | hilo : Epoch  34/200 | Accuracy:   0.4849 | Loss:   1.3389
2024-03-11 01:29:42,524 | INFO | hilo : Epoch  35/200 | Accuracy:   0.7812 | Loss:   1.7351
2024-03-11 01:31:57,955 | INFO | hilo : Epoch  36/200 | Accuracy:   0.7812 | Loss:   1.3732
2024-03-11 01:34:13,220 | INFO | hilo : Epoch  37/200 | Accuracy:   0.9615 | Loss:   0.8418
2024-03-11 01:36:28,338 | INFO | hilo : Epoch  38/200 | Accuracy:   3.1250 | Loss:   1.0443
2024-03-11 01:38:43,668 | INFO | hilo : Epoch  39/200 | Accuracy:   0.7812 | Loss:   1.4692
2024-03-11 01:40:59,055 | INFO | hilo : Epoch  40/200 | Accuracy:   0.5544 | Loss:   0.8496
2024-03-11 01:43:14,538 | INFO | hilo : Epoch  41/200 | Accuracy:   2.3438 | Loss:   0.3816
2024-03-11 01:45:30,019 | INFO | hilo : Epoch  42/200 | Accuracy:   0.5000 | Loss:   0.6821
2024-03-11 01:47:45,502 | INFO | hilo : Epoch  43/200 | Accuracy:   0.3906 | Loss:   1.0549
2024-03-11 01:50:00,774 | INFO | hilo : Epoch  44/200 | Accuracy:   1.5625 | Loss:   0.4990
2024-03-11 01:52:16,266 | INFO | hilo : Epoch  45/200 | Accuracy:   1.1364 | Loss:   0.4870
2024-03-11 01:54:31,728 | INFO | hilo : Epoch  46/200 | Accuracy:   0.7994 | Loss:   0.5504
2024-03-11 01:56:47,119 | INFO | hilo : Epoch  47/200 | Accuracy:   0.4444 | Loss:   0.3490
2024-03-11 01:59:02,645 | INFO | hilo : Epoch  48/200 | Accuracy:   1.0156 | Loss:   0.4765
2024-03-11 02:01:18,094 | INFO | hilo : Epoch  49/200 | Accuracy:   1.9531 | Loss:   0.6608
2024-03-11 02:03:33,474 | INFO | hilo : Epoch  50/200 | Accuracy:   0.4849 | Loss:   0.3922
2024-03-11 02:05:48,970 | INFO | hilo : Epoch  51/200 | Accuracy:   0.6893 | Loss:   0.3557
2024-03-11 02:08:04,392 | INFO | hilo : Epoch  52/200 | Accuracy:   0.9277 | Loss:   0.9112
2024-03-11 02:10:19,837 | INFO | hilo : Epoch  53/200 | Accuracy:   1.5625 | Loss:   0.6905
2024-03-11 02:12:35,167 | INFO | hilo : Epoch  54/200 | Accuracy:   1.0417 | Loss:   0.5567
2024-03-11 02:14:50,616 | INFO | hilo : Epoch  55/200 | Accuracy:   1.5625 | Loss:   0.4397
2024-03-11 02:17:06,011 | INFO | hilo : Epoch  56/200 | Accuracy:   0.4688 | Loss:   0.5179
2024-03-11 02:19:21,451 | INFO | hilo : Epoch  57/200 | Accuracy:   1.0417 | Loss:   0.2707
2024-03-11 02:21:36,904 | INFO | hilo : Epoch  58/200 | Accuracy:   1.5625 | Loss:   0.6376
2024-03-11 02:23:52,356 | INFO | hilo : Epoch  59/200 | Accuracy:   1.0417 | Loss:   1.1442
2024-03-11 02:26:07,768 | INFO | hilo : Epoch  60/200 | Accuracy:   0.5208 | Loss:   0.1957
2024-03-11 02:28:23,221 | INFO | hilo : Epoch  61/200 | Accuracy:   0.7812 | Loss:   0.0397
2024-03-11 02:30:38,734 | INFO | hilo : Epoch  62/200 | Accuracy:   0.6138 | Loss:   0.0379
2024-03-11 02:32:54,293 | INFO | hilo : Epoch  63/200 | Accuracy:   0.7812 | Loss:   0.0359
2024-03-11 02:35:09,771 | INFO | hilo : Epoch  64/200 | Accuracy:   1.2277 | Loss:   0.0191
2024-03-11 02:37:25,266 | INFO | hilo : Epoch  65/200 | Accuracy:   0.5522 | Loss:   0.0222
2024-03-11 02:39:40,585 | INFO | hilo : Epoch  66/200 | Accuracy:   0.5208 | Loss:   0.0202
2024-03-11 02:41:55,909 | INFO | hilo : Epoch  67/200 | Accuracy:   1.5625 | Loss:   0.0264
2024-03-11 02:44:11,195 | INFO | hilo : Epoch  68/200 | Accuracy:   0.7812 | Loss:   0.0123
2024-03-11 02:46:26,595 | INFO | hilo : Epoch  69/200 | Accuracy:   1.1719 | Loss:   0.0138
2024-03-11 02:48:41,934 | INFO | hilo : Epoch  70/200 | Accuracy:   0.7812 | Loss:   0.0182
2024-03-11 02:50:57,344 | INFO | hilo : Epoch  71/200 | Accuracy:   0.5515 | Loss:   0.0104
2024-03-11 02:53:12,713 | INFO | hilo : Epoch  72/200 | Accuracy:   1.2153 | Loss:   0.0127
2024-03-11 02:55:28,080 | INFO | hilo : Epoch  73/200 | Accuracy:   1.2500 | Loss:   0.0329
2024-03-11 02:57:43,500 | INFO | hilo : Epoch  74/200 | Accuracy:   0.7812 | Loss:   0.0444
2024-03-11 02:59:58,811 | INFO | hilo : Epoch  75/200 | Accuracy:   1.5625 | Loss:   0.0192
2024-03-11 03:02:14,111 | INFO | hilo : Epoch  76/200 | Accuracy:   0.7812 | Loss:   0.0154
2024-03-11 03:04:29,646 | INFO | hilo : Epoch  77/200 | Accuracy:   0.7812 | Loss:   0.0176
2024-03-11 03:06:45,076 | INFO | hilo : Epoch  78/200 | Accuracy:   1.2500 | Loss:   0.0174
2024-03-11 03:09:00,538 | INFO | hilo : Epoch  79/200 | Accuracy:   1.5625 | Loss:   0.0133
2024-03-11 03:11:15,974 | INFO | hilo : Epoch  80/200 | Accuracy:   1.0417 | Loss:   0.0156
2024-03-11 03:13:31,538 | INFO | hilo : Epoch  81/200 | Accuracy:   0.7812 | Loss:   0.0157
2024-03-11 03:15:47,008 | INFO | hilo : Epoch  82/200 | Accuracy:   0.5859 | Loss:   0.0163
2024-03-11 03:18:02,510 | INFO | hilo : Epoch  83/200 | Accuracy:   0.5440 | Loss:   0.0148
2024-03-11 03:20:17,897 | INFO | hilo : Epoch  84/200 | Accuracy:   0.9375 | Loss:   0.0150
2024-03-11 03:22:33,324 | INFO | hilo : Epoch  85/200 | Accuracy:   0.5580 | Loss:   0.0106
2024-03-11 03:24:48,817 | INFO | hilo : Epoch  86/200 | Accuracy:   1.5625 | Loss:   0.0149
2024-03-11 03:27:04,196 | INFO | hilo : Epoch  87/200 | Accuracy:   1.0417 | Loss:   0.0156
2024-03-11 03:29:19,621 | INFO | hilo : Epoch  88/200 | Accuracy:   1.5625 | Loss:   0.0148
2024-03-11 03:31:34,993 | INFO | hilo : Epoch  89/200 | Accuracy:   1.5625 | Loss:   0.0200
2024-03-11 03:33:50,373 | INFO | hilo : Epoch  90/200 | Accuracy:   0.7812 | Loss:   0.0103
2024-03-11 03:36:05,809 | INFO | hilo : Epoch  91/200 | Accuracy:   1.5625 | Loss:   0.0119
2024-03-11 03:38:21,191 | INFO | hilo : Epoch  92/200 | Accuracy:   1.0417 | Loss:   0.0127
2024-03-11 03:40:36,558 | INFO | hilo : Epoch  93/200 | Accuracy:   0.9375 | Loss:   0.0146
2024-03-11 03:42:51,946 | INFO | hilo : Epoch  94/200 | Accuracy:   0.6579 | Loss:   0.0182
2024-03-11 03:45:07,376 | INFO | hilo : Epoch  95/200 | Accuracy:   0.6604 | Loss:   0.0179
2024-03-11 03:47:22,867 | INFO | hilo : Epoch  96/200 | Accuracy:   0.6765 | Loss:   0.0132
2024-03-11 03:49:38,415 | INFO | hilo : Epoch  97/200 | Accuracy:   0.6836 | Loss:   0.0109
2024-03-11 03:51:54,057 | INFO | hilo : Epoch  98/200 | Accuracy:   0.6076 | Loss:   0.0112
2024-03-11 03:54:09,618 | INFO | hilo : Epoch  99/200 | Accuracy:   1.5625 | Loss:   0.0129
2024-03-11 03:56:25,191 | INFO | hilo : Epoch 100/200 | Accuracy:   0.7812 | Loss:   0.0165
2024-03-11 03:58:40,667 | INFO | hilo : Epoch 101/200 | Accuracy:   1.5625 | Loss:   0.0109
2024-03-11 04:00:56,202 | INFO | hilo : Epoch 102/200 | Accuracy:   1.5625 | Loss:   0.0153
2024-03-11 04:03:11,848 | INFO | hilo : Epoch 103/200 | Accuracy:   0.7212 | Loss:   0.0145
2024-03-11 04:05:27,407 | INFO | hilo : Epoch 104/200 | Accuracy:   1.0417 | Loss:   0.0127
2024-03-11 04:07:43,030 | INFO | hilo : Epoch 105/200 | Accuracy:   3.1250 | Loss:   0.0138
2024-03-11 04:09:58,654 | INFO | hilo : Epoch 106/200 | Accuracy:   0.6735 | Loss:   0.0126
2024-03-11 04:12:14,157 | INFO | hilo : Epoch 107/200 | Accuracy:   1.5625 | Loss:   0.0138
2024-03-11 04:14:29,703 | INFO | hilo : Epoch 108/200 | Accuracy:   0.6856 | Loss:   0.0179
2024-03-11 04:16:45,361 | INFO | hilo : Epoch 109/200 | Accuracy:   2.0833 | Loss:   0.0131
2024-03-11 04:19:00,977 | INFO | hilo : Epoch 110/200 | Accuracy:   0.6696 | Loss:   0.0167
2024-03-11 04:21:16,486 | INFO | hilo : Epoch 111/200 | Accuracy:   0.6747 | Loss:   0.0118
2024-03-11 04:23:32,119 | INFO | hilo : Epoch 112/200 | Accuracy:   1.5625 | Loss:   0.0125
2024-03-11 04:25:47,651 | INFO | hilo : Epoch 113/200 | Accuracy:   1.5625 | Loss:   0.0119
2024-03-11 04:28:03,225 | INFO | hilo : Epoch 114/200 | Accuracy:   1.5625 | Loss:   0.0127
2024-03-11 04:30:18,769 | INFO | hilo : Epoch 115/200 | Accuracy:   1.5625 | Loss:   0.0187
2024-03-11 04:32:34,182 | INFO | hilo : Epoch 116/200 | Accuracy:   2.1875 | Loss:   0.0133
2024-03-11 04:34:49,556 | INFO | hilo : Epoch 117/200 | Accuracy:   0.7353 | Loss:   0.0191
2024-03-11 04:37:05,079 | INFO | hilo : Epoch 118/200 | Accuracy:   1.5625 | Loss:   0.0143
2024-03-11 04:39:20,595 | INFO | hilo : Epoch 119/200 | Accuracy:   0.5821 | Loss:   0.0103
2024-03-11 04:41:36,148 | INFO | hilo : Epoch 120/200 | Accuracy:   1.0417 | Loss:   0.0200
2024-03-11 04:43:51,602 | INFO | hilo : Epoch 121/200 | Accuracy:   1.5625 | Loss:   0.0166
2024-03-11 04:46:07,206 | INFO | hilo : Epoch 122/200 | Accuracy:   1.0938 | Loss:   0.0114
2024-03-11 04:48:22,742 | INFO | hilo : Epoch 123/200 | Accuracy:   1.5625 | Loss:   0.0103
2024-03-11 04:50:38,231 | INFO | hilo : Epoch 124/200 | Accuracy:   0.6281 | Loss:   0.0158
2024-03-11 04:52:53,690 | INFO | hilo : Epoch 125/200 | Accuracy:   0.5108 | Loss:   0.0145
2024-03-11 04:55:09,205 | INFO | hilo : Epoch 126/200 | Accuracy:   0.7440 | Loss:   0.0163
2024-03-11 04:57:24,678 | INFO | hilo : Epoch 127/200 | Accuracy:   0.8929 | Loss:   0.0136
2024-03-11 04:59:40,249 | INFO | hilo : Epoch 128/200 | Accuracy:   0.7812 | Loss:   0.0188
2024-03-11 05:01:55,788 | INFO | hilo : Epoch 129/200 | Accuracy:   0.7056 | Loss:   0.0187
2024-03-11 05:04:11,328 | INFO | hilo : Epoch 130/200 | Accuracy:   1.5625 | Loss:   0.0201
2024-03-11 05:06:26,739 | INFO | hilo : Epoch 131/200 | Accuracy:   0.9375 | Loss:   0.0116
2024-03-11 05:08:42,238 | INFO | hilo : Epoch 132/200 | Accuracy:   1.5625 | Loss:   0.0250
2024-03-11 05:10:57,504 | INFO | hilo : Epoch 133/200 | Accuracy:   1.5625 | Loss:   0.0119
2024-03-11 05:13:12,861 | INFO | hilo : Epoch 134/200 | Accuracy:   0.6434 | Loss:   0.0193
2024-03-11 05:15:28,279 | INFO | hilo : Epoch 135/200 | Accuracy:   0.6621 | Loss:   0.0122
2024-03-11 05:17:43,729 | INFO | hilo : Epoch 136/200 | Accuracy:   3.1250 | Loss:   0.0120
2024-03-11 05:19:59,305 | INFO | hilo : Epoch 137/200 | Accuracy:   0.6398 | Loss:   0.0166
2024-03-11 05:22:14,842 | INFO | hilo : Epoch 138/200 | Accuracy:   0.5826 | Loss:   0.0144
2024-03-11 05:24:30,306 | INFO | hilo : Epoch 139/200 | Accuracy:   1.5625 | Loss:   0.0121
2024-03-11 05:26:45,923 | INFO | hilo : Epoch 140/200 | Accuracy:   1.0417 | Loss:   0.0110
2024-03-11 05:29:01,527 | INFO | hilo : Epoch 141/200 | Accuracy:   1.5625 | Loss:   0.0123
2024-03-11 05:31:16,875 | INFO | hilo : Epoch 142/200 | Accuracy:   1.0417 | Loss:   0.0152
2024-03-11 05:33:32,327 | INFO | hilo : Epoch 143/200 | Accuracy:   1.0817 | Loss:   0.0126
2024-03-11 05:35:47,898 | INFO | hilo : Epoch 144/200 | Accuracy:   1.5625 | Loss:   0.0131
2024-03-11 05:38:03,420 | INFO | hilo : Epoch 145/200 | Accuracy:   0.9766 | Loss:   0.0133
2024-03-11 05:40:18,811 | INFO | hilo : Epoch 146/200 | Accuracy:   1.5625 | Loss:   0.0118
2024-03-11 05:42:34,190 | INFO | hilo : Epoch 147/200 | Accuracy:   1.5625 | Loss:   0.0125
2024-03-11 05:44:49,656 | INFO | hilo : Epoch 148/200 | Accuracy:   1.5625 | Loss:   0.0130
2024-03-11 05:47:05,146 | INFO | hilo : Epoch 149/200 | Accuracy:   0.9943 | Loss:   0.0163
2024-03-11 05:49:20,608 | INFO | hilo : Epoch 150/200 | Accuracy:   0.8832 | Loss:   0.0193
2024-03-11 05:51:36,175 | INFO | hilo : Epoch 151/200 | Accuracy:   1.0417 | Loss:   0.0120
2024-03-11 05:53:51,629 | INFO | hilo : Epoch 152/200 | Accuracy:   0.7812 | Loss:   0.0120
2024-03-11 05:56:06,944 | INFO | hilo : Epoch 153/200 | Accuracy:   1.0417 | Loss:   0.0160
2024-03-11 05:58:22,500 | INFO | hilo : Epoch 154/200 | Accuracy:   1.1719 | Loss:   0.0135
2024-03-11 06:00:37,846 | INFO | hilo : Epoch 155/200 | Accuracy:   0.7812 | Loss:   0.0230
2024-03-11 06:02:53,146 | INFO | hilo : Epoch 156/200 | Accuracy:   3.1250 | Loss:   0.0137
2024-03-11 06:05:08,589 | INFO | hilo : Epoch 157/200 | Accuracy:   0.6250 | Loss:   0.0144
2024-03-11 06:07:23,993 | INFO | hilo : Epoch 158/200 | Accuracy:   0.9766 | Loss:   0.0170
2024-03-11 06:09:39,391 | INFO | hilo : Epoch 159/200 | Accuracy:   3.1250 | Loss:   0.0147
2024-03-11 06:11:54,900 | INFO | hilo : Epoch 160/200 | Accuracy:   1.5625 | Loss:   0.0141
2024-03-11 06:14:10,440 | INFO | hilo : Epoch 161/200 | Accuracy:   3.1250 | Loss:   0.0116
2024-03-11 06:16:26,041 | INFO | hilo : Epoch 162/200 | Accuracy:   1.1161 | Loss:   0.0164
2024-03-11 06:18:41,522 | INFO | hilo : Epoch 163/200 | Accuracy:   0.7812 | Loss:   0.0149
2024-03-11 06:20:56,945 | INFO | hilo : Epoch 164/200 | Accuracy:   0.7812 | Loss:   0.0155
2024-03-11 06:23:12,374 | INFO | hilo : Epoch 165/200 | Accuracy:   0.8272 | Loss:   0.0141
2024-03-11 06:25:27,844 | INFO | hilo : Epoch 166/200 | Accuracy:   1.5625 | Loss:   0.0140
2024-03-11 06:27:43,267 | INFO | hilo : Epoch 167/200 | Accuracy:   1.1364 | Loss:   0.0161
2024-03-11 06:29:58,656 | INFO | hilo : Epoch 168/200 | Accuracy:   1.5625 | Loss:   0.0148
2024-03-11 06:32:14,017 | INFO | hilo : Epoch 169/200 | Accuracy:   0.8929 | Loss:   0.0166
2024-03-11 06:34:29,427 | INFO | hilo : Epoch 170/200 | Accuracy:   0.6793 | Loss:   0.0226
2024-03-11 06:36:44,939 | INFO | hilo : Epoch 171/200 | Accuracy:   0.8358 | Loss:   0.0120
2024-03-11 06:39:00,445 | INFO | hilo : Epoch 172/200 | Accuracy:   1.5625 | Loss:   0.0204
2024-03-11 06:41:15,898 | INFO | hilo : Epoch 173/200 | Accuracy:   1.5625 | Loss:   0.0140
2024-03-11 06:43:31,281 | INFO | hilo : Epoch 174/200 | Accuracy:   0.7812 | Loss:   0.0123
2024-03-11 06:45:46,640 | INFO | hilo : Epoch 175/200 | Accuracy:   1.5625 | Loss:   0.0110
2024-03-11 06:48:02,078 | INFO | hilo : Epoch 176/200 | Accuracy:   1.0417 | Loss:   0.0119
2024-03-11 06:50:17,578 | INFO | hilo : Epoch 177/200 | Accuracy:   1.5625 | Loss:   0.0173
2024-03-11 06:52:33,145 | INFO | hilo : Epoch 178/200 | Accuracy:   1.5625 | Loss:   0.0124
2024-03-11 06:54:48,558 | INFO | hilo : Epoch 179/200 | Accuracy:   1.5625 | Loss:   0.0120
2024-03-11 06:57:03,981 | INFO | hilo : Epoch 180/200 | Accuracy:   1.3021 | Loss:   0.0171
2024-03-11 06:59:19,358 | INFO | hilo : Epoch 181/200 | Accuracy:   1.5625 | Loss:   0.0117
2024-03-11 07:01:34,752 | INFO | hilo : Epoch 182/200 | Accuracy:   1.5625 | Loss:   0.0174
2024-03-11 07:03:50,225 | INFO | hilo : Epoch 183/200 | Accuracy:   1.5625 | Loss:   0.0153
2024-03-11 07:06:05,815 | INFO | hilo : Epoch 184/200 | Accuracy:   1.5625 | Loss:   0.0141
2024-03-11 07:08:21,260 | INFO | hilo : Epoch 185/200 | Accuracy:   0.6250 | Loss:   0.0180
2024-03-11 07:10:36,576 | INFO | hilo : Epoch 186/200 | Accuracy:   0.7812 | Loss:   0.0152
2024-03-11 07:12:51,926 | INFO | hilo : Epoch 187/200 | Accuracy:   0.6606 | Loss:   0.0176
2024-03-11 07:15:07,220 | INFO | hilo : Epoch 188/200 | Accuracy:   0.9375 | Loss:   0.0174
2024-03-11 07:17:22,737 | INFO | hilo : Epoch 189/200 | Accuracy:   1.5625 | Loss:   0.0147
2024-03-11 07:19:38,288 | INFO | hilo : Epoch 190/200 | Accuracy:   3.1250 | Loss:   0.0131
2024-03-11 07:21:53,763 | INFO | hilo : Epoch 191/200 | Accuracy:   0.7670 | Loss:   0.0178
2024-03-11 07:24:09,184 | INFO | hilo : Epoch 192/200 | Accuracy:   1.5625 | Loss:   0.0155
2024-03-11 07:26:24,539 | INFO | hilo : Epoch 193/200 | Accuracy:   0.8333 | Loss:   0.0132
2024-03-11 07:28:40,011 | INFO | hilo : Epoch 194/200 | Accuracy:   1.0417 | Loss:   0.0165
2024-03-11 07:30:55,427 | INFO | hilo : Epoch 195/200 | Accuracy:   1.5625 | Loss:   0.0140
2024-03-11 07:33:10,811 | INFO | hilo : Epoch 196/200 | Accuracy:   1.0938 | Loss:   0.0166
2024-03-11 07:35:26,231 | INFO | hilo : Epoch 197/200 | Accuracy:   0.7812 | Loss:   0.0160
2024-03-11 07:37:41,724 | INFO | hilo : Epoch 198/200 | Accuracy:   1.5625 | Loss:   0.0166
2024-03-11 07:39:57,199 | INFO | hilo : Epoch 199/200 | Accuracy:   1.0417 | Loss:   0.0155
2024-03-11 07:42:12,699 | INFO | hilo : Epoch 200/200 | Accuracy:   0.7589 | Loss:   0.0174
2024-03-11 07:42:12,700 | INFO | hilo : Commencing testing phase...
2024-03-11 07:42:17,896 | INFO | hilo : Test Accuracy: 0.57
2024-03-11 07:42:17,897 | INFO | hilo : Best accuracy of 4.6875% @ epoch 3
2024-03-11 07:42:17,897 | INFO | hilo : Recording job results in output/results.csv
2024-03-11 07:42:17,902 | INFO | hilo : Saving training report to output/resnet/imagenet/None/20240311_001036//training_report.csv
2024-03-11 07:42:17,903 | INFO | hilo : Saving accuracy graph to output/resnet/imagenet/None/20240311_001036//training_graph.jpg
2024-03-11 07:42:18,072 | INFO | hilo.resnet : Saving model layer data to output/resnet/imagenet/None/20240311_001036//model_layers.csv
2024-03-11 07:42:18,073 | INFO | hilo : Job complete: MODEL resnet | DATASET imagenet | KERNEL none
2024-03-11 07:42:18,073 | INFO | hilo : Exiting...
