2023-12-27 17:53:51,806 | INFO | hilo : 
+==============================================================+
|                                                              |
| ██████╗  █████╗ ██████╗ ██╗         ██╗      █████╗ ██████╗  |
| ██╔══██╗██╔══██╗██╔══██╗██║         ██║     ██╔══██╗██╔══██╗ |
| ██║  ██║███████║██║  ██║██║         ██║     ███████║██████╔╝ |
| ██║  ██║██╔══██║██║  ██║██║         ██║     ██╔══██║██╔══██╗ |
| ██████╔╝██║  ██║██████╔╝███████╗    ███████╗██║  ██║██████╔╝ |
| ╚═════╝ ╚═╝  ╚═╝╚═════╝ ╚══════╝    ╚══════╝╚═╝  ╚═╝╚═════╝  |
+==============================================================+
|             Hi-Lo Resolution Image Classification            |
|             -------------------------------------            |
|                       Gabriel C. Trahan                      |
|                          Sahan Ahmad                         |
|                       MD  Aminual Islam                      |
+==============================================================+
2023-12-27 17:53:53,393 | INFO | hilo.dataset-accessor : Fetching dataset: mnist
2023-12-27 17:53:53,393 | INFO | hilo.mnist-dataset : Initializing transform.
2023-12-27 17:53:53,393 | INFO | hilo.mnist-dataset : Verifying/downloading train data.
2023-12-27 17:53:53,452 | INFO | hilo.mnist-dataset : Verifying/downloading test data.
2023-12-27 17:53:53,457 | INFO | hilo.mnist-dataset : Creating train data loader.
2023-12-27 17:53:53,458 | INFO | hilo.mnist-dataset : Creating test data loader.
2023-12-27 17:53:53,707 | INFO | hilo : Output directory: output/vgg/mnist/None/20231227_175353/
2023-12-27 17:53:53,746 | INFO | hilo : Using device: NVIDIA GeForce GTX 1060 6GB
2023-12-27 17:53:54,750 | INFO | hilo : Exeucting job: MODEL vgg | DATASET mnist | KERNEL none
2023-12-27 17:53:54,750 | INFO | hilo : Commencing training phase...
2023-12-27 17:53:55,787 | ERROR | hilo : An error occured: Given groups=1, weight of size [128, 64, 3, 3], expected input[64, 128, 7, 7] to have 64 channels, but got 128 channels instead
2023-12-27 17:53:55,788 | INFO | hilo : Exiting...
