2023-12-29 16:10:41,621 | INFO | hilo : 
+==============================================================+
|                                                              |
| ██████╗  █████╗ ██████╗ ██╗         ██╗      █████╗ ██████╗  |
| ██╔══██╗██╔══██╗██╔══██╗██║         ██║     ██╔══██╗██╔══██╗ |
| ██║  ██║███████║██║  ██║██║         ██║     ███████║██████╔╝ |
| ██║  ██║██╔══██║██║  ██║██║         ██║     ██╔══██║██╔══██╗ |
| ██████╔╝██║  ██║██████╔╝███████╗    ███████╗██║  ██║██████╔╝ |
| ╚═════╝ ╚═╝  ╚═╝╚═════╝ ╚══════╝    ╚══════╝╚═╝  ╚═╝╚═════╝  |
+==============================================================+
|             Hi-Lo Resolution Image Classification            |
|             -------------------------------------            |
|                       Gabriel C. Trahan                      |
|                          Sahan Ahmad                         |
|                       MD  Aminual Islam                      |
+==============================================================+
2023-12-29 16:10:43,242 | INFO | hilo.dataset-accessor : Fetching dataset: cifar10
2023-12-29 16:10:43,242 | INFO | hilo.cifar10-dataset : Initializing transform
2023-12-29 16:10:43,242 | INFO | hilo.cifar10-dataset : Verifying/downloading train data
2023-12-29 16:10:43,854 | INFO | hilo.cifar10-dataset : Verifying/downloading test data
2023-12-29 16:10:44,291 | CRITICAL | hilo : Keyboard interrupt detected. Aborting operations.
2023-12-29 16:10:44,300 | INFO | hilo : Exiting...
