2023-12-27 14:30:57,039 | INFO | hilo : 
+==============================================================+
|                                                              |
| ██████╗  █████╗ ██████╗ ██╗         ██╗      █████╗ ██████╗  |
| ██╔══██╗██╔══██╗██╔══██╗██║         ██║     ██╔══██╗██╔══██╗ |
| ██║  ██║███████║██║  ██║██║         ██║     ███████║██████╔╝ |
| ██║  ██║██╔══██║██║  ██║██║         ██║     ██╔══██║██╔══██╗ |
| ██████╔╝██║  ██║██████╔╝███████╗    ███████╗██║  ██║██████╔╝ |
| ╚═════╝ ╚═╝  ╚═╝╚═════╝ ╚══════╝    ╚══════╝╚═╝  ╚═╝╚═════╝  |
+==============================================================+
|             Hi-Lo Resolution Image Classification            |
|             -------------------------------------            |
|                       Gabriel C. Trahan                      |
|                          Sahan Ahmad                         |
|                       MD  Aminual Islam                      |
+==============================================================+
2023-12-27 14:30:58,691 | INFO | hilo.dataset-accessor : Fetching dataset: cifar100
2023-12-27 14:30:58,691 | INFO | hilo.cifar100-dataset : Initializing transform
2023-12-27 14:30:58,691 | INFO | hilo.cifar100-dataset : Verifying/downloading train data
2023-12-27 14:31:07,405 | INFO | hilo.cifar100-dataset : Verifying/downloading test data
2023-12-27 14:31:07,929 | ERROR | hilo : An error occured: 'Cifar100' object has no attribute 'logger'
2023-12-27 14:31:07,931 | INFO | hilo : Exiting...
