2023-10-28 10:52:59,682 | INFO | hi-lo : 
+=========================================================================+
|  ______     ______   ______    ___         ___        ______   _______  |
| /| ___ \  // ____ \ /| ___ \  /| |        /| |      // ____ \ /| ___  \ |
| /| |//\ \ /| |//| | /| |//\ \ /| |        /| |      /| |//| | /| |//| | |
| /| | /| | /| ____ | /| | /| | /| |        /| |      /| ____ | /| ___  / |
| /| |_// / /| |//| | /| |_// / /| |____    /| |____  /| |//| | /| |//\ \ |
| /|_____/  /|_| /|_| /|_____/  /|______|   /|______| /|_| /|_| /|______/ |
| ///////   ///  ///  //////    ////////    ////////  ///  ///  ////////  |
+=========================================================================+
|                  Hi-Lo Resolution Image Classification                  |
|                  -------------------------------------                  |
|                            Gabriel C. Trahan                            |
|                               Sahan Ahmad                               |
|                            MD  Aminual Islam                            |
+=========================================================================+
| MODEL:                      resnet | LR:                            0.1 |
| DATASET:                   cifar10 | BATCH SIZE:                     64 |
+=========================================================================+
2023-10-28 10:52:59,683 | INFO | hi-lo : Output directory: output/resnet/None/cifar10/20231028_105259
2023-10-28 10:52:59,683 | INFO | hi-lo.dataset-accessor : Fetching dataset: cifar10
2023-10-28 10:52:59,683 | INFO | hi-lo.cifar10-dataset : Initializing transform.
2023-10-28 10:52:59,683 | INFO | hi-lo.cifar10-dataset : Verifying/downloading train data.
2023-10-28 10:53:00,286 | INFO | hi-lo.cifar10-dataset : Verifying/downloading test data.
2023-10-28 10:53:00,769 | INFO | hi-lo.cifar10-dataset : Creating train data loader.
2023-10-28 10:53:00,770 | INFO | hi-lo.cifar10-dataset : Creating test data loader.
2023-10-28 10:53:01,853 | INFO | hi-lo : Using device: NVIDIA GeForce GTX 1060 6GB
2023-10-28 10:53:01,854 | INFO | hi-lo : Commencing training phase...
2023-10-28 10:53:01,854 | INFO | hi-lo : BEGIN EPOCH 1 =========================================================================
2023-10-28 10:54:15,902 | INFO | hi-lo : END EPOCH:   1 | ACCURACY: 33.0 | LOSS: 1.7792361974716187
2023-10-28 10:54:15,902 | INFO | hi-lo : BEGIN EPOCH 2 =========================================================================
2023-10-28 10:54:47,025 | INFO | hi-lo : Keyboard interrupt detected. Aborting operations...
