2023-10-15 09:46:28,059 | INFO | hi-lo : 
+=========================================================================+
|  ______     ______   ______    ___         ___        ______   _______  |
| /| ___ \  // ____ \ /| ___ \  /| |        /| |      // ____ \ /| ___  \ |
| /| |//\ \ /| |//| | /| |//\ \ /| |        /| |      /| |//| | /| |//| | |
| /| | /| | /| ____ | /| | /| | /| |        /| |      /| ____ | /| ___  / |
| /| |_// / /| |//| | /| |_// / /| |____    /| |____  /| |//| | /| |//\ \ |
| /|_____/  /|_| /|_| /|_____/  /|______|   /|______| /|_| /|_| /|______/ |
| ///////   ///  ///  //////    ////////    ////////  ///  ///  ////////  |
+=========================================================================+
|                  Hi-Lo Resolution Image Classification                  |
|                  -------------------------------------                  |
|                            Gabriel C. Trahan                            |
|                               Sahan Ahmad                               |
|                            MD  Aminual Islam                            |
+=========================================================================+
| MODEL:                      normal | LR:                            0.1 |
| DATASET:                     mnist | BATCH SIZE:                     64 |
+=========================================================================+
2023-10-15 09:46:28,060 | INFO | hi-lo : Output directory: output/None//normal/mnist/20231015_094628
2023-10-15 09:46:28,060 | INFO | hi-lo.dataset-accessor : Fetching dataset: mnist
2023-10-15 09:46:28,060 | INFO | hi-lo.mnist-dataset : Initializing transform.
2023-10-15 09:46:28,060 | INFO | hi-lo.mnist-dataset : Verifying/downloading train data.
2023-10-15 09:46:28,110 | INFO | hi-lo.mnist-dataset : Verifying/downloading test data.
2023-10-15 09:46:28,115 | INFO | hi-lo.mnist-dataset : Creating train data loader.
2023-10-15 09:46:28,115 | INFO | hi-lo.mnist-dataset : Creating test data loader.
2023-10-15 09:46:29,109 | INFO | hi-lo : Using device: NVIDIA GeForce GTX 1060 6GB
2023-10-15 09:46:29,109 | INFO | hi-lo : Commencing training phase...
2023-10-15 09:46:29,110 | INFO | hi-lo : BEGIN EPOCH 1 =========================================================================
2023-10-15 09:46:37,017 | INFO | hi-lo : END EPOCH:   1 | ACCURACY: 97.91 | LOSS: 0.03777023404836655
2023-10-15 09:46:37,017 | INFO | hi-lo : BEGIN EPOCH 2 =========================================================================
2023-10-15 09:46:44,090 | INFO | hi-lo : END EPOCH:   2 | ACCURACY: 96.88 | LOSS: 0.14725971221923828
2023-10-15 09:46:44,090 | INFO | hi-lo : BEGIN EPOCH 3 =========================================================================
2023-10-15 09:46:51,236 | INFO | hi-lo : END EPOCH:   3 | ACCURACY: 98.96 | LOSS: 0.030054356902837753
2023-10-15 09:46:51,236 | INFO | hi-lo : BEGIN EPOCH 4 =========================================================================
2023-10-15 09:46:58,373 | INFO | hi-lo : END EPOCH:   4 | ACCURACY: 98.85 | LOSS: 0.1086232140660286
2023-10-15 09:46:58,373 | INFO | hi-lo : BEGIN EPOCH 5 =========================================================================
2023-10-15 09:47:05,482 | INFO | hi-lo : END EPOCH:   5 | ACCURACY: 100.0 | LOSS: 0.023641593754291534
2023-10-15 09:47:05,482 | INFO | hi-lo : BEGIN EPOCH 6 =========================================================================
2023-10-15 09:47:12,607 | INFO | hi-lo : END EPOCH:   6 | ACCURACY: 98.44 | LOSS: 0.12199431657791138
2023-10-15 09:47:12,607 | INFO | hi-lo : BEGIN EPOCH 7 =========================================================================
2023-10-15 09:47:19,869 | INFO | hi-lo : END EPOCH:   7 | ACCURACY: 100.0 | LOSS: 0.04952756687998772
2023-10-15 09:47:19,869 | INFO | hi-lo : BEGIN EPOCH 8 =========================================================================
2023-10-15 09:47:27,156 | INFO | hi-lo : END EPOCH:   8 | ACCURACY: 99.22 | LOSS: 0.333080530166626
2023-10-15 09:47:27,156 | INFO | hi-lo : BEGIN EPOCH 9 =========================================================================
2023-10-15 09:47:34,279 | INFO | hi-lo : END EPOCH:   9 | ACCURACY: 99.55 | LOSS: 0.024341458454728127
2023-10-15 09:47:34,279 | INFO | hi-lo : BEGIN EPOCH 10 =========================================================================
2023-10-15 09:47:41,639 | INFO | hi-lo : END EPOCH:  10 | ACCURACY: 98.71 | LOSS: 0.06350833922624588
2023-10-15 09:47:41,639 | INFO | hi-lo : BEGIN EPOCH 11 =========================================================================
2023-10-15 09:47:48,877 | INFO | hi-lo : END EPOCH:  11 | ACCURACY: 97.92 | LOSS: 0.02146824076771736
2023-10-15 09:47:48,878 | INFO | hi-lo : BEGIN EPOCH 12 =========================================================================
2023-10-15 09:47:56,180 | INFO | hi-lo : END EPOCH:  12 | ACCURACY: 99.33 | LOSS: 0.11910481005907059
2023-10-15 09:47:56,180 | INFO | hi-lo : BEGIN EPOCH 13 =========================================================================
2023-10-15 09:48:03,388 | INFO | hi-lo : END EPOCH:  13 | ACCURACY: 98.66 | LOSS: 0.05229894816875458
2023-10-15 09:48:03,388 | INFO | hi-lo : BEGIN EPOCH 14 =========================================================================
2023-10-15 09:48:10,761 | INFO | hi-lo : END EPOCH:  14 | ACCURACY: 98.85 | LOSS: 0.012330698780715466
2023-10-15 09:48:10,761 | INFO | hi-lo : BEGIN EPOCH 15 =========================================================================
2023-10-15 09:48:17,900 | INFO | hi-lo : END EPOCH:  15 | ACCURACY: 100.0 | LOSS: 0.020468052476644516
2023-10-15 09:48:17,900 | INFO | hi-lo : BEGIN EPOCH 16 =========================================================================
2023-10-15 09:48:25,109 | INFO | hi-lo : END EPOCH:  16 | ACCURACY: 99.02 | LOSS: 0.049763258546590805
2023-10-15 09:48:25,110 | INFO | hi-lo : BEGIN EPOCH 17 =========================================================================
2023-10-15 09:48:32,324 | INFO | hi-lo : END EPOCH:  17 | ACCURACY: 98.71 | LOSS: 0.06353696435689926
2023-10-15 09:48:32,324 | INFO | hi-lo : BEGIN EPOCH 18 =========================================================================
2023-10-15 09:48:39,848 | INFO | hi-lo : END EPOCH:  18 | ACCURACY: 98.54 | LOSS: 0.033511336892843246
2023-10-15 09:48:39,849 | INFO | hi-lo : BEGIN EPOCH 19 =========================================================================
2023-10-15 09:48:47,541 | INFO | hi-lo : END EPOCH:  19 | ACCURACY: 98.44 | LOSS: 0.043080106377601624
2023-10-15 09:48:47,541 | INFO | hi-lo : BEGIN EPOCH 20 =========================================================================
2023-10-15 09:48:54,805 | INFO | hi-lo : END EPOCH:  20 | ACCURACY: 100.0 | LOSS: 0.019719168543815613
2023-10-15 09:48:54,805 | INFO | hi-lo : BEGIN EPOCH 21 =========================================================================
2023-10-15 09:49:02,034 | INFO | hi-lo : END EPOCH:  21 | ACCURACY: 99.22 | LOSS: 0.01364868227392435
2023-10-15 09:49:02,035 | INFO | hi-lo : BEGIN EPOCH 22 =========================================================================
2023-10-15 09:49:09,305 | INFO | hi-lo : END EPOCH:  22 | ACCURACY: 98.44 | LOSS: 0.004517951514571905
2023-10-15 09:49:09,305 | INFO | hi-lo : BEGIN EPOCH 23 =========================================================================
2023-10-15 09:49:16,622 | INFO | hi-lo : END EPOCH:  23 | ACCURACY: 98.02 | LOSS: 0.0027410986367613077
2023-10-15 09:49:16,622 | INFO | hi-lo : BEGIN EPOCH 24 =========================================================================
2023-10-15 09:49:24,037 | INFO | hi-lo : END EPOCH:  24 | ACCURACY: 99.26 | LOSS: 0.10060007870197296
2023-10-15 09:49:24,037 | INFO | hi-lo : BEGIN EPOCH 25 =========================================================================
2023-10-15 09:49:31,317 | INFO | hi-lo : END EPOCH:  25 | ACCURACY: 98.44 | LOSS: 0.06780501455068588
2023-10-15 09:49:31,317 | INFO | hi-lo : BEGIN EPOCH 26 =========================================================================
2023-10-15 09:49:38,649 | INFO | hi-lo : END EPOCH:  26 | ACCURACY: 97.92 | LOSS: 0.005245255772024393
2023-10-15 09:49:38,649 | INFO | hi-lo : BEGIN EPOCH 27 =========================================================================
2023-10-15 09:49:46,220 | INFO | hi-lo : END EPOCH:  27 | ACCURACY: 100.0 | LOSS: 0.0017494616331532598
2023-10-15 09:49:46,220 | INFO | hi-lo : BEGIN EPOCH 28 =========================================================================
2023-10-15 09:49:53,925 | INFO | hi-lo : END EPOCH:  28 | ACCURACY: 98.44 | LOSS: 0.1167524978518486
2023-10-15 09:49:53,925 | INFO | hi-lo : BEGIN EPOCH 29 =========================================================================
2023-10-15 09:50:01,732 | INFO | hi-lo : END EPOCH:  29 | ACCURACY: 100.0 | LOSS: 0.07191498577594757
2023-10-15 09:50:01,732 | INFO | hi-lo : BEGIN EPOCH 30 =========================================================================
2023-10-15 09:50:09,533 | INFO | hi-lo : END EPOCH:  30 | ACCURACY: 99.42 | LOSS: 0.003585544414818287
2023-10-15 09:50:09,533 | INFO | hi-lo : BEGIN EPOCH 31 =========================================================================
2023-10-15 09:50:17,431 | INFO | hi-lo : END EPOCH:  31 | ACCURACY: 100.0 | LOSS: 0.03644710034132004
2023-10-15 09:50:17,431 | INFO | hi-lo : BEGIN EPOCH 32 =========================================================================
2023-10-15 09:50:25,193 | INFO | hi-lo : END EPOCH:  32 | ACCURACY: 100.0 | LOSS: 0.008213894441723824
2023-10-15 09:50:25,193 | INFO | hi-lo : BEGIN EPOCH 33 =========================================================================
2023-10-15 09:50:33,103 | INFO | hi-lo : END EPOCH:  33 | ACCURACY: 100.0 | LOSS: 0.00022579869255423546
2023-10-15 09:50:33,104 | INFO | hi-lo : BEGIN EPOCH 34 =========================================================================
2023-10-15 09:50:40,991 | INFO | hi-lo : END EPOCH:  34 | ACCURACY: 100.0 | LOSS: 0.000316943769576028
2023-10-15 09:50:40,992 | INFO | hi-lo : BEGIN EPOCH 35 =========================================================================
2023-10-15 09:50:49,048 | INFO | hi-lo : END EPOCH:  35 | ACCURACY: 100.0 | LOSS: 0.004726969171315432
2023-10-15 09:50:49,049 | INFO | hi-lo : BEGIN EPOCH 36 =========================================================================
2023-10-15 09:50:57,259 | INFO | hi-lo : END EPOCH:  36 | ACCURACY: 99.48 | LOSS: 0.011352227069437504
2023-10-15 09:50:57,259 | INFO | hi-lo : BEGIN EPOCH 37 =========================================================================
2023-10-15 09:51:05,000 | INFO | hi-lo : END EPOCH:  37 | ACCURACY: 99.69 | LOSS: 0.00043490855023264885
2023-10-15 09:51:05,000 | INFO | hi-lo : BEGIN EPOCH 38 =========================================================================
2023-10-15 09:51:12,905 | INFO | hi-lo : END EPOCH:  38 | ACCURACY: 100.0 | LOSS: 0.0015875865938141942
2023-10-15 09:51:12,905 | INFO | hi-lo : BEGIN EPOCH 39 =========================================================================
2023-10-15 09:51:20,768 | INFO | hi-lo : END EPOCH:  39 | ACCURACY: 100.0 | LOSS: 0.0006488172220997512
2023-10-15 09:51:20,769 | INFO | hi-lo : BEGIN EPOCH 40 =========================================================================
2023-10-15 09:51:28,693 | INFO | hi-lo : END EPOCH:  40 | ACCURACY: 100.0 | LOSS: 0.005323018878698349
2023-10-15 09:51:28,693 | INFO | hi-lo : BEGIN EPOCH 41 =========================================================================
2023-10-15 09:51:36,670 | INFO | hi-lo : END EPOCH:  41 | ACCURACY: 99.46 | LOSS: 0.002520559588447213
2023-10-15 09:51:36,670 | INFO | hi-lo : BEGIN EPOCH 42 =========================================================================
2023-10-15 09:51:44,584 | INFO | hi-lo : END EPOCH:  42 | ACCURACY: 99.65 | LOSS: 0.0006378987454809248
2023-10-15 09:51:44,584 | INFO | hi-lo : BEGIN EPOCH 43 =========================================================================
2023-10-15 09:51:52,705 | INFO | hi-lo : END EPOCH:  43 | ACCURACY: 99.48 | LOSS: 0.0026526593137532473
2023-10-15 09:51:52,705 | INFO | hi-lo : BEGIN EPOCH 44 =========================================================================
2023-10-15 09:52:00,693 | INFO | hi-lo : END EPOCH:  44 | ACCURACY: 100.0 | LOSS: 0.0067673129960894585
2023-10-15 09:52:00,694 | INFO | hi-lo : BEGIN EPOCH 45 =========================================================================
2023-10-15 09:52:08,733 | INFO | hi-lo : END EPOCH:  45 | ACCURACY: 100.0 | LOSS: 0.004602068103849888
2023-10-15 09:52:08,733 | INFO | hi-lo : BEGIN EPOCH 46 =========================================================================
2023-10-15 09:52:16,760 | INFO | hi-lo : END EPOCH:  46 | ACCURACY: 100.0 | LOSS: 0.003048013197258115
2023-10-15 09:52:16,761 | INFO | hi-lo : BEGIN EPOCH 47 =========================================================================
2023-10-15 09:52:24,815 | INFO | hi-lo : END EPOCH:  47 | ACCURACY: 99.69 | LOSS: 0.002759528812021017
2023-10-15 09:52:24,815 | INFO | hi-lo : BEGIN EPOCH 48 =========================================================================
2023-10-15 09:52:32,840 | INFO | hi-lo : END EPOCH:  48 | ACCURACY: 99.59 | LOSS: 0.0017615648685023189
2023-10-15 09:52:32,840 | INFO | hi-lo : BEGIN EPOCH 49 =========================================================================
2023-10-15 09:52:40,928 | INFO | hi-lo : END EPOCH:  49 | ACCURACY: 99.44 | LOSS: 0.00030471108038909733
2023-10-15 09:52:40,929 | INFO | hi-lo : BEGIN EPOCH 50 =========================================================================
2023-10-15 09:52:49,185 | INFO | hi-lo : END EPOCH:  50 | ACCURACY: 100.0 | LOSS: 0.009479150176048279
2023-10-15 09:52:49,186 | INFO | hi-lo : BEGIN EPOCH 51 =========================================================================
2023-10-15 09:52:57,334 | INFO | hi-lo : END EPOCH:  51 | ACCURACY: 100.0 | LOSS: 0.0032633605878800154
2023-10-15 09:52:57,334 | INFO | hi-lo : BEGIN EPOCH 52 =========================================================================
2023-10-15 09:53:05,479 | INFO | hi-lo : END EPOCH:  52 | ACCURACY: 100.0 | LOSS: 0.005809576250612736
2023-10-15 09:53:05,479 | INFO | hi-lo : BEGIN EPOCH 53 =========================================================================
2023-10-15 09:53:13,639 | INFO | hi-lo : END EPOCH:  53 | ACCURACY: 100.0 | LOSS: 0.009591789916157722
2023-10-15 09:53:13,640 | INFO | hi-lo : BEGIN EPOCH 54 =========================================================================
2023-10-15 09:53:21,779 | INFO | hi-lo : END EPOCH:  54 | ACCURACY: 100.0 | LOSS: 0.005123891402035952
2023-10-15 09:53:21,779 | INFO | hi-lo : BEGIN EPOCH 55 =========================================================================
2023-10-15 09:53:30,018 | INFO | hi-lo : END EPOCH:  55 | ACCURACY: 100.0 | LOSS: 0.0003188729751855135
2023-10-15 09:53:30,018 | INFO | hi-lo : BEGIN EPOCH 56 =========================================================================
2023-10-15 09:53:38,290 | INFO | hi-lo : END EPOCH:  56 | ACCURACY: 100.0 | LOSS: 0.00017893653421197087
2023-10-15 09:53:38,291 | INFO | hi-lo : BEGIN EPOCH 57 =========================================================================
2023-10-15 09:53:46,561 | INFO | hi-lo : END EPOCH:  57 | ACCURACY: 99.41 | LOSS: 0.02309698425233364
2023-10-15 09:53:46,561 | INFO | hi-lo : BEGIN EPOCH 58 =========================================================================
2023-10-15 09:53:54,813 | INFO | hi-lo : END EPOCH:  58 | ACCURACY: 100.0 | LOSS: 0.00882687047123909
2023-10-15 09:53:54,813 | INFO | hi-lo : BEGIN EPOCH 59 =========================================================================
2023-10-15 09:54:03,059 | INFO | hi-lo : END EPOCH:  59 | ACCURACY: 99.53 | LOSS: 0.0009776439983397722
2023-10-15 09:54:03,059 | INFO | hi-lo : BEGIN EPOCH 60 =========================================================================
2023-10-15 09:54:11,302 | INFO | hi-lo : END EPOCH:  60 | ACCURACY: 100.0 | LOSS: 0.0020693764090538025
2023-10-15 09:54:11,302 | INFO | hi-lo : BEGIN EPOCH 61 =========================================================================
2023-10-15 09:54:19,658 | INFO | hi-lo : END EPOCH:  61 | ACCURACY: 100.0 | LOSS: 0.008072982542216778
2023-10-15 09:54:19,658 | INFO | hi-lo : BEGIN EPOCH 62 =========================================================================
2023-10-15 09:54:28,038 | INFO | hi-lo : END EPOCH:  62 | ACCURACY: 100.0 | LOSS: 0.003900746116414666
2023-10-15 09:54:28,038 | INFO | hi-lo : BEGIN EPOCH 63 =========================================================================
2023-10-15 09:54:36,299 | INFO | hi-lo : END EPOCH:  63 | ACCURACY: 99.51 | LOSS: 0.0025707008317112923
2023-10-15 09:54:36,300 | INFO | hi-lo : BEGIN EPOCH 64 =========================================================================
2023-10-15 09:54:44,714 | INFO | hi-lo : END EPOCH:  64 | ACCURACY: 99.66 | LOSS: 0.002097217133268714
2023-10-15 09:54:44,715 | INFO | hi-lo : BEGIN EPOCH 65 =========================================================================
2023-10-15 09:54:53,169 | INFO | hi-lo : END EPOCH:  65 | ACCURACY: 100.0 | LOSS: 0.0016478424658998847
2023-10-15 09:54:53,169 | INFO | hi-lo : BEGIN EPOCH 66 =========================================================================
2023-10-15 09:55:01,779 | INFO | hi-lo : END EPOCH:  66 | ACCURACY: 100.0 | LOSS: 0.0012302323011681437
2023-10-15 09:55:01,779 | INFO | hi-lo : BEGIN EPOCH 67 =========================================================================
2023-10-15 09:55:10,453 | INFO | hi-lo : END EPOCH:  67 | ACCURACY: 100.0 | LOSS: 0.0012607057578861713
2023-10-15 09:55:10,453 | INFO | hi-lo : BEGIN EPOCH 68 =========================================================================
2023-10-15 09:55:19,145 | INFO | hi-lo : END EPOCH:  68 | ACCURACY: 100.0 | LOSS: 0.0004216512315906584
2023-10-15 09:55:19,146 | INFO | hi-lo : BEGIN EPOCH 69 =========================================================================
2023-10-15 09:55:27,724 | INFO | hi-lo : END EPOCH:  69 | ACCURACY: 100.0 | LOSS: 0.00138653046451509
2023-10-15 09:55:27,724 | INFO | hi-lo : BEGIN EPOCH 70 =========================================================================
2023-10-15 09:55:36,328 | INFO | hi-lo : END EPOCH:  70 | ACCURACY: 100.0 | LOSS: 0.0007771812379360199
2023-10-15 09:55:36,328 | INFO | hi-lo : BEGIN EPOCH 71 =========================================================================
2023-10-15 09:55:45,099 | INFO | hi-lo : END EPOCH:  71 | ACCURACY: 100.0 | LOSS: 0.0010583855910226703
2023-10-15 09:55:45,099 | INFO | hi-lo : BEGIN EPOCH 72 =========================================================================
2023-10-15 09:55:53,714 | INFO | hi-lo : END EPOCH:  72 | ACCURACY: 100.0 | LOSS: 0.0004150161112193018
2023-10-15 09:55:53,714 | INFO | hi-lo : BEGIN EPOCH 73 =========================================================================
2023-10-15 09:56:02,380 | INFO | hi-lo : END EPOCH:  73 | ACCURACY: 100.0 | LOSS: 0.0019114370224997401
2023-10-15 09:56:02,380 | INFO | hi-lo : BEGIN EPOCH 74 =========================================================================
2023-10-15 09:56:11,156 | INFO | hi-lo : END EPOCH:  74 | ACCURACY: 100.0 | LOSS: 0.0007857263553887606
2023-10-15 09:56:11,156 | INFO | hi-lo : BEGIN EPOCH 75 =========================================================================
2023-10-15 09:56:19,802 | INFO | hi-lo : END EPOCH:  75 | ACCURACY: 100.0 | LOSS: 0.005650391802191734
2023-10-15 09:56:19,802 | INFO | hi-lo : BEGIN EPOCH 76 =========================================================================
2023-10-15 09:56:28,428 | INFO | hi-lo : END EPOCH:  76 | ACCURACY: 99.5 | LOSS: 0.0021395101211965084
2023-10-15 09:56:28,429 | INFO | hi-lo : BEGIN EPOCH 77 =========================================================================
2023-10-15 09:56:37,133 | INFO | hi-lo : END EPOCH:  77 | ACCURACY: 100.0 | LOSS: 0.0004950211732648313
2023-10-15 09:56:37,133 | INFO | hi-lo : BEGIN EPOCH 78 =========================================================================
2023-10-15 09:56:45,907 | INFO | hi-lo : END EPOCH:  78 | ACCURACY: 100.0 | LOSS: 0.001921477960422635
2023-10-15 09:56:45,907 | INFO | hi-lo : BEGIN EPOCH 79 =========================================================================
2023-10-15 09:56:54,709 | INFO | hi-lo : END EPOCH:  79 | ACCURACY: 99.59 | LOSS: 0.00026243895990774035
2023-10-15 09:56:54,709 | INFO | hi-lo : BEGIN EPOCH 80 =========================================================================
2023-10-15 09:57:03,384 | INFO | hi-lo : END EPOCH:  80 | ACCURACY: 100.0 | LOSS: 0.0010476127499714494
2023-10-15 09:57:03,384 | INFO | hi-lo : BEGIN EPOCH 81 =========================================================================
2023-10-15 09:57:12,231 | INFO | hi-lo : END EPOCH:  81 | ACCURACY: 100.0 | LOSS: 0.0005678590969182551
2023-10-15 09:57:12,231 | INFO | hi-lo : BEGIN EPOCH 82 =========================================================================
2023-10-15 09:57:21,030 | INFO | hi-lo : END EPOCH:  82 | ACCURACY: 100.0 | LOSS: 0.00023819900525268167
2023-10-15 09:57:21,030 | INFO | hi-lo : BEGIN EPOCH 83 =========================================================================
2023-10-15 09:57:29,878 | INFO | hi-lo : END EPOCH:  83 | ACCURACY: 100.0 | LOSS: 0.004215272609144449
2023-10-15 09:57:29,878 | INFO | hi-lo : BEGIN EPOCH 84 =========================================================================
2023-10-15 09:57:38,659 | INFO | hi-lo : END EPOCH:  84 | ACCURACY: 100.0 | LOSS: 0.0008716242155060172
2023-10-15 09:57:38,659 | INFO | hi-lo : BEGIN EPOCH 85 =========================================================================
2023-10-15 09:57:47,579 | INFO | hi-lo : END EPOCH:  85 | ACCURACY: 100.0 | LOSS: 0.002673838986083865
2023-10-15 09:57:47,579 | INFO | hi-lo : BEGIN EPOCH 86 =========================================================================
2023-10-15 09:57:56,477 | INFO | hi-lo : END EPOCH:  86 | ACCURACY: 100.0 | LOSS: 0.0024726446717977524
2023-10-15 09:57:56,477 | INFO | hi-lo : BEGIN EPOCH 87 =========================================================================
2023-10-15 09:58:05,487 | INFO | hi-lo : END EPOCH:  87 | ACCURACY: 100.0 | LOSS: 0.0012991471448913217
2023-10-15 09:58:05,487 | INFO | hi-lo : BEGIN EPOCH 88 =========================================================================
2023-10-15 09:58:14,501 | INFO | hi-lo : END EPOCH:  88 | ACCURACY: 100.0 | LOSS: 0.006887185387313366
2023-10-15 09:58:14,501 | INFO | hi-lo : BEGIN EPOCH 89 =========================================================================
2023-10-15 09:58:23,620 | INFO | hi-lo : END EPOCH:  89 | ACCURACY: 100.0 | LOSS: 0.0016234575305134058
2023-10-15 09:58:23,620 | INFO | hi-lo : BEGIN EPOCH 90 =========================================================================
2023-10-15 09:58:32,989 | INFO | hi-lo : END EPOCH:  90 | ACCURACY: 100.0 | LOSS: 0.001338578062132001
2023-10-15 09:58:32,989 | INFO | hi-lo : BEGIN EPOCH 91 =========================================================================
2023-10-15 09:58:42,192 | INFO | hi-lo : END EPOCH:  91 | ACCURACY: 100.0 | LOSS: 0.003147206734865904
2023-10-15 09:58:42,192 | INFO | hi-lo : BEGIN EPOCH 92 =========================================================================
2023-10-15 09:58:51,395 | INFO | hi-lo : END EPOCH:  92 | ACCURACY: 99.56 | LOSS: 0.0009803513530641794
2023-10-15 09:58:51,395 | INFO | hi-lo : BEGIN EPOCH 93 =========================================================================
2023-10-15 09:59:00,663 | INFO | hi-lo : END EPOCH:  93 | ACCURACY: 100.0 | LOSS: 0.003081172937527299
2023-10-15 09:59:00,663 | INFO | hi-lo : BEGIN EPOCH 94 =========================================================================
2023-10-15 09:59:09,908 | INFO | hi-lo : END EPOCH:  94 | ACCURACY: 100.0 | LOSS: 0.001697092317044735
2023-10-15 09:59:09,908 | INFO | hi-lo : BEGIN EPOCH 95 =========================================================================
2023-10-15 09:59:19,186 | INFO | hi-lo : END EPOCH:  95 | ACCURACY: 100.0 | LOSS: 0.0057287393137812614
2023-10-15 09:59:19,186 | INFO | hi-lo : BEGIN EPOCH 96 =========================================================================
2023-10-15 09:59:28,423 | INFO | hi-lo : END EPOCH:  96 | ACCURACY: 100.0 | LOSS: 0.001011601067148149
2023-10-15 09:59:28,423 | INFO | hi-lo : BEGIN EPOCH 97 =========================================================================
2023-10-15 09:59:37,684 | INFO | hi-lo : END EPOCH:  97 | ACCURACY: 100.0 | LOSS: 0.0034089679829776287
2023-10-15 09:59:37,685 | INFO | hi-lo : BEGIN EPOCH 98 =========================================================================
2023-10-15 09:59:47,003 | INFO | hi-lo : END EPOCH:  98 | ACCURACY: 100.0 | LOSS: 0.006046322640031576
2023-10-15 09:59:47,003 | INFO | hi-lo : BEGIN EPOCH 99 =========================================================================
2023-10-15 09:59:56,377 | INFO | hi-lo : END EPOCH:  99 | ACCURACY: 99.76 | LOSS: 0.0005076849483884871
2023-10-15 09:59:56,377 | INFO | hi-lo : BEGIN EPOCH 100 =========================================================================
2023-10-15 10:00:05,749 | INFO | hi-lo : END EPOCH: 100 | ACCURACY: 99.74 | LOSS: 0.0011100249830633402
2023-10-15 10:00:05,749 | INFO | hi-lo : BEGIN EPOCH 101 =========================================================================
2023-10-15 10:00:15,088 | INFO | hi-lo : END EPOCH: 101 | ACCURACY: 100.0 | LOSS: 0.00024025217862799764
2023-10-15 10:00:15,088 | INFO | hi-lo : BEGIN EPOCH 102 =========================================================================
2023-10-15 10:00:24,652 | INFO | hi-lo : END EPOCH: 102 | ACCURACY: 100.0 | LOSS: 0.00016325345495715737
2023-10-15 10:00:24,652 | INFO | hi-lo : BEGIN EPOCH 103 =========================================================================
2023-10-15 10:00:34,038 | INFO | hi-lo : END EPOCH: 103 | ACCURACY: 100.0 | LOSS: 0.0006933601689524949
2023-10-15 10:00:34,038 | INFO | hi-lo : BEGIN EPOCH 104 =========================================================================
2023-10-15 10:00:43,517 | INFO | hi-lo : END EPOCH: 104 | ACCURACY: 100.0 | LOSS: 0.0005836277850903571
2023-10-15 10:00:43,517 | INFO | hi-lo : BEGIN EPOCH 105 =========================================================================
2023-10-15 10:00:52,713 | INFO | hi-lo : END EPOCH: 105 | ACCURACY: 100.0 | LOSS: 0.0008624845067970455
2023-10-15 10:00:52,713 | INFO | hi-lo : BEGIN EPOCH 106 =========================================================================
2023-10-15 10:01:02,305 | INFO | hi-lo : END EPOCH: 106 | ACCURACY: 100.0 | LOSS: 0.0017513064667582512
2023-10-15 10:01:02,305 | INFO | hi-lo : BEGIN EPOCH 107 =========================================================================
2023-10-15 10:01:11,609 | INFO | hi-lo : END EPOCH: 107 | ACCURACY: 100.0 | LOSS: 0.0003767420130316168
2023-10-15 10:01:11,609 | INFO | hi-lo : BEGIN EPOCH 108 =========================================================================
2023-10-15 10:01:21,263 | INFO | hi-lo : END EPOCH: 108 | ACCURACY: 100.0 | LOSS: 0.00022970543068367988
2023-10-15 10:01:21,263 | INFO | hi-lo : BEGIN EPOCH 109 =========================================================================
2023-10-15 10:01:30,997 | INFO | hi-lo : END EPOCH: 109 | ACCURACY: 100.0 | LOSS: 0.0012562049087136984
2023-10-15 10:01:30,997 | INFO | hi-lo : BEGIN EPOCH 110 =========================================================================
2023-10-15 10:01:40,670 | INFO | hi-lo : END EPOCH: 110 | ACCURACY: 100.0 | LOSS: 0.00206775008700788
2023-10-15 10:01:40,670 | INFO | hi-lo : BEGIN EPOCH 111 =========================================================================
2023-10-15 10:01:50,328 | INFO | hi-lo : END EPOCH: 111 | ACCURACY: 99.61 | LOSS: 0.0007121333619579673
2023-10-15 10:01:50,328 | INFO | hi-lo : BEGIN EPOCH 112 =========================================================================
2023-10-15 10:02:00,069 | INFO | hi-lo : END EPOCH: 112 | ACCURACY: 100.0 | LOSS: 0.0007668113685213029
2023-10-15 10:02:00,069 | INFO | hi-lo : BEGIN EPOCH 113 =========================================================================
2023-10-15 10:02:09,761 | INFO | hi-lo : END EPOCH: 113 | ACCURACY: 100.0 | LOSS: 0.001032016589306295
2023-10-15 10:02:09,761 | INFO | hi-lo : BEGIN EPOCH 114 =========================================================================
2023-10-15 10:02:19,591 | INFO | hi-lo : END EPOCH: 114 | ACCURACY: 99.69 | LOSS: 0.0016544759273529053
2023-10-15 10:02:19,591 | INFO | hi-lo : BEGIN EPOCH 115 =========================================================================
2023-10-15 10:02:29,514 | INFO | hi-lo : END EPOCH: 115 | ACCURACY: 99.57 | LOSS: 0.0004790964594576508
2023-10-15 10:02:29,514 | INFO | hi-lo : BEGIN EPOCH 116 =========================================================================
2023-10-15 10:02:39,487 | INFO | hi-lo : END EPOCH: 116 | ACCURACY: 99.74 | LOSS: 0.001721364096738398
2023-10-15 10:02:39,487 | INFO | hi-lo : BEGIN EPOCH 117 =========================================================================
2023-10-15 10:02:49,544 | INFO | hi-lo : END EPOCH: 117 | ACCURACY: 100.0 | LOSS: 0.0031181806698441505
2023-10-15 10:02:49,544 | INFO | hi-lo : BEGIN EPOCH 118 =========================================================================
2023-10-15 10:02:59,483 | INFO | hi-lo : END EPOCH: 118 | ACCURACY: 100.0 | LOSS: 0.0002337934565730393
2023-10-15 10:02:59,483 | INFO | hi-lo : BEGIN EPOCH 119 =========================================================================
2023-10-15 10:03:09,370 | INFO | hi-lo : END EPOCH: 119 | ACCURACY: 100.0 | LOSS: 0.00018008358892984688
2023-10-15 10:03:09,371 | INFO | hi-lo : BEGIN EPOCH 120 =========================================================================
2023-10-15 10:03:19,386 | INFO | hi-lo : END EPOCH: 120 | ACCURACY: 100.0 | LOSS: 0.0004609502211678773
2023-10-15 10:03:19,386 | INFO | hi-lo : BEGIN EPOCH 121 =========================================================================
2023-10-15 10:03:29,232 | INFO | hi-lo : END EPOCH: 121 | ACCURACY: 100.0 | LOSS: 0.0005040232790634036
2023-10-15 10:03:29,233 | INFO | hi-lo : BEGIN EPOCH 122 =========================================================================
2023-10-15 10:03:39,216 | INFO | hi-lo : END EPOCH: 122 | ACCURACY: 100.0 | LOSS: 0.0005280373152345419
2023-10-15 10:03:39,216 | INFO | hi-lo : BEGIN EPOCH 123 =========================================================================
2023-10-15 10:03:49,062 | INFO | hi-lo : END EPOCH: 123 | ACCURACY: 100.0 | LOSS: 0.0006916593993082643
2023-10-15 10:03:49,062 | INFO | hi-lo : BEGIN EPOCH 124 =========================================================================
2023-10-15 10:03:58,988 | INFO | hi-lo : END EPOCH: 124 | ACCURACY: 100.0 | LOSS: 0.002494201762601733
2023-10-15 10:03:58,988 | INFO | hi-lo : BEGIN EPOCH 125 =========================================================================
2023-10-15 10:04:08,985 | INFO | hi-lo : END EPOCH: 125 | ACCURACY: 100.0 | LOSS: 0.001998456660658121
2023-10-15 10:04:08,985 | INFO | hi-lo : BEGIN EPOCH 126 =========================================================================
2023-10-15 10:04:18,948 | INFO | hi-lo : END EPOCH: 126 | ACCURACY: 99.56 | LOSS: 0.0016667655436322093
2023-10-15 10:04:18,948 | INFO | hi-lo : BEGIN EPOCH 127 =========================================================================
2023-10-15 10:04:29,062 | INFO | hi-lo : END EPOCH: 127 | ACCURACY: 99.69 | LOSS: 0.0042093670926988125
2023-10-15 10:04:29,063 | INFO | hi-lo : BEGIN EPOCH 128 =========================================================================
2023-10-15 10:04:39,182 | INFO | hi-lo : END EPOCH: 128 | ACCURACY: 99.59 | LOSS: 0.0838441327214241
2023-10-15 10:04:39,182 | INFO | hi-lo : BEGIN EPOCH 129 =========================================================================
2023-10-15 10:04:49,272 | INFO | hi-lo : END EPOCH: 129 | ACCURACY: 100.0 | LOSS: 0.00026384327793493867
2023-10-15 10:04:49,272 | INFO | hi-lo : BEGIN EPOCH 130 =========================================================================
2023-10-15 10:04:59,396 | INFO | hi-lo : END EPOCH: 130 | ACCURACY: 100.0 | LOSS: 0.0009667559061199427
2023-10-15 10:04:59,396 | INFO | hi-lo : BEGIN EPOCH 131 =========================================================================
2023-10-15 10:05:09,572 | INFO | hi-lo : END EPOCH: 131 | ACCURACY: 100.0 | LOSS: 0.00465389946475625
2023-10-15 10:05:09,572 | INFO | hi-lo : BEGIN EPOCH 132 =========================================================================
2023-10-15 10:05:19,759 | INFO | hi-lo : END EPOCH: 132 | ACCURACY: 100.0 | LOSS: 0.0018188426038250327
2023-10-15 10:05:19,759 | INFO | hi-lo : BEGIN EPOCH 133 =========================================================================
2023-10-15 10:05:29,987 | INFO | hi-lo : END EPOCH: 133 | ACCURACY: 100.0 | LOSS: 0.00044584227725863457
2023-10-15 10:05:29,988 | INFO | hi-lo : BEGIN EPOCH 134 =========================================================================
2023-10-15 10:05:40,184 | INFO | hi-lo : END EPOCH: 134 | ACCURACY: 100.0 | LOSS: 0.005457952618598938
2023-10-15 10:05:40,184 | INFO | hi-lo : BEGIN EPOCH 135 =========================================================================
2023-10-15 10:05:50,328 | INFO | hi-lo : END EPOCH: 135 | ACCURACY: 99.74 | LOSS: 0.002930710092186928
2023-10-15 10:05:50,328 | INFO | hi-lo : BEGIN EPOCH 136 =========================================================================
2023-10-15 10:06:00,521 | INFO | hi-lo : END EPOCH: 136 | ACCURACY: 100.0 | LOSS: 0.0024035489186644554
2023-10-15 10:06:00,521 | INFO | hi-lo : BEGIN EPOCH 137 =========================================================================
2023-10-15 10:06:10,715 | INFO | hi-lo : END EPOCH: 137 | ACCURACY: 100.0 | LOSS: 0.000419141782913357
2023-10-15 10:06:10,715 | INFO | hi-lo : BEGIN EPOCH 138 =========================================================================
2023-10-15 10:06:21,031 | INFO | hi-lo : END EPOCH: 138 | ACCURACY: 99.69 | LOSS: 0.000435845140600577
2023-10-15 10:06:21,031 | INFO | hi-lo : BEGIN EPOCH 139 =========================================================================
2023-10-15 10:06:31,246 | INFO | hi-lo : END EPOCH: 139 | ACCURACY: 100.0 | LOSS: 0.002753725741058588
2023-10-15 10:06:31,246 | INFO | hi-lo : BEGIN EPOCH 140 =========================================================================
2023-10-15 10:06:41,623 | INFO | hi-lo : END EPOCH: 140 | ACCURACY: 99.79 | LOSS: 0.0002505582815501839
2023-10-15 10:06:41,623 | INFO | hi-lo : BEGIN EPOCH 141 =========================================================================
2023-10-15 10:06:51,552 | INFO | hi-lo : END EPOCH: 141 | ACCURACY: 100.0 | LOSS: 0.002005381975322962
2023-10-15 10:06:51,552 | INFO | hi-lo : BEGIN EPOCH 142 =========================================================================
2023-10-15 10:07:01,591 | INFO | hi-lo : END EPOCH: 142 | ACCURACY: 99.52 | LOSS: 0.0015836581587791443
2023-10-15 10:07:01,591 | INFO | hi-lo : BEGIN EPOCH 143 =========================================================================
2023-10-15 10:07:11,962 | INFO | hi-lo : END EPOCH: 143 | ACCURACY: 100.0 | LOSS: 0.00036915132659487426
2023-10-15 10:07:11,962 | INFO | hi-lo : BEGIN EPOCH 144 =========================================================================
2023-10-15 10:07:22,291 | INFO | hi-lo : END EPOCH: 144 | ACCURACY: 100.0 | LOSS: 0.007551700808107853
2023-10-15 10:07:22,291 | INFO | hi-lo : BEGIN EPOCH 145 =========================================================================
2023-10-15 10:07:32,695 | INFO | hi-lo : END EPOCH: 145 | ACCURACY: 100.0 | LOSS: 0.0007701232098042965
2023-10-15 10:07:32,695 | INFO | hi-lo : BEGIN EPOCH 146 =========================================================================
2023-10-15 10:07:43,287 | INFO | hi-lo : END EPOCH: 146 | ACCURACY: 99.75 | LOSS: 0.0008868022705428302
2023-10-15 10:07:43,287 | INFO | hi-lo : BEGIN EPOCH 147 =========================================================================
2023-10-15 10:07:53,751 | INFO | hi-lo : END EPOCH: 147 | ACCURACY: 100.0 | LOSS: 0.005269079003483057
2023-10-15 10:07:53,751 | INFO | hi-lo : BEGIN EPOCH 148 =========================================================================
2023-10-15 10:08:04,154 | INFO | hi-lo : END EPOCH: 148 | ACCURACY: 100.0 | LOSS: 0.0032463523093611
2023-10-15 10:08:04,154 | INFO | hi-lo : BEGIN EPOCH 149 =========================================================================
2023-10-15 10:08:14,411 | INFO | hi-lo : END EPOCH: 149 | ACCURACY: 100.0 | LOSS: 0.0014492772752419114
2023-10-15 10:08:14,411 | INFO | hi-lo : BEGIN EPOCH 150 =========================================================================
2023-10-15 10:08:24,901 | INFO | hi-lo : END EPOCH: 150 | ACCURACY: 99.78 | LOSS: 0.001812079455703497
2023-10-15 10:08:24,901 | INFO | hi-lo : BEGIN EPOCH 151 =========================================================================
2023-10-15 10:08:35,338 | INFO | hi-lo : END EPOCH: 151 | ACCURACY: 100.0 | LOSS: 0.0004894457524642348
2023-10-15 10:08:35,338 | INFO | hi-lo : BEGIN EPOCH 152 =========================================================================
2023-10-15 10:08:45,827 | INFO | hi-lo : END EPOCH: 152 | ACCURACY: 100.0 | LOSS: 0.000925784173887223
2023-10-15 10:08:45,827 | INFO | hi-lo : BEGIN EPOCH 153 =========================================================================
2023-10-15 10:08:56,339 | INFO | hi-lo : END EPOCH: 153 | ACCURACY: 100.0 | LOSS: 0.0005531811038963497
2023-10-15 10:08:56,339 | INFO | hi-lo : BEGIN EPOCH 154 =========================================================================
2023-10-15 10:09:06,496 | INFO | hi-lo : END EPOCH: 154 | ACCURACY: 100.0 | LOSS: 0.002218757988885045
2023-10-15 10:09:06,496 | INFO | hi-lo : BEGIN EPOCH 155 =========================================================================
2023-10-15 10:09:16,670 | INFO | hi-lo : END EPOCH: 155 | ACCURACY: 100.0 | LOSS: 0.0022224828135222197
2023-10-15 10:09:16,671 | INFO | hi-lo : BEGIN EPOCH 156 =========================================================================
2023-10-15 10:09:26,846 | INFO | hi-lo : END EPOCH: 156 | ACCURACY: 99.57 | LOSS: 0.0004935277975164354
2023-10-15 10:09:26,847 | INFO | hi-lo : BEGIN EPOCH 157 =========================================================================
2023-10-15 10:09:37,207 | INFO | hi-lo : END EPOCH: 157 | ACCURACY: 100.0 | LOSS: 0.0015600307378917933
2023-10-15 10:09:37,207 | INFO | hi-lo : BEGIN EPOCH 158 =========================================================================
2023-10-15 10:09:47,475 | INFO | hi-lo : END EPOCH: 158 | ACCURACY: 100.0 | LOSS: 0.00856228731572628
2023-10-15 10:09:47,475 | INFO | hi-lo : BEGIN EPOCH 159 =========================================================================
2023-10-15 10:09:57,758 | INFO | hi-lo : END EPOCH: 159 | ACCURACY: 99.74 | LOSS: 0.0157166738063097
2023-10-15 10:09:57,758 | INFO | hi-lo : BEGIN EPOCH 160 =========================================================================
2023-10-15 10:10:08,056 | INFO | hi-lo : END EPOCH: 160 | ACCURACY: 100.0 | LOSS: 0.0014316207962110639
2023-10-15 10:10:08,056 | INFO | hi-lo : BEGIN EPOCH 161 =========================================================================
2023-10-15 10:10:18,278 | INFO | hi-lo : END EPOCH: 161 | ACCURACY: 99.69 | LOSS: 0.0008087720489129424
2023-10-15 10:10:18,279 | INFO | hi-lo : BEGIN EPOCH 162 =========================================================================
2023-10-15 10:10:28,473 | INFO | hi-lo : END EPOCH: 162 | ACCURACY: 100.0 | LOSS: 0.003798676887527108
2023-10-15 10:10:28,473 | INFO | hi-lo : BEGIN EPOCH 163 =========================================================================
2023-10-15 10:10:38,694 | INFO | hi-lo : END EPOCH: 163 | ACCURACY: 100.0 | LOSS: 0.00023356254678219557
2023-10-15 10:10:38,694 | INFO | hi-lo : BEGIN EPOCH 164 =========================================================================
2023-10-15 10:10:49,000 | INFO | hi-lo : END EPOCH: 164 | ACCURACY: 100.0 | LOSS: 0.0005743195069953799
2023-10-15 10:10:49,000 | INFO | hi-lo : BEGIN EPOCH 165 =========================================================================
2023-10-15 10:10:59,333 | INFO | hi-lo : END EPOCH: 165 | ACCURACY: 99.57 | LOSS: 0.001466883346438408
2023-10-15 10:10:59,333 | INFO | hi-lo : BEGIN EPOCH 166 =========================================================================
2023-10-15 10:11:09,743 | INFO | hi-lo : END EPOCH: 166 | ACCURACY: 100.0 | LOSS: 0.0005272141424939036
2023-10-15 10:11:09,743 | INFO | hi-lo : BEGIN EPOCH 167 =========================================================================
2023-10-15 10:11:20,100 | INFO | hi-lo : END EPOCH: 167 | ACCURACY: 100.0 | LOSS: 0.0007124121766537428
2023-10-15 10:11:20,100 | INFO | hi-lo : BEGIN EPOCH 168 =========================================================================
2023-10-15 10:11:30,633 | INFO | hi-lo : END EPOCH: 168 | ACCURACY: 100.0 | LOSS: 0.0012460184516385198
2023-10-15 10:11:30,633 | INFO | hi-lo : BEGIN EPOCH 169 =========================================================================
2023-10-15 10:11:41,081 | INFO | hi-lo : END EPOCH: 169 | ACCURACY: 100.0 | LOSS: 0.00037810002686455846
2023-10-15 10:11:41,081 | INFO | hi-lo : BEGIN EPOCH 170 =========================================================================
2023-10-15 10:11:51,598 | INFO | hi-lo : END EPOCH: 170 | ACCURACY: 100.0 | LOSS: 0.00047013082075864077
2023-10-15 10:11:51,598 | INFO | hi-lo : BEGIN EPOCH 171 =========================================================================
2023-10-15 10:12:02,096 | INFO | hi-lo : END EPOCH: 171 | ACCURACY: 99.74 | LOSS: 0.003951811231672764
2023-10-15 10:12:02,096 | INFO | hi-lo : BEGIN EPOCH 172 =========================================================================
2023-10-15 10:12:12,451 | INFO | hi-lo : END EPOCH: 172 | ACCURACY: 100.0 | LOSS: 0.0007426925585605204
2023-10-15 10:12:12,451 | INFO | hi-lo : BEGIN EPOCH 173 =========================================================================
2023-10-15 10:12:22,903 | INFO | hi-lo : END EPOCH: 173 | ACCURACY: 100.0 | LOSS: 0.0017253109253942966
2023-10-15 10:12:22,904 | INFO | hi-lo : BEGIN EPOCH 174 =========================================================================
2023-10-15 10:12:33,373 | INFO | hi-lo : END EPOCH: 174 | ACCURACY: 99.69 | LOSS: 0.000756379624363035
2023-10-15 10:12:33,373 | INFO | hi-lo : BEGIN EPOCH 175 =========================================================================
2023-10-15 10:12:43,892 | INFO | hi-lo : END EPOCH: 175 | ACCURACY: 100.0 | LOSS: 0.0018097783904522657
2023-10-15 10:12:43,892 | INFO | hi-lo : BEGIN EPOCH 176 =========================================================================
2023-10-15 10:12:54,396 | INFO | hi-lo : END EPOCH: 176 | ACCURACY: 100.0 | LOSS: 0.0026474434416741133
2023-10-15 10:12:54,397 | INFO | hi-lo : BEGIN EPOCH 177 =========================================================================
2023-10-15 10:13:04,942 | INFO | hi-lo : END EPOCH: 177 | ACCURACY: 99.56 | LOSS: 0.00031616564956493676
2023-10-15 10:13:04,943 | INFO | hi-lo : BEGIN EPOCH 178 =========================================================================
2023-10-15 10:13:15,485 | INFO | hi-lo : END EPOCH: 178 | ACCURACY: 100.0 | LOSS: 0.0021386865992099047
2023-10-15 10:13:15,485 | INFO | hi-lo : BEGIN EPOCH 179 =========================================================================
2023-10-15 10:13:26,101 | INFO | hi-lo : END EPOCH: 179 | ACCURACY: 99.78 | LOSS: 0.0005207218928262591
2023-10-15 10:13:26,101 | INFO | hi-lo : BEGIN EPOCH 180 =========================================================================
2023-10-15 10:13:36,545 | INFO | hi-lo : END EPOCH: 180 | ACCURACY: 99.61 | LOSS: 0.0017744592623785138
2023-10-15 10:13:36,545 | INFO | hi-lo : BEGIN EPOCH 181 =========================================================================
2023-10-15 10:13:47,188 | INFO | hi-lo : END EPOCH: 181 | ACCURACY: 100.0 | LOSS: 0.000570041302125901
2023-10-15 10:13:47,188 | INFO | hi-lo : BEGIN EPOCH 182 =========================================================================
2023-10-15 10:13:57,886 | INFO | hi-lo : END EPOCH: 182 | ACCURACY: 99.69 | LOSS: 0.005093397106975317
2023-10-15 10:13:57,886 | INFO | hi-lo : BEGIN EPOCH 183 =========================================================================
2023-10-15 10:14:08,484 | INFO | hi-lo : END EPOCH: 183 | ACCURACY: 99.78 | LOSS: 0.002884101355448365
2023-10-15 10:14:08,484 | INFO | hi-lo : BEGIN EPOCH 184 =========================================================================
2023-10-15 10:14:19,087 | INFO | hi-lo : END EPOCH: 184 | ACCURACY: 99.68 | LOSS: 0.0021064807660877705
2023-10-15 10:14:19,087 | INFO | hi-lo : BEGIN EPOCH 185 =========================================================================
2023-10-15 10:14:29,669 | INFO | hi-lo : END EPOCH: 185 | ACCURACY: 100.0 | LOSS: 0.0038628163747489452
2023-10-15 10:14:29,669 | INFO | hi-lo : BEGIN EPOCH 186 =========================================================================
2023-10-15 10:14:40,255 | INFO | hi-lo : END EPOCH: 186 | ACCURACY: 100.0 | LOSS: 0.0006966945948079228
2023-10-15 10:14:40,255 | INFO | hi-lo : BEGIN EPOCH 187 =========================================================================
2023-10-15 10:14:50,923 | INFO | hi-lo : END EPOCH: 187 | ACCURACY: 100.0 | LOSS: 0.0022056458983570337
2023-10-15 10:14:50,924 | INFO | hi-lo : BEGIN EPOCH 188 =========================================================================
2023-10-15 10:15:01,576 | INFO | hi-lo : END EPOCH: 188 | ACCURACY: 99.56 | LOSS: 0.002979002194479108
2023-10-15 10:15:01,576 | INFO | hi-lo : BEGIN EPOCH 189 =========================================================================
2023-10-15 10:15:12,278 | INFO | hi-lo : END EPOCH: 189 | ACCURACY: 100.0 | LOSS: 0.003939962480217218
2023-10-15 10:15:12,278 | INFO | hi-lo : BEGIN EPOCH 190 =========================================================================
2023-10-15 10:15:22,890 | INFO | hi-lo : END EPOCH: 190 | ACCURACY: 100.0 | LOSS: 0.0059685781598091125
2023-10-15 10:15:22,890 | INFO | hi-lo : BEGIN EPOCH 191 =========================================================================
2023-10-15 10:15:33,637 | INFO | hi-lo : END EPOCH: 191 | ACCURACY: 100.0 | LOSS: 0.008306247182190418
2023-10-15 10:15:33,637 | INFO | hi-lo : BEGIN EPOCH 192 =========================================================================
2023-10-15 10:15:44,338 | INFO | hi-lo : END EPOCH: 192 | ACCURACY: 100.0 | LOSS: 0.0005601296434178948
2023-10-15 10:15:44,339 | INFO | hi-lo : BEGIN EPOCH 193 =========================================================================
2023-10-15 10:15:55,017 | INFO | hi-lo : END EPOCH: 193 | ACCURACY: 100.0 | LOSS: 0.0018471106886863708
2023-10-15 10:15:55,017 | INFO | hi-lo : BEGIN EPOCH 194 =========================================================================
2023-10-15 10:16:05,670 | INFO | hi-lo : END EPOCH: 194 | ACCURACY: 100.0 | LOSS: 0.0010642623528838158
2023-10-15 10:16:05,671 | INFO | hi-lo : BEGIN EPOCH 195 =========================================================================
2023-10-15 10:16:16,423 | INFO | hi-lo : END EPOCH: 195 | ACCURACY: 100.0 | LOSS: 0.0017566258320584893
2023-10-15 10:16:16,423 | INFO | hi-lo : BEGIN EPOCH 196 =========================================================================
2023-10-15 10:16:27,229 | INFO | hi-lo : END EPOCH: 196 | ACCURACY: 100.0 | LOSS: 0.0016177032375708222
2023-10-15 10:16:27,229 | INFO | hi-lo : BEGIN EPOCH 197 =========================================================================
2023-10-15 10:16:38,020 | INFO | hi-lo : END EPOCH: 197 | ACCURACY: 99.54 | LOSS: 0.0006558935856446624
2023-10-15 10:16:38,020 | INFO | hi-lo : BEGIN EPOCH 198 =========================================================================
2023-10-15 10:16:48,845 | INFO | hi-lo : END EPOCH: 198 | ACCURACY: 99.69 | LOSS: 0.0025063848588615656
2023-10-15 10:16:48,845 | INFO | hi-lo : BEGIN EPOCH 199 =========================================================================
2023-10-15 10:16:59,699 | INFO | hi-lo : END EPOCH: 199 | ACCURACY: 100.0 | LOSS: 0.001348393619991839
2023-10-15 10:16:59,699 | INFO | hi-lo : BEGIN EPOCH 200 =========================================================================
2023-10-15 10:17:10,514 | INFO | hi-lo : END EPOCH: 200 | ACCURACY: 100.0 | LOSS: 0.0016568127321079373
2023-10-15 10:17:10,515 | INFO | hi-lo : Commencing testing phase...
2023-10-15 10:17:11,670 | INFO | hi-lo : Highest accuracy of 100.0% @ epoch 5
2023-10-15 10:17:11,670 | INFO | hi-lo : Recording results
2023-10-15 10:17:11,822 | INFO | hi-lo : Saved plotted graph to {f'{output_dir}/training_graph.jpg'}
2023-10-15 10:17:11,823 | INFO | hi-lo : Saved training report to output/None//normal/mnist/20231015_094628/training_report.csv
2023-10-15 10:17:13,345 | INFO | hi-lo : Saved model data to output/None//normal/mnist/20231015_094628/model.csv
