2023-12-29 16:20:56,664 | INFO | hilo : 
+==============================================================+
|                                                              |
| ██████╗  █████╗ ██████╗ ██╗         ██╗      █████╗ ██████╗  |
| ██╔══██╗██╔══██╗██╔══██╗██║         ██║     ██╔══██╗██╔══██╗ |
| ██║  ██║███████║██║  ██║██║         ██║     ███████║██████╔╝ |
| ██║  ██║██╔══██║██║  ██║██║         ██║     ██╔══██║██╔══██╗ |
| ██████╔╝██║  ██║██████╔╝███████╗    ███████╗██║  ██║██████╔╝ |
| ╚═════╝ ╚═╝  ╚═╝╚═════╝ ╚══════╝    ╚══════╝╚═╝  ╚═╝╚═════╝  |
+==============================================================+
|             Hi-Lo Resolution Image Classification            |
|             -------------------------------------            |
|                       Gabriel C. Trahan                      |
|                          Sahan Ahmad                         |
|                       MD  Aminual Islam                      |
+==============================================================+
2023-12-29 16:20:58,273 | INFO | hilo.dataset-accessor : Fetching dataset: cifar10
2023-12-29 16:20:58,273 | INFO | hilo.cifar10-dataset : Initializing transform
2023-12-29 16:20:58,273 | INFO | hilo.cifar10-dataset : Verifying/downloading train data
2023-12-29 16:20:58,881 | INFO | hilo.cifar10-dataset : Verifying/downloading test data
2023-12-29 16:20:59,367 | INFO | hilo.cifar10-dataset : Creating train data loader.
2023-12-29 16:20:59,367 | INFO | hilo.cifar10-dataset : Creating test data loader.
2023-12-29 16:20:59,391 | INFO | hilo : Output directory: output/normal/cifar10/poisson/1/20231229_162058/
2023-12-29 16:20:59,431 | INFO | hilo : Using device: NVIDIA GeForce GTX 1060 6GB
2023-12-29 16:21:00,373 | INFO | hilo : Exeucting job: MODEL normal | DATASET cifar10 | KERNEL poisson | TYPE 1
2023-12-29 16:21:00,373 | INFO | hilo : Commencing training phase...
2023-12-29 16:21:00,373 | INFO | hilo.kernel-accessor : Fetching kernel: poisson
2023-12-29 16:21:00,373 | INFO | hilo.poisson-kernel : Calculating Poisson distribution (rate: 1.0)
2023-12-29 16:21:00,374 | INFO | hilo.poisson-kernel : TOP-LEFT:
tensor([[0.2051, 0.2051, 0.1026],
        [0.2051, 0.1026, 0.0342],
        [0.1026, 0.0342, 0.0085]])
2023-12-29 16:21:00,374 | INFO | hilo.kernel-accessor : Fetching kernel: poisson
2023-12-29 16:21:00,375 | INFO | hilo.poisson-kernel : Calculating Poisson distribution (rate: 1.0)
2023-12-29 16:21:00,375 | INFO | hilo.poisson-kernel : TOP-LEFT:
tensor([[0.2051, 0.2051, 0.1026],
        [0.2051, 0.1026, 0.0342],
        [0.1026, 0.0342, 0.0085]])
2023-12-29 16:21:00,375 | INFO | hilo.kernel-accessor : Fetching kernel: poisson
2023-12-29 16:21:00,375 | INFO | hilo.poisson-kernel : Calculating Poisson distribution (rate: 1.0)
2023-12-29 16:21:00,376 | INFO | hilo.poisson-kernel : BOTTOM-RIGHT:
tensor([[0.0085, 0.0342, 0.1026],
        [0.0342, 0.1026, 0.2051],
        [0.1026, 0.2051, 0.2051]])
2023-12-29 16:21:00,376 | INFO | hilo.kernel-accessor : Fetching kernel: poisson
2023-12-29 16:21:00,376 | INFO | hilo.poisson-kernel : Calculating Poisson distribution (rate: 1.0)
2023-12-29 16:21:00,376 | INFO | hilo.poisson-kernel : TOP-LEFT:
tensor([[0.2051, 0.2051, 0.1026],
        [0.2051, 0.1026, 0.0342],
        [0.1026, 0.0342, 0.0085]])
2023-12-29 16:21:09,543 | INFO | hilo : Epoch   1/200 | Accuracy:  42.1875 | Loss:   1.7247
2023-12-29 16:21:09,543 | INFO | hilo.kernel-accessor : Fetching kernel: poisson
2023-12-29 16:21:09,544 | INFO | hilo.poisson-kernel : Calculating Poisson distribution (rate: -0.09250710904598236)
2023-12-29 16:21:09,545 | INFO | hilo.poisson-kernel : BOTTOM-RIGHT:
tensor([[ 3.6871e-06, -1.5943e-04,  5.1704e-03],
        [-1.5943e-04,  5.1704e-03, -1.1178e-01],
        [ 5.1704e-03, -1.1178e-01,  1.2084e+00]])
2023-12-29 16:21:09,546 | INFO | hilo.kernel-accessor : Fetching kernel: poisson
2023-12-29 16:21:09,546 | INFO | hilo.poisson-kernel : Calculating Poisson distribution (rate: -0.45138272643089294)
2023-12-29 16:21:09,547 | INFO | hilo.poisson-kernel : TOP-LEFT:
tensor([[ 2.6743, -1.2071,  0.2724],
        [-1.2071,  0.2724, -0.0410],
        [ 0.2724, -0.0410,  0.0046]])
2023-12-29 16:21:09,547 | INFO | hilo.kernel-accessor : Fetching kernel: poisson
2023-12-29 16:21:09,547 | INFO | hilo.poisson-kernel : Calculating Poisson distribution (rate: -0.5907688140869141)
2023-12-29 16:21:09,548 | INFO | hilo.poisson-kernel : TOP-LEFT:
tensor([[ 3.5930, -2.1226,  0.6270],
        [-2.1226,  0.6270, -0.1235],
        [ 0.6270, -0.1235,  0.0182]])
2023-12-29 16:21:09,548 | INFO | hilo.kernel-accessor : Fetching kernel: poisson
2023-12-29 16:21:09,548 | INFO | hilo.poisson-kernel : Calculating Poisson distribution (rate: -0.3800998330116272)
2023-12-29 16:21:09,549 | INFO | hilo.poisson-kernel : TOP-LEFT:
tensor([[ 2.2775e+00, -8.6568e-01,  1.6452e-01],
        [-8.6568e-01,  1.6452e-01, -2.0845e-02],
        [ 1.6452e-01, -2.0845e-02,  1.9808e-03]])
2023-12-29 16:21:17,878 | INFO | hilo : Epoch   2/200 | Accuracy:  10.3549 | Loss:      nan
2023-12-29 16:21:17,878 | INFO | hilo.kernel-accessor : Fetching kernel: poisson
2023-12-29 16:21:17,878 | INFO | hilo.poisson-kernel : Calculating Poisson distribution (rate: 0.028127893805503845)
2023-12-29 16:21:17,879 | INFO | hilo.poisson-kernel : BOTTOM-RIGHT:
tensor([[2.4665e-08, 3.5075e-06, 3.7410e-04],
        [3.5075e-06, 3.7410e-04, 2.6600e-02],
        [3.7410e-04, 2.6600e-02, 9.4567e-01]])
2023-12-29 16:21:17,879 | INFO | hilo.kernel-accessor : Fetching kernel: poisson
2023-12-29 16:21:17,880 | INFO | hilo.poisson-kernel : Calculating Poisson distribution (rate: nan)
2023-12-29 16:21:17,880 | INFO | hilo.poisson-kernel : TOP-LEFT:
tensor([[nan, nan, nan],
        [nan, nan, nan],
        [nan, nan, nan]])
2023-12-29 16:21:17,880 | INFO | hilo.kernel-accessor : Fetching kernel: poisson
2023-12-29 16:21:17,881 | INFO | hilo.poisson-kernel : Calculating Poisson distribution (rate: nan)
2023-12-29 16:21:17,881 | INFO | hilo.poisson-kernel : TOP-LEFT:
tensor([[nan, nan, nan],
        [nan, nan, nan],
        [nan, nan, nan]])
2023-12-29 16:21:17,881 | INFO | hilo.kernel-accessor : Fetching kernel: poisson
2023-12-29 16:21:17,881 | INFO | hilo.poisson-kernel : Calculating Poisson distribution (rate: nan)
2023-12-29 16:21:17,882 | INFO | hilo.poisson-kernel : TOP-LEFT:
tensor([[nan, nan, nan],
        [nan, nan, nan],
        [nan, nan, nan]])
2023-12-29 16:21:26,145 | INFO | hilo : Epoch   3/200 | Accuracy:  12.5000 | Loss:      nan
2023-12-29 16:21:26,145 | INFO | hilo.kernel-accessor : Fetching kernel: poisson
2023-12-29 16:21:26,146 | INFO | hilo.poisson-kernel : Calculating Poisson distribution (rate: -0.08664661645889282)
2023-12-29 16:21:26,147 | INFO | hilo.poisson-kernel : BOTTOM-RIGHT:
tensor([[ 2.8034e-06, -1.2942e-04,  4.4808e-03],
        [-1.2942e-04,  4.4808e-03, -1.0343e-01],
        [ 4.4808e-03, -1.0343e-01,  1.1937e+00]])
2023-12-29 16:21:26,147 | INFO | hilo.kernel-accessor : Fetching kernel: poisson
2023-12-29 16:21:26,148 | INFO | hilo.poisson-kernel : Calculating Poisson distribution (rate: nan)
2023-12-29 16:21:26,148 | INFO | hilo.poisson-kernel : TOP-LEFT:
tensor([[nan, nan, nan],
        [nan, nan, nan],
        [nan, nan, nan]])
2023-12-29 16:21:26,148 | INFO | hilo.kernel-accessor : Fetching kernel: poisson
2023-12-29 16:21:26,149 | INFO | hilo.poisson-kernel : Calculating Poisson distribution (rate: nan)
2023-12-29 16:21:26,149 | INFO | hilo.poisson-kernel : TOP-LEFT:
tensor([[nan, nan, nan],
        [nan, nan, nan],
        [nan, nan, nan]])
2023-12-29 16:21:26,150 | INFO | hilo.kernel-accessor : Fetching kernel: poisson
2023-12-29 16:21:26,150 | INFO | hilo.poisson-kernel : Calculating Poisson distribution (rate: nan)
2023-12-29 16:21:26,151 | INFO | hilo.poisson-kernel : BOTTOM-RIGHT:
tensor([[nan, nan, nan],
        [nan, nan, nan],
        [nan, nan, nan]])
2023-12-29 16:21:34,346 | INFO | hilo : Epoch   4/200 | Accuracy:  10.5655 | Loss:      nan
2023-12-29 16:21:34,347 | INFO | hilo.kernel-accessor : Fetching kernel: poisson
2023-12-29 16:21:34,347 | INFO | hilo.poisson-kernel : Calculating Poisson distribution (rate: -0.05736122652888298)
2023-12-29 16:21:34,348 | INFO | hilo.poisson-kernel : TOP-LEFT:
tensor([[ 1.1234e+00, -6.4440e-02,  1.8482e-03],
        [-6.4440e-02,  1.8482e-03, -3.5338e-05],
        [ 1.8482e-03, -3.5338e-05,  5.0676e-07]])
2023-12-29 16:21:34,348 | INFO | hilo.kernel-accessor : Fetching kernel: poisson
2023-12-29 16:21:34,348 | INFO | hilo.poisson-kernel : Calculating Poisson distribution (rate: nan)
2023-12-29 16:21:34,348 | INFO | hilo.poisson-kernel : TOP-LEFT:
tensor([[nan, nan, nan],
        [nan, nan, nan],
        [nan, nan, nan]])
2023-12-29 16:21:34,348 | INFO | hilo.kernel-accessor : Fetching kernel: poisson
2023-12-29 16:21:34,348 | INFO | hilo.poisson-kernel : Calculating Poisson distribution (rate: nan)
2023-12-29 16:21:34,349 | INFO | hilo.poisson-kernel : BOTTOM-RIGHT:
tensor([[nan, nan, nan],
        [nan, nan, nan],
        [nan, nan, nan]])
2023-12-29 16:21:34,349 | INFO | hilo.kernel-accessor : Fetching kernel: poisson
2023-12-29 16:21:34,349 | INFO | hilo.poisson-kernel : Calculating Poisson distribution (rate: nan)
2023-12-29 16:21:34,349 | INFO | hilo.poisson-kernel : TOP-LEFT:
tensor([[nan, nan, nan],
        [nan, nan, nan],
        [nan, nan, nan]])
2023-12-29 16:21:42,745 | INFO | hilo : Epoch   5/200 | Accuracy:  12.5000 | Loss:      nan
2023-12-29 16:21:42,745 | INFO | hilo.kernel-accessor : Fetching kernel: poisson
2023-12-29 16:21:42,746 | INFO | hilo.poisson-kernel : Calculating Poisson distribution (rate: -0.06494825333356857)
2023-12-29 16:21:42,747 | INFO | hilo.poisson-kernel : TOP-LEFT:
tensor([[ 1.1411e+00, -7.4113e-02,  2.4068e-03],
        [-7.4113e-02,  2.4068e-03, -5.2105e-05],
        [ 2.4068e-03, -5.2105e-05,  8.4603e-07]])
2023-12-29 16:21:42,747 | INFO | hilo.kernel-accessor : Fetching kernel: poisson
2023-12-29 16:21:42,748 | INFO | hilo.poisson-kernel : Calculating Poisson distribution (rate: nan)
2023-12-29 16:21:42,748 | INFO | hilo.poisson-kernel : BOTTOM-RIGHT:
tensor([[nan, nan, nan],
        [nan, nan, nan],
        [nan, nan, nan]])
2023-12-29 16:21:42,748 | INFO | hilo.kernel-accessor : Fetching kernel: poisson
2023-12-29 16:21:42,749 | INFO | hilo.poisson-kernel : Calculating Poisson distribution (rate: nan)
2023-12-29 16:21:42,749 | INFO | hilo.poisson-kernel : BOTTOM-RIGHT:
tensor([[nan, nan, nan],
        [nan, nan, nan],
        [nan, nan, nan]])
2023-12-29 16:21:42,750 | INFO | hilo.kernel-accessor : Fetching kernel: poisson
2023-12-29 16:21:42,750 | INFO | hilo.poisson-kernel : Calculating Poisson distribution (rate: nan)
2023-12-29 16:21:42,750 | INFO | hilo.poisson-kernel : TOP-LEFT:
tensor([[nan, nan, nan],
        [nan, nan, nan],
        [nan, nan, nan]])
2023-12-29 16:21:51,222 | INFO | hilo : Epoch   6/200 | Accuracy:  10.9375 | Loss:      nan
2023-12-29 16:21:51,222 | INFO | hilo.kernel-accessor : Fetching kernel: poisson
2023-12-29 16:21:51,223 | INFO | hilo.poisson-kernel : Calculating Poisson distribution (rate: -0.012603863142430782)
2023-12-29 16:21:51,224 | INFO | hilo.poisson-kernel : BOTTOM-RIGHT:
tensor([[ 1.0784e-09, -3.4225e-07,  8.1463e-05],
        [-3.4225e-07,  8.1463e-05, -1.2927e-02],
        [ 8.1463e-05, -1.2927e-02,  1.0256e+00]])
2023-12-29 16:21:51,224 | INFO | hilo.kernel-accessor : Fetching kernel: poisson
2023-12-29 16:21:51,225 | INFO | hilo.poisson-kernel : Calculating Poisson distribution (rate: nan)
2023-12-29 16:21:51,225 | INFO | hilo.poisson-kernel : TOP-LEFT:
tensor([[nan, nan, nan],
        [nan, nan, nan],
        [nan, nan, nan]])
2023-12-29 16:21:51,225 | INFO | hilo.kernel-accessor : Fetching kernel: poisson
2023-12-29 16:21:51,226 | INFO | hilo.poisson-kernel : Calculating Poisson distribution (rate: nan)
2023-12-29 16:21:51,226 | INFO | hilo.poisson-kernel : BOTTOM-RIGHT:
tensor([[nan, nan, nan],
        [nan, nan, nan],
        [nan, nan, nan]])
2023-12-29 16:21:51,226 | INFO | hilo.kernel-accessor : Fetching kernel: poisson
2023-12-29 16:21:51,227 | INFO | hilo.poisson-kernel : Calculating Poisson distribution (rate: nan)
2023-12-29 16:21:51,227 | INFO | hilo.poisson-kernel : BOTTOM-RIGHT:
tensor([[nan, nan, nan],
        [nan, nan, nan],
        [nan, nan, nan]])
2023-12-29 16:21:59,672 | INFO | hilo : Epoch   7/200 | Accuracy:  11.8990 | Loss:      nan
2023-12-29 16:21:59,672 | INFO | hilo.kernel-accessor : Fetching kernel: poisson
2023-12-29 16:21:59,673 | INFO | hilo.poisson-kernel : Calculating Poisson distribution (rate: -0.05120440945029259)
2023-12-29 16:21:59,674 | INFO | hilo.poisson-kernel : TOP-LEFT:
tensor([[ 1.1093e+00, -5.6800e-02,  1.4542e-03],
        [-5.6800e-02,  1.4542e-03, -2.4821e-05],
        [ 1.4542e-03, -2.4821e-05,  3.1773e-07]])
2023-12-29 16:21:59,674 | INFO | hilo.kernel-accessor : Fetching kernel: poisson
2023-12-29 16:21:59,674 | INFO | hilo.poisson-kernel : Calculating Poisson distribution (rate: nan)
2023-12-29 16:21:59,675 | INFO | hilo.poisson-kernel : TOP-LEFT:
tensor([[nan, nan, nan],
        [nan, nan, nan],
        [nan, nan, nan]])
2023-12-29 16:21:59,675 | INFO | hilo.kernel-accessor : Fetching kernel: poisson
2023-12-29 16:21:59,675 | INFO | hilo.poisson-kernel : Calculating Poisson distribution (rate: nan)
2023-12-29 16:21:59,676 | INFO | hilo.poisson-kernel : BOTTOM-RIGHT:
tensor([[nan, nan, nan],
        [nan, nan, nan],
        [nan, nan, nan]])
2023-12-29 16:21:59,676 | INFO | hilo.kernel-accessor : Fetching kernel: poisson
2023-12-29 16:21:59,676 | INFO | hilo.poisson-kernel : Calculating Poisson distribution (rate: nan)
2023-12-29 16:21:59,677 | INFO | hilo.poisson-kernel : BOTTOM-RIGHT:
tensor([[nan, nan, nan],
        [nan, nan, nan],
        [nan, nan, nan]])
2023-12-29 16:22:07,953 | INFO | hilo : Epoch   8/200 | Accuracy:  15.6250 | Loss:      nan
2023-12-29 16:22:07,953 | INFO | hilo.kernel-accessor : Fetching kernel: poisson
2023-12-29 16:22:07,953 | INFO | hilo.poisson-kernel : Calculating Poisson distribution (rate: 0.02095494046807289)
2023-12-29 16:22:07,954 | INFO | hilo.poisson-kernel : TOP-LEFT:
tensor([[9.5917e-01, 2.0099e-02, 2.1059e-04],
        [2.0099e-02, 2.1059e-04, 1.4710e-06],
        [2.1059e-04, 1.4710e-06, 7.7060e-09]])
2023-12-29 16:22:07,954 | INFO | hilo.kernel-accessor : Fetching kernel: poisson
2023-12-29 16:22:07,955 | INFO | hilo.poisson-kernel : Calculating Poisson distribution (rate: nan)
2023-12-29 16:22:07,955 | INFO | hilo.poisson-kernel : BOTTOM-RIGHT:
tensor([[nan, nan, nan],
        [nan, nan, nan],
        [nan, nan, nan]])
2023-12-29 16:22:07,955 | INFO | hilo.kernel-accessor : Fetching kernel: poisson
2023-12-29 16:22:07,956 | INFO | hilo.poisson-kernel : Calculating Poisson distribution (rate: nan)
2023-12-29 16:22:07,956 | INFO | hilo.poisson-kernel : TOP-LEFT:
tensor([[nan, nan, nan],
        [nan, nan, nan],
        [nan, nan, nan]])
2023-12-29 16:22:07,956 | INFO | hilo.kernel-accessor : Fetching kernel: poisson
2023-12-29 16:22:07,957 | INFO | hilo.poisson-kernel : Calculating Poisson distribution (rate: nan)
2023-12-29 16:22:07,957 | INFO | hilo.poisson-kernel : BOTTOM-RIGHT:
tensor([[nan, nan, nan],
        [nan, nan, nan],
        [nan, nan, nan]])
2023-12-29 16:22:16,220 | INFO | hilo : Epoch   9/200 | Accuracy:  10.0852 | Loss:      nan
2023-12-29 16:22:16,221 | INFO | hilo.kernel-accessor : Fetching kernel: poisson
2023-12-29 16:22:16,221 | INFO | hilo.poisson-kernel : Calculating Poisson distribution (rate: -0.004825351294130087)
2023-12-29 16:22:16,222 | INFO | hilo.poisson-kernel : TOP-LEFT:
tensor([[ 1.0097e+00, -4.8722e-03,  1.1755e-05],
        [-4.8722e-03,  1.1755e-05, -1.8907e-08],
        [ 1.1755e-05, -1.8907e-08,  2.2809e-11]])
2023-12-29 16:22:16,222 | INFO | hilo.kernel-accessor : Fetching kernel: poisson
2023-12-29 16:22:16,223 | INFO | hilo.poisson-kernel : Calculating Poisson distribution (rate: nan)
2023-12-29 16:22:16,223 | INFO | hilo.poisson-kernel : BOTTOM-RIGHT:
tensor([[nan, nan, nan],
        [nan, nan, nan],
        [nan, nan, nan]])
2023-12-29 16:22:16,224 | INFO | hilo.kernel-accessor : Fetching kernel: poisson
2023-12-29 16:22:16,224 | INFO | hilo.poisson-kernel : Calculating Poisson distribution (rate: nan)
2023-12-29 16:22:16,225 | INFO | hilo.poisson-kernel : TOP-LEFT:
tensor([[nan, nan, nan],
        [nan, nan, nan],
        [nan, nan, nan]])
2023-12-29 16:22:16,225 | INFO | hilo.kernel-accessor : Fetching kernel: poisson
2023-12-29 16:22:16,225 | INFO | hilo.poisson-kernel : Calculating Poisson distribution (rate: nan)
2023-12-29 16:22:16,226 | INFO | hilo.poisson-kernel : BOTTOM-RIGHT:
tensor([[nan, nan, nan],
        [nan, nan, nan],
        [nan, nan, nan]])
2023-12-29 16:22:24,640 | INFO | hilo : Epoch  10/200 | Accuracy:  12.7604 | Loss:      nan
2023-12-29 16:22:24,640 | INFO | hilo.kernel-accessor : Fetching kernel: poisson
2023-12-29 16:22:24,641 | INFO | hilo.poisson-kernel : Calculating Poisson distribution (rate: -0.12420421093702316)
2023-12-29 16:22:24,642 | INFO | hilo.poisson-kernel : TOP-LEFT:
tensor([[ 1.2918e+00, -1.6045e-01,  9.9642e-03],
        [-1.6045e-01,  9.9642e-03, -4.1253e-04],
        [ 9.9642e-03, -4.1253e-04,  1.2810e-05]])
2023-12-29 16:22:24,642 | INFO | hilo.kernel-accessor : Fetching kernel: poisson
2023-12-29 16:22:24,642 | INFO | hilo.poisson-kernel : Calculating Poisson distribution (rate: nan)
2023-12-29 16:22:24,643 | INFO | hilo.poisson-kernel : BOTTOM-RIGHT:
tensor([[nan, nan, nan],
        [nan, nan, nan],
        [nan, nan, nan]])
2023-12-29 16:22:24,643 | INFO | hilo.kernel-accessor : Fetching kernel: poisson
2023-12-29 16:22:24,643 | INFO | hilo.poisson-kernel : Calculating Poisson distribution (rate: nan)
2023-12-29 16:22:24,644 | INFO | hilo.poisson-kernel : TOP-LEFT:
tensor([[nan, nan, nan],
        [nan, nan, nan],
        [nan, nan, nan]])
2023-12-29 16:22:24,644 | INFO | hilo.kernel-accessor : Fetching kernel: poisson
2023-12-29 16:22:24,644 | INFO | hilo.poisson-kernel : Calculating Poisson distribution (rate: nan)
2023-12-29 16:22:24,645 | INFO | hilo.poisson-kernel : BOTTOM-RIGHT:
tensor([[nan, nan, nan],
        [nan, nan, nan],
        [nan, nan, nan]])
2023-12-29 16:22:32,991 | INFO | hilo : Epoch  11/200 | Accuracy:  10.4292 | Loss:      nan
2023-12-29 16:22:32,991 | INFO | hilo.kernel-accessor : Fetching kernel: poisson
2023-12-29 16:22:32,991 | INFO | hilo.poisson-kernel : Calculating Poisson distribution (rate: 0.033391594886779785)
2023-12-29 16:22:32,992 | INFO | hilo.poisson-kernel : BOTTOM-RIGHT:
tensor([[4.8481e-08, 5.8076e-06, 5.2177e-04],
        [5.8076e-06, 5.2177e-04, 3.1252e-02],
        [5.2177e-04, 3.1252e-02, 9.3592e-01]])
2023-12-29 16:22:32,992 | INFO | hilo.kernel-accessor : Fetching kernel: poisson
2023-12-29 16:22:32,993 | INFO | hilo.poisson-kernel : Calculating Poisson distribution (rate: nan)
2023-12-29 16:22:32,993 | INFO | hilo.poisson-kernel : TOP-LEFT:
tensor([[nan, nan, nan],
        [nan, nan, nan],
        [nan, nan, nan]])
2023-12-29 16:22:32,993 | INFO | hilo.kernel-accessor : Fetching kernel: poisson
2023-12-29 16:22:32,994 | INFO | hilo.poisson-kernel : Calculating Poisson distribution (rate: nan)
2023-12-29 16:22:32,994 | INFO | hilo.poisson-kernel : BOTTOM-RIGHT:
tensor([[nan, nan, nan],
        [nan, nan, nan],
        [nan, nan, nan]])
2023-12-29 16:22:32,994 | INFO | hilo.kernel-accessor : Fetching kernel: poisson
2023-12-29 16:22:32,995 | INFO | hilo.poisson-kernel : Calculating Poisson distribution (rate: nan)
2023-12-29 16:22:32,995 | INFO | hilo.poisson-kernel : BOTTOM-RIGHT:
tensor([[nan, nan, nan],
        [nan, nan, nan],
        [nan, nan, nan]])
2023-12-29 16:22:41,385 | INFO | hilo : Epoch  12/200 | Accuracy:  12.5000 | Loss:      nan
2023-12-29 16:22:41,385 | INFO | hilo.kernel-accessor : Fetching kernel: poisson
2023-12-29 16:22:41,385 | INFO | hilo.poisson-kernel : Calculating Poisson distribution (rate: -0.17481586337089539)
2023-12-29 16:22:41,386 | INFO | hilo.poisson-kernel : BOTTOM-RIGHT:
tensor([[ 5.6035e-05, -1.2822e-03,  2.2003e-02],
        [-1.2822e-03,  2.2003e-02, -2.5173e-01],
        [ 2.2003e-02, -2.5173e-01,  1.4400e+00]])
2023-12-29 16:22:41,386 | INFO | hilo.kernel-accessor : Fetching kernel: poisson
2023-12-29 16:22:41,387 | INFO | hilo.poisson-kernel : Calculating Poisson distribution (rate: nan)
2023-12-29 16:22:41,387 | INFO | hilo.poisson-kernel : TOP-LEFT:
tensor([[nan, nan, nan],
        [nan, nan, nan],
        [nan, nan, nan]])
2023-12-29 16:22:41,387 | INFO | hilo.kernel-accessor : Fetching kernel: poisson
2023-12-29 16:22:41,388 | INFO | hilo.poisson-kernel : Calculating Poisson distribution (rate: nan)
2023-12-29 16:22:41,388 | INFO | hilo.poisson-kernel : BOTTOM-RIGHT:
tensor([[nan, nan, nan],
        [nan, nan, nan],
        [nan, nan, nan]])
2023-12-29 16:22:41,388 | INFO | hilo.kernel-accessor : Fetching kernel: poisson
2023-12-29 16:22:41,389 | INFO | hilo.poisson-kernel : Calculating Poisson distribution (rate: nan)
2023-12-29 16:22:41,389 | INFO | hilo.poisson-kernel : TOP-LEFT:
tensor([[nan, nan, nan],
        [nan, nan, nan],
        [nan, nan, nan]])
2023-12-29 16:22:49,717 | INFO | hilo : Epoch  13/200 | Accuracy:  10.4745 | Loss:      nan
2023-12-29 16:22:49,717 | INFO | hilo.kernel-accessor : Fetching kernel: poisson
2023-12-29 16:22:49,717 | INFO | hilo.poisson-kernel : Calculating Poisson distribution (rate: 0.004628477618098259)
2023-12-29 16:22:49,718 | INFO | hilo.poisson-kernel : TOP-LEFT:
tensor([[9.9080e-01, 4.5859e-03, 1.0613e-05],
        [4.5859e-03, 1.0613e-05, 1.6374e-08],
        [1.0613e-05, 1.6374e-08, 1.8946e-11]])
2023-12-29 16:22:49,719 | INFO | hilo.kernel-accessor : Fetching kernel: poisson
2023-12-29 16:22:49,719 | INFO | hilo.poisson-kernel : Calculating Poisson distribution (rate: nan)
2023-12-29 16:22:49,719 | INFO | hilo.poisson-kernel : TOP-LEFT:
tensor([[nan, nan, nan],
        [nan, nan, nan],
        [nan, nan, nan]])
2023-12-29 16:22:49,720 | INFO | hilo.kernel-accessor : Fetching kernel: poisson
2023-12-29 16:22:49,720 | INFO | hilo.poisson-kernel : Calculating Poisson distribution (rate: nan)
2023-12-29 16:22:49,720 | INFO | hilo.poisson-kernel : TOP-LEFT:
tensor([[nan, nan, nan],
        [nan, nan, nan],
        [nan, nan, nan]])
2023-12-29 16:22:49,721 | INFO | hilo.kernel-accessor : Fetching kernel: poisson
2023-12-29 16:22:49,721 | INFO | hilo.poisson-kernel : Calculating Poisson distribution (rate: nan)
2023-12-29 16:22:49,721 | INFO | hilo.poisson-kernel : BOTTOM-RIGHT:
tensor([[nan, nan, nan],
        [nan, nan, nan],
        [nan, nan, nan]])
2023-12-29 16:22:58,168 | INFO | hilo : Epoch  14/200 | Accuracy:  11.7188 | Loss:      nan
2023-12-29 16:22:58,168 | INFO | hilo.kernel-accessor : Fetching kernel: poisson
2023-12-29 16:22:58,169 | INFO | hilo.poisson-kernel : Calculating Poisson distribution (rate: -0.015313821844756603)
2023-12-29 16:22:58,170 | INFO | hilo.poisson-kernel : BOTTOM-RIGHT:
tensor([[ 2.3631e-09, -6.1724e-07,  1.2092e-04],
        [-6.1724e-07,  1.2092e-04, -1.5792e-02],
        [ 1.2092e-04, -1.5792e-02,  1.0312e+00]])
2023-12-29 16:22:58,170 | INFO | hilo.kernel-accessor : Fetching kernel: poisson
2023-12-29 16:22:58,170 | INFO | hilo.poisson-kernel : Calculating Poisson distribution (rate: nan)
2023-12-29 16:22:58,171 | INFO | hilo.poisson-kernel : TOP-LEFT:
tensor([[nan, nan, nan],
        [nan, nan, nan],
        [nan, nan, nan]])
2023-12-29 16:22:58,171 | INFO | hilo.kernel-accessor : Fetching kernel: poisson
2023-12-29 16:22:58,171 | INFO | hilo.poisson-kernel : Calculating Poisson distribution (rate: nan)
2023-12-29 16:22:58,172 | INFO | hilo.poisson-kernel : BOTTOM-RIGHT:
tensor([[nan, nan, nan],
        [nan, nan, nan],
        [nan, nan, nan]])
2023-12-29 16:22:58,172 | INFO | hilo.kernel-accessor : Fetching kernel: poisson
2023-12-29 16:22:58,172 | INFO | hilo.poisson-kernel : Calculating Poisson distribution (rate: nan)
2023-12-29 16:22:58,172 | INFO | hilo.poisson-kernel : TOP-LEFT:
tensor([[nan, nan, nan],
        [nan, nan, nan],
        [nan, nan, nan]])
2023-12-29 16:23:06,806 | INFO | hilo : Epoch  15/200 | Accuracy:  12.5000 | Loss:      nan
2023-12-29 16:23:06,806 | INFO | hilo.kernel-accessor : Fetching kernel: poisson
2023-12-29 16:23:06,807 | INFO | hilo.poisson-kernel : Calculating Poisson distribution (rate: -0.20930080115795135)
2023-12-29 16:23:06,808 | INFO | hilo.poisson-kernel : TOP-LEFT:
tensor([[ 1.5525e+00, -3.2493e-01,  3.4005e-02],
        [-3.2493e-01,  3.4005e-02, -2.3724e-03],
        [ 3.4005e-02, -2.3724e-03,  1.2414e-04]])
2023-12-29 16:23:06,808 | INFO | hilo.kernel-accessor : Fetching kernel: poisson
2023-12-29 16:23:06,808 | INFO | hilo.poisson-kernel : Calculating Poisson distribution (rate: nan)
2023-12-29 16:23:06,809 | INFO | hilo.poisson-kernel : TOP-LEFT:
tensor([[nan, nan, nan],
        [nan, nan, nan],
        [nan, nan, nan]])
2023-12-29 16:23:06,809 | INFO | hilo.kernel-accessor : Fetching kernel: poisson
2023-12-29 16:23:06,809 | INFO | hilo.poisson-kernel : Calculating Poisson distribution (rate: nan)
2023-12-29 16:23:06,810 | INFO | hilo.poisson-kernel : TOP-LEFT:
tensor([[nan, nan, nan],
        [nan, nan, nan],
        [nan, nan, nan]])
2023-12-29 16:23:06,810 | INFO | hilo.kernel-accessor : Fetching kernel: poisson
2023-12-29 16:23:06,810 | INFO | hilo.poisson-kernel : Calculating Poisson distribution (rate: nan)
2023-12-29 16:23:06,811 | INFO | hilo.poisson-kernel : TOP-LEFT:
tensor([[nan, nan, nan],
        [nan, nan, nan],
        [nan, nan, nan]])
2023-12-29 16:23:15,314 | INFO | hilo : Epoch  16/200 | Accuracy:  10.9375 | Loss:      nan
2023-12-29 16:23:15,314 | INFO | hilo.kernel-accessor : Fetching kernel: poisson
2023-12-29 16:23:15,315 | INFO | hilo.poisson-kernel : Calculating Poisson distribution (rate: 0.047662973403930664)
2023-12-29 16:23:15,316 | INFO | hilo.poisson-kernel : BOTTOM-RIGHT:
tensor([[1.9571e-07, 1.6424e-05, 1.0338e-03],
        [1.6424e-05, 1.0338e-03, 4.3378e-02],
        [1.0338e-03, 4.3378e-02, 9.1011e-01]])
2023-12-29 16:23:15,316 | INFO | hilo.kernel-accessor : Fetching kernel: poisson
2023-12-29 16:23:15,317 | INFO | hilo.poisson-kernel : Calculating Poisson distribution (rate: nan)
2023-12-29 16:23:15,317 | INFO | hilo.poisson-kernel : TOP-LEFT:
tensor([[nan, nan, nan],
        [nan, nan, nan],
        [nan, nan, nan]])
2023-12-29 16:23:15,317 | INFO | hilo.kernel-accessor : Fetching kernel: poisson
2023-12-29 16:23:15,318 | INFO | hilo.poisson-kernel : Calculating Poisson distribution (rate: nan)
2023-12-29 16:23:15,318 | INFO | hilo.poisson-kernel : TOP-LEFT:
tensor([[nan, nan, nan],
        [nan, nan, nan],
        [nan, nan, nan]])
2023-12-29 16:23:15,318 | INFO | hilo.kernel-accessor : Fetching kernel: poisson
2023-12-29 16:23:15,319 | INFO | hilo.poisson-kernel : Calculating Poisson distribution (rate: nan)
2023-12-29 16:23:15,319 | INFO | hilo.poisson-kernel : TOP-LEFT:
tensor([[nan, nan, nan],
        [nan, nan, nan],
        [nan, nan, nan]])
2023-12-29 16:23:24,027 | INFO | hilo : Epoch  17/200 | Accuracy:  12.1711 | Loss:      nan
2023-12-29 16:23:24,028 | INFO | hilo.kernel-accessor : Fetching kernel: poisson
2023-12-29 16:23:24,028 | INFO | hilo.poisson-kernel : Calculating Poisson distribution (rate: 0.025147300213575363)
2023-12-29 16:23:24,029 | INFO | hilo.poisson-kernel : BOTTOM-RIGHT:
tensor([[1.5851e-08, 2.5213e-06, 3.0078e-04],
        [2.5213e-06, 3.0078e-04, 2.3921e-02],
        [3.0078e-04, 2.3921e-02, 9.5125e-01]])
2023-12-29 16:23:24,029 | INFO | hilo.kernel-accessor : Fetching kernel: poisson
2023-12-29 16:23:24,029 | INFO | hilo.poisson-kernel : Calculating Poisson distribution (rate: nan)
2023-12-29 16:23:24,030 | INFO | hilo.poisson-kernel : TOP-LEFT:
tensor([[nan, nan, nan],
        [nan, nan, nan],
        [nan, nan, nan]])
2023-12-29 16:23:24,030 | INFO | hilo.kernel-accessor : Fetching kernel: poisson
2023-12-29 16:23:24,030 | INFO | hilo.poisson-kernel : Calculating Poisson distribution (rate: nan)
2023-12-29 16:23:24,031 | INFO | hilo.poisson-kernel : TOP-LEFT:
tensor([[nan, nan, nan],
        [nan, nan, nan],
        [nan, nan, nan]])
2023-12-29 16:23:24,031 | INFO | hilo.kernel-accessor : Fetching kernel: poisson
2023-12-29 16:23:24,031 | INFO | hilo.poisson-kernel : Calculating Poisson distribution (rate: nan)
2023-12-29 16:23:24,031 | INFO | hilo.poisson-kernel : TOP-LEFT:
tensor([[nan, nan, nan],
        [nan, nan, nan],
        [nan, nan, nan]])
2023-12-29 16:23:32,527 | INFO | hilo : Epoch  18/200 | Accuracy:  14.0625 | Loss:      nan
2023-12-29 16:23:32,527 | INFO | hilo.kernel-accessor : Fetching kernel: poisson
2023-12-29 16:23:32,528 | INFO | hilo.poisson-kernel : Calculating Poisson distribution (rate: 0.02623109519481659)
2023-12-29 16:23:32,529 | INFO | hilo.poisson-kernel : BOTTOM-RIGHT:
tensor([[1.8725e-08, 2.8554e-06, 3.2656e-04],
        [2.8554e-06, 3.2656e-04, 2.4899e-02],
        [3.2656e-04, 2.4899e-02, 9.4922e-01]])
2023-12-29 16:23:32,529 | INFO | hilo.kernel-accessor : Fetching kernel: poisson
2023-12-29 16:23:32,529 | INFO | hilo.poisson-kernel : Calculating Poisson distribution (rate: nan)
2023-12-29 16:23:32,530 | INFO | hilo.poisson-kernel : BOTTOM-RIGHT:
tensor([[nan, nan, nan],
        [nan, nan, nan],
        [nan, nan, nan]])
2023-12-29 16:23:32,530 | INFO | hilo.kernel-accessor : Fetching kernel: poisson
2023-12-29 16:23:32,530 | INFO | hilo.poisson-kernel : Calculating Poisson distribution (rate: nan)
2023-12-29 16:23:32,531 | INFO | hilo.poisson-kernel : BOTTOM-RIGHT:
tensor([[nan, nan, nan],
        [nan, nan, nan],
        [nan, nan, nan]])
2023-12-29 16:23:32,531 | INFO | hilo.kernel-accessor : Fetching kernel: poisson
2023-12-29 16:23:32,532 | INFO | hilo.poisson-kernel : Calculating Poisson distribution (rate: nan)
2023-12-29 16:23:32,532 | INFO | hilo.poisson-kernel : TOP-LEFT:
tensor([[nan, nan, nan],
        [nan, nan, nan],
        [nan, nan, nan]])
2023-12-29 16:23:41,043 | INFO | hilo : Epoch  19/200 | Accuracy:  10.4764 | Loss:      nan
2023-12-29 16:23:41,043 | INFO | hilo.kernel-accessor : Fetching kernel: poisson
2023-12-29 16:23:41,044 | INFO | hilo.poisson-kernel : Calculating Poisson distribution (rate: -0.09242524951696396)
2023-12-29 16:23:41,045 | INFO | hilo.poisson-kernel : BOTTOM-RIGHT:
tensor([[ 3.6735e-06, -1.5898e-04,  5.1603e-03],
        [-1.5898e-04,  5.1603e-03, -1.1166e-01],
        [ 5.1603e-03, -1.1166e-01,  1.2082e+00]])
2023-12-29 16:23:41,045 | INFO | hilo.kernel-accessor : Fetching kernel: poisson
2023-12-29 16:23:41,046 | INFO | hilo.poisson-kernel : Calculating Poisson distribution (rate: nan)
2023-12-29 16:23:41,047 | INFO | hilo.poisson-kernel : BOTTOM-RIGHT:
tensor([[nan, nan, nan],
        [nan, nan, nan],
        [nan, nan, nan]])
2023-12-29 16:23:41,047 | INFO | hilo.kernel-accessor : Fetching kernel: poisson
2023-12-29 16:23:41,047 | INFO | hilo.poisson-kernel : Calculating Poisson distribution (rate: nan)
2023-12-29 16:23:41,048 | INFO | hilo.poisson-kernel : TOP-LEFT:
tensor([[nan, nan, nan],
        [nan, nan, nan],
        [nan, nan, nan]])
2023-12-29 16:23:41,048 | INFO | hilo.kernel-accessor : Fetching kernel: poisson
2023-12-29 16:23:41,048 | INFO | hilo.poisson-kernel : Calculating Poisson distribution (rate: nan)
2023-12-29 16:23:41,049 | INFO | hilo.poisson-kernel : BOTTOM-RIGHT:
tensor([[nan, nan, nan],
        [nan, nan, nan],
        [nan, nan, nan]])
2023-12-29 16:23:49,685 | INFO | hilo : Epoch  20/200 | Accuracy:  11.7188 | Loss:      nan
2023-12-29 16:23:49,686 | INFO | hilo.kernel-accessor : Fetching kernel: poisson
2023-12-29 16:23:49,686 | INFO | hilo.poisson-kernel : Calculating Poisson distribution (rate: -0.06100418418645859)
2023-12-29 16:23:49,687 | INFO | hilo.poisson-kernel : BOTTOM-RIGHT:
tensor([[ 6.5316e-07, -4.2827e-05,  2.1061e-03],
        [-4.2827e-05,  2.1061e-03, -6.9048e-02],
        [ 2.1061e-03, -6.9048e-02,  1.1319e+00]])
2023-12-29 16:23:49,687 | INFO | hilo.kernel-accessor : Fetching kernel: poisson
2023-12-29 16:23:49,688 | INFO | hilo.poisson-kernel : Calculating Poisson distribution (rate: nan)
2023-12-29 16:23:49,688 | INFO | hilo.poisson-kernel : BOTTOM-RIGHT:
tensor([[nan, nan, nan],
        [nan, nan, nan],
        [nan, nan, nan]])
2023-12-29 16:23:49,689 | INFO | hilo.kernel-accessor : Fetching kernel: poisson
2023-12-29 16:23:49,689 | INFO | hilo.poisson-kernel : Calculating Poisson distribution (rate: nan)
2023-12-29 16:23:49,690 | INFO | hilo.poisson-kernel : BOTTOM-RIGHT:
tensor([[nan, nan, nan],
        [nan, nan, nan],
        [nan, nan, nan]])
2023-12-29 16:23:49,690 | INFO | hilo.kernel-accessor : Fetching kernel: poisson
2023-12-29 16:23:49,690 | INFO | hilo.poisson-kernel : Calculating Poisson distribution (rate: nan)
2023-12-29 16:23:49,691 | INFO | hilo.poisson-kernel : BOTTOM-RIGHT:
tensor([[nan, nan, nan],
        [nan, nan, nan],
        [nan, nan, nan]])
2023-12-29 16:23:58,228 | INFO | hilo : Epoch  21/200 | Accuracy:  10.2571 | Loss:      nan
2023-12-29 16:23:58,228 | INFO | hilo.kernel-accessor : Fetching kernel: poisson
2023-12-29 16:23:58,228 | INFO | hilo.poisson-kernel : Calculating Poisson distribution (rate: -0.06687074154615402)
2023-12-29 16:23:58,229 | INFO | hilo.poisson-kernel : TOP-LEFT:
tensor([[ 1.1456e+00, -7.6610e-02,  2.5615e-03],
        [-7.6610e-02,  2.5615e-03, -5.7096e-05],
        [ 2.5615e-03, -5.7096e-05,  9.5452e-07]])
2023-12-29 16:23:58,229 | INFO | hilo.kernel-accessor : Fetching kernel: poisson
2023-12-29 16:23:58,229 | INFO | hilo.poisson-kernel : Calculating Poisson distribution (rate: nan)
2023-12-29 16:23:58,230 | INFO | hilo.poisson-kernel : BOTTOM-RIGHT:
tensor([[nan, nan, nan],
        [nan, nan, nan],
        [nan, nan, nan]])
2023-12-29 16:23:58,230 | INFO | hilo.kernel-accessor : Fetching kernel: poisson
2023-12-29 16:23:58,230 | INFO | hilo.poisson-kernel : Calculating Poisson distribution (rate: nan)
2023-12-29 16:23:58,231 | INFO | hilo.poisson-kernel : BOTTOM-RIGHT:
tensor([[nan, nan, nan],
        [nan, nan, nan],
        [nan, nan, nan]])
2023-12-29 16:23:58,231 | INFO | hilo.kernel-accessor : Fetching kernel: poisson
2023-12-29 16:23:58,231 | INFO | hilo.poisson-kernel : Calculating Poisson distribution (rate: nan)
2023-12-29 16:23:58,231 | INFO | hilo.poisson-kernel : BOTTOM-RIGHT:
tensor([[nan, nan, nan],
        [nan, nan, nan],
        [nan, nan, nan]])
2023-12-29 16:24:06,727 | INFO | hilo : Epoch  22/200 | Accuracy:  10.9375 | Loss:      nan
2023-12-29 16:24:06,727 | INFO | hilo.kernel-accessor : Fetching kernel: poisson
2023-12-29 16:24:06,727 | INFO | hilo.poisson-kernel : Calculating Poisson distribution (rate: -0.008040032349526882)
2023-12-29 16:24:06,728 | INFO | hilo.poisson-kernel : TOP-LEFT:
tensor([[ 1.0162e+00, -8.1706e-03,  3.2846e-05],
        [-8.1706e-03,  3.2846e-05, -8.8028e-08],
        [ 3.2846e-05, -8.8028e-08,  1.7694e-10]])
2023-12-29 16:24:06,728 | INFO | hilo.kernel-accessor : Fetching kernel: poisson
2023-12-29 16:24:06,729 | INFO | hilo.poisson-kernel : Calculating Poisson distribution (rate: nan)
2023-12-29 16:24:06,729 | INFO | hilo.poisson-kernel : BOTTOM-RIGHT:
tensor([[nan, nan, nan],
        [nan, nan, nan],
        [nan, nan, nan]])
2023-12-29 16:24:06,730 | INFO | hilo.kernel-accessor : Fetching kernel: poisson
2023-12-29 16:24:06,730 | INFO | hilo.poisson-kernel : Calculating Poisson distribution (rate: nan)
2023-12-29 16:24:06,730 | INFO | hilo.poisson-kernel : BOTTOM-RIGHT:
tensor([[nan, nan, nan],
        [nan, nan, nan],
        [nan, nan, nan]])
2023-12-29 16:24:06,730 | INFO | hilo.kernel-accessor : Fetching kernel: poisson
2023-12-29 16:24:06,731 | INFO | hilo.poisson-kernel : Calculating Poisson distribution (rate: nan)
2023-12-29 16:24:06,731 | INFO | hilo.poisson-kernel : TOP-LEFT:
tensor([[nan, nan, nan],
        [nan, nan, nan],
        [nan, nan, nan]])
2023-12-29 16:24:15,433 | INFO | hilo : Epoch  23/200 | Accuracy:  14.0625 | Loss:      nan
2023-12-29 16:24:15,433 | INFO | hilo.kernel-accessor : Fetching kernel: poisson
2023-12-29 16:24:15,433 | INFO | hilo.poisson-kernel : Calculating Poisson distribution (rate: 0.062113385647535324)
2023-12-29 16:24:15,434 | INFO | hilo.poisson-kernel : BOTTOM-RIGHT:
tensor([[5.4880e-07, 3.5342e-05, 1.7070e-03],
        [3.5342e-05, 1.7070e-03, 5.4963e-02],
        [1.7070e-03, 5.4963e-02, 8.8488e-01]])
2023-12-29 16:24:15,434 | INFO | hilo.kernel-accessor : Fetching kernel: poisson
2023-12-29 16:24:15,435 | INFO | hilo.poisson-kernel : Calculating Poisson distribution (rate: nan)
2023-12-29 16:24:15,435 | INFO | hilo.poisson-kernel : BOTTOM-RIGHT:
tensor([[nan, nan, nan],
        [nan, nan, nan],
        [nan, nan, nan]])
2023-12-29 16:24:15,435 | INFO | hilo.kernel-accessor : Fetching kernel: poisson
2023-12-29 16:24:15,436 | INFO | hilo.poisson-kernel : Calculating Poisson distribution (rate: nan)
2023-12-29 16:24:15,436 | INFO | hilo.poisson-kernel : TOP-LEFT:
tensor([[nan, nan, nan],
        [nan, nan, nan],
        [nan, nan, nan]])
2023-12-29 16:24:15,436 | INFO | hilo.kernel-accessor : Fetching kernel: poisson
2023-12-29 16:24:15,437 | INFO | hilo.poisson-kernel : Calculating Poisson distribution (rate: nan)
2023-12-29 16:24:15,437 | INFO | hilo.poisson-kernel : BOTTOM-RIGHT:
tensor([[nan, nan, nan],
        [nan, nan, nan],
        [nan, nan, nan]])
2023-12-29 16:24:23,997 | INFO | hilo : Epoch  24/200 | Accuracy:  15.6250 | Loss:      nan
2023-12-29 16:24:23,997 | INFO | hilo.kernel-accessor : Fetching kernel: poisson
2023-12-29 16:24:23,998 | INFO | hilo.poisson-kernel : Calculating Poisson distribution (rate: -0.08118376135826111)
2023-12-29 16:24:23,999 | INFO | hilo.poisson-kernel : TOP-LEFT:
tensor([[ 1.1802e+00, -9.5810e-02,  3.8891e-03],
        [-9.5810e-02,  3.8891e-03, -1.0524e-04],
        [ 3.8891e-03, -1.0524e-04,  2.1360e-06]])
2023-12-29 16:24:23,999 | INFO | hilo.kernel-accessor : Fetching kernel: poisson
2023-12-29 16:24:23,999 | INFO | hilo.poisson-kernel : Calculating Poisson distribution (rate: nan)
2023-12-29 16:24:24,000 | INFO | hilo.poisson-kernel : TOP-LEFT:
tensor([[nan, nan, nan],
        [nan, nan, nan],
        [nan, nan, nan]])
2023-12-29 16:24:24,000 | INFO | hilo.kernel-accessor : Fetching kernel: poisson
2023-12-29 16:24:24,000 | INFO | hilo.poisson-kernel : Calculating Poisson distribution (rate: nan)
2023-12-29 16:24:24,001 | INFO | hilo.poisson-kernel : TOP-LEFT:
tensor([[nan, nan, nan],
        [nan, nan, nan],
        [nan, nan, nan]])
2023-12-29 16:24:24,001 | INFO | hilo.kernel-accessor : Fetching kernel: poisson
2023-12-29 16:24:24,001 | INFO | hilo.poisson-kernel : Calculating Poisson distribution (rate: nan)
2023-12-29 16:24:24,002 | INFO | hilo.poisson-kernel : BOTTOM-RIGHT:
tensor([[nan, nan, nan],
        [nan, nan, nan],
        [nan, nan, nan]])
2023-12-29 16:24:32,514 | INFO | hilo : Epoch  25/200 | Accuracy:  10.2865 | Loss:      nan
2023-12-29 16:24:32,515 | INFO | hilo.kernel-accessor : Fetching kernel: poisson
2023-12-29 16:24:32,515 | INFO | hilo.poisson-kernel : Calculating Poisson distribution (rate: -0.06366883218288422)
2023-12-29 16:24:32,516 | INFO | hilo.poisson-kernel : BOTTOM-RIGHT:
tensor([[ 7.7925e-07, -4.8956e-05,  2.3068e-03],
        [-4.8956e-05,  2.3068e-03, -7.2461e-02],
        [ 2.3068e-03, -7.2461e-02,  1.1381e+00]])
2023-12-29 16:24:32,516 | INFO | hilo.kernel-accessor : Fetching kernel: poisson
2023-12-29 16:24:32,517 | INFO | hilo.poisson-kernel : Calculating Poisson distribution (rate: nan)
2023-12-29 16:24:32,517 | INFO | hilo.poisson-kernel : BOTTOM-RIGHT:
tensor([[nan, nan, nan],
        [nan, nan, nan],
        [nan, nan, nan]])
2023-12-29 16:24:32,518 | INFO | hilo.kernel-accessor : Fetching kernel: poisson
2023-12-29 16:24:32,518 | INFO | hilo.poisson-kernel : Calculating Poisson distribution (rate: nan)
2023-12-29 16:24:32,519 | INFO | hilo.poisson-kernel : BOTTOM-RIGHT:
tensor([[nan, nan, nan],
        [nan, nan, nan],
        [nan, nan, nan]])
2023-12-29 16:24:32,519 | INFO | hilo.kernel-accessor : Fetching kernel: poisson
2023-12-29 16:24:32,519 | INFO | hilo.poisson-kernel : Calculating Poisson distribution (rate: nan)
2023-12-29 16:24:32,520 | INFO | hilo.poisson-kernel : TOP-LEFT:
tensor([[nan, nan, nan],
        [nan, nan, nan],
        [nan, nan, nan]])
2023-12-29 16:24:41,027 | INFO | hilo : Epoch  26/200 | Accuracy:  12.8906 | Loss:      nan
2023-12-29 16:24:41,027 | INFO | hilo.kernel-accessor : Fetching kernel: poisson
2023-12-29 16:24:41,028 | INFO | hilo.poisson-kernel : Calculating Poisson distribution (rate: -0.06414481997489929)
2023-12-29 16:24:41,029 | INFO | hilo.poisson-kernel : TOP-LEFT:
tensor([[ 1.1392e+00, -7.3075e-02,  2.3437e-03],
        [-7.3075e-02,  2.3437e-03, -5.0112e-05],
        [ 2.3437e-03, -5.0112e-05,  8.0360e-07]])
2023-12-29 16:24:41,029 | INFO | hilo.kernel-accessor : Fetching kernel: poisson
2023-12-29 16:24:41,029 | INFO | hilo.poisson-kernel : Calculating Poisson distribution (rate: nan)
2023-12-29 16:24:41,030 | INFO | hilo.poisson-kernel : BOTTOM-RIGHT:
tensor([[nan, nan, nan],
        [nan, nan, nan],
        [nan, nan, nan]])
2023-12-29 16:24:41,030 | INFO | hilo.kernel-accessor : Fetching kernel: poisson
2023-12-29 16:24:41,030 | INFO | hilo.poisson-kernel : Calculating Poisson distribution (rate: nan)
2023-12-29 16:24:41,031 | INFO | hilo.poisson-kernel : BOTTOM-RIGHT:
tensor([[nan, nan, nan],
        [nan, nan, nan],
        [nan, nan, nan]])
2023-12-29 16:24:41,031 | INFO | hilo.kernel-accessor : Fetching kernel: poisson
2023-12-29 16:24:41,031 | INFO | hilo.poisson-kernel : Calculating Poisson distribution (rate: nan)
2023-12-29 16:24:41,032 | INFO | hilo.poisson-kernel : TOP-LEFT:
tensor([[nan, nan, nan],
        [nan, nan, nan],
        [nan, nan, nan]])
2023-12-29 16:24:49,767 | INFO | hilo : Epoch  27/200 | Accuracy:  14.0625 | Loss:      nan
2023-12-29 16:24:49,767 | INFO | hilo.kernel-accessor : Fetching kernel: poisson
2023-12-29 16:24:49,768 | INFO | hilo.poisson-kernel : Calculating Poisson distribution (rate: -0.13729111850261688)
2023-12-29 16:24:49,769 | INFO | hilo.poisson-kernel : TOP-LEFT:
tensor([[ 1.3283e+00, -1.8236e-01,  1.2518e-02],
        [-1.8236e-01,  1.2518e-02, -5.7289e-04],
        [ 1.2518e-02, -5.7289e-04,  1.9663e-05]])
2023-12-29 16:24:49,769 | INFO | hilo.kernel-accessor : Fetching kernel: poisson
2023-12-29 16:24:49,769 | INFO | hilo.poisson-kernel : Calculating Poisson distribution (rate: nan)
2023-12-29 16:24:49,770 | INFO | hilo.poisson-kernel : TOP-LEFT:
tensor([[nan, nan, nan],
        [nan, nan, nan],
        [nan, nan, nan]])
2023-12-29 16:24:49,770 | INFO | hilo.kernel-accessor : Fetching kernel: poisson
2023-12-29 16:24:49,770 | INFO | hilo.poisson-kernel : Calculating Poisson distribution (rate: nan)
2023-12-29 16:24:49,771 | INFO | hilo.poisson-kernel : BOTTOM-RIGHT:
tensor([[nan, nan, nan],
        [nan, nan, nan],
        [nan, nan, nan]])
2023-12-29 16:24:49,771 | INFO | hilo.kernel-accessor : Fetching kernel: poisson
2023-12-29 16:24:49,771 | INFO | hilo.poisson-kernel : Calculating Poisson distribution (rate: nan)
2023-12-29 16:24:49,772 | INFO | hilo.poisson-kernel : BOTTOM-RIGHT:
tensor([[nan, nan, nan],
        [nan, nan, nan],
        [nan, nan, nan]])
2023-12-29 16:24:58,251 | INFO | hilo : Epoch  28/200 | Accuracy:  12.5000 | Loss:      nan
2023-12-29 16:24:58,252 | INFO | hilo.kernel-accessor : Fetching kernel: poisson
2023-12-29 16:24:58,252 | INFO | hilo.poisson-kernel : Calculating Poisson distribution (rate: -0.00808167178183794)
2023-12-29 16:24:58,253 | INFO | hilo.poisson-kernel : BOTTOM-RIGHT:
tensor([[ 1.8065e-10, -8.9410e-08,  3.3190e-05],
        [-8.9410e-08,  3.3190e-05, -8.2136e-03],
        [ 3.3190e-05, -8.2136e-03,  1.0163e+00]])
2023-12-29 16:24:58,253 | INFO | hilo.kernel-accessor : Fetching kernel: poisson
2023-12-29 16:24:58,254 | INFO | hilo.poisson-kernel : Calculating Poisson distribution (rate: nan)
2023-12-29 16:24:58,254 | INFO | hilo.poisson-kernel : BOTTOM-RIGHT:
tensor([[nan, nan, nan],
        [nan, nan, nan],
        [nan, nan, nan]])
2023-12-29 16:24:58,254 | INFO | hilo.kernel-accessor : Fetching kernel: poisson
2023-12-29 16:24:58,255 | INFO | hilo.poisson-kernel : Calculating Poisson distribution (rate: nan)
2023-12-29 16:24:58,255 | INFO | hilo.poisson-kernel : TOP-LEFT:
tensor([[nan, nan, nan],
        [nan, nan, nan],
        [nan, nan, nan]])
2023-12-29 16:24:58,255 | INFO | hilo.kernel-accessor : Fetching kernel: poisson
2023-12-29 16:24:58,256 | INFO | hilo.poisson-kernel : Calculating Poisson distribution (rate: nan)
2023-12-29 16:24:58,256 | INFO | hilo.poisson-kernel : TOP-LEFT:
tensor([[nan, nan, nan],
        [nan, nan, nan],
        [nan, nan, nan]])
2023-12-29 16:25:06,744 | INFO | hilo : Epoch  29/200 | Accuracy:  14.0625 | Loss:      nan
2023-12-29 16:25:06,744 | INFO | hilo.kernel-accessor : Fetching kernel: poisson
2023-12-29 16:25:06,745 | INFO | hilo.poisson-kernel : Calculating Poisson distribution (rate: -0.022761870175600052)
2023-12-29 16:25:06,746 | INFO | hilo.poisson-kernel : BOTTOM-RIGHT:
tensor([[ 1.1709e-08, -2.0576e-06,  2.7119e-04],
        [-2.0576e-06,  2.7119e-04, -2.3828e-02],
        [ 2.7119e-04, -2.3828e-02,  1.0468e+00]])
2023-12-29 16:25:06,746 | INFO | hilo.kernel-accessor : Fetching kernel: poisson
2023-12-29 16:25:06,746 | INFO | hilo.poisson-kernel : Calculating Poisson distribution (rate: nan)
2023-12-29 16:25:06,747 | INFO | hilo.poisson-kernel : TOP-LEFT:
tensor([[nan, nan, nan],
        [nan, nan, nan],
        [nan, nan, nan]])
2023-12-29 16:25:06,747 | INFO | hilo.kernel-accessor : Fetching kernel: poisson
2023-12-29 16:25:06,748 | INFO | hilo.poisson-kernel : Calculating Poisson distribution (rate: nan)
2023-12-29 16:25:06,748 | INFO | hilo.poisson-kernel : BOTTOM-RIGHT:
tensor([[nan, nan, nan],
        [nan, nan, nan],
        [nan, nan, nan]])
2023-12-29 16:25:06,749 | INFO | hilo.kernel-accessor : Fetching kernel: poisson
2023-12-29 16:25:06,749 | INFO | hilo.poisson-kernel : Calculating Poisson distribution (rate: nan)
2023-12-29 16:25:06,750 | INFO | hilo.poisson-kernel : TOP-LEFT:
tensor([[nan, nan, nan],
        [nan, nan, nan],
        [nan, nan, nan]])
2023-12-29 16:25:15,338 | INFO | hilo : Epoch  30/200 | Accuracy:  13.0208 | Loss:      nan
2023-12-29 16:25:15,338 | INFO | hilo.kernel-accessor : Fetching kernel: poisson
2023-12-29 16:25:15,338 | INFO | hilo.poisson-kernel : Calculating Poisson distribution (rate: -0.049350857734680176)
2023-12-29 16:25:15,339 | INFO | hilo.poisson-kernel : BOTTOM-RIGHT:
tensor([[ 2.7312e-07, -2.2137e-05,  1.3457e-03],
        [-2.2137e-05,  1.3457e-03, -5.4537e-02],
        [ 1.3457e-03, -5.4537e-02,  1.1051e+00]])
2023-12-29 16:25:15,340 | INFO | hilo.kernel-accessor : Fetching kernel: poisson
2023-12-29 16:25:15,340 | INFO | hilo.poisson-kernel : Calculating Poisson distribution (rate: nan)
2023-12-29 16:25:15,340 | INFO | hilo.poisson-kernel : BOTTOM-RIGHT:
tensor([[nan, nan, nan],
        [nan, nan, nan],
        [nan, nan, nan]])
2023-12-29 16:25:15,341 | INFO | hilo.kernel-accessor : Fetching kernel: poisson
2023-12-29 16:25:15,341 | INFO | hilo.poisson-kernel : Calculating Poisson distribution (rate: nan)
2023-12-29 16:25:15,341 | INFO | hilo.poisson-kernel : TOP-LEFT:
tensor([[nan, nan, nan],
        [nan, nan, nan],
        [nan, nan, nan]])
2023-12-29 16:25:15,341 | INFO | hilo.kernel-accessor : Fetching kernel: poisson
2023-12-29 16:25:15,342 | INFO | hilo.poisson-kernel : Calculating Poisson distribution (rate: nan)
2023-12-29 16:25:15,342 | INFO | hilo.poisson-kernel : BOTTOM-RIGHT:
tensor([[nan, nan, nan],
        [nan, nan, nan],
        [nan, nan, nan]])
2023-12-29 16:25:23,913 | INFO | hilo : Epoch  31/200 | Accuracy:  13.2812 | Loss:      nan
2023-12-29 16:25:23,913 | INFO | hilo.kernel-accessor : Fetching kernel: poisson
2023-12-29 16:25:23,914 | INFO | hilo.poisson-kernel : Calculating Poisson distribution (rate: 0.02716776728630066)
2023-12-29 16:25:23,915 | INFO | hilo.poisson-kernel : TOP-LEFT:
tensor([[9.4746e-01, 2.5740e-02, 3.4966e-04],
        [2.5740e-02, 3.4966e-04, 3.1665e-06],
        [3.4966e-04, 3.1665e-06, 2.1506e-08]])
2023-12-29 16:25:23,915 | INFO | hilo.kernel-accessor : Fetching kernel: poisson
2023-12-29 16:25:23,915 | INFO | hilo.poisson-kernel : Calculating Poisson distribution (rate: nan)
2023-12-29 16:25:23,916 | INFO | hilo.poisson-kernel : BOTTOM-RIGHT:
tensor([[nan, nan, nan],
        [nan, nan, nan],
        [nan, nan, nan]])
2023-12-29 16:25:23,916 | INFO | hilo.kernel-accessor : Fetching kernel: poisson
2023-12-29 16:25:23,916 | INFO | hilo.poisson-kernel : Calculating Poisson distribution (rate: nan)
2023-12-29 16:25:23,917 | INFO | hilo.poisson-kernel : TOP-LEFT:
tensor([[nan, nan, nan],
        [nan, nan, nan],
        [nan, nan, nan]])
2023-12-29 16:25:23,917 | INFO | hilo.kernel-accessor : Fetching kernel: poisson
2023-12-29 16:25:23,917 | INFO | hilo.poisson-kernel : Calculating Poisson distribution (rate: nan)
2023-12-29 16:25:23,918 | INFO | hilo.poisson-kernel : BOTTOM-RIGHT:
tensor([[nan, nan, nan],
        [nan, nan, nan],
        [nan, nan, nan]])
2023-12-29 16:25:32,532 | INFO | hilo : Epoch  32/200 | Accuracy:  14.0625 | Loss:      nan
2023-12-29 16:25:32,532 | INFO | hilo.kernel-accessor : Fetching kernel: poisson
2023-12-29 16:25:32,532 | INFO | hilo.poisson-kernel : Calculating Poisson distribution (rate: -0.09663563966751099)
2023-12-29 16:25:32,533 | INFO | hilo.poisson-kernel : TOP-LEFT:
tensor([[ 1.2189e+00, -1.1779e-01,  5.6911e-03],
        [-1.1779e-01,  5.6911e-03, -1.8332e-04],
        [ 5.6911e-03, -1.8332e-04,  4.4289e-06]])
2023-12-29 16:25:32,534 | INFO | hilo.kernel-accessor : Fetching kernel: poisson
2023-12-29 16:25:32,534 | INFO | hilo.poisson-kernel : Calculating Poisson distribution (rate: nan)
2023-12-29 16:25:32,535 | INFO | hilo.poisson-kernel : TOP-LEFT:
tensor([[nan, nan, nan],
        [nan, nan, nan],
        [nan, nan, nan]])
2023-12-29 16:25:32,535 | INFO | hilo.kernel-accessor : Fetching kernel: poisson
2023-12-29 16:25:32,535 | INFO | hilo.poisson-kernel : Calculating Poisson distribution (rate: nan)
2023-12-29 16:25:32,536 | INFO | hilo.poisson-kernel : BOTTOM-RIGHT:
tensor([[nan, nan, nan],
        [nan, nan, nan],
        [nan, nan, nan]])
2023-12-29 16:25:32,536 | INFO | hilo.kernel-accessor : Fetching kernel: poisson
2023-12-29 16:25:32,537 | INFO | hilo.poisson-kernel : Calculating Poisson distribution (rate: nan)
2023-12-29 16:25:32,537 | INFO | hilo.poisson-kernel : TOP-LEFT:
tensor([[nan, nan, nan],
        [nan, nan, nan],
        [nan, nan, nan]])
2023-12-29 16:25:41,224 | INFO | hilo : Epoch  33/200 | Accuracy:  12.5000 | Loss:      nan
2023-12-29 16:25:41,224 | INFO | hilo.kernel-accessor : Fetching kernel: poisson
2023-12-29 16:25:41,225 | INFO | hilo.poisson-kernel : Calculating Poisson distribution (rate: 0.025591542944312096)
2023-12-29 16:25:41,226 | INFO | hilo.poisson-kernel : BOTTOM-RIGHT:
tensor([[1.6986e-08, 2.6549e-06, 3.1123e-04],
        [2.6549e-06, 3.1123e-04, 2.4323e-02],
        [3.1123e-04, 2.4323e-02, 9.5042e-01]])
2023-12-29 16:25:41,226 | INFO | hilo.kernel-accessor : Fetching kernel: poisson
2023-12-29 16:25:41,226 | INFO | hilo.poisson-kernel : Calculating Poisson distribution (rate: nan)
2023-12-29 16:25:41,227 | INFO | hilo.poisson-kernel : TOP-LEFT:
tensor([[nan, nan, nan],
        [nan, nan, nan],
        [nan, nan, nan]])
2023-12-29 16:25:41,227 | INFO | hilo.kernel-accessor : Fetching kernel: poisson
2023-12-29 16:25:41,227 | INFO | hilo.poisson-kernel : Calculating Poisson distribution (rate: nan)
2023-12-29 16:25:41,228 | INFO | hilo.poisson-kernel : TOP-LEFT:
tensor([[nan, nan, nan],
        [nan, nan, nan],
        [nan, nan, nan]])
2023-12-29 16:25:41,228 | INFO | hilo.kernel-accessor : Fetching kernel: poisson
2023-12-29 16:25:41,228 | INFO | hilo.poisson-kernel : Calculating Poisson distribution (rate: nan)
2023-12-29 16:25:41,229 | INFO | hilo.poisson-kernel : BOTTOM-RIGHT:
tensor([[nan, nan, nan],
        [nan, nan, nan],
        [nan, nan, nan]])
2023-12-29 16:25:49,940 | INFO | hilo : Epoch  34/200 | Accuracy:  10.9375 | Loss:      nan
2023-12-29 16:25:49,941 | INFO | hilo.kernel-accessor : Fetching kernel: poisson
2023-12-29 16:25:49,941 | INFO | hilo.poisson-kernel : Calculating Poisson distribution (rate: -0.1286471039056778)
2023-12-29 16:25:49,942 | INFO | hilo.poisson-kernel : BOTTOM-RIGHT:
tensor([[ 1.4883e-05, -4.6275e-04,  1.0791e-02],
        [-4.6275e-04,  1.0791e-02, -1.6776e-01],
        [ 1.0791e-02, -1.6776e-01,  1.3041e+00]])
2023-12-29 16:25:49,942 | INFO | hilo.kernel-accessor : Fetching kernel: poisson
2023-12-29 16:25:49,943 | INFO | hilo.poisson-kernel : Calculating Poisson distribution (rate: nan)
2023-12-29 16:25:49,943 | INFO | hilo.poisson-kernel : BOTTOM-RIGHT:
tensor([[nan, nan, nan],
        [nan, nan, nan],
        [nan, nan, nan]])
2023-12-29 16:25:49,943 | INFO | hilo.kernel-accessor : Fetching kernel: poisson
2023-12-29 16:25:49,944 | INFO | hilo.poisson-kernel : Calculating Poisson distribution (rate: nan)
2023-12-29 16:25:49,944 | INFO | hilo.poisson-kernel : TOP-LEFT:
tensor([[nan, nan, nan],
        [nan, nan, nan],
        [nan, nan, nan]])
2023-12-29 16:25:49,945 | INFO | hilo.kernel-accessor : Fetching kernel: poisson
2023-12-29 16:25:49,945 | INFO | hilo.poisson-kernel : Calculating Poisson distribution (rate: nan)
2023-12-29 16:25:49,945 | INFO | hilo.poisson-kernel : BOTTOM-RIGHT:
tensor([[nan, nan, nan],
        [nan, nan, nan],
        [nan, nan, nan]])
2023-12-29 16:25:58,644 | INFO | hilo : Epoch  35/200 | Accuracy:  10.2723 | Loss:      nan
2023-12-29 16:25:58,645 | INFO | hilo.kernel-accessor : Fetching kernel: poisson
2023-12-29 16:25:58,645 | INFO | hilo.poisson-kernel : Calculating Poisson distribution (rate: 0.07343272864818573)
2023-12-29 16:25:58,646 | INFO | hilo.poisson-kernel : BOTTOM-RIGHT:
tensor([[1.0489e-06, 5.7135e-05, 2.3342e-03],
        [5.7135e-05, 2.3342e-03, 6.3573e-02],
        [2.3342e-03, 6.3573e-02, 8.6574e-01]])
2023-12-29 16:25:58,647 | INFO | hilo.kernel-accessor : Fetching kernel: poisson
2023-12-29 16:25:58,647 | INFO | hilo.poisson-kernel : Calculating Poisson distribution (rate: nan)
2023-12-29 16:25:58,648 | INFO | hilo.poisson-kernel : BOTTOM-RIGHT:
tensor([[nan, nan, nan],
        [nan, nan, nan],
        [nan, nan, nan]])
2023-12-29 16:25:58,648 | INFO | hilo.kernel-accessor : Fetching kernel: poisson
2023-12-29 16:25:58,648 | INFO | hilo.poisson-kernel : Calculating Poisson distribution (rate: nan)
2023-12-29 16:25:58,649 | INFO | hilo.poisson-kernel : TOP-LEFT:
tensor([[nan, nan, nan],
        [nan, nan, nan],
        [nan, nan, nan]])
2023-12-29 16:25:58,649 | INFO | hilo.kernel-accessor : Fetching kernel: poisson
2023-12-29 16:25:58,649 | INFO | hilo.poisson-kernel : Calculating Poisson distribution (rate: nan)
2023-12-29 16:25:58,650 | INFO | hilo.poisson-kernel : BOTTOM-RIGHT:
tensor([[nan, nan, nan],
        [nan, nan, nan],
        [nan, nan, nan]])
2023-12-29 16:26:07,324 | INFO | hilo : Epoch  36/200 | Accuracy:  12.5000 | Loss:      nan
2023-12-29 16:26:07,324 | INFO | hilo.kernel-accessor : Fetching kernel: poisson
2023-12-29 16:26:07,324 | INFO | hilo.poisson-kernel : Calculating Poisson distribution (rate: -0.06511293351650238)
2023-12-29 16:26:07,325 | INFO | hilo.poisson-kernel : TOP-LEFT:
tensor([[ 1.1415e+00, -7.4326e-02,  2.4198e-03],
        [-7.4326e-02,  2.4198e-03, -5.2520e-05],
        [ 2.4198e-03, -5.2520e-05,  8.5493e-07]])
2023-12-29 16:26:07,325 | INFO | hilo.kernel-accessor : Fetching kernel: poisson
2023-12-29 16:26:07,326 | INFO | hilo.poisson-kernel : Calculating Poisson distribution (rate: nan)
2023-12-29 16:26:07,326 | INFO | hilo.poisson-kernel : BOTTOM-RIGHT:
tensor([[nan, nan, nan],
        [nan, nan, nan],
        [nan, nan, nan]])
2023-12-29 16:26:07,326 | INFO | hilo.kernel-accessor : Fetching kernel: poisson
2023-12-29 16:26:07,327 | INFO | hilo.poisson-kernel : Calculating Poisson distribution (rate: nan)
2023-12-29 16:26:07,327 | INFO | hilo.poisson-kernel : BOTTOM-RIGHT:
tensor([[nan, nan, nan],
        [nan, nan, nan],
        [nan, nan, nan]])
2023-12-29 16:26:07,327 | INFO | hilo.kernel-accessor : Fetching kernel: poisson
2023-12-29 16:26:07,328 | INFO | hilo.poisson-kernel : Calculating Poisson distribution (rate: nan)
2023-12-29 16:26:07,328 | INFO | hilo.poisson-kernel : BOTTOM-RIGHT:
tensor([[nan, nan, nan],
        [nan, nan, nan],
        [nan, nan, nan]])
2023-12-29 16:26:15,975 | INFO | hilo : Epoch  37/200 | Accuracy:  11.7188 | Loss:      nan
2023-12-29 16:26:15,976 | INFO | hilo.kernel-accessor : Fetching kernel: poisson
2023-12-29 16:26:15,976 | INFO | hilo.poisson-kernel : Calculating Poisson distribution (rate: -0.00013242196291685104)
2023-12-29 16:26:15,977 | INFO | hilo.poisson-kernel : TOP-LEFT:
tensor([[ 1.0003e+00, -1.3246e-04,  8.7701e-09],
        [-1.3246e-04,  8.7701e-09, -3.8712e-13],
        [ 8.7701e-09, -3.8712e-13,  1.2816e-17]])
2023-12-29 16:26:15,977 | INFO | hilo.kernel-accessor : Fetching kernel: poisson
2023-12-29 16:26:15,978 | INFO | hilo.poisson-kernel : Calculating Poisson distribution (rate: nan)
2023-12-29 16:26:15,978 | INFO | hilo.poisson-kernel : BOTTOM-RIGHT:
tensor([[nan, nan, nan],
        [nan, nan, nan],
        [nan, nan, nan]])
2023-12-29 16:26:15,978 | INFO | hilo.kernel-accessor : Fetching kernel: poisson
2023-12-29 16:26:15,979 | INFO | hilo.poisson-kernel : Calculating Poisson distribution (rate: nan)
2023-12-29 16:26:15,979 | INFO | hilo.poisson-kernel : BOTTOM-RIGHT:
tensor([[nan, nan, nan],
        [nan, nan, nan],
        [nan, nan, nan]])
2023-12-29 16:26:15,979 | INFO | hilo.kernel-accessor : Fetching kernel: poisson
2023-12-29 16:26:15,980 | INFO | hilo.poisson-kernel : Calculating Poisson distribution (rate: nan)
2023-12-29 16:26:15,980 | INFO | hilo.poisson-kernel : BOTTOM-RIGHT:
tensor([[nan, nan, nan],
        [nan, nan, nan],
        [nan, nan, nan]])
2023-12-29 16:26:24,590 | INFO | hilo : Epoch  38/200 | Accuracy:  12.5000 | Loss:      nan
2023-12-29 16:26:24,590 | INFO | hilo.kernel-accessor : Fetching kernel: poisson
2023-12-29 16:26:24,591 | INFO | hilo.poisson-kernel : Calculating Poisson distribution (rate: -0.14116768538951874)
2023-12-29 16:26:24,592 | INFO | hilo.poisson-kernel : TOP-LEFT:
tensor([[ 1.3393e+00, -1.8907e-01,  1.3345e-02],
        [-1.8907e-01,  1.3345e-02, -6.2798e-04],
        [ 1.3345e-02, -6.2798e-04,  2.2163e-05]])
2023-12-29 16:26:24,592 | INFO | hilo.kernel-accessor : Fetching kernel: poisson
2023-12-29 16:26:24,593 | INFO | hilo.poisson-kernel : Calculating Poisson distribution (rate: nan)
2023-12-29 16:26:24,593 | INFO | hilo.poisson-kernel : TOP-LEFT:
tensor([[nan, nan, nan],
        [nan, nan, nan],
        [nan, nan, nan]])
2023-12-29 16:26:24,593 | INFO | hilo.kernel-accessor : Fetching kernel: poisson
2023-12-29 16:26:24,594 | INFO | hilo.poisson-kernel : Calculating Poisson distribution (rate: nan)
2023-12-29 16:26:24,594 | INFO | hilo.poisson-kernel : BOTTOM-RIGHT:
tensor([[nan, nan, nan],
        [nan, nan, nan],
        [nan, nan, nan]])
2023-12-29 16:26:24,595 | INFO | hilo.kernel-accessor : Fetching kernel: poisson
2023-12-29 16:26:24,595 | INFO | hilo.poisson-kernel : Calculating Poisson distribution (rate: nan)
2023-12-29 16:26:24,595 | INFO | hilo.poisson-kernel : TOP-LEFT:
tensor([[nan, nan, nan],
        [nan, nan, nan],
        [nan, nan, nan]])
2023-12-29 16:26:33,283 | INFO | hilo : Epoch  39/200 | Accuracy:  13.2812 | Loss:      nan
2023-12-29 16:26:33,283 | INFO | hilo.kernel-accessor : Fetching kernel: poisson
2023-12-29 16:26:33,283 | INFO | hilo.poisson-kernel : Calculating Poisson distribution (rate: 0.09081204235553741)
2023-12-29 16:26:33,284 | INFO | hilo.poisson-kernel : TOP-LEFT:
tensor([[8.3735e-01, 7.6041e-02, 3.4527e-03],
        [7.6041e-02, 3.4527e-03, 1.0452e-04],
        [3.4527e-03, 1.0452e-04, 2.3728e-06]])
2023-12-29 16:26:33,285 | INFO | hilo.kernel-accessor : Fetching kernel: poisson
2023-12-29 16:26:33,285 | INFO | hilo.poisson-kernel : Calculating Poisson distribution (rate: nan)
2023-12-29 16:26:33,285 | INFO | hilo.poisson-kernel : TOP-LEFT:
tensor([[nan, nan, nan],
        [nan, nan, nan],
        [nan, nan, nan]])
2023-12-29 16:26:33,286 | INFO | hilo.kernel-accessor : Fetching kernel: poisson
2023-12-29 16:26:33,286 | INFO | hilo.poisson-kernel : Calculating Poisson distribution (rate: nan)
2023-12-29 16:26:33,286 | INFO | hilo.poisson-kernel : TOP-LEFT:
tensor([[nan, nan, nan],
        [nan, nan, nan],
        [nan, nan, nan]])
2023-12-29 16:26:33,286 | INFO | hilo.kernel-accessor : Fetching kernel: poisson
2023-12-29 16:26:33,287 | INFO | hilo.poisson-kernel : Calculating Poisson distribution (rate: nan)
2023-12-29 16:26:33,287 | INFO | hilo.poisson-kernel : BOTTOM-RIGHT:
tensor([[nan, nan, nan],
        [nan, nan, nan],
        [nan, nan, nan]])
2023-12-29 16:26:41,236 | CRITICAL | hilo : Keyboard interrupt detected. Aborting operations.
2023-12-29 16:26:41,236 | INFO | hilo : Exiting...
