2023-12-29 16:10:29,524 | INFO | hilo : 
+==============================================================+
|                                                              |
| ██████╗  █████╗ ██████╗ ██╗         ██╗      █████╗ ██████╗  |
| ██╔══██╗██╔══██╗██╔══██╗██║         ██║     ██╔══██╗██╔══██╗ |
| ██║  ██║███████║██║  ██║██║         ██║     ███████║██████╔╝ |
| ██║  ██║██╔══██║██║  ██║██║         ██║     ██╔══██║██╔══██╗ |
| ██████╔╝██║  ██║██████╔╝███████╗    ███████╗██║  ██║██████╔╝ |
| ╚═════╝ ╚═╝  ╚═╝╚═════╝ ╚══════╝    ╚══════╝╚═╝  ╚═╝╚═════╝  |
+==============================================================+
|             Hi-Lo Resolution Image Classification            |
|             -------------------------------------            |
|                       Gabriel C. Trahan                      |
|                          Sahan Ahmad                         |
|                       MD  Aminual Islam                      |
+==============================================================+
2023-12-29 16:10:31,120 | INFO | hilo.dataset-accessor : Fetching dataset: cifar10
2023-12-29 16:10:31,120 | INFO | hilo.cifar10-dataset : Initializing transform
2023-12-29 16:10:31,120 | INFO | hilo.cifar10-dataset : Verifying/downloading train data
2023-12-29 16:10:31,727 | INFO | hilo.cifar10-dataset : Verifying/downloading test data
2023-12-29 16:10:32,212 | INFO | hilo.cifar10-dataset : Creating train data loader.
2023-12-29 16:10:32,212 | INFO | hilo.cifar10-dataset : Creating test data loader.
2023-12-29 16:10:32,212 | ERROR | hilo : An error occured: 'Namespace' object has no attribute 'scale'
2023-12-29 16:10:32,220 | INFO | hilo : Exiting...
