2024-01-09 13:45:21,627 | INFO | hilo : 
+==============================================================+
|                                                              |
| ██████╗  █████╗ ██████╗ ██╗         ██╗      █████╗ ██████╗  |
| ██╔══██╗██╔══██╗██╔══██╗██║         ██║     ██╔══██╗██╔══██╗ |
| ██║  ██║███████║██║  ██║██║         ██║     ███████║██████╔╝ |
| ██║  ██║██╔══██║██║  ██║██║         ██║     ██╔══██║██╔══██╗ |
| ██████╔╝██║  ██║██████╔╝███████╗    ███████╗██║  ██║██████╔╝ |
| ╚═════╝ ╚═╝  ╚═╝╚═════╝ ╚══════╝    ╚══════╝╚═╝  ╚═╝╚═════╝  |
+==============================================================+
|             Hi-Lo Resolution Image Classification            |
|             -------------------------------------            |
|                       Gabriel C. Trahan                      |
|                          Sahan Ahmad                         |
|                       MD  Aminual Islam                      |
+==============================================================+
2024-01-09 13:45:23,205 | INFO | hilo.dataset-accessor : Fetching dataset: cifar10
2024-01-09 13:45:23,206 | INFO | hilo.cifar10-dataset : Initializing transform
2024-01-09 13:45:23,206 | INFO | hilo.cifar10-dataset : Verifying/downloading train data
2024-01-09 13:45:23,800 | INFO | hilo.cifar10-dataset : Verifying/downloading test data
2024-01-09 13:45:24,282 | INFO | hilo.cifar10-dataset : Creating train data loader.
2024-01-09 13:45:24,282 | INFO | hilo.cifar10-dataset : Creating test data loader.
2024-01-09 13:45:24,307 | INFO | hilo : Output directory: output/normal/cifar10/poisson/1/20240109_134523/
2024-01-09 13:45:24,347 | INFO | hilo : Using device: NVIDIA GeForce GTX 1060 6GB
2024-01-09 13:45:25,285 | INFO | hilo : Exeucting job: MODEL normal | DATASET cifar10 | KERNEL poisson | TYPE 1
2024-01-09 13:45:25,285 | INFO | hilo : Commencing training phase...
2024-01-09 13:45:25,285 | INFO | hilo.kernel-accessor : Fetching kernel: poisson
2024-01-09 13:45:25,286 | INFO | hilo.poisson-kernel : Calculating Poisson distribution (rate: 1.0)
2024-01-09 13:45:25,287 | INFO | hilo.poisson-kernel : TOP-LEFT:
tensor([[0.2051, 0.2051, 0.1026],
        [0.2051, 0.1026, 0.0342],
        [0.1026, 0.0342, 0.0085]])
2024-01-09 13:45:25,287 | INFO | hilo.kernel-accessor : Fetching kernel: poisson
2024-01-09 13:45:25,287 | INFO | hilo.poisson-kernel : Calculating Poisson distribution (rate: 1.0)
2024-01-09 13:45:25,287 | INFO | hilo.poisson-kernel : TOP-LEFT:
tensor([[0.2051, 0.2051, 0.1026],
        [0.2051, 0.1026, 0.0342],
        [0.1026, 0.0342, 0.0085]])
2024-01-09 13:45:25,288 | INFO | hilo.kernel-accessor : Fetching kernel: poisson
2024-01-09 13:45:25,288 | INFO | hilo.poisson-kernel : Calculating Poisson distribution (rate: 1.0)
2024-01-09 13:45:25,288 | INFO | hilo.poisson-kernel : TOP-LEFT:
tensor([[0.2051, 0.2051, 0.1026],
        [0.2051, 0.1026, 0.0342],
        [0.1026, 0.0342, 0.0085]])
2024-01-09 13:45:25,288 | INFO | hilo.kernel-accessor : Fetching kernel: poisson
2024-01-09 13:45:25,288 | INFO | hilo.poisson-kernel : Calculating Poisson distribution (rate: 1.0)
2024-01-09 13:45:25,289 | INFO | hilo.poisson-kernel : BOTTOM-RIGHT:
tensor([[0.0085, 0.0342, 0.1026],
        [0.0342, 0.1026, 0.2051],
        [0.1026, 0.2051, 0.2051]])
2024-01-09 13:45:34,182 | INFO | hilo : Epoch   1/200 | Accuracy:  44.2708 | Loss:   1.6076
2024-01-09 13:45:34,182 | INFO | hilo.kernel-accessor : Fetching kernel: poisson
2024-01-09 13:45:34,183 | INFO | hilo.poisson-kernel : Calculating Poisson distribution (rate: -0.030621439218521118)
2024-01-09 13:45:34,184 | INFO | hilo.poisson-kernel : BOTTOM-RIGHT:
tensor([[ 3.8967e-08, -5.0901e-06,  4.9868e-04],
        [-5.0901e-06,  4.9868e-04, -3.2571e-02],
        [ 4.9868e-04, -3.2571e-02,  1.0637e+00]])
2024-01-09 13:45:34,184 | INFO | hilo.kernel-accessor : Fetching kernel: poisson
2024-01-09 13:45:34,184 | INFO | hilo.poisson-kernel : Calculating Poisson distribution (rate: -0.37435847520828247)
2024-01-09 13:45:34,185 | INFO | hilo.poisson-kernel : BOTTOM-RIGHT:
tensor([[ 1.8397e-03, -1.9657e-02,  1.5753e-01],
        [-1.9657e-02,  1.5753e-01, -8.4158e-01],
        [ 1.5753e-01, -8.4158e-01,  2.2481e+00]])
2024-01-09 13:45:34,185 | INFO | hilo.kernel-accessor : Fetching kernel: poisson
2024-01-09 13:45:34,185 | INFO | hilo.poisson-kernel : Calculating Poisson distribution (rate: -0.5550072193145752)
2024-01-09 13:45:34,186 | INFO | hilo.poisson-kernel : TOP-LEFT:
tensor([[ 3.3445, -1.8562,  0.5151],
        [-1.8562,  0.5151, -0.0953],
        [ 0.5151, -0.0953,  0.0132]])
2024-01-09 13:45:34,186 | INFO | hilo.kernel-accessor : Fetching kernel: poisson
2024-01-09 13:45:34,187 | INFO | hilo.poisson-kernel : Calculating Poisson distribution (rate: -0.4460446834564209)
2024-01-09 13:45:34,187 | INFO | hilo.poisson-kernel : TOP-LEFT:
tensor([[ 2.6426, -1.1787,  0.2629],
        [-1.1787,  0.2629, -0.0391],
        [ 0.2629, -0.0391,  0.0044]])
2024-01-09 13:45:42,315 | INFO | hilo : Epoch   2/200 | Accuracy:  11.1607 | Loss:      nan
2024-01-09 13:45:42,315 | INFO | hilo.kernel-accessor : Fetching kernel: poisson
2024-01-09 13:45:42,316 | INFO | hilo.poisson-kernel : Calculating Poisson distribution (rate: -0.1599850207567215)
2024-01-09 13:45:42,317 | INFO | hilo.poisson-kernel : TOP-LEFT:
tensor([[ 1.3945e+00, -2.2310e-01,  1.7847e-02],
        [-2.2310e-01,  1.7847e-02, -9.5173e-04],
        [ 1.7847e-02, -9.5173e-04,  3.8066e-05]])
2024-01-09 13:45:42,317 | INFO | hilo.kernel-accessor : Fetching kernel: poisson
2024-01-09 13:45:42,317 | INFO | hilo.poisson-kernel : Calculating Poisson distribution (rate: nan)
2024-01-09 13:45:42,318 | INFO | hilo.poisson-kernel : BOTTOM-RIGHT:
tensor([[nan, nan, nan],
        [nan, nan, nan],
        [nan, nan, nan]])
2024-01-09 13:45:42,318 | INFO | hilo.kernel-accessor : Fetching kernel: poisson
2024-01-09 13:45:42,318 | INFO | hilo.poisson-kernel : Calculating Poisson distribution (rate: nan)
2024-01-09 13:45:42,319 | INFO | hilo.poisson-kernel : TOP-LEFT:
tensor([[nan, nan, nan],
        [nan, nan, nan],
        [nan, nan, nan]])
2024-01-09 13:45:42,319 | INFO | hilo.kernel-accessor : Fetching kernel: poisson
2024-01-09 13:45:42,319 | INFO | hilo.poisson-kernel : Calculating Poisson distribution (rate: nan)
2024-01-09 13:45:42,320 | INFO | hilo.poisson-kernel : TOP-LEFT:
tensor([[nan, nan, nan],
        [nan, nan, nan],
        [nan, nan, nan]])
2024-01-09 13:45:50,476 | INFO | hilo : Epoch   3/200 | Accuracy:  10.4167 | Loss:      nan
2024-01-09 13:45:50,476 | INFO | hilo.kernel-accessor : Fetching kernel: poisson
2024-01-09 13:45:50,477 | INFO | hilo.poisson-kernel : Calculating Poisson distribution (rate: -0.05124510079622269)
2024-01-09 13:45:50,478 | INFO | hilo.poisson-kernel : BOTTOM-RIGHT:
tensor([[ 3.1877e-07, -2.4882e-05,  1.4566e-03],
        [-2.4882e-05,  1.4566e-03, -5.6850e-02],
        [ 1.4566e-03, -5.6850e-02,  1.1094e+00]])
2024-01-09 13:45:50,478 | INFO | hilo.kernel-accessor : Fetching kernel: poisson
2024-01-09 13:45:50,479 | INFO | hilo.poisson-kernel : Calculating Poisson distribution (rate: nan)
2024-01-09 13:45:50,479 | INFO | hilo.poisson-kernel : TOP-LEFT:
tensor([[nan, nan, nan],
        [nan, nan, nan],
        [nan, nan, nan]])
2024-01-09 13:45:50,479 | INFO | hilo.kernel-accessor : Fetching kernel: poisson
2024-01-09 13:45:50,479 | INFO | hilo.poisson-kernel : Calculating Poisson distribution (rate: nan)
2024-01-09 13:45:50,480 | INFO | hilo.poisson-kernel : BOTTOM-RIGHT:
tensor([[nan, nan, nan],
        [nan, nan, nan],
        [nan, nan, nan]])
2024-01-09 13:45:50,480 | INFO | hilo.kernel-accessor : Fetching kernel: poisson
2024-01-09 13:45:50,481 | INFO | hilo.poisson-kernel : Calculating Poisson distribution (rate: nan)
2024-01-09 13:45:50,481 | INFO | hilo.poisson-kernel : TOP-LEFT:
tensor([[nan, nan, nan],
        [nan, nan, nan],
        [nan, nan, nan]])
2024-01-09 13:45:54,293 | CRITICAL | hilo : Keyboard interrupt detected. Aborting operations.
2024-01-09 13:45:54,293 | INFO | hilo : Exiting...
