2023-10-16 12:31:49,375 | INFO | hi-lo : 
+=========================================================================+
|  ______     ______   ______    ___         ___        ______   _______  |
| /| ___ \  // ____ \ /| ___ \  /| |        /| |      // ____ \ /| ___  \ |
| /| |//\ \ /| |//| | /| |//\ \ /| |        /| |      /| |//| | /| |//| | |
| /| | /| | /| ____ | /| | /| | /| |        /| |      /| ____ | /| ___  / |
| /| |_// / /| |//| | /| |_// / /| |____    /| |____  /| |//| | /| |//\ \ |
| /|_____/  /|_| /|_| /|_____/  /|______|   /|______| /|_| /|_| /|______/ |
| ///////   ///  ///  //////    ////////    ////////  ///  ///  ////////  |
+=========================================================================+
|                  Hi-Lo Resolution Image Classification                  |
|                  -------------------------------------                  |
|                            Gabriel C. Trahan                            |
|                               Sahan Ahmad                               |
|                            MD  Aminual Islam                            |
+=========================================================================+
| MODEL:                      normal | LR:                            0.1 |
| DISTRO:                     cauchy | KERNEL TYPE:                    10 |
| DATASET:                   cifar10 | BATCH SIZE:                     64 |
+=========================================================================+
2023-10-16 12:31:49,376 | INFO | hi-lo : Output directory: output/cauchy//10/normal/cifar10/20231016_123149
2023-10-16 12:31:49,376 | INFO | hi-lo.dataset-accessor : Fetching dataset: cifar10
2023-10-16 12:31:49,376 | INFO | hi-lo.cifar10-dataset : Initializing transform.
2023-10-16 12:31:49,376 | INFO | hi-lo.cifar10-dataset : Verifying/downloading train data.
2023-10-16 12:31:49,985 | INFO | hi-lo.cifar10-dataset : Verifying/downloading test data.
2023-10-16 12:31:50,472 | INFO | hi-lo.cifar10-dataset : Creating train data loader.
2023-10-16 12:31:50,472 | INFO | hi-lo.cifar10-dataset : Creating test data loader.
2023-10-16 12:31:51,450 | INFO | hi-lo : Using device: NVIDIA GeForce GTX 1060 6GB
2023-10-16 12:31:51,450 | INFO | hi-lo : Commencing training phase...
2023-10-16 12:31:51,451 | INFO | hi-lo : BEGIN EPOCH 1 =========================================================================
2023-10-16 12:31:51,451 | INFO | hi-lo.kernel-accessor : Fetching kernel: cauchy
2023-10-16 12:31:51,451 | INFO | hi-lo.cauchy-kernel : CHI (LOCATION): 0.0 | GAMMA (SCALE): 1.0 | VAIRANCE: 1.0
2023-10-16 12:31:51,452 | INFO | hi-lo.cauchy-kernel : TOP-RIGHT
tensor([[0.0901, 0.1351, 0.2703],
        [0.0676, 0.0901, 0.1351],
        [0.0541, 0.0676, 0.0901]])
2023-10-16 12:31:51,452 | INFO | hi-lo.kernel-accessor : Fetching kernel: cauchy
2023-10-16 12:31:51,452 | INFO | hi-lo.cauchy-kernel : CHI (LOCATION): 0.0 | GAMMA (SCALE): 1.0 | VAIRANCE: 1.0
2023-10-16 12:31:51,453 | INFO | hi-lo.cauchy-kernel : TOP-RIGHT
tensor([[0.0901, 0.1351, 0.2703],
        [0.0676, 0.0901, 0.1351],
        [0.0541, 0.0676, 0.0901]])
2023-10-16 12:31:51,453 | INFO | hi-lo.kernel-accessor : Fetching kernel: cauchy
2023-10-16 12:31:51,453 | INFO | hi-lo.cauchy-kernel : CHI (LOCATION): 1 | GAMMA (SCALE): 1 | VAIRANCE: 1
2023-10-16 12:31:51,453 | INFO | hi-lo.cauchy-kernel : STATIC
tensor([[nan, 0., 0.],
        [0., 0., 0.],
        [0., 0., 0.]])
2023-10-16 12:31:51,453 | INFO | hi-lo.kernel-accessor : Fetching kernel: cauchy
2023-10-16 12:31:51,453 | INFO | hi-lo.cauchy-kernel : CHI (LOCATION): 1 | GAMMA (SCALE): 1 | VAIRANCE: 1
2023-10-16 12:31:51,453 | INFO | hi-lo.cauchy-kernel : STATIC
tensor([[nan, 0., 0.],
        [0., 0., 0.],
        [0., 0., 0.]])
2023-10-16 12:32:00,647 | INFO | hi-lo : END EPOCH:   1 | ACCURACY: 10.94 | LOSS: nan
2023-10-16 12:32:00,647 | INFO | hi-lo : BEGIN EPOCH 2 =========================================================================
2023-10-16 12:32:00,648 | INFO | hi-lo.kernel-accessor : Fetching kernel: cauchy
2023-10-16 12:32:00,648 | INFO | hi-lo.cauchy-kernel : CHI (LOCATION): 1 | GAMMA (SCALE): 1 | VAIRANCE: 1
2023-10-16 12:32:00,648 | INFO | hi-lo.cauchy-kernel : STATIC
tensor([[nan, 0., 0.],
        [0., 0., 0.],
        [0., 0., 0.]])
2023-10-16 12:32:00,648 | INFO | hi-lo.kernel-accessor : Fetching kernel: cauchy
2023-10-16 12:32:00,649 | INFO | hi-lo.cauchy-kernel : CHI (LOCATION): nan | GAMMA (SCALE): nan | VAIRANCE: nan
2023-10-16 12:32:00,649 | INFO | hi-lo.cauchy-kernel : BOTTOM-RIGHT
tensor([[nan, nan, nan],
        [nan, nan, nan],
        [nan, nan, nan]])
2023-10-16 12:32:00,649 | INFO | hi-lo.kernel-accessor : Fetching kernel: cauchy
2023-10-16 12:32:00,649 | INFO | hi-lo.cauchy-kernel : CHI (LOCATION): 1 | GAMMA (SCALE): 1 | VAIRANCE: 1
2023-10-16 12:32:00,649 | INFO | hi-lo.cauchy-kernel : STATIC
tensor([[nan, 0., 0.],
        [0., 0., 0.],
        [0., 0., 0.]])
2023-10-16 12:32:00,649 | INFO | hi-lo.kernel-accessor : Fetching kernel: cauchy
2023-10-16 12:32:00,650 | INFO | hi-lo.cauchy-kernel : CHI (LOCATION): 1 | GAMMA (SCALE): 1 | VAIRANCE: 1
2023-10-16 12:32:00,650 | INFO | hi-lo.cauchy-kernel : STATIC
tensor([[nan, 0., 0.],
        [0., 0., 0.],
        [0., 0., 0.]])
2023-10-16 12:32:09,021 | INFO | hi-lo : END EPOCH:   2 | ACCURACY: 10.59 | LOSS: nan
2023-10-16 12:32:09,021 | INFO | hi-lo : BEGIN EPOCH 3 =========================================================================
2023-10-16 12:32:09,021 | INFO | hi-lo.kernel-accessor : Fetching kernel: cauchy
2023-10-16 12:32:09,022 | INFO | hi-lo.cauchy-kernel : CHI (LOCATION): 0.01544103305786848 | GAMMA (SCALE): 0.5200896263122559 | VAIRANCE: 0.27049321939762194
2023-10-16 12:32:09,023 | INFO | hi-lo.cauchy-kernel : TOP-RIGHT
tensor([[0.0576, 0.1036, 0.5096],
        [0.0399, 0.0576, 0.1036],
        [0.0305, 0.0399, 0.0576]])
2023-10-16 12:32:09,023 | INFO | hi-lo.kernel-accessor : Fetching kernel: cauchy
2023-10-16 12:32:09,023 | INFO | hi-lo.cauchy-kernel : CHI (LOCATION): nan | GAMMA (SCALE): nan | VAIRANCE: nan
2023-10-16 12:32:09,023 | INFO | hi-lo.cauchy-kernel : TOP-RIGHT
tensor([[nan, nan, nan],
        [nan, nan, nan],
        [nan, nan, nan]])
2023-10-16 12:32:09,024 | INFO | hi-lo.kernel-accessor : Fetching kernel: cauchy
2023-10-16 12:32:09,024 | INFO | hi-lo.cauchy-kernel : CHI (LOCATION): nan | GAMMA (SCALE): nan | VAIRANCE: nan
2023-10-16 12:32:09,024 | INFO | hi-lo.cauchy-kernel : TOP-RIGHT
tensor([[nan, nan, nan],
        [nan, nan, nan],
        [nan, nan, nan]])
2023-10-16 12:32:09,024 | INFO | hi-lo.kernel-accessor : Fetching kernel: cauchy
2023-10-16 12:32:09,025 | INFO | hi-lo.cauchy-kernel : CHI (LOCATION): nan | GAMMA (SCALE): nan | VAIRANCE: nan
2023-10-16 12:32:09,025 | INFO | hi-lo.cauchy-kernel : TOP-RIGHT
tensor([[nan, nan, nan],
        [nan, nan, nan],
        [nan, nan, nan]])
2023-10-16 12:32:17,419 | INFO | hi-lo : END EPOCH:   3 | ACCURACY: 12.11 | LOSS: nan
2023-10-16 12:32:17,419 | INFO | hi-lo : BEGIN EPOCH 4 =========================================================================
2023-10-16 12:32:17,419 | INFO | hi-lo.kernel-accessor : Fetching kernel: cauchy
2023-10-16 12:32:17,420 | INFO | hi-lo.cauchy-kernel : CHI (LOCATION): -0.03049745410680771 | GAMMA (SCALE): 0.4596022963523865 | VAIRANCE: 0.21123427081238688
2023-10-16 12:32:17,420 | INFO | hi-lo.cauchy-kernel : TOP-RIGHT
tensor([[0.0562, 0.1014, 0.5211],
        [0.0389, 0.0562, 0.1014],
        [0.0297, 0.0389, 0.0562]])
2023-10-16 12:32:17,421 | INFO | hi-lo.kernel-accessor : Fetching kernel: cauchy
2023-10-16 12:32:17,421 | INFO | hi-lo.cauchy-kernel : CHI (LOCATION): 1 | GAMMA (SCALE): 1 | VAIRANCE: 1
2023-10-16 12:32:17,421 | INFO | hi-lo.cauchy-kernel : STATIC
tensor([[nan, 0., 0.],
        [0., 0., 0.],
        [0., 0., 0.]])
2023-10-16 12:32:17,421 | INFO | hi-lo.kernel-accessor : Fetching kernel: cauchy
2023-10-16 12:32:17,422 | INFO | hi-lo.cauchy-kernel : CHI (LOCATION): 1 | GAMMA (SCALE): 1 | VAIRANCE: 1
2023-10-16 12:32:17,422 | INFO | hi-lo.cauchy-kernel : STATIC
tensor([[nan, 0., 0.],
        [0., 0., 0.],
        [0., 0., 0.]])
2023-10-16 12:32:17,422 | INFO | hi-lo.kernel-accessor : Fetching kernel: cauchy
2023-10-16 12:32:17,423 | INFO | hi-lo.cauchy-kernel : CHI (LOCATION): nan | GAMMA (SCALE): nan | VAIRANCE: nan
2023-10-16 12:32:17,423 | INFO | hi-lo.cauchy-kernel : BOTTOM-RIGHT
tensor([[nan, nan, nan],
        [nan, nan, nan],
        [nan, nan, nan]])
2023-10-16 12:32:25,903 | INFO | hi-lo : END EPOCH:   4 | ACCURACY: 12.5 | LOSS: nan
2023-10-16 12:32:25,903 | INFO | hi-lo : BEGIN EPOCH 5 =========================================================================
2023-10-16 12:32:25,903 | INFO | hi-lo.kernel-accessor : Fetching kernel: cauchy
2023-10-16 12:32:25,904 | INFO | hi-lo.cauchy-kernel : CHI (LOCATION): 1 | GAMMA (SCALE): 1 | VAIRANCE: 1
2023-10-16 12:32:25,904 | INFO | hi-lo.cauchy-kernel : STATIC
tensor([[nan, 0., 0.],
        [0., 0., 0.],
        [0., 0., 0.]])
2023-10-16 12:32:25,904 | INFO | hi-lo.kernel-accessor : Fetching kernel: cauchy
2023-10-16 12:32:25,905 | INFO | hi-lo.cauchy-kernel : CHI (LOCATION): 1 | GAMMA (SCALE): 1 | VAIRANCE: 1
2023-10-16 12:32:25,905 | INFO | hi-lo.cauchy-kernel : STATIC
tensor([[nan, 0., 0.],
        [0., 0., 0.],
        [0., 0., 0.]])
2023-10-16 12:32:25,905 | INFO | hi-lo.kernel-accessor : Fetching kernel: cauchy
2023-10-16 12:32:25,905 | INFO | hi-lo.cauchy-kernel : CHI (LOCATION): nan | GAMMA (SCALE): nan | VAIRANCE: nan
2023-10-16 12:32:25,906 | INFO | hi-lo.cauchy-kernel : BOTTOM-RIGHT
tensor([[nan, nan, nan],
        [nan, nan, nan],
        [nan, nan, nan]])
2023-10-16 12:32:25,906 | INFO | hi-lo.kernel-accessor : Fetching kernel: cauchy
2023-10-16 12:32:25,906 | INFO | hi-lo.cauchy-kernel : CHI (LOCATION): nan | GAMMA (SCALE): nan | VAIRANCE: nan
2023-10-16 12:32:25,907 | INFO | hi-lo.cauchy-kernel : TOP-RIGHT
tensor([[nan, nan, nan],
        [nan, nan, nan],
        [nan, nan, nan]])
2023-10-16 12:32:34,264 | INFO | hi-lo : END EPOCH:   5 | ACCURACY: 11.16 | LOSS: nan
2023-10-16 12:32:34,264 | INFO | hi-lo : BEGIN EPOCH 6 =========================================================================
2023-10-16 12:32:34,264 | INFO | hi-lo.kernel-accessor : Fetching kernel: cauchy
2023-10-16 12:32:34,265 | INFO | hi-lo.cauchy-kernel : CHI (LOCATION): 1 | GAMMA (SCALE): 1 | VAIRANCE: 1
2023-10-16 12:32:34,265 | INFO | hi-lo.cauchy-kernel : STATIC
tensor([[nan, 0., 0.],
        [0., 0., 0.],
        [0., 0., 0.]])
2023-10-16 12:32:34,265 | INFO | hi-lo.kernel-accessor : Fetching kernel: cauchy
2023-10-16 12:32:34,266 | INFO | hi-lo.cauchy-kernel : CHI (LOCATION): 1 | GAMMA (SCALE): 1 | VAIRANCE: 1
2023-10-16 12:32:34,266 | INFO | hi-lo.cauchy-kernel : STATIC
tensor([[nan, 0., 0.],
        [0., 0., 0.],
        [0., 0., 0.]])
2023-10-16 12:32:34,266 | INFO | hi-lo.kernel-accessor : Fetching kernel: cauchy
2023-10-16 12:32:34,267 | INFO | hi-lo.cauchy-kernel : CHI (LOCATION): 1 | GAMMA (SCALE): 1 | VAIRANCE: 1
2023-10-16 12:32:34,267 | INFO | hi-lo.cauchy-kernel : STATIC
tensor([[nan, 0., 0.],
        [0., 0., 0.],
        [0., 0., 0.]])
2023-10-16 12:32:34,267 | INFO | hi-lo.kernel-accessor : Fetching kernel: cauchy
2023-10-16 12:32:34,268 | INFO | hi-lo.cauchy-kernel : CHI (LOCATION): nan | GAMMA (SCALE): nan | VAIRANCE: nan
2023-10-16 12:32:34,268 | INFO | hi-lo.cauchy-kernel : BOTTOM-RIGHT
tensor([[nan, nan, nan],
        [nan, nan, nan],
        [nan, nan, nan]])
2023-10-16 12:32:42,735 | INFO | hi-lo : END EPOCH:   6 | ACCURACY: 10.25 | LOSS: nan
2023-10-16 12:32:42,736 | INFO | hi-lo : BEGIN EPOCH 7 =========================================================================
2023-10-16 12:32:42,736 | INFO | hi-lo.kernel-accessor : Fetching kernel: cauchy
2023-10-16 12:32:42,736 | INFO | hi-lo.cauchy-kernel : CHI (LOCATION): 1 | GAMMA (SCALE): 1 | VAIRANCE: 1
2023-10-16 12:32:42,737 | INFO | hi-lo.cauchy-kernel : STATIC
tensor([[nan, 0., 0.],
        [0., 0., 0.],
        [0., 0., 0.]])
2023-10-16 12:32:42,737 | INFO | hi-lo.kernel-accessor : Fetching kernel: cauchy
2023-10-16 12:32:42,738 | INFO | hi-lo.cauchy-kernel : CHI (LOCATION): nan | GAMMA (SCALE): nan | VAIRANCE: nan
2023-10-16 12:32:42,738 | INFO | hi-lo.cauchy-kernel : BOTTOM-RIGHT
tensor([[nan, nan, nan],
        [nan, nan, nan],
        [nan, nan, nan]])
2023-10-16 12:32:42,738 | INFO | hi-lo.kernel-accessor : Fetching kernel: cauchy
2023-10-16 12:32:42,739 | INFO | hi-lo.cauchy-kernel : CHI (LOCATION): nan | GAMMA (SCALE): nan | VAIRANCE: nan
2023-10-16 12:32:42,739 | INFO | hi-lo.cauchy-kernel : BOTTOM-RIGHT
tensor([[nan, nan, nan],
        [nan, nan, nan],
        [nan, nan, nan]])
2023-10-16 12:32:42,739 | INFO | hi-lo.kernel-accessor : Fetching kernel: cauchy
2023-10-16 12:32:42,740 | INFO | hi-lo.cauchy-kernel : CHI (LOCATION): 1 | GAMMA (SCALE): 1 | VAIRANCE: 1
2023-10-16 12:32:42,740 | INFO | hi-lo.cauchy-kernel : STATIC
tensor([[nan, 0., 0.],
        [0., 0., 0.],
        [0., 0., 0.]])
2023-10-16 12:32:51,218 | INFO | hi-lo : END EPOCH:   7 | ACCURACY: 12.34 | LOSS: nan
2023-10-16 12:32:51,218 | INFO | hi-lo : BEGIN EPOCH 8 =========================================================================
2023-10-16 12:32:51,219 | INFO | hi-lo.kernel-accessor : Fetching kernel: cauchy
2023-10-16 12:32:51,219 | INFO | hi-lo.cauchy-kernel : CHI (LOCATION): -0.02329036220908165 | GAMMA (SCALE): 0.5265955328941345 | VAIRANCE: 0.2773028552640575
2023-10-16 12:32:51,220 | INFO | hi-lo.cauchy-kernel : BOTTOM-RIGHT
tensor([[0.0332, 0.0432, 0.0620],
        [0.0432, 0.0620, 0.1097],
        [0.0620, 0.1097, 0.4748]])
2023-10-16 12:32:51,220 | INFO | hi-lo.kernel-accessor : Fetching kernel: cauchy
2023-10-16 12:32:51,220 | INFO | hi-lo.cauchy-kernel : CHI (LOCATION): 1 | GAMMA (SCALE): 1 | VAIRANCE: 1
2023-10-16 12:32:51,221 | INFO | hi-lo.cauchy-kernel : STATIC
tensor([[nan, 0., 0.],
        [0., 0., 0.],
        [0., 0., 0.]])
2023-10-16 12:32:51,221 | INFO | hi-lo.kernel-accessor : Fetching kernel: cauchy
2023-10-16 12:32:51,221 | INFO | hi-lo.cauchy-kernel : CHI (LOCATION): nan | GAMMA (SCALE): nan | VAIRANCE: nan
2023-10-16 12:32:51,222 | INFO | hi-lo.cauchy-kernel : TOP-RIGHT
tensor([[nan, nan, nan],
        [nan, nan, nan],
        [nan, nan, nan]])
2023-10-16 12:32:51,222 | INFO | hi-lo.kernel-accessor : Fetching kernel: cauchy
2023-10-16 12:32:51,222 | INFO | hi-lo.cauchy-kernel : CHI (LOCATION): nan | GAMMA (SCALE): nan | VAIRANCE: nan
2023-10-16 12:32:51,222 | INFO | hi-lo.cauchy-kernel : TOP-RIGHT
tensor([[nan, nan, nan],
        [nan, nan, nan],
        [nan, nan, nan]])
2023-10-16 12:32:59,702 | INFO | hi-lo : END EPOCH:   8 | ACCURACY: 12.5 | LOSS: nan
2023-10-16 12:32:59,702 | INFO | hi-lo : BEGIN EPOCH 9 =========================================================================
2023-10-16 12:32:59,703 | INFO | hi-lo.kernel-accessor : Fetching kernel: cauchy
2023-10-16 12:32:59,703 | INFO | hi-lo.cauchy-kernel : CHI (LOCATION): -0.04611862823367119 | GAMMA (SCALE): 0.5196325182914734 | VAIRANCE: 0.2700179540659384
2023-10-16 12:32:59,704 | INFO | hi-lo.cauchy-kernel : TOP-RIGHT
tensor([[0.0634, 0.1115, 0.4643],
        [0.0443, 0.0634, 0.1115],
        [0.0340, 0.0443, 0.0634]])
2023-10-16 12:32:59,704 | INFO | hi-lo.kernel-accessor : Fetching kernel: cauchy
2023-10-16 12:32:59,704 | INFO | hi-lo.cauchy-kernel : CHI (LOCATION): nan | GAMMA (SCALE): nan | VAIRANCE: nan
2023-10-16 12:32:59,705 | INFO | hi-lo.cauchy-kernel : TOP-RIGHT
tensor([[nan, nan, nan],
        [nan, nan, nan],
        [nan, nan, nan]])
2023-10-16 12:32:59,705 | INFO | hi-lo.kernel-accessor : Fetching kernel: cauchy
2023-10-16 12:32:59,705 | INFO | hi-lo.cauchy-kernel : CHI (LOCATION): 1 | GAMMA (SCALE): 1 | VAIRANCE: 1
2023-10-16 12:32:59,705 | INFO | hi-lo.cauchy-kernel : STATIC
tensor([[nan, 0., 0.],
        [0., 0., 0.],
        [0., 0., 0.]])
2023-10-16 12:32:59,706 | INFO | hi-lo.kernel-accessor : Fetching kernel: cauchy
2023-10-16 12:32:59,706 | INFO | hi-lo.cauchy-kernel : CHI (LOCATION): nan | GAMMA (SCALE): nan | VAIRANCE: nan
2023-10-16 12:32:59,706 | INFO | hi-lo.cauchy-kernel : BOTTOM-RIGHT
tensor([[nan, nan, nan],
        [nan, nan, nan],
        [nan, nan, nan]])
2023-10-16 12:33:08,364 | INFO | hi-lo : END EPOCH:   9 | ACCURACY: 13.28 | LOSS: nan
2023-10-16 12:33:08,364 | INFO | hi-lo : BEGIN EPOCH 10 =========================================================================
2023-10-16 12:33:08,364 | INFO | hi-lo.kernel-accessor : Fetching kernel: cauchy
2023-10-16 12:33:08,365 | INFO | hi-lo.cauchy-kernel : CHI (LOCATION): -0.02562357857823372 | GAMMA (SCALE): 0.5197044014930725 | VAIRANCE: 0.2700926649312727
2023-10-16 12:33:08,365 | INFO | hi-lo.cauchy-kernel : BOTTOM-RIGHT
tensor([[0.0329, 0.0429, 0.0616],
        [0.0429, 0.0616, 0.1091],
        [0.0616, 0.1091, 0.4782]])
2023-10-16 12:33:08,365 | INFO | hi-lo.kernel-accessor : Fetching kernel: cauchy
2023-10-16 12:33:08,365 | INFO | hi-lo.cauchy-kernel : CHI (LOCATION): nan | GAMMA (SCALE): nan | VAIRANCE: nan
2023-10-16 12:33:08,365 | INFO | hi-lo.cauchy-kernel : BOTTOM-RIGHT
tensor([[nan, nan, nan],
        [nan, nan, nan],
        [nan, nan, nan]])
2023-10-16 12:33:08,366 | INFO | hi-lo.kernel-accessor : Fetching kernel: cauchy
2023-10-16 12:33:08,366 | INFO | hi-lo.cauchy-kernel : CHI (LOCATION): nan | GAMMA (SCALE): nan | VAIRANCE: nan
2023-10-16 12:33:08,366 | INFO | hi-lo.cauchy-kernel : TOP-RIGHT
tensor([[nan, nan, nan],
        [nan, nan, nan],
        [nan, nan, nan]])
2023-10-16 12:33:08,366 | INFO | hi-lo.kernel-accessor : Fetching kernel: cauchy
2023-10-16 12:33:08,366 | INFO | hi-lo.cauchy-kernel : CHI (LOCATION): 1 | GAMMA (SCALE): 1 | VAIRANCE: 1
2023-10-16 12:33:08,366 | INFO | hi-lo.cauchy-kernel : STATIC
tensor([[nan, 0., 0.],
        [0., 0., 0.],
        [0., 0., 0.]])
2023-10-16 12:33:16,901 | INFO | hi-lo : END EPOCH:  10 | ACCURACY: 12.5 | LOSS: nan
2023-10-16 12:33:16,901 | INFO | hi-lo : BEGIN EPOCH 11 =========================================================================
2023-10-16 12:33:16,901 | INFO | hi-lo.kernel-accessor : Fetching kernel: cauchy
2023-10-16 12:33:16,902 | INFO | hi-lo.cauchy-kernel : CHI (LOCATION): 0.015616564080119133 | GAMMA (SCALE): 0.4942939281463623 | VAIRANCE: 0.24432648740236118
2023-10-16 12:33:16,902 | INFO | hi-lo.cauchy-kernel : BOTTOM-RIGHT
tensor([[0.0288, 0.0378, 0.0547],
        [0.0378, 0.0547, 0.0992],
        [0.0547, 0.0992, 0.5331]])
2023-10-16 12:33:16,902 | INFO | hi-lo.kernel-accessor : Fetching kernel: cauchy
2023-10-16 12:33:16,903 | INFO | hi-lo.cauchy-kernel : CHI (LOCATION): 1 | GAMMA (SCALE): 1 | VAIRANCE: 1
2023-10-16 12:33:16,903 | INFO | hi-lo.cauchy-kernel : STATIC
tensor([[nan, 0., 0.],
        [0., 0., 0.],
        [0., 0., 0.]])
2023-10-16 12:33:16,903 | INFO | hi-lo.kernel-accessor : Fetching kernel: cauchy
2023-10-16 12:33:16,904 | INFO | hi-lo.cauchy-kernel : CHI (LOCATION): nan | GAMMA (SCALE): nan | VAIRANCE: nan
2023-10-16 12:33:16,904 | INFO | hi-lo.cauchy-kernel : TOP-RIGHT
tensor([[nan, nan, nan],
        [nan, nan, nan],
        [nan, nan, nan]])
2023-10-16 12:33:16,904 | INFO | hi-lo.kernel-accessor : Fetching kernel: cauchy
2023-10-16 12:33:16,905 | INFO | hi-lo.cauchy-kernel : CHI (LOCATION): 1 | GAMMA (SCALE): 1 | VAIRANCE: 1
2023-10-16 12:33:16,905 | INFO | hi-lo.cauchy-kernel : STATIC
tensor([[nan, 0., 0.],
        [0., 0., 0.],
        [0., 0., 0.]])
2023-10-16 12:33:25,337 | INFO | hi-lo : END EPOCH:  11 | ACCURACY: 12.5 | LOSS: nan
2023-10-16 12:33:25,337 | INFO | hi-lo : BEGIN EPOCH 12 =========================================================================
2023-10-16 12:33:25,338 | INFO | hi-lo.kernel-accessor : Fetching kernel: cauchy
2023-10-16 12:33:25,338 | INFO | hi-lo.cauchy-kernel : CHI (LOCATION): -0.08207431435585022 | GAMMA (SCALE): 0.47517699003219604 | VAIRANCE: 0.22579317185605774
2023-10-16 12:33:25,339 | INFO | hi-lo.cauchy-kernel : BOTTOM-RIGHT
tensor([[0.0336, 0.0437, 0.0627],
        [0.0437, 0.0627, 0.1106],
        [0.0627, 0.1106, 0.4698]])
2023-10-16 12:33:25,339 | INFO | hi-lo.kernel-accessor : Fetching kernel: cauchy
2023-10-16 12:33:25,339 | INFO | hi-lo.cauchy-kernel : CHI (LOCATION): 1 | GAMMA (SCALE): 1 | VAIRANCE: 1
2023-10-16 12:33:25,340 | INFO | hi-lo.cauchy-kernel : STATIC
tensor([[nan, 0., 0.],
        [0., 0., 0.],
        [0., 0., 0.]])
2023-10-16 12:33:25,340 | INFO | hi-lo.kernel-accessor : Fetching kernel: cauchy
2023-10-16 12:33:25,340 | INFO | hi-lo.cauchy-kernel : CHI (LOCATION): nan | GAMMA (SCALE): nan | VAIRANCE: nan
2023-10-16 12:33:25,341 | INFO | hi-lo.cauchy-kernel : BOTTOM-RIGHT
tensor([[nan, nan, nan],
        [nan, nan, nan],
        [nan, nan, nan]])
2023-10-16 12:33:25,341 | INFO | hi-lo.kernel-accessor : Fetching kernel: cauchy
2023-10-16 12:33:25,341 | INFO | hi-lo.cauchy-kernel : CHI (LOCATION): nan | GAMMA (SCALE): nan | VAIRANCE: nan
2023-10-16 12:33:25,341 | INFO | hi-lo.cauchy-kernel : TOP-RIGHT
tensor([[nan, nan, nan],
        [nan, nan, nan],
        [nan, nan, nan]])
2023-10-16 12:33:33,857 | INFO | hi-lo : END EPOCH:  12 | ACCURACY: 10.23 | LOSS: nan
2023-10-16 12:33:33,857 | INFO | hi-lo : BEGIN EPOCH 13 =========================================================================
2023-10-16 12:33:33,857 | INFO | hi-lo.kernel-accessor : Fetching kernel: cauchy
2023-10-16 12:33:33,857 | INFO | hi-lo.cauchy-kernel : CHI (LOCATION): 1 | GAMMA (SCALE): 1 | VAIRANCE: 1
2023-10-16 12:33:33,858 | INFO | hi-lo.cauchy-kernel : STATIC
tensor([[nan, 0., 0.],
        [0., 0., 0.],
        [0., 0., 0.]])
2023-10-16 12:33:33,858 | INFO | hi-lo.kernel-accessor : Fetching kernel: cauchy
2023-10-16 12:33:33,859 | INFO | hi-lo.cauchy-kernel : CHI (LOCATION): nan | GAMMA (SCALE): nan | VAIRANCE: nan
2023-10-16 12:33:33,859 | INFO | hi-lo.cauchy-kernel : TOP-RIGHT
tensor([[nan, nan, nan],
        [nan, nan, nan],
        [nan, nan, nan]])
2023-10-16 12:33:33,859 | INFO | hi-lo.kernel-accessor : Fetching kernel: cauchy
2023-10-16 12:33:33,860 | INFO | hi-lo.cauchy-kernel : CHI (LOCATION): nan | GAMMA (SCALE): nan | VAIRANCE: nan
2023-10-16 12:33:33,860 | INFO | hi-lo.cauchy-kernel : BOTTOM-RIGHT
tensor([[nan, nan, nan],
        [nan, nan, nan],
        [nan, nan, nan]])
2023-10-16 12:33:33,860 | INFO | hi-lo.kernel-accessor : Fetching kernel: cauchy
2023-10-16 12:33:33,860 | INFO | hi-lo.cauchy-kernel : CHI (LOCATION): nan | GAMMA (SCALE): nan | VAIRANCE: nan
2023-10-16 12:33:33,861 | INFO | hi-lo.cauchy-kernel : TOP-RIGHT
tensor([[nan, nan, nan],
        [nan, nan, nan],
        [nan, nan, nan]])
2023-10-16 12:33:42,339 | INFO | hi-lo : END EPOCH:  13 | ACCURACY: 11.56 | LOSS: nan
2023-10-16 12:33:42,339 | INFO | hi-lo : BEGIN EPOCH 14 =========================================================================
2023-10-16 12:33:42,340 | INFO | hi-lo.kernel-accessor : Fetching kernel: cauchy
2023-10-16 12:33:42,340 | INFO | hi-lo.cauchy-kernel : CHI (LOCATION): -0.04084167629480362 | GAMMA (SCALE): 0.44768065214157104 | VAIRANCE: 0.20041796630190234
2023-10-16 12:33:42,341 | INFO | hi-lo.cauchy-kernel : BOTTOM-RIGHT
tensor([[0.0297, 0.0388, 0.0561],
        [0.0388, 0.0561, 0.1014],
        [0.0561, 0.1014, 0.5215]])
2023-10-16 12:33:42,341 | INFO | hi-lo.kernel-accessor : Fetching kernel: cauchy
2023-10-16 12:33:42,342 | INFO | hi-lo.cauchy-kernel : CHI (LOCATION): nan | GAMMA (SCALE): nan | VAIRANCE: nan
2023-10-16 12:33:42,342 | INFO | hi-lo.cauchy-kernel : BOTTOM-RIGHT
tensor([[nan, nan, nan],
        [nan, nan, nan],
        [nan, nan, nan]])
2023-10-16 12:33:42,342 | INFO | hi-lo.kernel-accessor : Fetching kernel: cauchy
2023-10-16 12:33:42,342 | INFO | hi-lo.cauchy-kernel : CHI (LOCATION): nan | GAMMA (SCALE): nan | VAIRANCE: nan
2023-10-16 12:33:42,343 | INFO | hi-lo.cauchy-kernel : TOP-RIGHT
tensor([[nan, nan, nan],
        [nan, nan, nan],
        [nan, nan, nan]])
2023-10-16 12:33:42,343 | INFO | hi-lo.kernel-accessor : Fetching kernel: cauchy
2023-10-16 12:33:42,343 | INFO | hi-lo.cauchy-kernel : CHI (LOCATION): nan | GAMMA (SCALE): nan | VAIRANCE: nan
2023-10-16 12:33:42,344 | INFO | hi-lo.cauchy-kernel : BOTTOM-RIGHT
tensor([[nan, nan, nan],
        [nan, nan, nan],
        [nan, nan, nan]])
2023-10-16 12:33:50,976 | INFO | hi-lo : END EPOCH:  14 | ACCURACY: 12.5 | LOSS: nan
2023-10-16 12:33:50,976 | INFO | hi-lo : BEGIN EPOCH 15 =========================================================================
2023-10-16 12:33:50,977 | INFO | hi-lo.kernel-accessor : Fetching kernel: cauchy
2023-10-16 12:33:50,977 | INFO | hi-lo.cauchy-kernel : CHI (LOCATION): 0.011363251134753227 | GAMMA (SCALE): 0.4982752799987793 | VAIRANCE: 0.2482782546578619
2023-10-16 12:33:50,978 | INFO | hi-lo.cauchy-kernel : BOTTOM-RIGHT
tensor([[0.0294, 0.0385, 0.0557],
        [0.0385, 0.0557, 0.1006],
        [0.0557, 0.1006, 0.5255]])
2023-10-16 12:33:50,978 | INFO | hi-lo.kernel-accessor : Fetching kernel: cauchy
2023-10-16 12:33:50,979 | INFO | hi-lo.cauchy-kernel : CHI (LOCATION): 1 | GAMMA (SCALE): 1 | VAIRANCE: 1
2023-10-16 12:33:50,979 | INFO | hi-lo.cauchy-kernel : STATIC
tensor([[nan, 0., 0.],
        [0., 0., 0.],
        [0., 0., 0.]])
2023-10-16 12:33:50,979 | INFO | hi-lo.kernel-accessor : Fetching kernel: cauchy
2023-10-16 12:33:50,980 | INFO | hi-lo.cauchy-kernel : CHI (LOCATION): nan | GAMMA (SCALE): nan | VAIRANCE: nan
2023-10-16 12:33:50,980 | INFO | hi-lo.cauchy-kernel : BOTTOM-RIGHT
tensor([[nan, nan, nan],
        [nan, nan, nan],
        [nan, nan, nan]])
2023-10-16 12:33:50,980 | INFO | hi-lo.kernel-accessor : Fetching kernel: cauchy
2023-10-16 12:33:50,980 | INFO | hi-lo.cauchy-kernel : CHI (LOCATION): 1 | GAMMA (SCALE): 1 | VAIRANCE: 1
2023-10-16 12:33:50,981 | INFO | hi-lo.cauchy-kernel : STATIC
tensor([[nan, 0., 0.],
        [0., 0., 0.],
        [0., 0., 0.]])
2023-10-16 12:33:59,484 | INFO | hi-lo : END EPOCH:  15 | ACCURACY: 11.86 | LOSS: nan
2023-10-16 12:33:59,484 | INFO | hi-lo : BEGIN EPOCH 16 =========================================================================
2023-10-16 12:33:59,485 | INFO | hi-lo.kernel-accessor : Fetching kernel: cauchy
2023-10-16 12:33:59,485 | INFO | hi-lo.cauchy-kernel : CHI (LOCATION): -0.0773705467581749 | GAMMA (SCALE): 0.5076704025268555 | VAIRANCE: 0.25772923760177946
2023-10-16 12:33:59,486 | INFO | hi-lo.cauchy-kernel : BOTTOM-RIGHT
tensor([[0.0350, 0.0454, 0.0649],
        [0.0454, 0.0649, 0.1135],
        [0.0649, 0.1135, 0.4523]])
2023-10-16 12:33:59,486 | INFO | hi-lo.kernel-accessor : Fetching kernel: cauchy
2023-10-16 12:33:59,487 | INFO | hi-lo.cauchy-kernel : CHI (LOCATION): nan | GAMMA (SCALE): nan | VAIRANCE: nan
2023-10-16 12:33:59,487 | INFO | hi-lo.cauchy-kernel : TOP-RIGHT
tensor([[nan, nan, nan],
        [nan, nan, nan],
        [nan, nan, nan]])
2023-10-16 12:33:59,487 | INFO | hi-lo.kernel-accessor : Fetching kernel: cauchy
2023-10-16 12:33:59,487 | INFO | hi-lo.cauchy-kernel : CHI (LOCATION): 1 | GAMMA (SCALE): 1 | VAIRANCE: 1
2023-10-16 12:33:59,488 | INFO | hi-lo.cauchy-kernel : STATIC
tensor([[nan, 0., 0.],
        [0., 0., 0.],
        [0., 0., 0.]])
2023-10-16 12:33:59,488 | INFO | hi-lo.kernel-accessor : Fetching kernel: cauchy
2023-10-16 12:33:59,488 | INFO | hi-lo.cauchy-kernel : CHI (LOCATION): nan | GAMMA (SCALE): nan | VAIRANCE: nan
2023-10-16 12:33:59,488 | INFO | hi-lo.cauchy-kernel : TOP-RIGHT
tensor([[nan, nan, nan],
        [nan, nan, nan],
        [nan, nan, nan]])
2023-10-16 12:34:08,011 | INFO | hi-lo : END EPOCH:  16 | ACCURACY: 15.62 | LOSS: nan
2023-10-16 12:34:08,011 | INFO | hi-lo : BEGIN EPOCH 17 =========================================================================
2023-10-16 12:34:08,011 | INFO | hi-lo.kernel-accessor : Fetching kernel: cauchy
2023-10-16 12:34:08,012 | INFO | hi-lo.cauchy-kernel : CHI (LOCATION): 1 | GAMMA (SCALE): 1 | VAIRANCE: 1
2023-10-16 12:34:08,012 | INFO | hi-lo.cauchy-kernel : STATIC
tensor([[nan, 0., 0.],
        [0., 0., 0.],
        [0., 0., 0.]])
2023-10-16 12:34:08,012 | INFO | hi-lo.kernel-accessor : Fetching kernel: cauchy
2023-10-16 12:34:08,013 | INFO | hi-lo.cauchy-kernel : CHI (LOCATION): nan | GAMMA (SCALE): nan | VAIRANCE: nan
2023-10-16 12:34:08,013 | INFO | hi-lo.cauchy-kernel : BOTTOM-RIGHT
tensor([[nan, nan, nan],
        [nan, nan, nan],
        [nan, nan, nan]])
2023-10-16 12:34:08,013 | INFO | hi-lo.kernel-accessor : Fetching kernel: cauchy
2023-10-16 12:34:08,014 | INFO | hi-lo.cauchy-kernel : CHI (LOCATION): nan | GAMMA (SCALE): nan | VAIRANCE: nan
2023-10-16 12:34:08,014 | INFO | hi-lo.cauchy-kernel : BOTTOM-RIGHT
tensor([[nan, nan, nan],
        [nan, nan, nan],
        [nan, nan, nan]])
2023-10-16 12:34:08,014 | INFO | hi-lo.kernel-accessor : Fetching kernel: cauchy
2023-10-16 12:34:08,015 | INFO | hi-lo.cauchy-kernel : CHI (LOCATION): nan | GAMMA (SCALE): nan | VAIRANCE: nan
2023-10-16 12:34:08,015 | INFO | hi-lo.cauchy-kernel : TOP-RIGHT
tensor([[nan, nan, nan],
        [nan, nan, nan],
        [nan, nan, nan]])
2023-10-16 12:34:16,513 | INFO | hi-lo : END EPOCH:  17 | ACCURACY: 14.84 | LOSS: nan
2023-10-16 12:34:16,513 | INFO | hi-lo : BEGIN EPOCH 18 =========================================================================
2023-10-16 12:34:16,513 | INFO | hi-lo.kernel-accessor : Fetching kernel: cauchy
2023-10-16 12:34:16,513 | INFO | hi-lo.cauchy-kernel : CHI (LOCATION): -0.1308766007423401 | GAMMA (SCALE): 0.44851088523864746 | VAIRANCE: 0.2011620141775552
2023-10-16 12:34:16,514 | INFO | hi-lo.cauchy-kernel : BOTTOM-RIGHT
tensor([[0.0348, 0.0453, 0.0647],
        [0.0453, 0.0647, 0.1132],
        [0.0647, 0.1132, 0.4542]])
2023-10-16 12:34:16,514 | INFO | hi-lo.kernel-accessor : Fetching kernel: cauchy
2023-10-16 12:34:16,514 | INFO | hi-lo.cauchy-kernel : CHI (LOCATION): nan | GAMMA (SCALE): nan | VAIRANCE: nan
2023-10-16 12:34:16,514 | INFO | hi-lo.cauchy-kernel : TOP-RIGHT
tensor([[nan, nan, nan],
        [nan, nan, nan],
        [nan, nan, nan]])
2023-10-16 12:34:16,514 | INFO | hi-lo.kernel-accessor : Fetching kernel: cauchy
2023-10-16 12:34:16,514 | INFO | hi-lo.cauchy-kernel : CHI (LOCATION): nan | GAMMA (SCALE): nan | VAIRANCE: nan
2023-10-16 12:34:16,515 | INFO | hi-lo.cauchy-kernel : BOTTOM-RIGHT
tensor([[nan, nan, nan],
        [nan, nan, nan],
        [nan, nan, nan]])
2023-10-16 12:34:16,515 | INFO | hi-lo.kernel-accessor : Fetching kernel: cauchy
2023-10-16 12:34:16,515 | INFO | hi-lo.cauchy-kernel : CHI (LOCATION): 1 | GAMMA (SCALE): 1 | VAIRANCE: 1
2023-10-16 12:34:16,515 | INFO | hi-lo.cauchy-kernel : STATIC
tensor([[nan, 0., 0.],
        [0., 0., 0.],
        [0., 0., 0.]])
2023-10-16 12:34:25,062 | INFO | hi-lo : END EPOCH:  18 | ACCURACY: 12.5 | LOSS: nan
2023-10-16 12:34:25,062 | INFO | hi-lo : BEGIN EPOCH 19 =========================================================================
2023-10-16 12:34:25,062 | INFO | hi-lo.kernel-accessor : Fetching kernel: cauchy
2023-10-16 12:34:25,063 | INFO | hi-lo.cauchy-kernel : CHI (LOCATION): -0.038740791380405426 | GAMMA (SCALE): 0.4641531705856323 | VAIRANCE: 0.2154381657646951
2023-10-16 12:34:25,063 | INFO | hi-lo.cauchy-kernel : BOTTOM-RIGHT
tensor([[0.0305, 0.0399, 0.0575],
        [0.0399, 0.0575, 0.1034],
        [0.0575, 0.1034, 0.5103]])
2023-10-16 12:34:25,063 | INFO | hi-lo.kernel-accessor : Fetching kernel: cauchy
2023-10-16 12:34:25,063 | INFO | hi-lo.cauchy-kernel : CHI (LOCATION): nan | GAMMA (SCALE): nan | VAIRANCE: nan
2023-10-16 12:34:25,064 | INFO | hi-lo.cauchy-kernel : TOP-RIGHT
tensor([[nan, nan, nan],
        [nan, nan, nan],
        [nan, nan, nan]])
2023-10-16 12:34:25,064 | INFO | hi-lo.kernel-accessor : Fetching kernel: cauchy
2023-10-16 12:34:25,064 | INFO | hi-lo.cauchy-kernel : CHI (LOCATION): 1 | GAMMA (SCALE): 1 | VAIRANCE: 1
2023-10-16 12:34:25,064 | INFO | hi-lo.cauchy-kernel : STATIC
tensor([[nan, 0., 0.],
        [0., 0., 0.],
        [0., 0., 0.]])
2023-10-16 12:34:25,064 | INFO | hi-lo.kernel-accessor : Fetching kernel: cauchy
2023-10-16 12:34:25,064 | INFO | hi-lo.cauchy-kernel : CHI (LOCATION): 1 | GAMMA (SCALE): 1 | VAIRANCE: 1
2023-10-16 12:34:25,065 | INFO | hi-lo.cauchy-kernel : STATIC
tensor([[nan, 0., 0.],
        [0., 0., 0.],
        [0., 0., 0.]])
2023-10-16 12:34:33,596 | INFO | hi-lo : END EPOCH:  19 | ACCURACY: 11.72 | LOSS: nan
2023-10-16 12:34:33,596 | INFO | hi-lo : BEGIN EPOCH 20 =========================================================================
2023-10-16 12:34:33,597 | INFO | hi-lo.kernel-accessor : Fetching kernel: cauchy
2023-10-16 12:34:33,597 | INFO | hi-lo.cauchy-kernel : CHI (LOCATION): -0.012972787022590637 | GAMMA (SCALE): 0.5229818820953369 | VAIRANCE: 0.2735100489999809
2023-10-16 12:34:33,598 | INFO | hi-lo.cauchy-kernel : TOP-RIGHT
tensor([[0.0608, 0.1080, 0.4849],
        [0.0423, 0.0608, 0.1080],
        [0.0324, 0.0423, 0.0608]])
2023-10-16 12:34:33,598 | INFO | hi-lo.kernel-accessor : Fetching kernel: cauchy
2023-10-16 12:34:33,599 | INFO | hi-lo.cauchy-kernel : CHI (LOCATION): 1 | GAMMA (SCALE): 1 | VAIRANCE: 1
2023-10-16 12:34:33,599 | INFO | hi-lo.cauchy-kernel : STATIC
tensor([[nan, 0., 0.],
        [0., 0., 0.],
        [0., 0., 0.]])
2023-10-16 12:34:33,599 | INFO | hi-lo.kernel-accessor : Fetching kernel: cauchy
2023-10-16 12:34:33,600 | INFO | hi-lo.cauchy-kernel : CHI (LOCATION): 1 | GAMMA (SCALE): 1 | VAIRANCE: 1
2023-10-16 12:34:33,600 | INFO | hi-lo.cauchy-kernel : STATIC
tensor([[nan, 0., 0.],
        [0., 0., 0.],
        [0., 0., 0.]])
2023-10-16 12:34:33,600 | INFO | hi-lo.kernel-accessor : Fetching kernel: cauchy
2023-10-16 12:34:33,601 | INFO | hi-lo.cauchy-kernel : CHI (LOCATION): nan | GAMMA (SCALE): nan | VAIRANCE: nan
2023-10-16 12:34:33,601 | INFO | hi-lo.cauchy-kernel : BOTTOM-RIGHT
tensor([[nan, nan, nan],
        [nan, nan, nan],
        [nan, nan, nan]])
2023-10-16 12:34:42,253 | INFO | hi-lo : END EPOCH:  20 | ACCURACY: 13.02 | LOSS: nan
2023-10-16 12:34:42,253 | INFO | hi-lo : BEGIN EPOCH 21 =========================================================================
2023-10-16 12:34:42,253 | INFO | hi-lo.kernel-accessor : Fetching kernel: cauchy
2023-10-16 12:34:42,254 | INFO | hi-lo.cauchy-kernel : CHI (LOCATION): -0.05196603387594223 | GAMMA (SCALE): 0.45344531536102295 | VAIRANCE: 0.20561265402285755
2023-10-16 12:34:42,254 | INFO | hi-lo.cauchy-kernel : TOP-RIGHT
tensor([[0.0579, 0.1039, 0.5075],
        [0.0401, 0.0579, 0.1039],
        [0.0307, 0.0401, 0.0579]])
2023-10-16 12:34:42,255 | INFO | hi-lo.kernel-accessor : Fetching kernel: cauchy
2023-10-16 12:34:42,255 | INFO | hi-lo.cauchy-kernel : CHI (LOCATION): nan | GAMMA (SCALE): nan | VAIRANCE: nan
2023-10-16 12:34:42,255 | INFO | hi-lo.cauchy-kernel : BOTTOM-RIGHT
tensor([[nan, nan, nan],
        [nan, nan, nan],
        [nan, nan, nan]])
2023-10-16 12:34:42,256 | INFO | hi-lo.kernel-accessor : Fetching kernel: cauchy
2023-10-16 12:34:42,256 | INFO | hi-lo.cauchy-kernel : CHI (LOCATION): nan | GAMMA (SCALE): nan | VAIRANCE: nan
2023-10-16 12:34:42,256 | INFO | hi-lo.cauchy-kernel : TOP-RIGHT
tensor([[nan, nan, nan],
        [nan, nan, nan],
        [nan, nan, nan]])
2023-10-16 12:34:42,256 | INFO | hi-lo.kernel-accessor : Fetching kernel: cauchy
2023-10-16 12:34:42,257 | INFO | hi-lo.cauchy-kernel : CHI (LOCATION): nan | GAMMA (SCALE): nan | VAIRANCE: nan
2023-10-16 12:34:42,257 | INFO | hi-lo.cauchy-kernel : BOTTOM-RIGHT
tensor([[nan, nan, nan],
        [nan, nan, nan],
        [nan, nan, nan]])
2023-10-16 12:34:50,821 | INFO | hi-lo : END EPOCH:  21 | ACCURACY: 10.55 | LOSS: nan
2023-10-16 12:34:50,821 | INFO | hi-lo : BEGIN EPOCH 22 =========================================================================
2023-10-16 12:34:50,822 | INFO | hi-lo.kernel-accessor : Fetching kernel: cauchy
2023-10-16 12:34:50,822 | INFO | hi-lo.cauchy-kernel : CHI (LOCATION): -0.04926133155822754 | GAMMA (SCALE): 0.44045528769493103 | VAIRANCE: 0.19400086045842446
2023-10-16 12:34:50,823 | INFO | hi-lo.cauchy-kernel : BOTTOM-RIGHT
tensor([[0.0298, 0.0390, 0.0564],
        [0.0390, 0.0564, 0.1017],
        [0.0564, 0.1017, 0.5198]])
2023-10-16 12:34:50,823 | INFO | hi-lo.kernel-accessor : Fetching kernel: cauchy
2023-10-16 12:34:50,824 | INFO | hi-lo.cauchy-kernel : CHI (LOCATION): nan | GAMMA (SCALE): nan | VAIRANCE: nan
2023-10-16 12:34:50,824 | INFO | hi-lo.cauchy-kernel : BOTTOM-RIGHT
tensor([[nan, nan, nan],
        [nan, nan, nan],
        [nan, nan, nan]])
2023-10-16 12:34:50,824 | INFO | hi-lo.kernel-accessor : Fetching kernel: cauchy
2023-10-16 12:34:50,825 | INFO | hi-lo.cauchy-kernel : CHI (LOCATION): nan | GAMMA (SCALE): nan | VAIRANCE: nan
2023-10-16 12:34:50,825 | INFO | hi-lo.cauchy-kernel : BOTTOM-RIGHT
tensor([[nan, nan, nan],
        [nan, nan, nan],
        [nan, nan, nan]])
2023-10-16 12:34:50,825 | INFO | hi-lo.kernel-accessor : Fetching kernel: cauchy
2023-10-16 12:34:50,825 | INFO | hi-lo.cauchy-kernel : CHI (LOCATION): 1 | GAMMA (SCALE): 1 | VAIRANCE: 1
2023-10-16 12:34:50,826 | INFO | hi-lo.cauchy-kernel : STATIC
tensor([[nan, 0., 0.],
        [0., 0., 0.],
        [0., 0., 0.]])
2023-10-16 12:34:59,396 | INFO | hi-lo : END EPOCH:  22 | ACCURACY: 12.5 | LOSS: nan
2023-10-16 12:34:59,397 | INFO | hi-lo : BEGIN EPOCH 23 =========================================================================
2023-10-16 12:34:59,397 | INFO | hi-lo.kernel-accessor : Fetching kernel: cauchy
2023-10-16 12:34:59,397 | INFO | hi-lo.cauchy-kernel : CHI (LOCATION): 0.06916075199842453 | GAMMA (SCALE): 0.5347018241882324 | VAIRANCE: 0.2859060407902234
2023-10-16 12:34:59,397 | INFO | hi-lo.cauchy-kernel : TOP-RIGHT
tensor([[0.0533, 0.0970, 0.5447],
        [0.0367, 0.0533, 0.0970],
        [0.0280, 0.0367, 0.0533]])
2023-10-16 12:34:59,398 | INFO | hi-lo.kernel-accessor : Fetching kernel: cauchy
2023-10-16 12:34:59,398 | INFO | hi-lo.cauchy-kernel : CHI (LOCATION): nan | GAMMA (SCALE): nan | VAIRANCE: nan
2023-10-16 12:34:59,398 | INFO | hi-lo.cauchy-kernel : TOP-RIGHT
tensor([[nan, nan, nan],
        [nan, nan, nan],
        [nan, nan, nan]])
2023-10-16 12:34:59,398 | INFO | hi-lo.kernel-accessor : Fetching kernel: cauchy
2023-10-16 12:34:59,398 | INFO | hi-lo.cauchy-kernel : CHI (LOCATION): nan | GAMMA (SCALE): nan | VAIRANCE: nan
2023-10-16 12:34:59,398 | INFO | hi-lo.cauchy-kernel : TOP-RIGHT
tensor([[nan, nan, nan],
        [nan, nan, nan],
        [nan, nan, nan]])
2023-10-16 12:34:59,399 | INFO | hi-lo.kernel-accessor : Fetching kernel: cauchy
2023-10-16 12:34:59,399 | INFO | hi-lo.cauchy-kernel : CHI (LOCATION): 1 | GAMMA (SCALE): 1 | VAIRANCE: 1
2023-10-16 12:34:59,399 | INFO | hi-lo.cauchy-kernel : STATIC
tensor([[nan, 0., 0.],
        [0., 0., 0.],
        [0., 0., 0.]])
2023-10-16 12:35:07,929 | INFO | hi-lo : END EPOCH:  23 | ACCURACY: 10.13 | LOSS: nan
2023-10-16 12:35:07,929 | INFO | hi-lo : BEGIN EPOCH 24 =========================================================================
2023-10-16 12:35:07,929 | INFO | hi-lo.kernel-accessor : Fetching kernel: cauchy
2023-10-16 12:35:07,930 | INFO | hi-lo.cauchy-kernel : CHI (LOCATION): 1 | GAMMA (SCALE): 1 | VAIRANCE: 1
2023-10-16 12:35:07,930 | INFO | hi-lo.cauchy-kernel : STATIC
tensor([[nan, 0., 0.],
        [0., 0., 0.],
        [0., 0., 0.]])
2023-10-16 12:35:07,930 | INFO | hi-lo.kernel-accessor : Fetching kernel: cauchy
2023-10-16 12:35:07,930 | INFO | hi-lo.cauchy-kernel : CHI (LOCATION): nan | GAMMA (SCALE): nan | VAIRANCE: nan
2023-10-16 12:35:07,930 | INFO | hi-lo.cauchy-kernel : BOTTOM-RIGHT
tensor([[nan, nan, nan],
        [nan, nan, nan],
        [nan, nan, nan]])
2023-10-16 12:35:07,930 | INFO | hi-lo.kernel-accessor : Fetching kernel: cauchy
2023-10-16 12:35:07,931 | INFO | hi-lo.cauchy-kernel : CHI (LOCATION): nan | GAMMA (SCALE): nan | VAIRANCE: nan
2023-10-16 12:35:07,931 | INFO | hi-lo.cauchy-kernel : TOP-RIGHT
tensor([[nan, nan, nan],
        [nan, nan, nan],
        [nan, nan, nan]])
2023-10-16 12:35:07,931 | INFO | hi-lo.kernel-accessor : Fetching kernel: cauchy
2023-10-16 12:35:07,931 | INFO | hi-lo.cauchy-kernel : CHI (LOCATION): nan | GAMMA (SCALE): nan | VAIRANCE: nan
2023-10-16 12:35:07,931 | INFO | hi-lo.cauchy-kernel : BOTTOM-RIGHT
tensor([[nan, nan, nan],
        [nan, nan, nan],
        [nan, nan, nan]])
2023-10-16 12:35:16,484 | INFO | hi-lo : END EPOCH:  24 | ACCURACY: 12.5 | LOSS: nan
2023-10-16 12:35:16,484 | INFO | hi-lo : BEGIN EPOCH 25 =========================================================================
2023-10-16 12:35:16,484 | INFO | hi-lo.kernel-accessor : Fetching kernel: cauchy
2023-10-16 12:35:16,485 | INFO | hi-lo.cauchy-kernel : CHI (LOCATION): -0.17144176363945007 | GAMMA (SCALE): 0.44336429238319397 | VAIRANCE: 0.1965718957604503
2023-10-16 12:35:16,485 | INFO | hi-lo.cauchy-kernel : BOTTOM-RIGHT
tensor([[0.0365, 0.0474, 0.0674],
        [0.0474, 0.0674, 0.1166],
        [0.0674, 0.1166, 0.4335]])
2023-10-16 12:35:16,486 | INFO | hi-lo.kernel-accessor : Fetching kernel: cauchy
2023-10-16 12:35:16,486 | INFO | hi-lo.cauchy-kernel : CHI (LOCATION): nan | GAMMA (SCALE): nan | VAIRANCE: nan
2023-10-16 12:35:16,486 | INFO | hi-lo.cauchy-kernel : TOP-RIGHT
tensor([[nan, nan, nan],
        [nan, nan, nan],
        [nan, nan, nan]])
2023-10-16 12:35:16,487 | INFO | hi-lo.kernel-accessor : Fetching kernel: cauchy
2023-10-16 12:35:16,487 | INFO | hi-lo.cauchy-kernel : CHI (LOCATION): nan | GAMMA (SCALE): nan | VAIRANCE: nan
2023-10-16 12:35:16,487 | INFO | hi-lo.cauchy-kernel : BOTTOM-RIGHT
tensor([[nan, nan, nan],
        [nan, nan, nan],
        [nan, nan, nan]])
2023-10-16 12:35:16,487 | INFO | hi-lo.kernel-accessor : Fetching kernel: cauchy
2023-10-16 12:35:16,488 | INFO | hi-lo.cauchy-kernel : CHI (LOCATION): 1 | GAMMA (SCALE): 1 | VAIRANCE: 1
2023-10-16 12:35:16,488 | INFO | hi-lo.cauchy-kernel : STATIC
tensor([[nan, 0., 0.],
        [0., 0., 0.],
        [0., 0., 0.]])
2023-10-16 12:35:18,696 | INFO | hi-lo : Keyboard interrupt detected. Aborting operations...
