2023-10-16 11:58:04,292 | INFO | hi-lo : 
+=========================================================================+
|  ______     ______   ______    ___         ___        ______   _______  |
| /| ___ \  // ____ \ /| ___ \  /| |        /| |      // ____ \ /| ___  \ |
| /| |//\ \ /| |//| | /| |//\ \ /| |        /| |      /| |//| | /| |//| | |
| /| | /| | /| ____ | /| | /| | /| |        /| |      /| ____ | /| ___  / |
| /| |_// / /| |//| | /| |_// / /| |____    /| |____  /| |//| | /| |//\ \ |
| /|_____/  /|_| /|_| /|_____/  /|______|   /|______| /|_| /|_| /|______/ |
| ///////   ///  ///  //////    ////////    ////////  ///  ///  ////////  |
+=========================================================================+
|                  Hi-Lo Resolution Image Classification                  |
|                  -------------------------------------                  |
|                            Gabriel C. Trahan                            |
|                               Sahan Ahmad                               |
|                            MD  Aminual Islam                            |
+=========================================================================+
| MODEL:                      normal | LR:                            0.1 |
| DISTRO:                     cauchy | KERNEL TYPE:                     9 |
| DATASET:                   cifar10 | BATCH SIZE:                     64 |
+=========================================================================+
2023-10-16 11:58:04,293 | INFO | hi-lo : Output directory: output/cauchy//9/normal/cifar10/20231016_115804
2023-10-16 11:58:04,293 | INFO | hi-lo.dataset-accessor : Fetching dataset: cifar10
2023-10-16 11:58:04,293 | INFO | hi-lo.cifar10-dataset : Initializing transform.
2023-10-16 11:58:04,293 | INFO | hi-lo.cifar10-dataset : Verifying/downloading train data.
2023-10-16 11:58:04,896 | INFO | hi-lo.cifar10-dataset : Verifying/downloading test data.
2023-10-16 11:58:05,379 | INFO | hi-lo.cifar10-dataset : Creating train data loader.
2023-10-16 11:58:05,379 | INFO | hi-lo.cifar10-dataset : Creating test data loader.
2023-10-16 11:58:06,383 | INFO | hi-lo : Using device: NVIDIA GeForce GTX 1060 6GB
2023-10-16 11:58:06,383 | INFO | hi-lo : Commencing training phase...
2023-10-16 11:58:06,384 | INFO | hi-lo : BEGIN EPOCH 1 =========================================================================
2023-10-16 11:58:06,384 | INFO | hi-lo.kernel-accessor : Fetching kernel: cauchy
2023-10-16 11:58:06,385 | INFO | hi-lo.cauchy-kernel : CHI (LOCATION): 1 | GAMMA (SCALE): 1 | VAIRANCE: 1
2023-10-16 11:58:06,385 | INFO | hi-lo.cauchy-kernel : STATIC
tensor([[nan, 0., 0.],
        [0., 0., 0.],
        [0., 0., 0.]])
2023-10-16 11:58:06,385 | INFO | hi-lo.kernel-accessor : Fetching kernel: cauchy
2023-10-16 11:58:06,385 | INFO | hi-lo.cauchy-kernel : CHI (LOCATION): 0.0 | GAMMA (SCALE): 1.0 | VAIRANCE: 1.0
2023-10-16 11:58:06,386 | INFO | hi-lo.cauchy-kernel : BOTTOM-LEFT
tensor([[0.0901, 0.0676, 0.0541],
        [0.1351, 0.0901, 0.0676],
        [0.2703, 0.1351, 0.0901]])
2023-10-16 11:58:06,386 | INFO | hi-lo.kernel-accessor : Fetching kernel: cauchy
2023-10-16 11:58:06,386 | INFO | hi-lo.cauchy-kernel : CHI (LOCATION): 1 | GAMMA (SCALE): 1 | VAIRANCE: 1
2023-10-16 11:58:06,386 | INFO | hi-lo.cauchy-kernel : STATIC
tensor([[nan, 0., 0.],
        [0., 0., 0.],
        [0., 0., 0.]])
2023-10-16 11:58:06,386 | INFO | hi-lo.kernel-accessor : Fetching kernel: cauchy
2023-10-16 11:58:06,386 | INFO | hi-lo.cauchy-kernel : CHI (LOCATION): 0.0 | GAMMA (SCALE): 1.0 | VAIRANCE: 1.0
2023-10-16 11:58:06,387 | INFO | hi-lo.cauchy-kernel : TOP-LEFT
tensor([[0.2703, 0.1351, 0.0901],
        [0.1351, 0.0901, 0.0676],
        [0.0901, 0.0676, 0.0541]])
2023-10-16 11:58:15,492 | INFO | hi-lo : END EPOCH:   1 | ACCURACY: 12.24 | LOSS: nan
2023-10-16 11:58:15,492 | INFO | hi-lo : BEGIN EPOCH 2 =========================================================================
2023-10-16 11:58:15,492 | INFO | hi-lo.kernel-accessor : Fetching kernel: cauchy
2023-10-16 11:58:15,493 | INFO | hi-lo.cauchy-kernel : CHI (LOCATION): -0.12380944192409515 | GAMMA (SCALE): 0.48103564977645874 | VAIRANCE: 0.23139529635585987
2023-10-16 11:58:15,493 | INFO | hi-lo.cauchy-kernel : TOP-LEFT
tensor([[0.4405, 0.1155, 0.0664],
        [0.1155, 0.0664, 0.0466],
        [0.0664, 0.0466, 0.0359]])
2023-10-16 11:58:15,493 | INFO | hi-lo.kernel-accessor : Fetching kernel: cauchy
2023-10-16 11:58:15,494 | INFO | hi-lo.cauchy-kernel : CHI (LOCATION): 1 | GAMMA (SCALE): 1 | VAIRANCE: 1
2023-10-16 11:58:15,494 | INFO | hi-lo.cauchy-kernel : STATIC
tensor([[nan, 0., 0.],
        [0., 0., 0.],
        [0., 0., 0.]])
2023-10-16 11:58:15,494 | INFO | hi-lo.kernel-accessor : Fetching kernel: cauchy
2023-10-16 11:58:15,494 | INFO | hi-lo.cauchy-kernel : CHI (LOCATION): 1 | GAMMA (SCALE): 1 | VAIRANCE: 1
2023-10-16 11:58:15,495 | INFO | hi-lo.cauchy-kernel : STATIC
tensor([[nan, 0., 0.],
        [0., 0., 0.],
        [0., 0., 0.]])
2023-10-16 11:58:15,495 | INFO | hi-lo.kernel-accessor : Fetching kernel: cauchy
2023-10-16 11:58:15,495 | INFO | hi-lo.cauchy-kernel : CHI (LOCATION): 1 | GAMMA (SCALE): 1 | VAIRANCE: 1
2023-10-16 11:58:15,496 | INFO | hi-lo.cauchy-kernel : STATIC
tensor([[nan, 0., 0.],
        [0., 0., 0.],
        [0., 0., 0.]])
2023-10-16 11:58:23,418 | INFO | hi-lo : Keyboard interrupt detected. Aborting operations...
