2024-03-10 13:30:20,343 | INFO | hilo : 
+==============================================================+
|                                                              |
| ██████╗  █████╗ ██████╗ ██╗         ██╗      █████╗ ██████╗  |
| ██╔══██╗██╔══██╗██╔══██╗██║         ██║     ██╔══██╗██╔══██╗ |
| ██║  ██║███████║██║  ██║██║         ██║     ███████║██████╔╝ |
| ██║  ██║██╔══██║██║  ██║██║         ██║     ██╔══██║██╔══██╗ |
| ██████╔╝██║  ██║██████╔╝███████╗    ███████╗██║  ██║██████╔╝ |
| ╚═════╝ ╚═╝  ╚═╝╚═════╝ ╚══════╝    ╚══════╝╚═╝  ╚═╝╚═════╝  |
+==============================================================+
|             Hi-Lo Resolution Image Classification            |
|             -------------------------------------            |
|                       Gabriel C. Trahan                      |
|                          Sahan Ahmad                         |
|                       MD  Aminual Islam                      |
+==============================================================+
2024-03-10 13:30:21,951 | INFO | hilo.dataset-accessor : Fetching dataset: cifar10
2024-03-10 13:30:21,951 | INFO | hilo.cifar10-dataset : Initializing transform
2024-03-10 13:30:21,951 | INFO | hilo.cifar10-dataset : Verifying/downloading train data
2024-03-10 13:30:22,545 | INFO | hilo.cifar10-dataset : Verifying/downloading test data
2024-03-10 13:30:23,029 | INFO | hilo.cifar10-dataset : Creating train data loader.
2024-03-10 13:30:23,030 | INFO | hilo.cifar10-dataset : Creating test data loader.
2024-03-10 13:30:23,054 | INFO | hilo : Output directory: output/normal/cifar10/None/20240310_133021/
2024-03-10 13:30:23,990 | INFO | hilo : Using device: NVIDIA GeForce GTX 1060 6GB
2024-03-10 13:30:23,990 | INFO | hilo : Exeucting job: MODEL normal | DATASET cifar10 | KERNEL none
2024-03-10 13:30:23,990 | INFO | hilo : Commencing training phase...
2024-03-10 13:30:32,586 | INFO | hilo : Epoch   1/200 | Accuracy:  46.4780 | Loss:   1.3696
2024-03-10 13:30:40,409 | INFO | hilo : Epoch   2/200 | Accuracy:  55.5889 | Loss:   1.2837
2024-03-10 13:30:48,223 | INFO | hilo : Epoch   3/200 | Accuracy:  57.8993 | Loss:   1.3862
2024-03-10 13:30:56,024 | INFO | hilo : Epoch   4/200 | Accuracy:  68.7500 | Loss:   1.4995
2024-03-10 13:31:03,864 | INFO | hilo : Epoch   5/200 | Accuracy:  60.1562 | Loss:   1.0389
2024-03-10 13:31:11,675 | INFO | hilo : Epoch   6/200 | Accuracy:  56.2500 | Loss:   1.2717
2024-03-10 13:31:19,464 | INFO | hilo : Epoch   7/200 | Accuracy:  59.8958 | Loss:   1.3756
2024-03-10 13:31:27,261 | INFO | hilo : Epoch   8/200 | Accuracy:  56.2946 | Loss:   1.3012
2024-03-10 13:31:35,084 | INFO | hilo : Epoch   9/200 | Accuracy:  62.5000 | Loss:   1.3137
2024-03-10 13:31:42,897 | INFO | hilo : Epoch  10/200 | Accuracy:  59.0199 | Loss:   1.2386
2024-03-10 13:31:50,724 | INFO | hilo : Epoch  11/200 | Accuracy:  62.5000 | Loss:   1.2998
2024-03-10 13:31:58,551 | INFO | hilo : Epoch  12/200 | Accuracy:  59.3750 | Loss:   1.1325
2024-03-10 13:32:06,413 | INFO | hilo : Epoch  13/200 | Accuracy:  61.4309 | Loss:   1.1985
2024-03-10 13:32:14,285 | INFO | hilo : Epoch  14/200 | Accuracy:  64.0625 | Loss:   0.9918
2024-03-10 13:32:22,139 | INFO | hilo : Epoch  15/200 | Accuracy:  62.7372 | Loss:   0.9512
2024-03-10 13:32:30,073 | INFO | hilo : Epoch  16/200 | Accuracy:  63.4375 | Loss:   1.1098
2024-03-10 13:32:37,962 | INFO | hilo : Epoch  17/200 | Accuracy:  67.1875 | Loss:   1.0171
2024-03-10 13:32:45,811 | INFO | hilo : Epoch  18/200 | Accuracy:  59.2309 | Loss:   1.1896
2024-03-10 13:32:53,678 | INFO | hilo : Epoch  19/200 | Accuracy:  61.7188 | Loss:   1.0479
2024-03-10 13:33:01,571 | INFO | hilo : Epoch  20/200 | Accuracy:  58.2812 | Loss:   1.4233
2024-03-10 13:33:09,449 | INFO | hilo : Epoch  21/200 | Accuracy:  63.0208 | Loss:   1.1394
2024-03-10 13:33:17,352 | INFO | hilo : Epoch  22/200 | Accuracy:  71.8750 | Loss:   1.1070
2024-03-10 13:33:25,227 | INFO | hilo : Epoch  23/200 | Accuracy:  61.2305 | Loss:   1.2117
2024-03-10 13:33:33,134 | INFO | hilo : Epoch  24/200 | Accuracy:  58.9844 | Loss:   0.9500
2024-03-10 13:33:41,036 | INFO | hilo : Epoch  25/200 | Accuracy:  62.8906 | Loss:   1.2319
2024-03-10 13:33:48,938 | INFO | hilo : Epoch  26/200 | Accuracy:  65.6250 | Loss:   1.1268
2024-03-10 13:33:56,818 | INFO | hilo : Epoch  27/200 | Accuracy:  64.0625 | Loss:   1.2000
2024-03-10 13:34:04,694 | INFO | hilo : Epoch  28/200 | Accuracy:  61.7188 | Loss:   1.2101
2024-03-10 13:34:12,545 | INFO | hilo : Epoch  29/200 | Accuracy:  60.1562 | Loss:   1.1365
2024-03-10 13:34:20,437 | INFO | hilo : Epoch  30/200 | Accuracy:  78.1250 | Loss:   0.6747
2024-03-10 13:34:28,322 | INFO | hilo : Epoch  31/200 | Accuracy:  81.2500 | Loss:   0.5673
2024-03-10 13:34:36,208 | INFO | hilo : Epoch  32/200 | Accuracy:  78.4375 | Loss:   0.3642
2024-03-10 13:34:44,133 | INFO | hilo : Epoch  33/200 | Accuracy:  78.0866 | Loss:   0.3980
2024-03-10 13:34:52,061 | INFO | hilo : Epoch  34/200 | Accuracy:  84.3750 | Loss:   0.3740
2024-03-10 13:34:59,974 | INFO | hilo : Epoch  35/200 | Accuracy:  82.8125 | Loss:   0.1644
2024-03-10 13:35:07,906 | INFO | hilo : Epoch  36/200 | Accuracy:  80.9375 | Loss:   0.1470
2024-03-10 13:35:15,785 | INFO | hilo : Epoch  37/200 | Accuracy:  82.8125 | Loss:   0.1003
2024-03-10 13:35:23,656 | INFO | hilo : Epoch  38/200 | Accuracy:  78.9062 | Loss:   0.0921
2024-03-10 13:35:31,575 | INFO | hilo : Epoch  39/200 | Accuracy:  85.9375 | Loss:   0.0471
2024-03-10 13:35:39,447 | INFO | hilo : Epoch  40/200 | Accuracy:  79.6875 | Loss:   0.0183
2024-03-10 13:35:47,349 | INFO | hilo : Epoch  41/200 | Accuracy:  86.7188 | Loss:   0.0870
2024-03-10 13:35:55,256 | INFO | hilo : Epoch  42/200 | Accuracy:  80.3125 | Loss:   0.0381
2024-03-10 13:36:03,212 | INFO | hilo : Epoch  43/200 | Accuracy:  80.2083 | Loss:   0.0670
2024-03-10 13:36:11,196 | INFO | hilo : Epoch  44/200 | Accuracy:  79.1667 | Loss:   0.0849
2024-03-10 13:36:19,150 | INFO | hilo : Epoch  45/200 | Accuracy:  78.7500 | Loss:   0.0361
2024-03-10 13:36:27,104 | INFO | hilo : Epoch  46/200 | Accuracy:  81.7708 | Loss:   0.1159
2024-03-10 13:36:35,057 | INFO | hilo : Epoch  47/200 | Accuracy:  81.2500 | Loss:   0.0427
2024-03-10 13:36:43,011 | INFO | hilo : Epoch  48/200 | Accuracy:  81.2500 | Loss:   0.0536
2024-03-10 13:36:50,978 | INFO | hilo : Epoch  49/200 | Accuracy:  80.0781 | Loss:   0.0664
2024-03-10 13:36:58,909 | INFO | hilo : Epoch  50/200 | Accuracy:  79.3750 | Loss:   0.0500
2024-03-10 13:37:06,858 | INFO | hilo : Epoch  51/200 | Accuracy:  83.5938 | Loss:   0.0866
2024-03-10 13:37:14,811 | INFO | hilo : Epoch  52/200 | Accuracy:  79.0179 | Loss:   0.0168
2024-03-10 13:37:22,847 | INFO | hilo : Epoch  53/200 | Accuracy:  78.4100 | Loss:   0.0310
2024-03-10 13:37:30,894 | INFO | hilo : Epoch  54/200 | Accuracy:  79.9479 | Loss:   0.0361
2024-03-10 13:37:38,850 | INFO | hilo : Epoch  55/200 | Accuracy:  81.2500 | Loss:   0.0683
2024-03-10 13:37:46,865 | INFO | hilo : Epoch  56/200 | Accuracy:  78.6830 | Loss:   0.1189
2024-03-10 13:37:54,818 | INFO | hilo : Epoch  57/200 | Accuracy:  77.4740 | Loss:   0.0482
2024-03-10 13:38:02,769 | INFO | hilo : Epoch  58/200 | Accuracy:  78.7684 | Loss:   0.0797
2024-03-10 13:38:10,772 | INFO | hilo : Epoch  59/200 | Accuracy:  77.8159 | Loss:   0.1064
2024-03-10 13:38:18,859 | INFO | hilo : Epoch  60/200 | Accuracy:  84.3750 | Loss:   0.0061
2024-03-10 13:38:26,943 | INFO | hilo : Epoch  61/200 | Accuracy:  81.0268 | Loss:   0.0090
2024-03-10 13:38:34,943 | INFO | hilo : Epoch  62/200 | Accuracy:  85.9375 | Loss:   0.0094
2024-03-10 13:38:42,943 | INFO | hilo : Epoch  63/200 | Accuracy:  81.2500 | Loss:   0.0024
2024-03-10 13:38:51,004 | INFO | hilo : Epoch  64/200 | Accuracy:  84.3750 | Loss:   0.0051
2024-03-10 13:38:59,186 | INFO | hilo : Epoch  65/200 | Accuracy:  80.7664 | Loss:   0.0031
2024-03-10 13:39:07,407 | INFO | hilo : Epoch  66/200 | Accuracy:  83.5938 | Loss:   0.0028
2024-03-10 13:39:15,610 | INFO | hilo : Epoch  67/200 | Accuracy:  84.3750 | Loss:   0.0035
2024-03-10 13:39:23,852 | INFO | hilo : Epoch  68/200 | Accuracy:  85.9375 | Loss:   0.0031
2024-03-10 13:39:32,147 | INFO | hilo : Epoch  69/200 | Accuracy:  83.5938 | Loss:   0.0036
2024-03-10 13:39:40,483 | INFO | hilo : Epoch  70/200 | Accuracy:  84.3750 | Loss:   0.0073
2024-03-10 13:39:48,809 | INFO | hilo : Epoch  71/200 | Accuracy:  85.9375 | Loss:   0.0038
2024-03-10 13:39:57,091 | INFO | hilo : Epoch  72/200 | Accuracy:  81.0268 | Loss:   0.0081
2024-03-10 13:40:05,380 | INFO | hilo : Epoch  73/200 | Accuracy:  81.9792 | Loss:   0.0051
2024-03-10 13:40:13,698 | INFO | hilo : Epoch  74/200 | Accuracy:  82.5000 | Loss:   0.0034
2024-03-10 13:40:22,086 | INFO | hilo : Epoch  75/200 | Accuracy:  80.3079 | Loss:   0.0053
2024-03-10 13:40:30,522 | INFO | hilo : Epoch  76/200 | Accuracy:  82.8125 | Loss:   0.0031
2024-03-10 13:40:38,862 | INFO | hilo : Epoch  77/200 | Accuracy:  80.2411 | Loss:   0.0036
2024-03-10 13:40:47,254 | INFO | hilo : Epoch  78/200 | Accuracy:  80.8036 | Loss:   0.0030
2024-03-10 13:40:55,669 | INFO | hilo : Epoch  79/200 | Accuracy:  82.3864 | Loss:   0.0036
2024-03-10 13:41:04,055 | INFO | hilo : Epoch  80/200 | Accuracy:  81.2500 | Loss:   0.0034
2024-03-10 13:41:12,471 | INFO | hilo : Epoch  81/200 | Accuracy:  83.3333 | Loss:   0.0020
2024-03-10 13:41:20,885 | INFO | hilo : Epoch  82/200 | Accuracy:  85.9375 | Loss:   0.0049
2024-03-10 13:41:29,364 | INFO | hilo : Epoch  83/200 | Accuracy:  80.7091 | Loss:   0.0074
2024-03-10 13:41:37,849 | INFO | hilo : Epoch  84/200 | Accuracy:  87.5000 | Loss:   0.0056
2024-03-10 13:41:46,395 | INFO | hilo : Epoch  85/200 | Accuracy:  80.5288 | Loss:   0.0064
2024-03-10 13:41:54,859 | INFO | hilo : Epoch  86/200 | Accuracy:  82.4219 | Loss:   0.0058
2024-03-10 13:42:03,466 | INFO | hilo : Epoch  87/200 | Accuracy:  85.9375 | Loss:   0.0069
2024-03-10 13:42:12,105 | INFO | hilo : Epoch  88/200 | Accuracy:  81.2500 | Loss:   0.0025
2024-03-10 13:42:20,678 | INFO | hilo : Epoch  89/200 | Accuracy:  85.9375 | Loss:   0.0058
2024-03-10 13:42:29,164 | INFO | hilo : Epoch  90/200 | Accuracy:  85.1562 | Loss:   0.0063
2024-03-10 13:42:37,684 | INFO | hilo : Epoch  91/200 | Accuracy:  81.2500 | Loss:   0.0055
2024-03-10 13:42:46,286 | INFO | hilo : Epoch  92/200 | Accuracy:  80.2557 | Loss:   0.0033
2024-03-10 13:42:54,941 | INFO | hilo : Epoch  93/200 | Accuracy:  82.8125 | Loss:   0.0038
2024-03-10 13:43:03,634 | INFO | hilo : Epoch  94/200 | Accuracy:  81.5918 | Loss:   0.0042
2024-03-10 13:43:12,271 | INFO | hilo : Epoch  95/200 | Accuracy:  81.8080 | Loss:   0.0041
2024-03-10 13:43:21,017 | INFO | hilo : Epoch  96/200 | Accuracy:  81.8182 | Loss:   0.0041
2024-03-10 13:43:29,702 | INFO | hilo : Epoch  97/200 | Accuracy:  82.0312 | Loss:   0.0041
2024-03-10 13:43:38,421 | INFO | hilo : Epoch  98/200 | Accuracy:  84.3750 | Loss:   0.0059
2024-03-10 13:43:47,200 | INFO | hilo : Epoch  99/200 | Accuracy:  82.8125 | Loss:   0.0053
2024-03-10 13:43:55,974 | INFO | hilo : Epoch 100/200 | Accuracy:  84.3750 | Loss:   0.0032
2024-03-10 13:44:04,806 | INFO | hilo : Epoch 101/200 | Accuracy:  87.5000 | Loss:   0.0035
2024-03-10 13:44:13,629 | INFO | hilo : Epoch 102/200 | Accuracy:  82.8125 | Loss:   0.0028
2024-03-10 13:44:22,557 | INFO | hilo : Epoch 103/200 | Accuracy:  81.2500 | Loss:   0.0041
2024-03-10 13:44:31,404 | INFO | hilo : Epoch 104/200 | Accuracy:  84.3750 | Loss:   0.0042
2024-03-10 13:44:40,227 | INFO | hilo : Epoch 105/200 | Accuracy:  80.3102 | Loss:   0.0054
2024-03-10 13:44:49,095 | INFO | hilo : Epoch 106/200 | Accuracy:  81.6406 | Loss:   0.0061
2024-03-10 13:44:58,020 | INFO | hilo : Epoch 107/200 | Accuracy:  90.6250 | Loss:   0.0045
2024-03-10 13:45:06,916 | INFO | hilo : Epoch 108/200 | Accuracy:  83.5938 | Loss:   0.0039
2024-03-10 13:45:15,944 | INFO | hilo : Epoch 109/200 | Accuracy:  80.9375 | Loss:   0.0082
2024-03-10 13:45:24,878 | INFO | hilo : Epoch 110/200 | Accuracy:  87.5000 | Loss:   0.0062
2024-03-10 13:45:33,856 | INFO | hilo : Epoch 111/200 | Accuracy:  81.5625 | Loss:   0.0056
2024-03-10 13:45:42,842 | INFO | hilo : Epoch 112/200 | Accuracy:  82.0312 | Loss:   0.0039
2024-03-10 13:45:51,760 | INFO | hilo : Epoch 113/200 | Accuracy:  82.8125 | Loss:   0.0045
2024-03-10 13:46:00,687 | INFO | hilo : Epoch 114/200 | Accuracy:  80.5831 | Loss:   0.0052
2024-03-10 13:46:09,488 | INFO | hilo : Epoch 115/200 | Accuracy:  84.3750 | Loss:   0.0047
2024-03-10 13:46:18,318 | INFO | hilo : Epoch 116/200 | Accuracy:  80.4749 | Loss:   0.0050
2024-03-10 13:46:27,295 | INFO | hilo : Epoch 117/200 | Accuracy:  89.0625 | Loss:   0.0050
2024-03-10 13:46:36,198 | INFO | hilo : Epoch 118/200 | Accuracy:  84.3750 | Loss:   0.0046
2024-03-10 13:46:45,053 | INFO | hilo : Epoch 119/200 | Accuracy:  82.0312 | Loss:   0.0060
2024-03-10 13:46:53,952 | INFO | hilo : Epoch 120/200 | Accuracy:  81.9293 | Loss:   0.0045
2024-03-10 13:47:02,857 | INFO | hilo : Epoch 121/200 | Accuracy:  81.0625 | Loss:   0.0051
2024-03-10 13:47:11,777 | INFO | hilo : Epoch 122/200 | Accuracy:  80.4801 | Loss:   0.0050
2024-03-10 13:47:20,675 | INFO | hilo : Epoch 123/200 | Accuracy:  80.9066 | Loss:   0.0038
2024-03-10 13:47:29,648 | INFO | hilo : Epoch 124/200 | Accuracy:  81.9010 | Loss:   0.0049
2024-03-10 13:47:38,671 | INFO | hilo : Epoch 125/200 | Accuracy:  84.3750 | Loss:   0.0032
2024-03-10 13:47:47,677 | INFO | hilo : Epoch 126/200 | Accuracy:  81.2500 | Loss:   0.0053
2024-03-10 13:47:56,680 | INFO | hilo : Epoch 127/200 | Accuracy:  80.4749 | Loss:   0.0082
2024-03-10 13:48:05,704 | INFO | hilo : Epoch 128/200 | Accuracy:  81.2500 | Loss:   0.0027
2024-03-10 13:48:14,688 | INFO | hilo : Epoch 129/200 | Accuracy:  82.8125 | Loss:   0.0041
2024-03-10 13:48:23,793 | INFO | hilo : Epoch 130/200 | Accuracy:  84.3750 | Loss:   0.0064
2024-03-10 13:48:32,938 | INFO | hilo : Epoch 131/200 | Accuracy:  92.1875 | Loss:   0.0102
2024-03-10 13:48:42,152 | INFO | hilo : Epoch 132/200 | Accuracy:  80.9832 | Loss:   0.0041
2024-03-10 13:48:51,370 | INFO | hilo : Epoch 133/200 | Accuracy:  81.1719 | Loss:   0.0079
2024-03-10 13:49:00,733 | INFO | hilo : Epoch 134/200 | Accuracy:  82.1429 | Loss:   0.0060
2024-03-10 13:49:09,983 | INFO | hilo : Epoch 135/200 | Accuracy:  80.8036 | Loss:   0.0048
2024-03-10 13:49:19,230 | INFO | hilo : Epoch 136/200 | Accuracy:  81.2500 | Loss:   0.0059
2024-03-10 13:49:28,479 | INFO | hilo : Epoch 137/200 | Accuracy:  84.3750 | Loss:   0.0052
2024-03-10 13:49:37,767 | INFO | hilo : Epoch 138/200 | Accuracy:  81.3750 | Loss:   0.0058
2024-03-10 13:49:47,062 | INFO | hilo : Epoch 139/200 | Accuracy:  83.2031 | Loss:   0.0074
2024-03-10 13:49:56,437 | INFO | hilo : Epoch 140/200 | Accuracy:  81.3039 | Loss:   0.0057
2024-03-10 13:50:05,649 | INFO | hilo : Epoch 141/200 | Accuracy:  85.9375 | Loss:   0.0055
2024-03-10 13:50:14,956 | INFO | hilo : Epoch 142/200 | Accuracy:  87.5000 | Loss:   0.0052
2024-03-10 13:50:24,238 | INFO | hilo : Epoch 143/200 | Accuracy:  82.8125 | Loss:   0.0053
2024-03-10 13:50:33,580 | INFO | hilo : Epoch 144/200 | Accuracy:  82.4405 | Loss:   0.0055
2024-03-10 13:50:42,908 | INFO | hilo : Epoch 145/200 | Accuracy:  85.9375 | Loss:   0.0043
2024-03-10 13:50:52,278 | INFO | hilo : Epoch 146/200 | Accuracy:  85.9375 | Loss:   0.0043
2024-03-10 13:51:01,696 | INFO | hilo : Epoch 147/200 | Accuracy:  92.1875 | Loss:   0.0049
2024-03-10 13:51:11,146 | INFO | hilo : Epoch 148/200 | Accuracy:  84.3750 | Loss:   0.0052
2024-03-10 13:51:20,547 | INFO | hilo : Epoch 149/200 | Accuracy:  81.1141 | Loss:   0.0054
2024-03-10 13:51:29,999 | INFO | hilo : Epoch 150/200 | Accuracy:  82.4353 | Loss:   0.0051
2024-03-10 13:51:39,509 | INFO | hilo : Epoch 151/200 | Accuracy:  81.6667 | Loss:   0.0061
2024-03-10 13:51:49,026 | INFO | hilo : Epoch 152/200 | Accuracy:  81.6489 | Loss:   0.0062
2024-03-10 13:51:58,464 | INFO | hilo : Epoch 153/200 | Accuracy:  80.4688 | Loss:   0.0046
2024-03-10 13:52:07,994 | INFO | hilo : Epoch 154/200 | Accuracy:  80.2200 | Loss:   0.0084
2024-03-10 13:52:17,470 | INFO | hilo : Epoch 155/200 | Accuracy:  83.5938 | Loss:   0.0064
2024-03-10 13:52:27,021 | INFO | hilo : Epoch 156/200 | Accuracy:  80.5625 | Loss:   0.0046
2024-03-10 13:52:36,556 | INFO | hilo : Epoch 157/200 | Accuracy:  85.9375 | Loss:   0.0057
2024-03-10 13:52:46,061 | INFO | hilo : Epoch 158/200 | Accuracy:  82.8125 | Loss:   0.0066
2024-03-10 13:52:55,599 | INFO | hilo : Epoch 159/200 | Accuracy:  80.4688 | Loss:   0.0017
2024-03-10 13:53:05,073 | INFO | hilo : Epoch 160/200 | Accuracy:  82.8125 | Loss:   0.0056
2024-03-10 13:53:14,672 | INFO | hilo : Epoch 161/200 | Accuracy:  82.8125 | Loss:   0.0083
2024-03-10 13:53:24,276 | INFO | hilo : Epoch 162/200 | Accuracy:  84.3750 | Loss:   0.0049
2024-03-10 13:53:33,867 | INFO | hilo : Epoch 163/200 | Accuracy:  82.2917 | Loss:   0.0051
2024-03-10 13:53:43,495 | INFO | hilo : Epoch 164/200 | Accuracy:  85.9375 | Loss:   0.0041
2024-03-10 13:53:53,209 | INFO | hilo : Epoch 165/200 | Accuracy:  85.9375 | Loss:   0.0054
2024-03-10 13:54:02,759 | INFO | hilo : Epoch 166/200 | Accuracy:  80.6250 | Loss:   0.0044
2024-03-10 13:54:12,440 | INFO | hilo : Epoch 167/200 | Accuracy:  80.8093 | Loss:   0.0047
2024-03-10 13:54:22,105 | INFO | hilo : Epoch 168/200 | Accuracy:  85.1562 | Loss:   0.0042
2024-03-10 13:54:31,870 | INFO | hilo : Epoch 169/200 | Accuracy:  81.0547 | Loss:   0.0054
2024-03-10 13:54:41,546 | INFO | hilo : Epoch 170/200 | Accuracy:  81.2500 | Loss:   0.0043
2024-03-10 13:54:51,200 | INFO | hilo : Epoch 171/200 | Accuracy:  80.3950 | Loss:   0.0067
2024-03-10 13:55:00,901 | INFO | hilo : Epoch 172/200 | Accuracy:  84.0625 | Loss:   0.0059
2024-03-10 13:55:10,645 | INFO | hilo : Epoch 173/200 | Accuracy:  82.8125 | Loss:   0.0052
2024-03-10 13:55:20,454 | INFO | hilo : Epoch 174/200 | Accuracy:  83.8542 | Loss:   0.0041
2024-03-10 13:55:30,262 | INFO | hilo : Epoch 175/200 | Accuracy:  81.6176 | Loss:   0.0042
2024-03-10 13:55:40,013 | INFO | hilo : Epoch 176/200 | Accuracy:  89.0625 | Loss:   0.0066
2024-03-10 13:55:49,862 | INFO | hilo : Epoch 177/200 | Accuracy:  82.8125 | Loss:   0.0029
2024-03-10 13:55:59,752 | INFO | hilo : Epoch 178/200 | Accuracy:  83.2031 | Loss:   0.0048
2024-03-10 13:56:09,670 | INFO | hilo : Epoch 179/200 | Accuracy:  82.5000 | Loss:   0.0073
2024-03-10 13:56:19,525 | INFO | hilo : Epoch 180/200 | Accuracy:  81.3920 | Loss:   0.0062
2024-03-10 13:56:29,431 | INFO | hilo : Epoch 181/200 | Accuracy:  80.4228 | Loss:   0.0044
2024-03-10 13:56:39,451 | INFO | hilo : Epoch 182/200 | Accuracy:  81.0330 | Loss:   0.0045
2024-03-10 13:56:49,506 | INFO | hilo : Epoch 183/200 | Accuracy:  82.8125 | Loss:   0.0070
2024-03-10 13:56:59,585 | INFO | hilo : Epoch 184/200 | Accuracy:  82.4449 | Loss:   0.0022
2024-03-10 13:57:09,638 | INFO | hilo : Epoch 185/200 | Accuracy:  81.5848 | Loss:   0.0051
2024-03-10 13:57:19,677 | INFO | hilo : Epoch 186/200 | Accuracy:  80.3448 | Loss:   0.0047
2024-03-10 13:57:29,588 | INFO | hilo : Epoch 187/200 | Accuracy:  80.8036 | Loss:   0.0054
2024-03-10 13:57:39,520 | INFO | hilo : Epoch 188/200 | Accuracy:  81.4732 | Loss:   0.0084
2024-03-10 13:57:49,480 | INFO | hilo : Epoch 189/200 | Accuracy:  80.4688 | Loss:   0.0076
2024-03-10 13:57:59,405 | INFO | hilo : Epoch 190/200 | Accuracy:  87.5000 | Loss:   0.0048
2024-03-10 13:58:09,442 | INFO | hilo : Epoch 191/200 | Accuracy:  85.9375 | Loss:   0.0083
2024-03-10 13:58:19,450 | INFO | hilo : Epoch 192/200 | Accuracy:  84.8958 | Loss:   0.0049
2024-03-10 13:58:29,522 | INFO | hilo : Epoch 193/200 | Accuracy:  82.8125 | Loss:   0.0047
2024-03-10 13:58:39,422 | INFO | hilo : Epoch 194/200 | Accuracy:  84.3750 | Loss:   0.0066
2024-03-10 13:58:49,373 | INFO | hilo : Epoch 195/200 | Accuracy:  81.2500 | Loss:   0.0046
2024-03-10 13:58:59,303 | INFO | hilo : Epoch 196/200 | Accuracy:  80.6784 | Loss:   0.0082
2024-03-10 13:59:09,264 | INFO | hilo : Epoch 197/200 | Accuracy:  81.5625 | Loss:   0.0038
2024-03-10 13:59:19,242 | INFO | hilo : Epoch 198/200 | Accuracy:  84.3750 | Loss:   0.0056
2024-03-10 13:59:29,203 | INFO | hilo : Epoch 199/200 | Accuracy:  81.7708 | Loss:   0.0055
2024-03-10 13:59:39,182 | INFO | hilo : Epoch 200/200 | Accuracy:  80.3722 | Loss:   0.0044
2024-03-10 13:59:39,183 | INFO | hilo : Commencing testing phase...
2024-03-10 13:59:40,647 | INFO | hilo : Test Accuracy: 80.28
2024-03-10 13:59:40,648 | INFO | hilo : Best accuracy of 92.1875% @ epoch 131
2024-03-10 13:59:40,649 | INFO | hilo : Recording job results in output/results.csv
2024-03-10 13:59:40,657 | INFO | hilo : Saving training report to output/normal/cifar10/None/20240310_133021//training_report.csv
2024-03-10 13:59:40,659 | INFO | hilo : Saving accuracy graph to output/normal/cifar10/None/20240310_133021//training_graph.jpg
2024-03-10 13:59:40,827 | INFO | hilo.normal-cnn : Saving model layer data to output/normal/cifar10/None/20240310_133021//model_layers.csv
2024-03-10 13:59:42,105 | INFO | hilo : Job complete: MODEL normal | DATASET cifar10 | KERNEL none
2024-03-10 13:59:42,105 | INFO | hilo : Exiting...
