2023-12-27 17:53:29,898 | INFO | hilo : 
+==============================================================+
|                                                              |
| ██████╗  █████╗ ██████╗ ██╗         ██╗      █████╗ ██████╗  |
| ██╔══██╗██╔══██╗██╔══██╗██║         ██║     ██╔══██╗██╔══██╗ |
| ██║  ██║███████║██║  ██║██║         ██║     ███████║██████╔╝ |
| ██║  ██║██╔══██║██║  ██║██║         ██║     ██╔══██║██╔══██╗ |
| ██████╔╝██║  ██║██████╔╝███████╗    ███████╗██║  ██║██████╔╝ |
| ╚═════╝ ╚═╝  ╚═╝╚═════╝ ╚══════╝    ╚══════╝╚═╝  ╚═╝╚═════╝  |
+==============================================================+
|             Hi-Lo Resolution Image Classification            |
|             -------------------------------------            |
|                       Gabriel C. Trahan                      |
|                          Sahan Ahmad                         |
|                       MD  Aminual Islam                      |
+==============================================================+
2023-12-27 17:53:31,477 | INFO | hilo.dataset-accessor : Fetching dataset: cifar10
2023-12-27 17:53:31,477 | INFO | hilo.cifar10-dataset : Initializing transform
2023-12-27 17:53:31,477 | INFO | hilo.cifar10-dataset : Verifying/downloading train data
2023-12-27 17:53:32,077 | INFO | hilo.cifar10-dataset : Verifying/downloading test data
2023-12-27 17:53:32,555 | INFO | hilo.cifar10-dataset : Creating train data loader.
2023-12-27 17:53:32,556 | INFO | hilo.cifar10-dataset : Creating test data loader.
2023-12-27 17:53:32,792 | INFO | hilo : Output directory: output/vgg/cifar10/None/20231227_175331/
2023-12-27 17:53:32,816 | INFO | hilo : Using device: NVIDIA GeForce GTX 1060 6GB
2023-12-27 17:53:33,812 | INFO | hilo : Exeucting job: MODEL vgg | DATASET cifar10 | KERNEL none
2023-12-27 17:53:33,812 | INFO | hilo : Commencing training phase...
2023-12-27 17:53:34,941 | ERROR | hilo : An error occured: Given groups=1, weight of size [128, 64, 3, 3], expected input[64, 128, 8, 8] to have 64 channels, but got 128 channels instead
2023-12-27 17:53:34,942 | INFO | hilo : Exiting...
