2024-03-11 11:22:38,728 | INFO | hilo : 
+==============================================================+
|                                                              |
| ██████╗  █████╗ ██████╗ ██╗         ██╗      █████╗ ██████╗  |
| ██╔══██╗██╔══██╗██╔══██╗██║         ██║     ██╔══██╗██╔══██╗ |
| ██║  ██║███████║██║  ██║██║         ██║     ███████║██████╔╝ |
| ██║  ██║██╔══██║██║  ██║██║         ██║     ██╔══██║██╔══██╗ |
| ██████╔╝██║  ██║██████╔╝███████╗    ███████╗██║  ██║██████╔╝ |
| ╚═════╝ ╚═╝  ╚═╝╚═════╝ ╚══════╝    ╚══════╝╚═╝  ╚═╝╚═════╝  |
+==============================================================+
|             Hi-Lo Resolution Image Classification            |
|             -------------------------------------            |
|                       Gabriel C. Trahan                      |
|                          Sahan Ahmad                         |
|                       MD  Aminual Islam                      |
+==============================================================+
2024-03-11 11:22:40,306 | INFO | hilo.dataset-accessor : Fetching dataset: cifar10
2024-03-11 11:22:40,306 | INFO | hilo.cifar10-dataset : Initializing transform
2024-03-11 11:22:40,306 | INFO | hilo.cifar10-dataset : Verifying/downloading train data
2024-03-11 11:22:40,906 | INFO | hilo.cifar10-dataset : Verifying/downloading test data
2024-03-11 11:22:41,385 | INFO | hilo.cifar10-dataset : Creating train data loader.
2024-03-11 11:22:41,385 | INFO | hilo.cifar10-dataset : Creating test data loader.
2024-03-11 11:22:41,623 | INFO | hilo : Output directory: output/vgg/cifar10/None/20240311_112240/
2024-03-11 11:22:42,609 | INFO | hilo : Using device: NVIDIA GeForce GTX 1060 6GB
2024-03-11 11:22:42,609 | INFO | hilo : Exeucting job: MODEL vgg | DATASET cifar10 | KERNEL none
2024-03-11 11:22:42,609 | INFO | hilo : Commencing training phase...
2024-03-11 11:23:22,292 | INFO | hilo : Epoch   1/200 | Accuracy:  28.9062 | Loss:   2.3427
2024-03-11 11:24:01,185 | INFO | hilo : Epoch   2/200 | Accuracy:  29.6875 | Loss:   1.7498
2024-03-11 11:24:40,064 | INFO | hilo : Epoch   3/200 | Accuracy:  37.5000 | Loss:   2.0654
2024-03-11 11:25:18,949 | INFO | hilo : Epoch   4/200 | Accuracy:  42.1875 | Loss:   1.9422
2024-03-11 11:25:57,926 | INFO | hilo : Epoch   5/200 | Accuracy:  37.5000 | Loss:   1.7299
2024-03-11 11:26:36,876 | INFO | hilo : Epoch   6/200 | Accuracy:  33.4821 | Loss:   1.8265
2024-03-11 11:27:15,806 | INFO | hilo : Epoch   7/200 | Accuracy:  39.0625 | Loss:   1.7153
2024-03-11 11:27:54,724 | INFO | hilo : Epoch   8/200 | Accuracy:  42.1875 | Loss:   1.5554
2024-03-11 11:28:33,678 | INFO | hilo : Epoch   9/200 | Accuracy:  34.4547 | Loss:   1.8596
2024-03-11 11:29:12,670 | INFO | hilo : Epoch  10/200 | Accuracy:  31.2500 | Loss:   1.6838
2024-03-11 11:29:51,662 | INFO | hilo : Epoch  11/200 | Accuracy:  43.7500 | Loss:   1.6506
2024-03-11 11:30:30,650 | INFO | hilo : Epoch  12/200 | Accuracy:  38.8000 | Loss:   1.7687
2024-03-11 11:31:09,667 | INFO | hilo : Epoch  13/200 | Accuracy:  36.7188 | Loss:   1.5485
2024-03-11 11:31:48,672 | INFO | hilo : Epoch  14/200 | Accuracy:  54.6875 | Loss:   1.6306
2024-03-11 11:32:27,730 | INFO | hilo : Epoch  15/200 | Accuracy:  41.2760 | Loss:   1.4101
2024-03-11 11:33:06,695 | INFO | hilo : Epoch  16/200 | Accuracy:  50.0000 | Loss:   1.7955
2024-03-11 11:33:45,818 | INFO | hilo : Epoch  17/200 | Accuracy:  46.8750 | Loss:   1.4373
2024-03-11 11:34:24,907 | INFO | hilo : Epoch  18/200 | Accuracy:  37.4081 | Loss:   1.5871
2024-03-11 11:35:03,992 | INFO | hilo : Epoch  19/200 | Accuracy:  46.4535 | Loss:   1.6208
2024-03-11 11:35:43,167 | INFO | hilo : Epoch  20/200 | Accuracy:  41.1458 | Loss:   1.7052
2024-03-11 11:36:22,322 | INFO | hilo : Epoch  21/200 | Accuracy:  48.8636 | Loss:   1.6339
2024-03-11 11:37:01,421 | INFO | hilo : Epoch  22/200 | Accuracy:  31.0764 | Loss:   1.8029
2024-03-11 11:37:40,597 | INFO | hilo : Epoch  23/200 | Accuracy:  39.5433 | Loss:   1.9460
2024-03-11 11:38:19,766 | INFO | hilo : Epoch  24/200 | Accuracy:  53.1250 | Loss:   1.6318
2024-03-11 11:38:58,966 | INFO | hilo : Epoch  25/200 | Accuracy:  26.5625 | Loss:   1.8092
2024-03-11 11:39:38,130 | INFO | hilo : Epoch  26/200 | Accuracy:  43.7500 | Loss:   1.3713
2024-03-11 11:40:17,370 | INFO | hilo : Epoch  27/200 | Accuracy:  42.8125 | Loss:   1.6336
2024-03-11 11:40:56,608 | INFO | hilo : Epoch  28/200 | Accuracy:  38.6719 | Loss:   1.5248
2024-03-11 11:41:35,811 | INFO | hilo : Epoch  29/200 | Accuracy:  45.3125 | Loss:   1.7204
2024-03-11 11:42:15,050 | INFO | hilo : Epoch  30/200 | Accuracy:  35.1562 | Loss:   1.8066
2024-03-11 11:42:54,422 | INFO | hilo : Epoch  31/200 | Accuracy:  41.4062 | Loss:   1.6332
2024-03-11 11:43:33,739 | INFO | hilo : Epoch  32/200 | Accuracy:  40.6250 | Loss:   1.7207
2024-03-11 11:44:13,160 | INFO | hilo : Epoch  33/200 | Accuracy:  32.8125 | Loss:   1.5717
2024-03-11 11:44:52,588 | INFO | hilo : Epoch  34/200 | Accuracy:  33.7021 | Loss:   1.6726
2024-03-11 11:45:32,150 | INFO | hilo : Epoch  35/200 | Accuracy:  30.7292 | Loss:   1.7570
2024-03-11 11:46:11,625 | INFO | hilo : Epoch  36/200 | Accuracy:  38.3413 | Loss:   1.7563
2024-03-11 11:46:51,085 | INFO | hilo : Epoch  37/200 | Accuracy:  41.7969 | Loss:   1.6301
2024-03-11 11:47:30,523 | INFO | hilo : Epoch  38/200 | Accuracy:  37.5000 | Loss:   1.7083
2024-03-11 11:48:10,021 | INFO | hilo : Epoch  39/200 | Accuracy:  42.6339 | Loss:   1.5899
2024-03-11 11:48:49,567 | INFO | hilo : Epoch  40/200 | Accuracy:  28.0421 | Loss:   1.8777
2024-03-11 11:49:29,117 | INFO | hilo : Epoch  41/200 | Accuracy:  40.0000 | Loss:   1.7053
2024-03-11 11:50:08,641 | INFO | hilo : Epoch  42/200 | Accuracy:  42.1875 | Loss:   1.6889
2024-03-11 11:50:48,305 | INFO | hilo : Epoch  43/200 | Accuracy:  39.8438 | Loss:   1.6184
2024-03-11 11:51:27,890 | INFO | hilo : Epoch  44/200 | Accuracy:  40.6250 | Loss:   1.7057
2024-03-11 11:52:07,473 | INFO | hilo : Epoch  45/200 | Accuracy:  41.4143 | Loss:   1.7558
2024-03-11 11:52:47,110 | INFO | hilo : Epoch  46/200 | Accuracy:  36.6335 | Loss:   1.7422
2024-03-11 11:53:26,735 | INFO | hilo : Epoch  47/200 | Accuracy:  40.1316 | Loss:   1.7201
2024-03-11 11:54:06,399 | INFO | hilo : Epoch  48/200 | Accuracy:  37.8125 | Loss:   1.8262
2024-03-11 11:54:46,078 | INFO | hilo : Epoch  49/200 | Accuracy:  46.8750 | Loss:   1.5162
2024-03-11 11:55:25,788 | INFO | hilo : Epoch  50/200 | Accuracy:  59.0199 | Loss:   0.8744
2024-03-11 11:56:05,425 | INFO | hilo : Epoch  51/200 | Accuracy:  64.8438 | Loss:   1.2854
2024-03-11 11:56:45,148 | INFO | hilo : Epoch  52/200 | Accuracy:  68.0357 | Loss:   0.9503
2024-03-11 11:57:24,890 | INFO | hilo : Epoch  53/200 | Accuracy:  75.0000 | Loss:   0.7813
2024-03-11 11:58:04,619 | INFO | hilo : Epoch  54/200 | Accuracy:  78.1250 | Loss:   0.5433
2024-03-11 11:58:44,368 | INFO | hilo : Epoch  55/200 | Accuracy:  78.1250 | Loss:   0.7312
2024-03-11 11:59:24,082 | INFO | hilo : Epoch  56/200 | Accuracy:  79.1667 | Loss:   0.5805
2024-03-11 12:00:03,863 | INFO | hilo : Epoch  57/200 | Accuracy:  76.5137 | Loss:   0.6573
2024-03-11 12:00:43,675 | INFO | hilo : Epoch  58/200 | Accuracy:  76.5625 | Loss:   0.5846
2024-03-11 12:01:23,520 | INFO | hilo : Epoch  59/200 | Accuracy:  82.8125 | Loss:   0.3705
2024-03-11 12:02:03,346 | INFO | hilo : Epoch  60/200 | Accuracy:  76.5625 | Loss:   0.3632
2024-03-11 12:02:43,197 | INFO | hilo : Epoch  61/200 | Accuracy:  85.9375 | Loss:   0.4337
2024-03-11 12:03:23,028 | INFO | hilo : Epoch  62/200 | Accuracy:  76.5625 | Loss:   0.2558
2024-03-11 12:04:02,896 | INFO | hilo : Epoch  63/200 | Accuracy:  81.2500 | Loss:   0.4388
2024-03-11 12:04:42,764 | INFO | hilo : Epoch  64/200 | Accuracy:  78.9062 | Loss:   0.3095
2024-03-11 12:05:22,689 | INFO | hilo : Epoch  65/200 | Accuracy:  74.3750 | Loss:   0.4211
2024-03-11 12:06:02,675 | INFO | hilo : Epoch  66/200 | Accuracy:  78.3482 | Loss:   0.2011
2024-03-11 12:06:42,699 | INFO | hilo : Epoch  67/200 | Accuracy:  78.1250 | Loss:   0.2914
2024-03-11 12:07:22,746 | INFO | hilo : Epoch  68/200 | Accuracy:  79.6875 | Loss:   0.2145
2024-03-11 12:08:02,768 | INFO | hilo : Epoch  69/200 | Accuracy:  77.1484 | Loss:   0.2216
2024-03-11 12:08:42,800 | INFO | hilo : Epoch  70/200 | Accuracy:  81.2500 | Loss:   0.1415
2024-03-11 12:09:22,898 | INFO | hilo : Epoch  71/200 | Accuracy:  80.8036 | Loss:   0.2294
2024-03-11 12:10:02,932 | INFO | hilo : Epoch  72/200 | Accuracy:  82.8125 | Loss:   0.2312
2024-03-11 12:10:43,041 | INFO | hilo : Epoch  73/200 | Accuracy:  81.7708 | Loss:   0.0973
2024-03-11 12:11:23,085 | INFO | hilo : Epoch  74/200 | Accuracy:  80.2083 | Loss:   0.1612
2024-03-11 12:12:03,194 | INFO | hilo : Epoch  75/200 | Accuracy:  81.2500 | Loss:   0.0771
2024-03-11 12:12:43,295 | INFO | hilo : Epoch  76/200 | Accuracy:  79.6875 | Loss:   0.0923
2024-03-11 12:13:23,437 | INFO | hilo : Epoch  77/200 | Accuracy:  82.8125 | Loss:   0.2002
2024-03-11 12:14:03,582 | INFO | hilo : Epoch  78/200 | Accuracy:  77.3438 | Loss:   0.2791
2024-03-11 12:14:43,701 | INFO | hilo : Epoch  79/200 | Accuracy:  78.8352 | Loss:   0.0780
2024-03-11 12:15:23,895 | INFO | hilo : Epoch  80/200 | Accuracy:  81.2500 | Loss:   0.1302
2024-03-11 12:16:04,129 | INFO | hilo : Epoch  81/200 | Accuracy:  76.5625 | Loss:   0.2472
2024-03-11 12:16:44,362 | INFO | hilo : Epoch  82/200 | Accuracy:  89.0625 | Loss:   0.1575
2024-03-11 12:17:24,558 | INFO | hilo : Epoch  83/200 | Accuracy:  81.2500 | Loss:   0.1377
2024-03-11 12:18:04,822 | INFO | hilo : Epoch  84/200 | Accuracy:  84.3750 | Loss:   0.0974
2024-03-11 12:18:45,141 | INFO | hilo : Epoch  85/200 | Accuracy:  81.2500 | Loss:   0.1806
2024-03-11 12:19:25,483 | INFO | hilo : Epoch  86/200 | Accuracy:  79.9479 | Loss:   0.1023
2024-03-11 12:20:05,804 | INFO | hilo : Epoch  87/200 | Accuracy:  82.0312 | Loss:   0.1910
2024-03-11 12:20:46,107 | INFO | hilo : Epoch  88/200 | Accuracy:  77.0876 | Loss:   0.0210
2024-03-11 12:21:26,417 | INFO | hilo : Epoch  89/200 | Accuracy:  80.9375 | Loss:   0.1312
2024-03-11 12:22:06,879 | INFO | hilo : Epoch  90/200 | Accuracy:  78.9062 | Loss:   0.1826
2024-03-11 12:22:47,287 | INFO | hilo : Epoch  91/200 | Accuracy:  77.6316 | Loss:   0.0779
2024-03-11 12:23:27,726 | INFO | hilo : Epoch  92/200 | Accuracy:  79.6875 | Loss:   0.0836
2024-03-11 12:24:08,145 | INFO | hilo : Epoch  93/200 | Accuracy:  80.4688 | Loss:   0.2344
2024-03-11 12:24:48,599 | INFO | hilo : Epoch  94/200 | Accuracy:  80.4688 | Loss:   0.2434
2024-03-11 12:25:29,026 | INFO | hilo : Epoch  95/200 | Accuracy:  84.3750 | Loss:   0.2901
2024-03-11 12:26:09,387 | INFO | hilo : Epoch  96/200 | Accuracy:  82.8125 | Loss:   0.1917
2024-03-11 12:26:49,857 | INFO | hilo : Epoch  97/200 | Accuracy:  80.4688 | Loss:   0.0141
2024-03-11 12:27:30,352 | INFO | hilo : Epoch  98/200 | Accuracy:  78.9062 | Loss:   0.0716
2024-03-11 12:28:10,907 | INFO | hilo : Epoch  99/200 | Accuracy:  80.4688 | Loss:   0.1117
2024-03-11 12:28:51,414 | INFO | hilo : Epoch 100/200 | Accuracy:  82.2049 | Loss:   0.1047
2024-03-11 12:29:31,975 | INFO | hilo : Epoch 101/200 | Accuracy:  80.5192 | Loss:   0.0017
2024-03-11 12:30:12,495 | INFO | hilo : Epoch 102/200 | Accuracy:  84.3750 | Loss:   0.0030
2024-03-11 12:30:53,074 | INFO | hilo : Epoch 103/200 | Accuracy:  83.8542 | Loss:   0.1388
2024-03-11 12:31:33,566 | INFO | hilo : Epoch 104/200 | Accuracy:  82.8125 | Loss:   0.0030
2024-03-11 12:32:14,120 | INFO | hilo : Epoch 105/200 | Accuracy:  83.3333 | Loss:   0.0043
2024-03-11 12:32:54,719 | INFO | hilo : Epoch 106/200 | Accuracy:  86.7188 | Loss:   0.0011
2024-03-11 12:33:35,311 | INFO | hilo : Epoch 107/200 | Accuracy:  81.7708 | Loss:   0.0013
2024-03-11 12:34:15,948 | INFO | hilo : Epoch 108/200 | Accuracy:  85.9375 | Loss:   0.0010
2024-03-11 12:34:56,637 | INFO | hilo : Epoch 109/200 | Accuracy:  83.4375 | Loss:   0.0015
2024-03-11 12:35:37,279 | INFO | hilo : Epoch 110/200 | Accuracy:  83.3333 | Loss:   0.0025
2024-03-11 12:36:18,010 | INFO | hilo : Epoch 111/200 | Accuracy:  92.1875 | Loss:   0.0016
2024-03-11 12:36:58,665 | INFO | hilo : Epoch 112/200 | Accuracy:  85.4167 | Loss:   0.0011
2024-03-11 12:37:39,321 | INFO | hilo : Epoch 113/200 | Accuracy:  83.5938 | Loss:   0.0013
2024-03-11 12:38:20,005 | INFO | hilo : Epoch 114/200 | Accuracy:  87.5000 | Loss:   0.0005
2024-03-11 12:39:00,692 | INFO | hilo : Epoch 115/200 | Accuracy:  81.3879 | Loss:   0.0007
2024-03-11 12:39:41,357 | INFO | hilo : Epoch 116/200 | Accuracy:  81.5444 | Loss:   0.0015
2024-03-11 12:40:22,046 | INFO | hilo : Epoch 117/200 | Accuracy:  83.4375 | Loss:   0.0012
2024-03-11 12:41:02,774 | INFO | hilo : Epoch 118/200 | Accuracy:  86.7188 | Loss:   0.0008
2024-03-11 12:41:43,531 | INFO | hilo : Epoch 119/200 | Accuracy:  82.8125 | Loss:   0.0012
2024-03-11 12:42:24,295 | INFO | hilo : Epoch 120/200 | Accuracy:  85.4167 | Loss:   0.0010
2024-03-11 12:43:05,033 | INFO | hilo : Epoch 121/200 | Accuracy:  83.2031 | Loss:   0.0008
2024-03-11 12:43:45,779 | INFO | hilo : Epoch 122/200 | Accuracy:  81.0096 | Loss:   0.0011
2024-03-11 12:44:26,558 | INFO | hilo : Epoch 123/200 | Accuracy:  88.5417 | Loss:   0.0012
2024-03-11 12:45:07,420 | INFO | hilo : Epoch 124/200 | Accuracy:  85.1562 | Loss:   0.0025
2024-03-11 12:45:48,289 | INFO | hilo : Epoch 125/200 | Accuracy:  82.2812 | Loss:   0.0005
2024-03-11 12:46:29,085 | INFO | hilo : Epoch 126/200 | Accuracy:  81.7532 | Loss:   0.0005
2024-03-11 12:47:09,915 | INFO | hilo : Epoch 127/200 | Accuracy:  87.5000 | Loss:   0.0008
2024-03-11 12:47:50,699 | INFO | hilo : Epoch 128/200 | Accuracy:  84.3750 | Loss:   0.0014
2024-03-11 12:48:31,607 | INFO | hilo : Epoch 129/200 | Accuracy:  81.9504 | Loss:   0.0026
2024-03-11 12:49:12,423 | INFO | hilo : Epoch 130/200 | Accuracy:  82.8125 | Loss:   0.0018
2024-03-11 12:49:53,249 | INFO | hilo : Epoch 131/200 | Accuracy:  82.6480 | Loss:   0.0051
2024-03-11 12:50:34,233 | INFO | hilo : Epoch 132/200 | Accuracy:  84.3750 | Loss:   0.0006
2024-03-11 12:51:15,160 | INFO | hilo : Epoch 133/200 | Accuracy:  82.5893 | Loss:   0.0011
2024-03-11 12:51:56,161 | INFO | hilo : Epoch 134/200 | Accuracy:  82.6923 | Loss:   0.0019
2024-03-11 12:52:37,096 | INFO | hilo : Epoch 135/200 | Accuracy:  84.3750 | Loss:   0.0016
2024-03-11 12:53:18,145 | INFO | hilo : Epoch 136/200 | Accuracy:  87.5000 | Loss:   0.0040
2024-03-11 12:53:59,089 | INFO | hilo : Epoch 137/200 | Accuracy:  89.0625 | Loss:   0.0018
2024-03-11 12:54:40,006 | INFO | hilo : Epoch 138/200 | Accuracy:  82.8125 | Loss:   0.0011
2024-03-11 12:55:20,990 | INFO | hilo : Epoch 139/200 | Accuracy:  92.1875 | Loss:   0.0039
2024-03-11 12:56:01,974 | INFO | hilo : Epoch 140/200 | Accuracy:  83.3333 | Loss:   0.0030
2024-03-11 12:56:42,955 | INFO | hilo : Epoch 141/200 | Accuracy:  85.9375 | Loss:   0.0018
2024-03-11 12:57:23,971 | INFO | hilo : Epoch 142/200 | Accuracy:  81.3702 | Loss:   0.0013
2024-03-11 12:58:05,076 | INFO | hilo : Epoch 143/200 | Accuracy:  81.5625 | Loss:   0.0006
2024-03-11 12:58:46,084 | INFO | hilo : Epoch 144/200 | Accuracy:  90.6250 | Loss:   0.0006
2024-03-11 12:59:27,250 | INFO | hilo : Epoch 145/200 | Accuracy:  84.8958 | Loss:   0.0007
2024-03-11 13:00:08,509 | INFO | hilo : Epoch 146/200 | Accuracy:  84.3750 | Loss:   0.0017
2024-03-11 13:00:49,710 | INFO | hilo : Epoch 147/200 | Accuracy:  82.1514 | Loss:   0.0014
2024-03-11 13:01:30,954 | INFO | hilo : Epoch 148/200 | Accuracy:  83.4375 | Loss:   0.0016
2024-03-11 13:02:12,194 | INFO | hilo : Epoch 149/200 | Accuracy:  83.1731 | Loss:   0.0012
2024-03-11 13:02:53,467 | INFO | hilo : Epoch 150/200 | Accuracy:  84.3750 | Loss:   0.0028
2024-03-11 13:03:34,766 | INFO | hilo : Epoch 151/200 | Accuracy:  82.8906 | Loss:   0.0044
2024-03-11 13:04:16,025 | INFO | hilo : Epoch 152/200 | Accuracy:  85.9375 | Loss:   0.0010
2024-03-11 13:04:57,478 | INFO | hilo : Epoch 153/200 | Accuracy:  84.3750 | Loss:   0.0019
2024-03-11 13:05:38,802 | INFO | hilo : Epoch 154/200 | Accuracy:  87.5000 | Loss:   0.0019
2024-03-11 13:06:20,155 | INFO | hilo : Epoch 155/200 | Accuracy:  84.3750 | Loss:   0.0010
2024-03-11 13:07:01,502 | INFO | hilo : Epoch 156/200 | Accuracy:  85.1562 | Loss:   0.0006
2024-03-11 13:07:42,887 | INFO | hilo : Epoch 157/200 | Accuracy:  82.8125 | Loss:   0.0040
2024-03-11 13:08:24,274 | INFO | hilo : Epoch 158/200 | Accuracy:  81.6964 | Loss:   0.0013
2024-03-11 13:09:05,637 | INFO | hilo : Epoch 159/200 | Accuracy:  81.8750 | Loss:   0.0038
2024-03-11 13:09:47,052 | INFO | hilo : Epoch 160/200 | Accuracy:  82.1394 | Loss:   0.0011
2024-03-11 13:10:28,436 | INFO | hilo : Epoch 161/200 | Accuracy:  83.2386 | Loss:   0.0012
2024-03-11 13:11:09,886 | INFO | hilo : Epoch 162/200 | Accuracy:  84.3750 | Loss:   0.0019
2024-03-11 13:11:51,329 | INFO | hilo : Epoch 163/200 | Accuracy:  81.9741 | Loss:   0.0022
2024-03-11 13:12:32,771 | INFO | hilo : Epoch 164/200 | Accuracy:  85.1562 | Loss:   0.0016
2024-03-11 13:13:14,204 | INFO | hilo : Epoch 165/200 | Accuracy:  84.3750 | Loss:   0.0014
2024-03-11 13:13:55,645 | INFO | hilo : Epoch 166/200 | Accuracy:  85.1562 | Loss:   0.0005
2024-03-11 13:14:37,098 | INFO | hilo : Epoch 167/200 | Accuracy:  87.5000 | Loss:   0.0010
2024-03-11 13:15:18,565 | INFO | hilo : Epoch 168/200 | Accuracy:  90.6250 | Loss:   0.0014
2024-03-11 13:16:00,026 | INFO | hilo : Epoch 169/200 | Accuracy:  82.0312 | Loss:   0.0050
2024-03-11 13:16:41,535 | INFO | hilo : Epoch 170/200 | Accuracy:  87.5000 | Loss:   0.0018
2024-03-11 13:17:23,075 | INFO | hilo : Epoch 171/200 | Accuracy:  81.3802 | Loss:   0.0027
2024-03-11 13:18:04,708 | INFO | hilo : Epoch 172/200 | Accuracy:  82.4653 | Loss:   0.0010
2024-03-11 13:18:46,267 | INFO | hilo : Epoch 173/200 | Accuracy:  81.6784 | Loss:   0.0015
2024-03-11 13:19:27,824 | INFO | hilo : Epoch 174/200 | Accuracy:  82.1546 | Loss:   0.0019
2024-03-11 13:20:09,441 | INFO | hilo : Epoch 175/200 | Accuracy:  84.3750 | Loss:   0.0008
2024-03-11 13:20:51,053 | INFO | hilo : Epoch 176/200 | Accuracy:  85.1562 | Loss:   0.0049
2024-03-11 13:21:32,694 | INFO | hilo : Epoch 177/200 | Accuracy:  85.4167 | Loss:   0.0003
2024-03-11 13:22:14,382 | INFO | hilo : Epoch 178/200 | Accuracy:  90.6250 | Loss:   0.0011
2024-03-11 13:22:56,050 | INFO | hilo : Epoch 179/200 | Accuracy:  83.2386 | Loss:   0.0011
2024-03-11 13:23:37,762 | INFO | hilo : Epoch 180/200 | Accuracy:  82.2917 | Loss:   0.0017
2024-03-11 13:24:19,458 | INFO | hilo : Epoch 181/200 | Accuracy:  81.5210 | Loss:   0.0038
2024-03-11 13:25:01,186 | INFO | hilo : Epoch 182/200 | Accuracy:  83.4375 | Loss:   0.0028
2024-03-11 13:25:42,883 | INFO | hilo : Epoch 183/200 | Accuracy:  83.5938 | Loss:   0.0011
2024-03-11 13:26:24,596 | INFO | hilo : Epoch 184/200 | Accuracy:  82.8125 | Loss:   0.0081
2024-03-11 13:27:06,128 | INFO | hilo : Epoch 185/200 | Accuracy:  84.3750 | Loss:   0.0016
2024-03-11 13:27:47,898 | INFO | hilo : Epoch 186/200 | Accuracy:  86.1607 | Loss:   0.0042
2024-03-11 13:28:29,732 | INFO | hilo : Epoch 187/200 | Accuracy:  85.3125 | Loss:   0.0014
2024-03-11 13:29:11,502 | INFO | hilo : Epoch 188/200 | Accuracy:  86.3281 | Loss:   0.0010
2024-03-11 13:29:53,330 | INFO | hilo : Epoch 189/200 | Accuracy:  83.7891 | Loss:   0.0016
2024-03-11 13:30:35,199 | INFO | hilo : Epoch 190/200 | Accuracy:  85.4167 | Loss:   0.0013
2024-03-11 13:31:17,063 | INFO | hilo : Epoch 191/200 | Accuracy:  87.5000 | Loss:   0.0014
2024-03-11 13:31:58,926 | INFO | hilo : Epoch 192/200 | Accuracy:  82.8125 | Loss:   0.0010
2024-03-11 13:32:40,822 | INFO | hilo : Epoch 193/200 | Accuracy:  81.9059 | Loss:   0.0010
2024-03-11 13:33:22,741 | INFO | hilo : Epoch 194/200 | Accuracy:  81.6964 | Loss:   0.0010
2024-03-11 13:34:04,612 | INFO | hilo : Epoch 195/200 | Accuracy:  82.2011 | Loss:   0.0012
2024-03-11 13:34:46,516 | INFO | hilo : Epoch 196/200 | Accuracy:  81.9654 | Loss:   0.0024
2024-03-11 13:35:28,398 | INFO | hilo : Epoch 197/200 | Accuracy:  83.3333 | Loss:   0.0024
2024-03-11 13:36:10,128 | INFO | hilo : Epoch 198/200 | Accuracy:  82.8125 | Loss:   0.0010
2024-03-11 13:36:52,127 | INFO | hilo : Epoch 199/200 | Accuracy:  87.5000 | Loss:   0.0029
2024-03-11 13:37:34,091 | INFO | hilo : Epoch 200/200 | Accuracy:  83.1731 | Loss:   0.0042
2024-03-11 13:37:34,091 | INFO | hilo : Commencing testing phase...
2024-03-11 13:37:36,893 | INFO | hilo : Test Accuracy: 81.39
2024-03-11 13:37:36,894 | INFO | hilo : Best accuracy of 92.1875% @ epoch 111
2024-03-11 13:37:36,894 | INFO | hilo : Recording job results in output/results.csv
2024-03-11 13:37:36,899 | INFO | hilo : Saving training report to output/vgg/cifar10/None/20240311_112240//training_report.csv
2024-03-11 13:37:36,899 | INFO | hilo : Saving accuracy graph to output/vgg/cifar10/None/20240311_112240//training_graph.jpg
2024-03-11 13:37:37,074 | INFO | hilo.vgg : Saving model layer data to output/vgg/cifar10/None/20240311_112240//model_layers.csv
2024-03-11 13:37:38,614 | INFO | hilo : Job complete: MODEL vgg | DATASET cifar10 | KERNEL none
2024-03-11 13:37:38,614 | INFO | hilo : Exiting...
