2024-03-10 16:20:47,136 | INFO | hilo : 
+==============================================================+
|                                                              |
| ██████╗  █████╗ ██████╗ ██╗         ██╗      █████╗ ██████╗  |
| ██╔══██╗██╔══██╗██╔══██╗██║         ██║     ██╔══██╗██╔══██╗ |
| ██║  ██║███████║██║  ██║██║         ██║     ███████║██████╔╝ |
| ██║  ██║██╔══██║██║  ██║██║         ██║     ██╔══██║██╔══██╗ |
| ██████╔╝██║  ██║██████╔╝███████╗    ███████╗██║  ██║██████╔╝ |
| ╚═════╝ ╚═╝  ╚═╝╚═════╝ ╚══════╝    ╚══════╝╚═╝  ╚═╝╚═════╝  |
+==============================================================+
|             Hi-Lo Resolution Image Classification            |
|             -------------------------------------            |
|                       Gabriel C. Trahan                      |
|                          Sahan Ahmad                         |
|                       MD  Aminual Islam                      |
+==============================================================+
2024-03-10 16:20:48,721 | INFO | hilo.dataset-accessor : Fetching dataset: cifar10
2024-03-10 16:20:48,721 | INFO | hilo.cifar10-dataset : Initializing transform
2024-03-10 16:20:48,721 | INFO | hilo.cifar10-dataset : Verifying/downloading train data
2024-03-10 16:20:49,317 | INFO | hilo.cifar10-dataset : Verifying/downloading test data
2024-03-10 16:20:49,798 | INFO | hilo.cifar10-dataset : Creating train data loader.
2024-03-10 16:20:49,798 | INFO | hilo.cifar10-dataset : Creating test data loader.
2024-03-10 16:20:49,910 | INFO | hilo : Output directory: output/resnet/cifar10/None/20240310_162048/
2024-03-10 16:20:50,875 | INFO | hilo : Using device: NVIDIA GeForce GTX 1060 6GB
2024-03-10 16:20:50,875 | INFO | hilo : Exeucting job: MODEL resnet | DATASET cifar10 | KERNEL none
2024-03-10 16:20:50,875 | INFO | hilo : Commencing training phase...
2024-03-10 16:22:01,961 | INFO | hilo : Epoch   1/200 | Accuracy:  49.0234 | Loss:   1.2318
2024-03-10 16:23:12,351 | INFO | hilo : Epoch   2/200 | Accuracy:  59.8060 | Loss:   1.3977
2024-03-10 16:24:22,776 | INFO | hilo : Epoch   3/200 | Accuracy:  68.7500 | Loss:   0.6660
2024-03-10 16:25:33,197 | INFO | hilo : Epoch   4/200 | Accuracy:  75.0000 | Loss:   0.5948
2024-03-10 16:26:43,539 | INFO | hilo : Epoch   5/200 | Accuracy:  71.0938 | Loss:   1.0306
2024-03-10 16:27:53,858 | INFO | hilo : Epoch   6/200 | Accuracy:  73.4375 | Loss:   0.4875
2024-03-10 16:29:04,313 | INFO | hilo : Epoch   7/200 | Accuracy:  74.4494 | Loss:   0.7968
2024-03-10 16:30:14,775 | INFO | hilo : Epoch   8/200 | Accuracy:  77.1002 | Loss:   0.7441
2024-03-10 16:31:25,162 | INFO | hilo : Epoch   9/200 | Accuracy:  75.7812 | Loss:   0.9015
2024-03-10 16:32:35,629 | INFO | hilo : Epoch  10/200 | Accuracy:  73.4375 | Loss:   0.4615
2024-03-10 16:33:46,070 | INFO | hilo : Epoch  11/200 | Accuracy:  75.0000 | Loss:   0.4363
2024-03-10 16:34:56,494 | INFO | hilo : Epoch  12/200 | Accuracy:  81.2500 | Loss:   0.6320
2024-03-10 16:36:06,791 | INFO | hilo : Epoch  13/200 | Accuracy:  67.9688 | Loss:   0.6063
2024-03-10 16:37:17,122 | INFO | hilo : Epoch  14/200 | Accuracy:  80.0611 | Loss:   0.4282
2024-03-10 16:38:27,545 | INFO | hilo : Epoch  15/200 | Accuracy:  79.6875 | Loss:   0.9322
2024-03-10 16:39:37,957 | INFO | hilo : Epoch  16/200 | Accuracy:  81.2500 | Loss:   0.5655
2024-03-10 16:40:48,360 | INFO | hilo : Epoch  17/200 | Accuracy:  76.0000 | Loss:   0.6236
2024-03-10 16:41:58,708 | INFO | hilo : Epoch  18/200 | Accuracy:  72.6562 | Loss:   0.5006
2024-03-10 16:43:09,094 | INFO | hilo : Epoch  19/200 | Accuracy:  62.2396 | Loss:   0.4523
2024-03-10 16:44:19,521 | INFO | hilo : Epoch  20/200 | Accuracy:  73.8281 | Loss:   0.5490
2024-03-10 16:45:29,993 | INFO | hilo : Epoch  21/200 | Accuracy:  78.3770 | Loss:   0.5779
2024-03-10 16:46:40,506 | INFO | hilo : Epoch  22/200 | Accuracy:  79.6875 | Loss:   0.3760
2024-03-10 16:47:50,951 | INFO | hilo : Epoch  23/200 | Accuracy:  80.7292 | Loss:   0.3386
2024-03-10 16:49:01,321 | INFO | hilo : Epoch  24/200 | Accuracy:  82.0312 | Loss:   0.3918
2024-03-10 16:50:11,715 | INFO | hilo : Epoch  25/200 | Accuracy:  73.4375 | Loss:   0.4791
2024-03-10 16:51:22,186 | INFO | hilo : Epoch  26/200 | Accuracy:  71.9471 | Loss:   0.4561
2024-03-10 16:52:32,577 | INFO | hilo : Epoch  27/200 | Accuracy:  79.6875 | Loss:   0.4627
2024-03-10 16:53:42,972 | INFO | hilo : Epoch  28/200 | Accuracy:  70.8333 | Loss:   0.7400
2024-03-10 16:54:53,419 | INFO | hilo : Epoch  29/200 | Accuracy:  73.4375 | Loss:   0.3623
2024-03-10 16:56:03,859 | INFO | hilo : Epoch  30/200 | Accuracy:  90.6250 | Loss:   0.2174
2024-03-10 16:57:14,227 | INFO | hilo : Epoch  31/200 | Accuracy:  88.7695 | Loss:   0.1328
2024-03-10 16:58:24,624 | INFO | hilo : Epoch  32/200 | Accuracy:  90.0240 | Loss:   0.0889
2024-03-10 16:59:34,939 | INFO | hilo : Epoch  33/200 | Accuracy:  92.9688 | Loss:   0.0353
2024-03-10 17:00:45,350 | INFO | hilo : Epoch  34/200 | Accuracy:  93.7500 | Loss:   0.0179
2024-03-10 17:01:55,700 | INFO | hilo : Epoch  35/200 | Accuracy:  90.6250 | Loss:   0.0051
2024-03-10 17:03:06,196 | INFO | hilo : Epoch  36/200 | Accuracy:  88.6719 | Loss:   0.0032
2024-03-10 17:04:16,604 | INFO | hilo : Epoch  37/200 | Accuracy:  95.3125 | Loss:   0.0098
2024-03-10 17:05:27,005 | INFO | hilo : Epoch  38/200 | Accuracy:  88.3523 | Loss:   0.0044
2024-03-10 17:06:37,417 | INFO | hilo : Epoch  39/200 | Accuracy:  88.3621 | Loss:   0.0031
2024-03-10 17:07:47,941 | INFO | hilo : Epoch  40/200 | Accuracy:  87.2396 | Loss:   0.1312
2024-03-10 17:08:58,444 | INFO | hilo : Epoch  41/200 | Accuracy:  86.7898 | Loss:   0.0033
2024-03-10 17:10:08,858 | INFO | hilo : Epoch  42/200 | Accuracy:  95.3125 | Loss:   0.0774
2024-03-10 17:11:19,264 | INFO | hilo : Epoch  43/200 | Accuracy:  87.8906 | Loss:   0.0885
2024-03-10 17:12:29,666 | INFO | hilo : Epoch  44/200 | Accuracy:  89.0625 | Loss:   0.0322
2024-03-10 17:13:40,066 | INFO | hilo : Epoch  45/200 | Accuracy:  85.9375 | Loss:   0.1411
2024-03-10 17:14:50,443 | INFO | hilo : Epoch  46/200 | Accuracy:  90.6250 | Loss:   0.0960
2024-03-10 17:16:00,861 | INFO | hilo : Epoch  47/200 | Accuracy:  85.9848 | Loss:   0.1251
2024-03-10 17:17:11,302 | INFO | hilo : Epoch  48/200 | Accuracy:  89.5833 | Loss:   0.0423
2024-03-10 17:18:21,763 | INFO | hilo : Epoch  49/200 | Accuracy:  88.2812 | Loss:   0.0608
2024-03-10 17:19:32,190 | INFO | hilo : Epoch  50/200 | Accuracy:  87.6736 | Loss:   0.0288
2024-03-10 17:20:42,622 | INFO | hilo : Epoch  51/200 | Accuracy:  86.8534 | Loss:   0.1544
2024-03-10 17:21:52,976 | INFO | hilo : Epoch  52/200 | Accuracy:  86.1049 | Loss:   0.0976
2024-03-10 17:23:03,313 | INFO | hilo : Epoch  53/200 | Accuracy:  89.0625 | Loss:   0.0507
2024-03-10 17:24:13,707 | INFO | hilo : Epoch  54/200 | Accuracy:  85.5769 | Loss:   0.0973
2024-03-10 17:25:24,148 | INFO | hilo : Epoch  55/200 | Accuracy:  88.2812 | Loss:   0.0851
2024-03-10 17:26:34,503 | INFO | hilo : Epoch  56/200 | Accuracy:  87.5000 | Loss:   0.0178
2024-03-10 17:27:44,899 | INFO | hilo : Epoch  57/200 | Accuracy:  85.9375 | Loss:   0.0060
2024-03-10 17:28:55,370 | INFO | hilo : Epoch  58/200 | Accuracy:  86.2913 | Loss:   0.1386
2024-03-10 17:30:05,757 | INFO | hilo : Epoch  59/200 | Accuracy:  90.6250 | Loss:   0.1329
2024-03-10 17:31:16,148 | INFO | hilo : Epoch  60/200 | Accuracy:  88.9085 | Loss:   0.0753
2024-03-10 17:32:26,587 | INFO | hilo : Epoch  61/200 | Accuracy:  88.9113 | Loss:   0.0020
2024-03-10 17:33:37,058 | INFO | hilo : Epoch  62/200 | Accuracy:  93.7500 | Loss:   0.0028
2024-03-10 17:34:47,508 | INFO | hilo : Epoch  63/200 | Accuracy:  90.6250 | Loss:   0.0021
2024-03-10 17:35:57,970 | INFO | hilo : Epoch  64/200 | Accuracy:  90.6250 | Loss:   0.0017
2024-03-10 17:37:08,397 | INFO | hilo : Epoch  65/200 | Accuracy:  90.6250 | Loss:   0.0011
2024-03-10 17:38:18,788 | INFO | hilo : Epoch  66/200 | Accuracy:  90.6250 | Loss:   0.0022
2024-03-10 17:39:29,139 | INFO | hilo : Epoch  67/200 | Accuracy:  89.9554 | Loss:   0.0014
2024-03-10 17:40:39,571 | INFO | hilo : Epoch  68/200 | Accuracy:  92.1875 | Loss:   0.0023
2024-03-10 17:41:49,961 | INFO | hilo : Epoch  69/200 | Accuracy:  91.0156 | Loss:   0.0024
2024-03-10 17:43:00,355 | INFO | hilo : Epoch  70/200 | Accuracy:  90.6250 | Loss:   0.0034
2024-03-10 17:44:10,779 | INFO | hilo : Epoch  71/200 | Accuracy:  90.1042 | Loss:   0.0008
2024-03-10 17:45:21,203 | INFO | hilo : Epoch  72/200 | Accuracy:  89.1059 | Loss:   0.0020
2024-03-10 17:46:31,660 | INFO | hilo : Epoch  73/200 | Accuracy:  91.1458 | Loss:   0.0028
2024-03-10 17:47:42,106 | INFO | hilo : Epoch  74/200 | Accuracy:  89.8208 | Loss:   0.0019
2024-03-10 17:48:52,511 | INFO | hilo : Epoch  75/200 | Accuracy:  89.2045 | Loss:   0.0017
2024-03-10 17:50:02,924 | INFO | hilo : Epoch  76/200 | Accuracy:  89.8438 | Loss:   0.0010
2024-03-10 17:51:13,337 | INFO | hilo : Epoch  77/200 | Accuracy:  91.4062 | Loss:   0.0010
2024-03-10 17:52:23,731 | INFO | hilo : Epoch  78/200 | Accuracy:  90.6250 | Loss:   0.0009
2024-03-10 17:53:34,057 | INFO | hilo : Epoch  79/200 | Accuracy:  93.7500 | Loss:   0.0010
2024-03-10 17:54:44,440 | INFO | hilo : Epoch  80/200 | Accuracy:  90.6250 | Loss:   0.0025
2024-03-10 17:55:54,836 | INFO | hilo : Epoch  81/200 | Accuracy:  89.4387 | Loss:   0.0011
2024-03-10 17:57:05,286 | INFO | hilo : Epoch  82/200 | Accuracy:  91.1458 | Loss:   0.0016
2024-03-10 17:58:15,841 | INFO | hilo : Epoch  83/200 | Accuracy:  92.1875 | Loss:   0.0018
2024-03-10 17:59:26,350 | INFO | hilo : Epoch  84/200 | Accuracy:  90.6250 | Loss:   0.0012
2024-03-10 18:00:36,740 | INFO | hilo : Epoch  85/200 | Accuracy:  90.6250 | Loss:   0.0032
2024-03-10 18:01:47,181 | INFO | hilo : Epoch  86/200 | Accuracy:  89.4161 | Loss:   0.0014
2024-03-10 18:02:57,590 | INFO | hilo : Epoch  87/200 | Accuracy:  91.3194 | Loss:   0.0008
2024-03-10 18:04:07,925 | INFO | hilo : Epoch  88/200 | Accuracy:  89.9306 | Loss:   0.0014
2024-03-10 18:05:18,273 | INFO | hilo : Epoch  89/200 | Accuracy:  94.5312 | Loss:   0.0019
2024-03-10 18:06:28,635 | INFO | hilo : Epoch  90/200 | Accuracy:  90.8750 | Loss:   0.0015
2024-03-10 18:07:38,999 | INFO | hilo : Epoch  91/200 | Accuracy:  92.1875 | Loss:   0.0016
2024-03-10 18:08:49,416 | INFO | hilo : Epoch  92/200 | Accuracy:  89.6798 | Loss:   0.0011
2024-03-10 18:09:59,867 | INFO | hilo : Epoch  93/200 | Accuracy:  91.0846 | Loss:   0.0030
2024-03-10 18:11:10,321 | INFO | hilo : Epoch  94/200 | Accuracy:  91.9271 | Loss:   0.0012
2024-03-10 18:12:20,713 | INFO | hilo : Epoch  95/200 | Accuracy:  90.3646 | Loss:   0.0010
2024-03-10 18:13:31,139 | INFO | hilo : Epoch  96/200 | Accuracy:  90.5331 | Loss:   0.0025
2024-03-10 18:14:41,514 | INFO | hilo : Epoch  97/200 | Accuracy:  92.9688 | Loss:   0.0013
2024-03-10 18:15:51,928 | INFO | hilo : Epoch  98/200 | Accuracy:  90.9375 | Loss:   0.0029
2024-03-10 18:17:02,241 | INFO | hilo : Epoch  99/200 | Accuracy:  90.6250 | Loss:   0.0011
2024-03-10 18:18:12,547 | INFO | hilo : Epoch 100/200 | Accuracy:  92.1875 | Loss:   0.0016
2024-03-10 18:19:22,893 | INFO | hilo : Epoch 101/200 | Accuracy:  90.6250 | Loss:   0.0012
2024-03-10 18:20:33,176 | INFO | hilo : Epoch 102/200 | Accuracy:  90.3493 | Loss:   0.0015
2024-03-10 18:21:43,574 | INFO | hilo : Epoch 103/200 | Accuracy:  90.6250 | Loss:   0.0023
2024-03-10 18:22:53,898 | INFO | hilo : Epoch 104/200 | Accuracy:  91.4931 | Loss:   0.0021
2024-03-10 18:24:04,296 | INFO | hilo : Epoch 105/200 | Accuracy:  90.6250 | Loss:   0.0011
2024-03-10 18:25:14,760 | INFO | hilo : Epoch 106/200 | Accuracy:  89.5833 | Loss:   0.0015
2024-03-10 18:26:25,194 | INFO | hilo : Epoch 107/200 | Accuracy:  92.1875 | Loss:   0.0012
2024-03-10 18:27:35,681 | INFO | hilo : Epoch 108/200 | Accuracy:  90.6250 | Loss:   0.0030
2024-03-10 18:28:46,086 | INFO | hilo : Epoch 109/200 | Accuracy:  92.7083 | Loss:   0.0019
2024-03-10 18:29:56,458 | INFO | hilo : Epoch 110/200 | Accuracy:  90.4297 | Loss:   0.0019
2024-03-10 18:31:06,829 | INFO | hilo : Epoch 111/200 | Accuracy:  89.5602 | Loss:   0.0018
2024-03-10 18:32:17,217 | INFO | hilo : Epoch 112/200 | Accuracy:  89.6070 | Loss:   0.0051
2024-03-10 18:33:27,556 | INFO | hilo : Epoch 113/200 | Accuracy:  89.7321 | Loss:   0.0011
2024-03-10 18:34:37,924 | INFO | hilo : Epoch 114/200 | Accuracy:  90.7670 | Loss:   0.0023
2024-03-10 18:35:48,310 | INFO | hilo : Epoch 115/200 | Accuracy:  91.5179 | Loss:   0.0012
2024-03-10 18:36:58,670 | INFO | hilo : Epoch 116/200 | Accuracy:  93.7500 | Loss:   0.0018
2024-03-10 18:38:09,054 | INFO | hilo : Epoch 117/200 | Accuracy:  90.0463 | Loss:   0.0014
2024-03-10 18:39:19,480 | INFO | hilo : Epoch 118/200 | Accuracy:  91.2946 | Loss:   0.0043
2024-03-10 18:40:29,895 | INFO | hilo : Epoch 119/200 | Accuracy:  90.6250 | Loss:   0.0014
2024-03-10 18:41:40,297 | INFO | hilo : Epoch 120/200 | Accuracy:  90.1316 | Loss:   0.0016
2024-03-10 18:42:50,728 | INFO | hilo : Epoch 121/200 | Accuracy:  93.7500 | Loss:   0.0013
2024-03-10 18:44:01,170 | INFO | hilo : Epoch 122/200 | Accuracy:  91.2946 | Loss:   0.0012
2024-03-10 18:45:11,576 | INFO | hilo : Epoch 123/200 | Accuracy:  90.1042 | Loss:   0.0010
2024-03-10 18:46:22,032 | INFO | hilo : Epoch 124/200 | Accuracy:  90.4514 | Loss:   0.0020
2024-03-10 18:47:32,451 | INFO | hilo : Epoch 125/200 | Accuracy:  89.2944 | Loss:   0.0013
2024-03-10 18:48:42,831 | INFO | hilo : Epoch 126/200 | Accuracy:  91.6667 | Loss:   0.0014
2024-03-10 18:49:53,231 | INFO | hilo : Epoch 127/200 | Accuracy:  90.6250 | Loss:   0.0013
2024-03-10 18:51:03,648 | INFO | hilo : Epoch 128/200 | Accuracy:  95.3125 | Loss:   0.0010
2024-03-10 18:52:14,108 | INFO | hilo : Epoch 129/200 | Accuracy:  91.6667 | Loss:   0.0012
2024-03-10 18:53:24,457 | INFO | hilo : Epoch 130/200 | Accuracy:  89.5255 | Loss:   0.0010
2024-03-10 18:54:34,873 | INFO | hilo : Epoch 131/200 | Accuracy:  90.9375 | Loss:   0.0019
2024-03-10 18:55:45,246 | INFO | hilo : Epoch 132/200 | Accuracy:  92.1875 | Loss:   0.0015
2024-03-10 18:56:55,679 | INFO | hilo : Epoch 133/200 | Accuracy:  95.3125 | Loss:   0.0011
2024-03-10 18:58:06,136 | INFO | hilo : Epoch 134/200 | Accuracy:  89.4993 | Loss:   0.0011
2024-03-10 18:59:16,553 | INFO | hilo : Epoch 135/200 | Accuracy:  90.8203 | Loss:   0.0061
2024-03-10 19:00:26,963 | INFO | hilo : Epoch 136/200 | Accuracy:  91.0156 | Loss:   0.0018
2024-03-10 19:01:37,472 | INFO | hilo : Epoch 137/200 | Accuracy:  89.9740 | Loss:   0.0011
2024-03-10 19:02:47,886 | INFO | hilo : Epoch 138/200 | Accuracy:  95.3125 | Loss:   0.0011
2024-03-10 19:03:58,307 | INFO | hilo : Epoch 139/200 | Accuracy:  90.1476 | Loss:   0.0014
2024-03-10 19:05:08,677 | INFO | hilo : Epoch 140/200 | Accuracy:  89.7177 | Loss:   0.0012
2024-03-10 19:06:19,012 | INFO | hilo : Epoch 141/200 | Accuracy:  93.7500 | Loss:   0.0010
2024-03-10 19:07:29,241 | INFO | hilo : Epoch 142/200 | Accuracy:  93.7500 | Loss:   0.0009
2024-03-10 19:08:39,585 | INFO | hilo : Epoch 143/200 | Accuracy:  90.1562 | Loss:   0.0008
2024-03-10 19:09:50,002 | INFO | hilo : Epoch 144/200 | Accuracy:  89.8003 | Loss:   0.0015
2024-03-10 19:11:00,374 | INFO | hilo : Epoch 145/200 | Accuracy:  89.7123 | Loss:   0.0012
2024-03-10 19:12:10,751 | INFO | hilo : Epoch 146/200 | Accuracy:  92.5000 | Loss:   0.0011
2024-03-10 19:13:21,131 | INFO | hilo : Epoch 147/200 | Accuracy:  90.6250 | Loss:   0.0016
2024-03-10 19:14:31,478 | INFO | hilo : Epoch 148/200 | Accuracy:  94.5312 | Loss:   0.0014
2024-03-10 19:15:41,835 | INFO | hilo : Epoch 149/200 | Accuracy:  91.4062 | Loss:   0.0015
2024-03-10 19:16:52,214 | INFO | hilo : Epoch 150/200 | Accuracy:  91.6667 | Loss:   0.0036
2024-03-10 19:18:02,650 | INFO | hilo : Epoch 151/200 | Accuracy:  89.8438 | Loss:   0.0017
2024-03-10 19:19:13,082 | INFO | hilo : Epoch 152/200 | Accuracy:  92.1875 | Loss:   0.0017
2024-03-10 19:20:23,523 | INFO | hilo : Epoch 153/200 | Accuracy:  89.7797 | Loss:   0.0012
2024-03-10 19:21:33,934 | INFO | hilo : Epoch 154/200 | Accuracy:  91.6667 | Loss:   0.0012
2024-03-10 19:22:44,305 | INFO | hilo : Epoch 155/200 | Accuracy:  89.4792 | Loss:   0.0013
2024-03-10 19:23:54,699 | INFO | hilo : Epoch 156/200 | Accuracy:  89.4426 | Loss:   0.0020
2024-03-10 19:25:05,115 | INFO | hilo : Epoch 157/200 | Accuracy:  89.6194 | Loss:   0.0017
2024-03-10 19:26:15,484 | INFO | hilo : Epoch 158/200 | Accuracy:  89.4196 | Loss:   0.0013
2024-03-10 19:27:25,873 | INFO | hilo : Epoch 159/200 | Accuracy:  93.7500 | Loss:   0.0019
2024-03-10 19:28:36,373 | INFO | hilo : Epoch 160/200 | Accuracy:  91.0714 | Loss:   0.0011
2024-03-10 19:29:46,806 | INFO | hilo : Epoch 161/200 | Accuracy:  93.7500 | Loss:   0.0014
2024-03-10 19:30:57,323 | INFO | hilo : Epoch 162/200 | Accuracy:  94.5312 | Loss:   0.0014
2024-03-10 19:32:07,744 | INFO | hilo : Epoch 163/200 | Accuracy:  95.3125 | Loss:   0.0014
2024-03-10 19:33:18,022 | INFO | hilo : Epoch 164/200 | Accuracy:  90.6250 | Loss:   0.0010
2024-03-10 19:34:28,545 | INFO | hilo : Epoch 165/200 | Accuracy:  90.1042 | Loss:   0.0022
2024-03-10 19:35:38,927 | INFO | hilo : Epoch 166/200 | Accuracy:  89.6507 | Loss:   0.0014
2024-03-10 19:36:49,296 | INFO | hilo : Epoch 167/200 | Accuracy:  91.7614 | Loss:   0.0020
2024-03-10 19:37:59,653 | INFO | hilo : Epoch 168/200 | Accuracy:  92.1875 | Loss:   0.0013
2024-03-10 19:39:09,902 | INFO | hilo : Epoch 169/200 | Accuracy:  93.7500 | Loss:   0.0015
2024-03-10 19:40:20,229 | INFO | hilo : Epoch 170/200 | Accuracy:  90.2853 | Loss:   0.0011
2024-03-10 19:41:30,642 | INFO | hilo : Epoch 171/200 | Accuracy:  93.7500 | Loss:   0.0021
2024-03-10 19:42:41,085 | INFO | hilo : Epoch 172/200 | Accuracy:  92.1875 | Loss:   0.0016
2024-03-10 19:43:51,538 | INFO | hilo : Epoch 173/200 | Accuracy:  90.8854 | Loss:   0.0012
2024-03-10 19:45:01,979 | INFO | hilo : Epoch 174/200 | Accuracy:  91.4062 | Loss:   0.0013
2024-03-10 19:46:12,399 | INFO | hilo : Epoch 175/200 | Accuracy:  91.6016 | Loss:   0.0014
2024-03-10 19:47:22,831 | INFO | hilo : Epoch 176/200 | Accuracy:  93.7500 | Loss:   0.0010
2024-03-10 19:48:33,315 | INFO | hilo : Epoch 177/200 | Accuracy:  91.4062 | Loss:   0.0017
2024-03-10 19:49:43,845 | INFO | hilo : Epoch 178/200 | Accuracy:  92.1875 | Loss:   0.0022
2024-03-10 19:50:54,347 | INFO | hilo : Epoch 179/200 | Accuracy:  89.8611 | Loss:   0.0011
2024-03-10 19:52:04,752 | INFO | hilo : Epoch 180/200 | Accuracy:  90.9375 | Loss:   0.0018
2024-03-10 19:53:15,174 | INFO | hilo : Epoch 181/200 | Accuracy:  95.3125 | Loss:   0.0022
2024-03-10 19:54:25,573 | INFO | hilo : Epoch 182/200 | Accuracy:  89.6115 | Loss:   0.0012
2024-03-10 19:55:36,007 | INFO | hilo : Epoch 183/200 | Accuracy:  90.1634 | Loss:   0.0016
2024-03-10 19:56:46,408 | INFO | hilo : Epoch 184/200 | Accuracy:  95.3125 | Loss:   0.0016
2024-03-10 19:57:56,850 | INFO | hilo : Epoch 185/200 | Accuracy:  90.2344 | Loss:   0.0012
2024-03-10 19:59:07,272 | INFO | hilo : Epoch 186/200 | Accuracy:  90.1495 | Loss:   0.0011
2024-03-10 20:00:17,719 | INFO | hilo : Epoch 187/200 | Accuracy:  89.6284 | Loss:   0.0012
2024-03-10 20:01:28,125 | INFO | hilo : Epoch 188/200 | Accuracy:  89.6941 | Loss:   0.0015
2024-03-10 20:02:38,490 | INFO | hilo : Epoch 189/200 | Accuracy:  91.1458 | Loss:   0.0017
2024-03-10 20:03:48,909 | INFO | hilo : Epoch 190/200 | Accuracy:  91.6667 | Loss:   0.0025
2024-03-10 20:04:59,365 | INFO | hilo : Epoch 191/200 | Accuracy:  90.0347 | Loss:   0.0010
2024-03-10 20:06:09,733 | INFO | hilo : Epoch 192/200 | Accuracy:  90.6250 | Loss:   0.0013
2024-03-10 20:07:20,122 | INFO | hilo : Epoch 193/200 | Accuracy:  91.6667 | Loss:   0.0015
2024-03-10 20:08:30,515 | INFO | hilo : Epoch 194/200 | Accuracy:  90.6250 | Loss:   0.0011
2024-03-10 20:09:40,886 | INFO | hilo : Epoch 195/200 | Accuracy:  90.6250 | Loss:   0.0019
2024-03-10 20:10:51,359 | INFO | hilo : Epoch 196/200 | Accuracy:  92.8125 | Loss:   0.0010
2024-03-10 20:12:01,719 | INFO | hilo : Epoch 197/200 | Accuracy:  90.0095 | Loss:   0.0022
2024-03-10 20:13:12,156 | INFO | hilo : Epoch 198/200 | Accuracy:  90.6250 | Loss:   0.0021
2024-03-10 20:14:22,630 | INFO | hilo : Epoch 199/200 | Accuracy:  90.4297 | Loss:   0.0016
2024-03-10 20:15:33,082 | INFO | hilo : Epoch 200/200 | Accuracy:  90.6250 | Loss:   0.0016
2024-03-10 20:15:33,082 | INFO | hilo : Commencing testing phase...
2024-03-10 20:15:38,237 | INFO | hilo : Test Accuracy: 89.32
2024-03-10 20:15:38,238 | INFO | hilo : Best accuracy of 95.3125% @ epoch 37
2024-03-10 20:15:38,238 | INFO | hilo : Recording job results in output/results.csv
2024-03-10 20:15:38,247 | INFO | hilo : Saving training report to output/resnet/cifar10/None/20240310_162048//training_report.csv
2024-03-10 20:15:38,248 | INFO | hilo : Saving accuracy graph to output/resnet/cifar10/None/20240310_162048//training_graph.jpg
2024-03-10 20:15:38,421 | INFO | hilo.resnet : Saving model layer data to output/resnet/cifar10/None/20240310_162048//model_layers.csv
2024-03-10 20:15:38,422 | INFO | hilo : Job complete: MODEL resnet | DATASET cifar10 | KERNEL none
2024-03-10 20:15:38,422 | INFO | hilo : Exiting...
