2023-10-28 09:11:51,356 | INFO | hi-lo : 
+=========================================================================+
|  ______     ______   ______    ___         ___        ______   _______  |
| /| ___ \  // ____ \ /| ___ \  /| |        /| |      // ____ \ /| ___  \ |
| /| |//\ \ /| |//| | /| |//\ \ /| |        /| |      /| |//| | /| |//| | |
| /| | /| | /| ____ | /| | /| | /| |        /| |      /| ____ | /| ___  / |
| /| |_// / /| |//| | /| |_// / /| |____    /| |____  /| |//| | /| |//\ \ |
| /|_____/  /|_| /|_| /|_____/  /|______|   /|______| /|_| /|_| /|______/ |
| ///////   ///  ///  //////    ////////    ////////  ///  ///  ////////  |
+=========================================================================+
|                  Hi-Lo Resolution Image Classification                  |
|                  -------------------------------------                  |
|                            Gabriel C. Trahan                            |
|                               Sahan Ahmad                               |
|                            MD  Aminual Islam                            |
+=========================================================================+
| MODEL:                      normal | LR:                            0.1 |
| DATASET:                  imagenet | BATCH SIZE:                     64 |
+=========================================================================+
2023-10-28 09:11:51,357 | INFO | hi-lo : Output directory: output/None//normal/imagenet/20231028_091151
2023-10-28 09:11:51,357 | INFO | hi-lo.dataset-accessor : Fetching dataset: imagenet
2023-10-28 09:11:51,357 | INFO | hi-lo.imagenet-dataset : Initializing transform.
2023-10-28 09:11:51,357 | INFO | hi-lo.imagenet-dataset : Verifying/downloading train data.
2023-10-28 09:11:54,510 | INFO | hi-lo.imagenet-dataset : Verifying/downloading test data.
2023-10-28 09:11:54,545 | INFO | hi-lo.imagenet-dataset : Creating train data loader.
2023-10-28 09:11:54,545 | INFO | hi-lo.imagenet-dataset : Creating test data loader.
2023-10-28 09:11:55,542 | INFO | hi-lo : Using device: NVIDIA GeForce GTX 1060 6GB
2023-10-28 09:11:55,542 | INFO | hi-lo : Commencing training phase...
2023-10-28 09:11:55,542 | INFO | hi-lo : BEGIN EPOCH 1 =========================================================================
2023-10-28 09:12:20,346 | INFO | hi-lo : END EPOCH:   1 | ACCURACY: 7.29 | LOSS: 4.694072723388672
2023-10-28 09:12:20,346 | INFO | hi-lo : BEGIN EPOCH 2 =========================================================================
2023-10-28 09:12:44,404 | INFO | hi-lo : END EPOCH:   2 | ACCURACY: 6.25 | LOSS: 4.474713325500488
2023-10-28 09:12:44,404 | INFO | hi-lo : BEGIN EPOCH 3 =========================================================================
2023-10-28 09:13:08,442 | INFO | hi-lo : END EPOCH:   3 | ACCURACY: 1.22 | LOSS: 4.456632137298584
2023-10-28 09:13:08,442 | INFO | hi-lo : BEGIN EPOCH 4 =========================================================================
2023-10-28 09:13:32,530 | INFO | hi-lo : END EPOCH:   4 | ACCURACY: 0.29 | LOSS: 4.753565311431885
2023-10-28 09:13:32,530 | INFO | hi-lo : BEGIN EPOCH 5 =========================================================================
2023-10-28 09:13:56,703 | INFO | hi-lo : END EPOCH:   5 | ACCURACY: 1.17 | LOSS: 4.325760841369629
2023-10-28 09:13:56,703 | INFO | hi-lo : BEGIN EPOCH 6 =========================================================================
2023-10-28 09:14:20,886 | INFO | hi-lo : END EPOCH:   6 | ACCURACY: 3.12 | LOSS: 4.2433857917785645
2023-10-28 09:14:20,886 | INFO | hi-lo : BEGIN EPOCH 7 =========================================================================
2023-10-28 09:14:45,067 | INFO | hi-lo : END EPOCH:   7 | ACCURACY: 2.81 | LOSS: 4.348836421966553
2023-10-28 09:14:45,067 | INFO | hi-lo : BEGIN EPOCH 8 =========================================================================
2023-10-28 09:15:09,241 | INFO | hi-lo : END EPOCH:   8 | ACCURACY: 1.82 | LOSS: 4.294491767883301
2023-10-28 09:15:09,241 | INFO | hi-lo : BEGIN EPOCH 9 =========================================================================
2023-10-28 09:15:33,331 | INFO | hi-lo : END EPOCH:   9 | ACCURACY: 1.56 | LOSS: 4.550481796264648
2023-10-28 09:15:33,331 | INFO | hi-lo : BEGIN EPOCH 10 =========================================================================
2023-10-28 09:15:57,545 | INFO | hi-lo : END EPOCH:  10 | ACCURACY: 0.94 | LOSS: 4.473006725311279
2023-10-28 09:15:57,545 | INFO | hi-lo : BEGIN EPOCH 11 =========================================================================
2023-10-28 09:16:21,793 | INFO | hi-lo : END EPOCH:  11 | ACCURACY: 1.56 | LOSS: 4.279547214508057
2023-10-28 09:16:21,793 | INFO | hi-lo : BEGIN EPOCH 12 =========================================================================
2023-10-28 09:16:46,033 | INFO | hi-lo : END EPOCH:  12 | ACCURACY: 0.07 | LOSS: 4.1563496589660645
2023-10-28 09:16:46,033 | INFO | hi-lo : BEGIN EPOCH 13 =========================================================================
2023-10-28 09:17:10,306 | INFO | hi-lo : END EPOCH:  13 | ACCURACY: 3.91 | LOSS: 4.237677097320557
2023-10-28 09:17:10,306 | INFO | hi-lo : BEGIN EPOCH 14 =========================================================================
2023-10-28 09:17:34,610 | INFO | hi-lo : END EPOCH:  14 | ACCURACY: 0.52 | LOSS: 4.522834300994873
2023-10-28 09:17:34,610 | INFO | hi-lo : BEGIN EPOCH 15 =========================================================================
2023-10-28 09:17:58,916 | INFO | hi-lo : END EPOCH:  15 | ACCURACY: 1.99 | LOSS: 4.075436115264893
2023-10-28 09:17:58,916 | INFO | hi-lo : BEGIN EPOCH 16 =========================================================================
2023-10-28 09:18:23,210 | INFO | hi-lo : END EPOCH:  16 | ACCURACY: 3.12 | LOSS: 4.418796539306641
2023-10-28 09:18:23,211 | INFO | hi-lo : BEGIN EPOCH 17 =========================================================================
2023-10-28 09:18:47,514 | INFO | hi-lo : END EPOCH:  17 | ACCURACY: 0.78 | LOSS: 4.7424421310424805
2023-10-28 09:18:47,514 | INFO | hi-lo : BEGIN EPOCH 18 =========================================================================
2023-10-28 09:19:11,870 | INFO | hi-lo : END EPOCH:  18 | ACCURACY: 0.37 | LOSS: 3.8222360610961914
2023-10-28 09:19:11,870 | INFO | hi-lo : BEGIN EPOCH 19 =========================================================================
2023-10-28 09:19:36,119 | INFO | hi-lo : END EPOCH:  19 | ACCURACY: 1.56 | LOSS: 4.264583587646484
2023-10-28 09:19:36,119 | INFO | hi-lo : BEGIN EPOCH 20 =========================================================================
2023-10-28 09:20:00,381 | INFO | hi-lo : END EPOCH:  20 | ACCURACY: 2.34 | LOSS: 4.569006443023682
2023-10-28 09:20:00,381 | INFO | hi-lo : BEGIN EPOCH 21 =========================================================================
2023-10-28 09:20:24,738 | INFO | hi-lo : END EPOCH:  21 | ACCURACY: 0.1 | LOSS: 4.364820957183838
2023-10-28 09:20:24,738 | INFO | hi-lo : BEGIN EPOCH 22 =========================================================================
2023-10-28 09:20:49,393 | INFO | hi-lo : END EPOCH:  22 | ACCURACY: 0.31 | LOSS: 4.40206241607666
2023-10-28 09:20:49,393 | INFO | hi-lo : BEGIN EPOCH 23 =========================================================================
2023-10-28 09:21:13,723 | INFO | hi-lo : END EPOCH:  23 | ACCURACY: 0.19 | LOSS: 4.349339008331299
2023-10-28 09:21:13,724 | INFO | hi-lo : BEGIN EPOCH 24 =========================================================================
2023-10-28 09:21:37,994 | INFO | hi-lo : END EPOCH:  24 | ACCURACY: 3.12 | LOSS: 3.9307103157043457
2023-10-28 09:21:37,994 | INFO | hi-lo : BEGIN EPOCH 25 =========================================================================
2023-10-28 09:22:02,246 | INFO | hi-lo : END EPOCH:  25 | ACCURACY: 3.12 | LOSS: 4.1620283126831055
2023-10-28 09:22:02,246 | INFO | hi-lo : BEGIN EPOCH 26 =========================================================================
2023-10-28 09:22:26,559 | INFO | hi-lo : END EPOCH:  26 | ACCURACY: 1.56 | LOSS: 4.158152103424072
2023-10-28 09:22:26,559 | INFO | hi-lo : BEGIN EPOCH 27 =========================================================================
2023-10-28 09:22:50,905 | INFO | hi-lo : END EPOCH:  27 | ACCURACY: 1.76 | LOSS: 4.260751724243164
2023-10-28 09:22:50,905 | INFO | hi-lo : BEGIN EPOCH 28 =========================================================================
2023-10-28 09:23:15,262 | INFO | hi-lo : END EPOCH:  28 | ACCURACY: 1.56 | LOSS: 4.108745098114014
2023-10-28 09:23:15,262 | INFO | hi-lo : BEGIN EPOCH 29 =========================================================================
2023-10-28 09:23:39,606 | INFO | hi-lo : END EPOCH:  29 | ACCURACY: 0.52 | LOSS: 4.68889045715332
2023-10-28 09:23:39,607 | INFO | hi-lo : BEGIN EPOCH 30 =========================================================================
2023-10-28 09:24:04,029 | INFO | hi-lo : END EPOCH:  30 | ACCURACY: 0.61 | LOSS: 3.180354118347168
2023-10-28 09:24:04,029 | INFO | hi-lo : BEGIN EPOCH 31 =========================================================================
2023-10-28 09:24:28,295 | INFO | hi-lo : END EPOCH:  31 | ACCURACY: 1.56 | LOSS: 3.0366580486297607
2023-10-28 09:24:28,295 | INFO | hi-lo : BEGIN EPOCH 32 =========================================================================
2023-10-28 09:24:52,597 | INFO | hi-lo : END EPOCH:  32 | ACCURACY: 1.56 | LOSS: 3.10821270942688
2023-10-28 09:24:52,597 | INFO | hi-lo : BEGIN EPOCH 33 =========================================================================
2023-10-28 09:25:17,009 | INFO | hi-lo : END EPOCH:  33 | ACCURACY: 0.84 | LOSS: 2.4819116592407227
2023-10-28 09:25:17,009 | INFO | hi-lo : BEGIN EPOCH 34 =========================================================================
2023-10-28 09:25:41,315 | INFO | hi-lo : END EPOCH:  34 | ACCURACY: 1.56 | LOSS: 2.4978063106536865
2023-10-28 09:25:41,315 | INFO | hi-lo : BEGIN EPOCH 35 =========================================================================
2023-10-28 09:26:05,715 | INFO | hi-lo : END EPOCH:  35 | ACCURACY: 1.56 | LOSS: 2.1179544925689697
2023-10-28 09:26:05,716 | INFO | hi-lo : BEGIN EPOCH 36 =========================================================================
2023-10-28 09:26:30,152 | INFO | hi-lo : END EPOCH:  36 | ACCURACY: 0.78 | LOSS: 1.6630924940109253
2023-10-28 09:26:30,153 | INFO | hi-lo : BEGIN EPOCH 37 =========================================================================
2023-10-28 09:26:54,520 | INFO | hi-lo : END EPOCH:  37 | ACCURACY: 0.52 | LOSS: 2.088259696960449
2023-10-28 09:26:54,520 | INFO | hi-lo : BEGIN EPOCH 38 =========================================================================
2023-10-28 09:27:18,889 | INFO | hi-lo : END EPOCH:  38 | ACCURACY: 1.56 | LOSS: 1.7783336639404297
2023-10-28 09:27:18,889 | INFO | hi-lo : BEGIN EPOCH 39 =========================================================================
2023-10-28 09:27:43,330 | INFO | hi-lo : END EPOCH:  39 | ACCURACY: 0.78 | LOSS: 1.5472348928451538
2023-10-28 09:27:43,330 | INFO | hi-lo : BEGIN EPOCH 40 =========================================================================
2023-10-28 09:28:07,568 | INFO | hi-lo : END EPOCH:  40 | ACCURACY: 1.04 | LOSS: 1.537185788154602
2023-10-28 09:28:07,568 | INFO | hi-lo : BEGIN EPOCH 41 =========================================================================
2023-10-28 09:28:31,877 | INFO | hi-lo : END EPOCH:  41 | ACCURACY: 1.95 | LOSS: 1.6023812294006348
2023-10-28 09:28:31,877 | INFO | hi-lo : BEGIN EPOCH 42 =========================================================================
2023-10-28 09:28:56,276 | INFO | hi-lo : END EPOCH:  42 | ACCURACY: 0.78 | LOSS: 1.6104955673217773
2023-10-28 09:28:56,276 | INFO | hi-lo : BEGIN EPOCH 43 =========================================================================
2023-10-28 09:29:20,690 | INFO | hi-lo : END EPOCH:  43 | ACCURACY: 1.56 | LOSS: 1.1719571352005005
2023-10-28 09:29:20,690 | INFO | hi-lo : BEGIN EPOCH 44 =========================================================================
2023-10-28 09:29:45,035 | INFO | hi-lo : END EPOCH:  44 | ACCURACY: 2.34 | LOSS: 0.9676299691200256
2023-10-28 09:29:45,035 | INFO | hi-lo : BEGIN EPOCH 45 =========================================================================
2023-10-28 09:30:09,463 | INFO | hi-lo : END EPOCH:  45 | ACCURACY: 0.56 | LOSS: 1.2634385824203491
2023-10-28 09:30:09,463 | INFO | hi-lo : BEGIN EPOCH 46 =========================================================================
2023-10-28 09:30:33,782 | INFO | hi-lo : END EPOCH:  46 | ACCURACY: 0.57 | LOSS: 1.126224398612976
2023-10-28 09:30:33,782 | INFO | hi-lo : BEGIN EPOCH 47 =========================================================================
2023-10-28 09:30:58,119 | INFO | hi-lo : END EPOCH:  47 | ACCURACY: 1.25 | LOSS: 0.7395005822181702
2023-10-28 09:30:58,119 | INFO | hi-lo : BEGIN EPOCH 48 =========================================================================
2023-10-28 09:31:22,400 | INFO | hi-lo : END EPOCH:  48 | ACCURACY: 1.04 | LOSS: 0.8071288466453552
2023-10-28 09:31:22,401 | INFO | hi-lo : BEGIN EPOCH 49 =========================================================================
2023-10-28 09:31:46,658 | INFO | hi-lo : END EPOCH:  49 | ACCURACY: 1.56 | LOSS: 0.5999706983566284
2023-10-28 09:31:46,659 | INFO | hi-lo : BEGIN EPOCH 50 =========================================================================
2023-10-28 09:32:10,907 | INFO | hi-lo : END EPOCH:  50 | ACCURACY: 0.78 | LOSS: 1.209484577178955
2023-10-28 09:32:10,907 | INFO | hi-lo : BEGIN EPOCH 51 =========================================================================
2023-10-28 09:32:35,166 | INFO | hi-lo : END EPOCH:  51 | ACCURACY: 1.56 | LOSS: 0.7537171840667725
2023-10-28 09:32:35,166 | INFO | hi-lo : BEGIN EPOCH 52 =========================================================================
2023-10-28 09:32:59,489 | INFO | hi-lo : END EPOCH:  52 | ACCURACY: 1.34 | LOSS: 0.818625271320343
2023-10-28 09:32:59,490 | INFO | hi-lo : BEGIN EPOCH 53 =========================================================================
2023-10-28 09:33:23,792 | INFO | hi-lo : END EPOCH:  53 | ACCURACY: 1.95 | LOSS: 0.650629997253418
2023-10-28 09:33:23,792 | INFO | hi-lo : BEGIN EPOCH 54 =========================================================================
2023-10-28 09:33:48,179 | INFO | hi-lo : END EPOCH:  54 | ACCURACY: 0.52 | LOSS: 1.1021087169647217
2023-10-28 09:33:48,179 | INFO | hi-lo : BEGIN EPOCH 55 =========================================================================
2023-10-28 09:34:12,639 | INFO | hi-lo : END EPOCH:  55 | ACCURACY: 0.28 | LOSS: 0.38836705684661865
2023-10-28 09:34:12,639 | INFO | hi-lo : BEGIN EPOCH 56 =========================================================================
2023-10-28 09:34:36,910 | INFO | hi-lo : END EPOCH:  56 | ACCURACY: 0.59 | LOSS: 0.4559672474861145
2023-10-28 09:34:36,910 | INFO | hi-lo : BEGIN EPOCH 57 =========================================================================
2023-10-28 09:35:01,291 | INFO | hi-lo : END EPOCH:  57 | ACCURACY: 0.78 | LOSS: 0.5367769598960876
2023-10-28 09:35:01,291 | INFO | hi-lo : BEGIN EPOCH 58 =========================================================================
2023-10-28 09:35:25,658 | INFO | hi-lo : END EPOCH:  58 | ACCURACY: 0.37 | LOSS: 0.5595839023590088
2023-10-28 09:35:25,658 | INFO | hi-lo : BEGIN EPOCH 59 =========================================================================
2023-10-28 09:35:49,988 | INFO | hi-lo : END EPOCH:  59 | ACCURACY: 0.96 | LOSS: 1.024755597114563
2023-10-28 09:35:49,988 | INFO | hi-lo : BEGIN EPOCH 60 =========================================================================
2023-10-28 09:36:14,275 | INFO | hi-lo : END EPOCH:  60 | ACCURACY: 3.12 | LOSS: 0.10550546646118164
2023-10-28 09:36:14,275 | INFO | hi-lo : BEGIN EPOCH 61 =========================================================================
2023-10-28 09:36:38,507 | INFO | hi-lo : END EPOCH:  61 | ACCURACY: 0.85 | LOSS: 0.03518558293581009
2023-10-28 09:36:38,507 | INFO | hi-lo : BEGIN EPOCH 62 =========================================================================
2023-10-28 09:37:02,816 | INFO | hi-lo : END EPOCH:  62 | ACCURACY: 0.78 | LOSS: 0.02443365752696991
2023-10-28 09:37:02,816 | INFO | hi-lo : BEGIN EPOCH 63 =========================================================================
2023-10-28 09:37:27,219 | INFO | hi-lo : END EPOCH:  63 | ACCURACY: 0.73 | LOSS: 0.01715594343841076
2023-10-28 09:37:27,219 | INFO | hi-lo : BEGIN EPOCH 64 =========================================================================
2023-10-28 09:37:51,616 | INFO | hi-lo : END EPOCH:  64 | ACCURACY: 0.72 | LOSS: 0.013676122762262821
2023-10-28 09:37:51,616 | INFO | hi-lo : BEGIN EPOCH 65 =========================================================================
2023-10-28 09:38:16,030 | INFO | hi-lo : END EPOCH:  65 | ACCURACY: 0.65 | LOSS: 0.02733573503792286
2023-10-28 09:38:16,030 | INFO | hi-lo : BEGIN EPOCH 66 =========================================================================
2023-10-28 09:38:40,512 | INFO | hi-lo : END EPOCH:  66 | ACCURACY: 0.78 | LOSS: 0.012047228403389454
2023-10-28 09:38:40,513 | INFO | hi-lo : BEGIN EPOCH 67 =========================================================================
2023-10-28 09:39:04,827 | INFO | hi-lo : END EPOCH:  67 | ACCURACY: 1.56 | LOSS: 0.016566356644034386
2023-10-28 09:39:04,827 | INFO | hi-lo : BEGIN EPOCH 68 =========================================================================
2023-10-28 09:39:29,077 | INFO | hi-lo : END EPOCH:  68 | ACCURACY: 1.04 | LOSS: 0.011175219900906086
2023-10-28 09:39:29,077 | INFO | hi-lo : BEGIN EPOCH 69 =========================================================================
2023-10-28 09:39:53,459 | INFO | hi-lo : END EPOCH:  69 | ACCURACY: 1.04 | LOSS: 0.02099778689444065
2023-10-28 09:39:53,459 | INFO | hi-lo : BEGIN EPOCH 70 =========================================================================
2023-10-28 09:40:17,880 | INFO | hi-lo : END EPOCH:  70 | ACCURACY: 3.12 | LOSS: 0.06066944822669029
2023-10-28 09:40:17,880 | INFO | hi-lo : BEGIN EPOCH 71 =========================================================================
2023-10-28 09:40:42,353 | INFO | hi-lo : END EPOCH:  71 | ACCURACY: 0.61 | LOSS: 0.01671893149614334
2023-10-28 09:40:42,353 | INFO | hi-lo : BEGIN EPOCH 72 =========================================================================
2023-10-28 09:41:06,889 | INFO | hi-lo : END EPOCH:  72 | ACCURACY: 0.69 | LOSS: 0.01562870293855667
2023-10-28 09:41:06,889 | INFO | hi-lo : BEGIN EPOCH 73 =========================================================================
2023-10-28 09:41:31,271 | INFO | hi-lo : END EPOCH:  73 | ACCURACY: 1.56 | LOSS: 0.013613501563668251
2023-10-28 09:41:31,271 | INFO | hi-lo : BEGIN EPOCH 74 =========================================================================
2023-10-28 09:41:55,706 | INFO | hi-lo : END EPOCH:  74 | ACCURACY: 0.74 | LOSS: 0.015230073593556881
2023-10-28 09:41:55,706 | INFO | hi-lo : BEGIN EPOCH 75 =========================================================================
2023-10-28 09:42:20,036 | INFO | hi-lo : END EPOCH:  75 | ACCURACY: 1.04 | LOSS: 0.015060186386108398
2023-10-28 09:42:20,036 | INFO | hi-lo : BEGIN EPOCH 76 =========================================================================
2023-10-28 09:42:44,493 | INFO | hi-lo : END EPOCH:  76 | ACCURACY: 1.56 | LOSS: 0.011661708354949951
2023-10-28 09:42:44,493 | INFO | hi-lo : BEGIN EPOCH 77 =========================================================================
2023-10-28 09:43:08,833 | INFO | hi-lo : END EPOCH:  77 | ACCURACY: 0.8 | LOSS: 0.012744725681841373
2023-10-28 09:43:08,833 | INFO | hi-lo : BEGIN EPOCH 78 =========================================================================
2023-10-28 09:43:33,120 | INFO | hi-lo : END EPOCH:  78 | ACCURACY: 0.62 | LOSS: 0.018027562648057938
2023-10-28 09:43:33,120 | INFO | hi-lo : BEGIN EPOCH 79 =========================================================================
2023-10-28 09:43:57,493 | INFO | hi-lo : END EPOCH:  79 | ACCURACY: 0.7 | LOSS: 0.020767973735928535
2023-10-28 09:43:57,493 | INFO | hi-lo : BEGIN EPOCH 80 =========================================================================
2023-10-28 09:44:21,829 | INFO | hi-lo : END EPOCH:  80 | ACCURACY: 0.62 | LOSS: 0.0514439195394516
2023-10-28 09:44:21,829 | INFO | hi-lo : BEGIN EPOCH 81 =========================================================================
2023-10-28 09:44:46,271 | INFO | hi-lo : END EPOCH:  81 | ACCURACY: 1.56 | LOSS: 0.018340641632676125
2023-10-28 09:44:46,271 | INFO | hi-lo : BEGIN EPOCH 82 =========================================================================
2023-10-28 09:45:10,793 | INFO | hi-lo : END EPOCH:  82 | ACCURACY: 1.41 | LOSS: 0.013062242418527603
2023-10-28 09:45:10,794 | INFO | hi-lo : BEGIN EPOCH 83 =========================================================================
2023-10-28 09:45:35,165 | INFO | hi-lo : END EPOCH:  83 | ACCURACY: 3.12 | LOSS: 0.05697312578558922
2023-10-28 09:45:35,165 | INFO | hi-lo : BEGIN EPOCH 84 =========================================================================
2023-10-28 09:45:59,501 | INFO | hi-lo : END EPOCH:  84 | ACCURACY: 1.56 | LOSS: 0.02178141660988331
2023-10-28 09:45:59,501 | INFO | hi-lo : BEGIN EPOCH 85 =========================================================================
2023-10-28 09:46:23,854 | INFO | hi-lo : END EPOCH:  85 | ACCURACY: 1.04 | LOSS: 0.024567067623138428
2023-10-28 09:46:23,855 | INFO | hi-lo : BEGIN EPOCH 86 =========================================================================
2023-10-28 09:46:48,393 | INFO | hi-lo : END EPOCH:  86 | ACCURACY: 1.56 | LOSS: 0.030295362696051598
2023-10-28 09:46:48,394 | INFO | hi-lo : BEGIN EPOCH 87 =========================================================================
2023-10-28 09:47:12,820 | INFO | hi-lo : END EPOCH:  87 | ACCURACY: 2.08 | LOSS: 0.020912781357765198
2023-10-28 09:47:12,820 | INFO | hi-lo : BEGIN EPOCH 88 =========================================================================
2023-10-28 09:47:37,178 | INFO | hi-lo : END EPOCH:  88 | ACCURACY: 0.73 | LOSS: 0.025248032063245773
2023-10-28 09:47:37,178 | INFO | hi-lo : BEGIN EPOCH 89 =========================================================================
2023-10-28 09:48:01,474 | INFO | hi-lo : END EPOCH:  89 | ACCURACY: 3.12 | LOSS: 0.027080856263637543
2023-10-28 09:48:01,474 | INFO | hi-lo : BEGIN EPOCH 90 =========================================================================
2023-10-28 09:48:25,774 | INFO | hi-lo : END EPOCH:  90 | ACCURACY: 0.62 | LOSS: 0.017873739823698997
2023-10-28 09:48:25,774 | INFO | hi-lo : BEGIN EPOCH 91 =========================================================================
2023-10-28 09:48:50,065 | INFO | hi-lo : END EPOCH:  91 | ACCURACY: 1.56 | LOSS: 0.01259276270866394
2023-10-28 09:48:50,065 | INFO | hi-lo : BEGIN EPOCH 92 =========================================================================
2023-10-28 09:49:14,358 | INFO | hi-lo : END EPOCH:  92 | ACCURACY: 0.6 | LOSS: 0.014305607415735722
2023-10-28 09:49:14,358 | INFO | hi-lo : BEGIN EPOCH 93 =========================================================================
2023-10-28 09:49:38,701 | INFO | hi-lo : END EPOCH:  93 | ACCURACY: 1.56 | LOSS: 0.02091466262936592
2023-10-28 09:49:38,702 | INFO | hi-lo : BEGIN EPOCH 94 =========================================================================
2023-10-28 09:50:03,076 | INFO | hi-lo : END EPOCH:  94 | ACCURACY: 1.56 | LOSS: 0.01820509321987629
2023-10-28 09:50:03,076 | INFO | hi-lo : BEGIN EPOCH 95 =========================================================================
2023-10-28 09:50:27,616 | INFO | hi-lo : END EPOCH:  95 | ACCURACY: 0.94 | LOSS: 0.02245378866791725
2023-10-28 09:50:27,616 | INFO | hi-lo : BEGIN EPOCH 96 =========================================================================
2023-10-28 09:50:52,176 | INFO | hi-lo : END EPOCH:  96 | ACCURACY: 0.78 | LOSS: 0.018779024481773376
2023-10-28 09:50:52,176 | INFO | hi-lo : BEGIN EPOCH 97 =========================================================================
2023-10-28 09:51:16,650 | INFO | hi-lo : END EPOCH:  97 | ACCURACY: 0.59 | LOSS: 0.017962409183382988
2023-10-28 09:51:16,650 | INFO | hi-lo : BEGIN EPOCH 98 =========================================================================
2023-10-28 09:51:40,979 | INFO | hi-lo : END EPOCH:  98 | ACCURACY: 1.56 | LOSS: 0.015895577147603035
2023-10-28 09:51:40,980 | INFO | hi-lo : BEGIN EPOCH 99 =========================================================================
2023-10-28 09:52:05,330 | INFO | hi-lo : END EPOCH:  99 | ACCURACY: 0.89 | LOSS: 0.018385369330644608
2023-10-28 09:52:05,330 | INFO | hi-lo : BEGIN EPOCH 100 =========================================================================
2023-10-28 09:52:29,690 | INFO | hi-lo : END EPOCH: 100 | ACCURACY: 3.12 | LOSS: 0.019290128722786903
2023-10-28 09:52:29,690 | INFO | hi-lo : BEGIN EPOCH 101 =========================================================================
2023-10-28 09:52:53,910 | INFO | hi-lo : END EPOCH: 101 | ACCURACY: 0.77 | LOSS: 0.020882928743958473
2023-10-28 09:52:53,910 | INFO | hi-lo : BEGIN EPOCH 102 =========================================================================
2023-10-28 09:53:18,223 | INFO | hi-lo : END EPOCH: 102 | ACCURACY: 1.56 | LOSS: 0.030083004385232925
2023-10-28 09:53:18,223 | INFO | hi-lo : BEGIN EPOCH 103 =========================================================================
2023-10-28 09:53:42,542 | INFO | hi-lo : END EPOCH: 103 | ACCURACY: 0.7 | LOSS: 0.02059866301715374
2023-10-28 09:53:42,542 | INFO | hi-lo : BEGIN EPOCH 104 =========================================================================
2023-10-28 09:54:06,827 | INFO | hi-lo : END EPOCH: 104 | ACCURACY: 0.64 | LOSS: 0.01936694048345089
2023-10-28 09:54:06,827 | INFO | hi-lo : BEGIN EPOCH 105 =========================================================================
2023-10-28 09:54:31,177 | INFO | hi-lo : END EPOCH: 105 | ACCURACY: 1.13 | LOSS: 0.02189462073147297
2023-10-28 09:54:31,177 | INFO | hi-lo : BEGIN EPOCH 106 =========================================================================
2023-10-28 09:54:55,493 | INFO | hi-lo : END EPOCH: 106 | ACCURACY: 2.08 | LOSS: 0.01818615198135376
2023-10-28 09:54:55,493 | INFO | hi-lo : BEGIN EPOCH 107 =========================================================================
2023-10-28 09:55:19,875 | INFO | hi-lo : END EPOCH: 107 | ACCURACY: 0.99 | LOSS: 0.034807149320840836
2023-10-28 09:55:19,875 | INFO | hi-lo : BEGIN EPOCH 108 =========================================================================
2023-10-28 09:55:44,221 | INFO | hi-lo : END EPOCH: 108 | ACCURACY: 0.78 | LOSS: 0.016659514978528023
2023-10-28 09:55:44,222 | INFO | hi-lo : BEGIN EPOCH 109 =========================================================================
2023-10-28 09:56:08,518 | INFO | hi-lo : END EPOCH: 109 | ACCURACY: 1.56 | LOSS: 0.018924908712506294
2023-10-28 09:56:08,519 | INFO | hi-lo : BEGIN EPOCH 110 =========================================================================
2023-10-28 09:56:32,810 | INFO | hi-lo : END EPOCH: 110 | ACCURACY: 1.56 | LOSS: 0.015011711046099663
2023-10-28 09:56:32,810 | INFO | hi-lo : BEGIN EPOCH 111 =========================================================================
2023-10-28 09:56:57,130 | INFO | hi-lo : END EPOCH: 111 | ACCURACY: 0.89 | LOSS: 0.02082359604537487
2023-10-28 09:56:57,130 | INFO | hi-lo : BEGIN EPOCH 112 =========================================================================
2023-10-28 09:57:21,435 | INFO | hi-lo : END EPOCH: 112 | ACCURACY: 1.56 | LOSS: 0.020584482699632645
2023-10-28 09:57:21,435 | INFO | hi-lo : BEGIN EPOCH 113 =========================================================================
2023-10-28 09:57:45,728 | INFO | hi-lo : END EPOCH: 113 | ACCURACY: 0.73 | LOSS: 0.021973207592964172
2023-10-28 09:57:45,728 | INFO | hi-lo : BEGIN EPOCH 114 =========================================================================
2023-10-28 09:58:09,973 | INFO | hi-lo : END EPOCH: 114 | ACCURACY: 1.04 | LOSS: 0.01818186230957508
2023-10-28 09:58:09,973 | INFO | hi-lo : BEGIN EPOCH 115 =========================================================================
2023-10-28 09:58:34,287 | INFO | hi-lo : END EPOCH: 115 | ACCURACY: 0.78 | LOSS: 0.02480478398501873
2023-10-28 09:58:34,287 | INFO | hi-lo : BEGIN EPOCH 116 =========================================================================
2023-10-28 09:58:58,537 | INFO | hi-lo : END EPOCH: 116 | ACCURACY: 1.56 | LOSS: 0.025129754096269608
2023-10-28 09:58:58,537 | INFO | hi-lo : BEGIN EPOCH 117 =========================================================================
2023-10-28 09:59:22,833 | INFO | hi-lo : END EPOCH: 117 | ACCURACY: 0.78 | LOSS: 0.020770812407135963
2023-10-28 09:59:22,833 | INFO | hi-lo : BEGIN EPOCH 118 =========================================================================
2023-10-28 09:59:47,166 | INFO | hi-lo : END EPOCH: 118 | ACCURACY: 1.56 | LOSS: 0.021855315193533897
2023-10-28 09:59:47,166 | INFO | hi-lo : BEGIN EPOCH 119 =========================================================================
2023-10-28 10:00:11,489 | INFO | hi-lo : END EPOCH: 119 | ACCURACY: 0.58 | LOSS: 0.024024968966841698
2023-10-28 10:00:11,489 | INFO | hi-lo : BEGIN EPOCH 120 =========================================================================
2023-10-28 10:00:35,841 | INFO | hi-lo : END EPOCH: 120 | ACCURACY: 0.64 | LOSS: 0.018062105402350426
2023-10-28 10:00:35,841 | INFO | hi-lo : BEGIN EPOCH 121 =========================================================================
2023-10-28 10:01:00,158 | INFO | hi-lo : END EPOCH: 121 | ACCURACY: 0.62 | LOSS: 0.02352345734834671
2023-10-28 10:01:00,158 | INFO | hi-lo : BEGIN EPOCH 122 =========================================================================
2023-10-28 10:01:24,550 | INFO | hi-lo : END EPOCH: 122 | ACCURACY: 0.78 | LOSS: 0.015850771218538284
2023-10-28 10:01:24,550 | INFO | hi-lo : BEGIN EPOCH 123 =========================================================================
2023-10-28 10:01:49,201 | INFO | hi-lo : END EPOCH: 123 | ACCURACY: 1.56 | LOSS: 0.032356373965740204
2023-10-28 10:01:49,201 | INFO | hi-lo : BEGIN EPOCH 124 =========================================================================
2023-10-28 10:02:13,841 | INFO | hi-lo : END EPOCH: 124 | ACCURACY: 0.78 | LOSS: 0.01581762544810772
2023-10-28 10:02:13,842 | INFO | hi-lo : BEGIN EPOCH 125 =========================================================================
2023-10-28 10:02:38,297 | INFO | hi-lo : END EPOCH: 125 | ACCURACY: 0.78 | LOSS: 0.019630249589681625
2023-10-28 10:02:38,297 | INFO | hi-lo : BEGIN EPOCH 126 =========================================================================
2023-10-28 10:03:02,647 | INFO | hi-lo : END EPOCH: 126 | ACCURACY: 0.78 | LOSS: 0.016647744923830032
2023-10-28 10:03:02,648 | INFO | hi-lo : BEGIN EPOCH 127 =========================================================================
2023-10-28 10:03:26,999 | INFO | hi-lo : END EPOCH: 127 | ACCURACY: 0.58 | LOSS: 0.026368889957666397
2023-10-28 10:03:27,000 | INFO | hi-lo : BEGIN EPOCH 128 =========================================================================
2023-10-28 10:03:51,329 | INFO | hi-lo : END EPOCH: 128 | ACCURACY: 1.56 | LOSS: 0.0175534188747406
2023-10-28 10:03:51,329 | INFO | hi-lo : BEGIN EPOCH 129 =========================================================================
2023-10-28 10:04:15,860 | INFO | hi-lo : END EPOCH: 129 | ACCURACY: 0.73 | LOSS: 0.018720895051956177
2023-10-28 10:04:15,860 | INFO | hi-lo : BEGIN EPOCH 130 =========================================================================
2023-10-28 10:04:40,471 | INFO | hi-lo : END EPOCH: 130 | ACCURACY: 0.78 | LOSS: 0.016316603869199753
2023-10-28 10:04:40,471 | INFO | hi-lo : BEGIN EPOCH 131 =========================================================================
2023-10-28 10:05:05,069 | INFO | hi-lo : END EPOCH: 131 | ACCURACY: 1.56 | LOSS: 0.017977125942707062
2023-10-28 10:05:05,069 | INFO | hi-lo : BEGIN EPOCH 132 =========================================================================
2023-10-28 10:05:29,535 | INFO | hi-lo : END EPOCH: 132 | ACCURACY: 0.69 | LOSS: 0.015786869451403618
2023-10-28 10:05:29,536 | INFO | hi-lo : BEGIN EPOCH 133 =========================================================================
2023-10-28 10:05:53,872 | INFO | hi-lo : END EPOCH: 133 | ACCURACY: 1.04 | LOSS: 0.02011619694530964
2023-10-28 10:05:53,872 | INFO | hi-lo : BEGIN EPOCH 134 =========================================================================
2023-10-28 10:06:18,246 | INFO | hi-lo : END EPOCH: 134 | ACCURACY: 0.8 | LOSS: 0.01982179842889309
2023-10-28 10:06:18,247 | INFO | hi-lo : BEGIN EPOCH 135 =========================================================================
2023-10-28 10:06:42,658 | INFO | hi-lo : END EPOCH: 135 | ACCURACY: 0.88 | LOSS: 0.015922296792268753
2023-10-28 10:06:42,659 | INFO | hi-lo : BEGIN EPOCH 136 =========================================================================
2023-10-28 10:07:06,999 | INFO | hi-lo : END EPOCH: 136 | ACCURACY: 1.56 | LOSS: 0.020548107102513313
2023-10-28 10:07:06,999 | INFO | hi-lo : BEGIN EPOCH 137 =========================================================================
2023-10-28 10:07:31,438 | INFO | hi-lo : END EPOCH: 137 | ACCURACY: 1.95 | LOSS: 0.017290782183408737
2023-10-28 10:07:31,438 | INFO | hi-lo : BEGIN EPOCH 138 =========================================================================
2023-10-28 10:07:55,889 | INFO | hi-lo : END EPOCH: 138 | ACCURACY: 1.56 | LOSS: 0.020493829622864723
2023-10-28 10:07:55,889 | INFO | hi-lo : BEGIN EPOCH 139 =========================================================================
2023-10-28 10:08:20,369 | INFO | hi-lo : END EPOCH: 139 | ACCURACY: 0.67 | LOSS: 0.017857639119029045
2023-10-28 10:08:20,369 | INFO | hi-lo : BEGIN EPOCH 140 =========================================================================
2023-10-28 10:08:44,762 | INFO | hi-lo : END EPOCH: 140 | ACCURACY: 1.04 | LOSS: 0.018117623403668404
2023-10-28 10:08:44,762 | INFO | hi-lo : BEGIN EPOCH 141 =========================================================================
2023-10-28 10:09:09,188 | INFO | hi-lo : END EPOCH: 141 | ACCURACY: 0.82 | LOSS: 0.019442031159996986
2023-10-28 10:09:09,188 | INFO | hi-lo : BEGIN EPOCH 142 =========================================================================
2023-10-28 10:09:33,555 | INFO | hi-lo : END EPOCH: 142 | ACCURACY: 3.12 | LOSS: 0.013903995044529438
2023-10-28 10:09:33,556 | INFO | hi-lo : BEGIN EPOCH 143 =========================================================================
2023-10-28 10:09:57,896 | INFO | hi-lo : END EPOCH: 143 | ACCURACY: 0.91 | LOSS: 0.02546723745763302
2023-10-28 10:09:57,896 | INFO | hi-lo : BEGIN EPOCH 144 =========================================================================
2023-10-28 10:10:22,307 | INFO | hi-lo : END EPOCH: 144 | ACCURACY: 1.56 | LOSS: 0.01827039010822773
2023-10-28 10:10:22,307 | INFO | hi-lo : BEGIN EPOCH 145 =========================================================================
2023-10-28 10:10:46,704 | INFO | hi-lo : END EPOCH: 145 | ACCURACY: 0.64 | LOSS: 0.01980593241751194
2023-10-28 10:10:46,704 | INFO | hi-lo : BEGIN EPOCH 146 =========================================================================
2023-10-28 10:11:11,227 | INFO | hi-lo : END EPOCH: 146 | ACCURACY: 1.56 | LOSS: 0.018565787002444267
2023-10-28 10:11:11,227 | INFO | hi-lo : BEGIN EPOCH 147 =========================================================================
2023-10-28 10:11:35,595 | INFO | hi-lo : END EPOCH: 147 | ACCURACY: 1.04 | LOSS: 0.018567439168691635
2023-10-28 10:11:35,595 | INFO | hi-lo : BEGIN EPOCH 148 =========================================================================
2023-10-28 10:12:00,023 | INFO | hi-lo : END EPOCH: 148 | ACCURACY: 3.12 | LOSS: 0.024293743073940277
2023-10-28 10:12:00,023 | INFO | hi-lo : BEGIN EPOCH 149 =========================================================================
2023-10-28 10:12:24,406 | INFO | hi-lo : END EPOCH: 149 | ACCURACY: 1.56 | LOSS: 0.030729884281754494
2023-10-28 10:12:24,406 | INFO | hi-lo : BEGIN EPOCH 150 =========================================================================
2023-10-28 10:12:48,860 | INFO | hi-lo : END EPOCH: 150 | ACCURACY: 0.78 | LOSS: 0.02114274725317955
2023-10-28 10:12:48,860 | INFO | hi-lo : BEGIN EPOCH 151 =========================================================================
2023-10-28 10:13:13,292 | INFO | hi-lo : END EPOCH: 151 | ACCURACY: 0.84 | LOSS: 0.0179388839751482
2023-10-28 10:13:13,292 | INFO | hi-lo : BEGIN EPOCH 152 =========================================================================
2023-10-28 10:13:37,713 | INFO | hi-lo : END EPOCH: 152 | ACCURACY: 0.69 | LOSS: 0.018236659467220306
2023-10-28 10:13:37,713 | INFO | hi-lo : BEGIN EPOCH 153 =========================================================================
2023-10-28 10:14:02,214 | INFO | hi-lo : END EPOCH: 153 | ACCURACY: 1.04 | LOSS: 0.021307915449142456
2023-10-28 10:14:02,214 | INFO | hi-lo : BEGIN EPOCH 154 =========================================================================
2023-10-28 10:14:26,590 | INFO | hi-lo : END EPOCH: 154 | ACCURACY: 0.73 | LOSS: 0.020717188715934753
2023-10-28 10:14:26,590 | INFO | hi-lo : BEGIN EPOCH 155 =========================================================================
2023-10-28 10:14:51,080 | INFO | hi-lo : END EPOCH: 155 | ACCURACY: 3.12 | LOSS: 0.02591540850698948
2023-10-28 10:14:51,080 | INFO | hi-lo : BEGIN EPOCH 156 =========================================================================
2023-10-28 10:15:15,569 | INFO | hi-lo : END EPOCH: 156 | ACCURACY: 1.56 | LOSS: 0.021823937073349953
2023-10-28 10:15:15,569 | INFO | hi-lo : BEGIN EPOCH 157 =========================================================================
2023-10-28 10:15:39,963 | INFO | hi-lo : END EPOCH: 157 | ACCURACY: 0.7 | LOSS: 0.02352346107363701
2023-10-28 10:15:39,963 | INFO | hi-lo : BEGIN EPOCH 158 =========================================================================
2023-10-28 10:16:04,410 | INFO | hi-lo : END EPOCH: 158 | ACCURACY: 0.68 | LOSS: 0.03059709072113037
2023-10-28 10:16:04,410 | INFO | hi-lo : BEGIN EPOCH 159 =========================================================================
2023-10-28 10:16:28,825 | INFO | hi-lo : END EPOCH: 159 | ACCURACY: 1.56 | LOSS: 0.017070084810256958
2023-10-28 10:16:28,826 | INFO | hi-lo : BEGIN EPOCH 160 =========================================================================
2023-10-28 10:16:53,288 | INFO | hi-lo : END EPOCH: 160 | ACCURACY: 1.56 | LOSS: 0.023737261071801186
2023-10-28 10:16:53,289 | INFO | hi-lo : BEGIN EPOCH 161 =========================================================================
2023-10-28 10:17:17,710 | INFO | hi-lo : END EPOCH: 161 | ACCURACY: 0.73 | LOSS: 0.01973429135978222
2023-10-28 10:17:17,711 | INFO | hi-lo : BEGIN EPOCH 162 =========================================================================
2023-10-28 10:17:42,155 | INFO | hi-lo : END EPOCH: 162 | ACCURACY: 0.78 | LOSS: 0.026220019906759262
2023-10-28 10:17:42,155 | INFO | hi-lo : BEGIN EPOCH 163 =========================================================================
2023-10-28 10:18:06,612 | INFO | hi-lo : END EPOCH: 163 | ACCURACY: 1.56 | LOSS: 0.022081749513745308
2023-10-28 10:18:06,612 | INFO | hi-lo : BEGIN EPOCH 164 =========================================================================
2023-10-28 10:18:30,995 | INFO | hi-lo : END EPOCH: 164 | ACCURACY: 0.67 | LOSS: 0.02352270483970642
2023-10-28 10:18:30,996 | INFO | hi-lo : BEGIN EPOCH 165 =========================================================================
2023-10-28 10:18:55,376 | INFO | hi-lo : END EPOCH: 165 | ACCURACY: 0.78 | LOSS: 0.025397760793566704
2023-10-28 10:18:55,376 | INFO | hi-lo : BEGIN EPOCH 166 =========================================================================
2023-10-28 10:19:19,750 | INFO | hi-lo : END EPOCH: 166 | ACCURACY: 1.56 | LOSS: 0.028162673115730286
2023-10-28 10:19:19,750 | INFO | hi-lo : BEGIN EPOCH 167 =========================================================================
2023-10-28 10:19:44,243 | INFO | hi-lo : END EPOCH: 167 | ACCURACY: 1.07 | LOSS: 0.025653934106230736
2023-10-28 10:19:44,243 | INFO | hi-lo : BEGIN EPOCH 168 =========================================================================
2023-10-28 10:20:08,680 | INFO | hi-lo : END EPOCH: 168 | ACCURACY: 1.56 | LOSS: 0.018746184185147285
2023-10-28 10:20:08,680 | INFO | hi-lo : BEGIN EPOCH 169 =========================================================================
2023-10-28 10:20:33,116 | INFO | hi-lo : END EPOCH: 169 | ACCURACY: 0.62 | LOSS: 0.016857102513313293
2023-10-28 10:20:33,116 | INFO | hi-lo : BEGIN EPOCH 170 =========================================================================
2023-10-28 10:20:57,551 | INFO | hi-lo : END EPOCH: 170 | ACCURACY: 0.58 | LOSS: 0.020532431080937386
2023-10-28 10:20:57,552 | INFO | hi-lo : BEGIN EPOCH 171 =========================================================================
2023-10-28 10:21:21,950 | INFO | hi-lo : END EPOCH: 171 | ACCURACY: 0.94 | LOSS: 0.017147419974207878
2023-10-28 10:21:21,950 | INFO | hi-lo : BEGIN EPOCH 172 =========================================================================
2023-10-28 10:21:46,332 | INFO | hi-lo : END EPOCH: 172 | ACCURACY: 0.78 | LOSS: 0.0150874899700284
2023-10-28 10:21:46,332 | INFO | hi-lo : BEGIN EPOCH 173 =========================================================================
2023-10-28 10:22:10,811 | INFO | hi-lo : END EPOCH: 173 | ACCURACY: 0.73 | LOSS: 0.019068362191319466
2023-10-28 10:22:10,811 | INFO | hi-lo : BEGIN EPOCH 174 =========================================================================
2023-10-28 10:22:35,333 | INFO | hi-lo : END EPOCH: 174 | ACCURACY: 1.17 | LOSS: 0.025608932599425316
2023-10-28 10:22:35,333 | INFO | hi-lo : BEGIN EPOCH 175 =========================================================================
2023-10-28 10:22:59,846 | INFO | hi-lo : END EPOCH: 175 | ACCURACY: 1.3 | LOSS: 0.01644495315849781
2023-10-28 10:22:59,846 | INFO | hi-lo : BEGIN EPOCH 176 =========================================================================
2023-10-28 10:23:24,321 | INFO | hi-lo : END EPOCH: 176 | ACCURACY: 1.02 | LOSS: 0.026022596284747124
2023-10-28 10:23:24,322 | INFO | hi-lo : BEGIN EPOCH 177 =========================================================================
2023-10-28 10:23:48,755 | INFO | hi-lo : END EPOCH: 177 | ACCURACY: 1.88 | LOSS: 0.01757018268108368
2023-10-28 10:23:48,755 | INFO | hi-lo : BEGIN EPOCH 178 =========================================================================
2023-10-28 10:24:13,200 | INFO | hi-lo : END EPOCH: 178 | ACCURACY: 0.58 | LOSS: 0.02155442349612713
2023-10-28 10:24:13,200 | INFO | hi-lo : BEGIN EPOCH 179 =========================================================================
2023-10-28 10:24:37,608 | INFO | hi-lo : END EPOCH: 179 | ACCURACY: 0.81 | LOSS: 0.021677404642105103
2023-10-28 10:24:37,608 | INFO | hi-lo : BEGIN EPOCH 180 =========================================================================
2023-10-28 10:25:02,068 | INFO | hi-lo : END EPOCH: 180 | ACCURACY: 1.56 | LOSS: 0.014145075343549252
2023-10-28 10:25:02,068 | INFO | hi-lo : BEGIN EPOCH 181 =========================================================================
2023-10-28 10:25:26,541 | INFO | hi-lo : END EPOCH: 181 | ACCURACY: 0.61 | LOSS: 0.02914237789809704
2023-10-28 10:25:26,541 | INFO | hi-lo : BEGIN EPOCH 182 =========================================================================
2023-10-28 10:25:50,963 | INFO | hi-lo : END EPOCH: 182 | ACCURACY: 1.56 | LOSS: 0.028302008286118507
2023-10-28 10:25:50,963 | INFO | hi-lo : BEGIN EPOCH 183 =========================================================================
2023-10-28 10:26:15,408 | INFO | hi-lo : END EPOCH: 183 | ACCURACY: 0.89 | LOSS: 0.020515939220786095
2023-10-28 10:26:15,408 | INFO | hi-lo : BEGIN EPOCH 184 =========================================================================
2023-10-28 10:26:40,226 | INFO | hi-lo : END EPOCH: 184 | ACCURACY: 1.04 | LOSS: 0.027893634513020515
2023-10-28 10:26:40,227 | INFO | hi-lo : BEGIN EPOCH 185 =========================================================================
2023-10-28 10:27:05,189 | INFO | hi-lo : END EPOCH: 185 | ACCURACY: 0.69 | LOSS: 0.016915572807192802
2023-10-28 10:27:05,189 | INFO | hi-lo : BEGIN EPOCH 186 =========================================================================
2023-10-28 10:27:30,126 | INFO | hi-lo : END EPOCH: 186 | ACCURACY: 1.04 | LOSS: 0.024455703794956207
2023-10-28 10:27:30,127 | INFO | hi-lo : BEGIN EPOCH 187 =========================================================================
2023-10-28 10:27:54,966 | INFO | hi-lo : END EPOCH: 187 | ACCURACY: 0.73 | LOSS: 0.025406364351511
2023-10-28 10:27:54,966 | INFO | hi-lo : BEGIN EPOCH 188 =========================================================================
2023-10-28 10:28:20,018 | INFO | hi-lo : END EPOCH: 188 | ACCURACY: 0.67 | LOSS: 0.031979188323020935
2023-10-28 10:28:20,018 | INFO | hi-lo : BEGIN EPOCH 189 =========================================================================
2023-10-28 10:28:44,732 | INFO | hi-lo : END EPOCH: 189 | ACCURACY: 1.56 | LOSS: 0.0373564250767231
2023-10-28 10:28:44,732 | INFO | hi-lo : BEGIN EPOCH 190 =========================================================================
2023-10-28 10:29:09,884 | INFO | hi-lo : END EPOCH: 190 | ACCURACY: 0.59 | LOSS: 0.021055396646261215
2023-10-28 10:29:09,884 | INFO | hi-lo : BEGIN EPOCH 191 =========================================================================
2023-10-28 10:29:35,226 | INFO | hi-lo : END EPOCH: 191 | ACCURACY: 0.65 | LOSS: 0.024396754801273346
2023-10-28 10:29:35,226 | INFO | hi-lo : BEGIN EPOCH 192 =========================================================================
2023-10-28 10:30:00,051 | INFO | hi-lo : END EPOCH: 192 | ACCURACY: 1.17 | LOSS: 0.02400985360145569
2023-10-28 10:30:00,051 | INFO | hi-lo : BEGIN EPOCH 193 =========================================================================
2023-10-28 10:30:25,704 | INFO | hi-lo : END EPOCH: 193 | ACCURACY: 0.83 | LOSS: 0.019376840442419052
2023-10-28 10:30:25,704 | INFO | hi-lo : BEGIN EPOCH 194 =========================================================================
2023-10-28 10:30:50,968 | INFO | hi-lo : END EPOCH: 194 | ACCURACY: 0.57 | LOSS: 0.02267645299434662
2023-10-28 10:30:50,968 | INFO | hi-lo : BEGIN EPOCH 195 =========================================================================
2023-10-28 10:31:16,159 | INFO | hi-lo : END EPOCH: 195 | ACCURACY: 0.64 | LOSS: 0.025430992245674133
2023-10-28 10:31:16,159 | INFO | hi-lo : BEGIN EPOCH 196 =========================================================================
2023-10-28 10:31:41,503 | INFO | hi-lo : END EPOCH: 196 | ACCURACY: 0.89 | LOSS: 0.021412918344140053
2023-10-28 10:31:41,503 | INFO | hi-lo : BEGIN EPOCH 197 =========================================================================
2023-10-28 10:32:06,700 | INFO | hi-lo : END EPOCH: 197 | ACCURACY: 0.69 | LOSS: 0.023873215541243553
2023-10-28 10:32:06,700 | INFO | hi-lo : BEGIN EPOCH 198 =========================================================================
2023-10-28 10:32:32,062 | INFO | hi-lo : END EPOCH: 198 | ACCURACY: 1.56 | LOSS: 0.026503996923565865
2023-10-28 10:32:32,062 | INFO | hi-lo : BEGIN EPOCH 199 =========================================================================
2023-10-28 10:32:57,532 | INFO | hi-lo : END EPOCH: 199 | ACCURACY: 0.78 | LOSS: 0.02234918810427189
2023-10-28 10:32:57,532 | INFO | hi-lo : BEGIN EPOCH 200 =========================================================================
2023-10-28 10:33:23,263 | INFO | hi-lo : END EPOCH: 200 | ACCURACY: 3.12 | LOSS: 0.02268366515636444
2023-10-28 10:33:23,264 | INFO | hi-lo : Commencing testing phase...
2023-10-28 10:33:25,641 | INFO | hi-lo : Highest accuracy of 7.29% @ epoch 1
2023-10-28 10:33:25,641 | INFO | hi-lo : Recording results
2023-10-28 10:33:25,817 | ERROR | hi-lo : An error occurred: [Errno 2] No such file or directory: 'output/None//normal/imagenet/20231028_091151/training_graph.jpg'
