2023-10-15 11:07:40,651 | INFO | hi-lo : 
+=========================================================================+
|  ______     ______   ______    ___         ___        ______   _______  |
| /| ___ \  // ____ \ /| ___ \  /| |        /| |      // ____ \ /| ___  \ |
| /| |//\ \ /| |//| | /| |//\ \ /| |        /| |      /| |//| | /| |//| | |
| /| | /| | /| ____ | /| | /| | /| |        /| |      /| ____ | /| ___  / |
| /| |_// / /| |//| | /| |_// / /| |____    /| |____  /| |//| | /| |//\ \ |
| /|_____/  /|_| /|_| /|_____/  /|______|   /|______| /|_| /|_| /|______/ |
| ///////   ///  ///  //////    ////////    ////////  ///  ///  ////////  |
+=========================================================================+
|                  Hi-Lo Resolution Image Classification                  |
|                  -------------------------------------                  |
|                            Gabriel C. Trahan                            |
|                               Sahan Ahmad                               |
|                            MD  Aminual Islam                            |
+=========================================================================+
| MODEL:                      normal | LR:                            0.1 |
| DATASET:                  cifar100 | BATCH SIZE:                     64 |
+=========================================================================+
2023-10-15 11:07:40,652 | INFO | hi-lo : Output directory: output/None//normal/cifar100/20231015_110740
2023-10-15 11:07:40,652 | INFO | hi-lo.dataset-accessor : Fetching dataset: cifar100
2023-10-15 11:07:40,652 | INFO | hi-lo.cifar100-dataset : Initializing transform.
2023-10-15 11:07:40,652 | INFO | hi-lo.cifar100-dataset : Verifying/downloading train data.
2023-10-15 11:07:41,237 | INFO | hi-lo.cifar100-dataset : Verifying/downloading test data.
2023-10-15 11:07:41,715 | INFO | hi-lo.cifar100-dataset : Creating train data loader.
2023-10-15 11:07:41,715 | INFO | hi-lo.cifar100-dataset : Creating test data loader.
2023-10-15 11:07:42,678 | INFO | hi-lo : Using device: NVIDIA GeForce GTX 1060 6GB
2023-10-15 11:07:42,678 | INFO | hi-lo : Commencing training phase...
2023-10-15 11:07:42,679 | INFO | hi-lo : BEGIN EPOCH 1 =========================================================================
2023-10-15 11:07:51,286 | INFO | hi-lo : END EPOCH:   1 | ACCURACY: 35.1 | LOSS: 1.6139196157455444
2023-10-15 11:07:51,286 | INFO | hi-lo : BEGIN EPOCH 2 =========================================================================
2023-10-15 11:07:59,130 | INFO | hi-lo : END EPOCH:   2 | ACCURACY: 39.58 | LOSS: 1.599879264831543
2023-10-15 11:07:59,131 | INFO | hi-lo : BEGIN EPOCH 3 =========================================================================
2023-10-15 11:08:07,026 | INFO | hi-lo : END EPOCH:   3 | ACCURACY: 48.96 | LOSS: 1.3933734893798828
2023-10-15 11:08:07,026 | INFO | hi-lo : BEGIN EPOCH 4 =========================================================================
2023-10-15 11:08:14,915 | INFO | hi-lo : END EPOCH:   4 | ACCURACY: 44.79 | LOSS: 1.688746690750122
2023-10-15 11:08:14,915 | INFO | hi-lo : BEGIN EPOCH 5 =========================================================================
2023-10-15 11:08:22,810 | INFO | hi-lo : END EPOCH:   5 | ACCURACY: 48.2 | LOSS: 1.3872888088226318
2023-10-15 11:08:22,810 | INFO | hi-lo : BEGIN EPOCH 6 =========================================================================
2023-10-15 11:08:30,691 | INFO | hi-lo : END EPOCH:   6 | ACCURACY: 49.94 | LOSS: 1.4601664543151855
2023-10-15 11:08:30,691 | INFO | hi-lo : BEGIN EPOCH 7 =========================================================================
2023-10-15 11:08:38,590 | INFO | hi-lo : END EPOCH:   7 | ACCURACY: 53.12 | LOSS: 1.4215484857559204
2023-10-15 11:08:38,590 | INFO | hi-lo : BEGIN EPOCH 8 =========================================================================
2023-10-15 11:08:46,497 | INFO | hi-lo : END EPOCH:   8 | ACCURACY: 59.38 | LOSS: 1.7073503732681274
2023-10-15 11:08:46,498 | INFO | hi-lo : BEGIN EPOCH 9 =========================================================================
2023-10-15 11:08:54,407 | INFO | hi-lo : END EPOCH:   9 | ACCURACY: 53.82 | LOSS: 1.5030884742736816
2023-10-15 11:08:54,407 | INFO | hi-lo : BEGIN EPOCH 10 =========================================================================
2023-10-15 11:09:02,303 | INFO | hi-lo : END EPOCH:  10 | ACCURACY: 57.03 | LOSS: 1.3277183771133423
2023-10-15 11:09:02,303 | INFO | hi-lo : BEGIN EPOCH 11 =========================================================================
2023-10-15 11:09:10,228 | INFO | hi-lo : END EPOCH:  11 | ACCURACY: 50.52 | LOSS: 1.3219321966171265
2023-10-15 11:09:10,228 | INFO | hi-lo : BEGIN EPOCH 12 =========================================================================
2023-10-15 11:09:18,146 | INFO | hi-lo : END EPOCH:  12 | ACCURACY: 50.16 | LOSS: 1.2642637491226196
2023-10-15 11:09:18,146 | INFO | hi-lo : BEGIN EPOCH 13 =========================================================================
2023-10-15 11:09:26,063 | INFO | hi-lo : END EPOCH:  13 | ACCURACY: 50.42 | LOSS: 1.7141433954238892
2023-10-15 11:09:26,063 | INFO | hi-lo : BEGIN EPOCH 14 =========================================================================
2023-10-15 11:09:33,981 | INFO | hi-lo : END EPOCH:  14 | ACCURACY: 53.12 | LOSS: 1.529010534286499
2023-10-15 11:09:33,981 | INFO | hi-lo : BEGIN EPOCH 15 =========================================================================
2023-10-15 11:09:41,941 | INFO | hi-lo : END EPOCH:  15 | ACCURACY: 55.44 | LOSS: 1.4593150615692139
2023-10-15 11:09:41,941 | INFO | hi-lo : BEGIN EPOCH 16 =========================================================================
2023-10-15 11:09:49,846 | INFO | hi-lo : END EPOCH:  16 | ACCURACY: 51.82 | LOSS: 1.413479208946228
2023-10-15 11:09:49,846 | INFO | hi-lo : BEGIN EPOCH 17 =========================================================================
2023-10-15 11:09:57,920 | INFO | hi-lo : END EPOCH:  17 | ACCURACY: 54.77 | LOSS: 1.5158531665802002
2023-10-15 11:09:57,920 | INFO | hi-lo : BEGIN EPOCH 18 =========================================================================
2023-10-15 11:10:05,990 | INFO | hi-lo : END EPOCH:  18 | ACCURACY: 60.16 | LOSS: 1.650787353515625
2023-10-15 11:10:05,990 | INFO | hi-lo : BEGIN EPOCH 19 =========================================================================
2023-10-15 11:10:14,013 | INFO | hi-lo : END EPOCH:  19 | ACCURACY: 54.3 | LOSS: 1.4357277154922485
2023-10-15 11:10:14,013 | INFO | hi-lo : BEGIN EPOCH 20 =========================================================================
2023-10-15 11:10:22,093 | INFO | hi-lo : END EPOCH:  20 | ACCURACY: 54.01 | LOSS: 1.320190668106079
2023-10-15 11:10:22,093 | INFO | hi-lo : BEGIN EPOCH 21 =========================================================================
2023-10-15 11:10:30,171 | INFO | hi-lo : END EPOCH:  21 | ACCURACY: 53.41 | LOSS: 1.2279250621795654
2023-10-15 11:10:30,171 | INFO | hi-lo : BEGIN EPOCH 22 =========================================================================
2023-10-15 11:10:38,193 | INFO | hi-lo : END EPOCH:  22 | ACCURACY: 59.38 | LOSS: 1.3499674797058105
2023-10-15 11:10:38,193 | INFO | hi-lo : BEGIN EPOCH 23 =========================================================================
2023-10-15 11:10:46,160 | INFO | hi-lo : END EPOCH:  23 | ACCURACY: 57.03 | LOSS: 1.3421368598937988
2023-10-15 11:10:46,160 | INFO | hi-lo : BEGIN EPOCH 24 =========================================================================
2023-10-15 11:10:54,092 | INFO | hi-lo : END EPOCH:  24 | ACCURACY: 54.84 | LOSS: 1.2413537502288818
2023-10-15 11:10:54,092 | INFO | hi-lo : BEGIN EPOCH 25 =========================================================================
2023-10-15 11:11:02,100 | INFO | hi-lo : END EPOCH:  25 | ACCURACY: 57.81 | LOSS: 1.434230089187622
2023-10-15 11:11:02,100 | INFO | hi-lo : BEGIN EPOCH 26 =========================================================================
2023-10-15 11:11:10,093 | INFO | hi-lo : END EPOCH:  26 | ACCURACY: 58.33 | LOSS: 1.3697398900985718
2023-10-15 11:11:10,093 | INFO | hi-lo : BEGIN EPOCH 27 =========================================================================
2023-10-15 11:11:18,031 | INFO | hi-lo : END EPOCH:  27 | ACCURACY: 55.05 | LOSS: 1.208959698677063
2023-10-15 11:11:18,031 | INFO | hi-lo : BEGIN EPOCH 28 =========================================================================
2023-10-15 11:11:25,960 | INFO | hi-lo : END EPOCH:  28 | ACCURACY: 57.19 | LOSS: 1.1263833045959473
2023-10-15 11:11:25,960 | INFO | hi-lo : BEGIN EPOCH 29 =========================================================================
2023-10-15 11:11:33,945 | INFO | hi-lo : END EPOCH:  29 | ACCURACY: 53.31 | LOSS: 1.0330986976623535
2023-10-15 11:11:33,945 | INFO | hi-lo : BEGIN EPOCH 30 =========================================================================
2023-10-15 11:11:41,884 | INFO | hi-lo : END EPOCH:  30 | ACCURACY: 72.66 | LOSS: 1.0001356601715088
2023-10-15 11:11:41,884 | INFO | hi-lo : BEGIN EPOCH 31 =========================================================================
2023-10-15 11:11:49,890 | INFO | hi-lo : END EPOCH:  31 | ACCURACY: 71.56 | LOSS: 0.8082165718078613
2023-10-15 11:11:49,890 | INFO | hi-lo : BEGIN EPOCH 32 =========================================================================
2023-10-15 11:11:57,875 | INFO | hi-lo : END EPOCH:  32 | ACCURACY: 75.0 | LOSS: 0.6089382767677307
2023-10-15 11:11:57,875 | INFO | hi-lo : BEGIN EPOCH 33 =========================================================================
2023-10-15 11:12:05,838 | INFO | hi-lo : END EPOCH:  33 | ACCURACY: 79.69 | LOSS: 0.8177624344825745
2023-10-15 11:12:05,839 | INFO | hi-lo : BEGIN EPOCH 34 =========================================================================
2023-10-15 11:12:13,812 | INFO | hi-lo : END EPOCH:  34 | ACCURACY: 79.69 | LOSS: 0.5957279801368713
2023-10-15 11:12:13,813 | INFO | hi-lo : BEGIN EPOCH 35 =========================================================================
2023-10-15 11:12:21,803 | INFO | hi-lo : END EPOCH:  35 | ACCURACY: 74.06 | LOSS: 0.29015183448791504
2023-10-15 11:12:21,803 | INFO | hi-lo : BEGIN EPOCH 36 =========================================================================
2023-10-15 11:12:29,806 | INFO | hi-lo : END EPOCH:  36 | ACCURACY: 82.03 | LOSS: 0.5089054107666016
2023-10-15 11:12:29,806 | INFO | hi-lo : BEGIN EPOCH 37 =========================================================================
2023-10-15 11:12:37,791 | INFO | hi-lo : END EPOCH:  37 | ACCURACY: 79.69 | LOSS: 0.39911773800849915
2023-10-15 11:12:37,791 | INFO | hi-lo : BEGIN EPOCH 38 =========================================================================
2023-10-15 11:12:45,799 | INFO | hi-lo : END EPOCH:  38 | ACCURACY: 75.78 | LOSS: 0.5187740921974182
2023-10-15 11:12:45,799 | INFO | hi-lo : BEGIN EPOCH 39 =========================================================================
2023-10-15 11:12:53,749 | INFO | hi-lo : END EPOCH:  39 | ACCURACY: 73.49 | LOSS: 0.17094215750694275
2023-10-15 11:12:53,749 | INFO | hi-lo : BEGIN EPOCH 40 =========================================================================
2023-10-15 11:13:01,725 | INFO | hi-lo : END EPOCH:  40 | ACCURACY: 75.0 | LOSS: 0.4354243278503418
2023-10-15 11:13:01,725 | INFO | hi-lo : BEGIN EPOCH 41 =========================================================================
2023-10-15 11:13:09,766 | INFO | hi-lo : END EPOCH:  41 | ACCURACY: 75.0 | LOSS: 0.2228848785161972
2023-10-15 11:13:09,766 | INFO | hi-lo : BEGIN EPOCH 42 =========================================================================
2023-10-15 11:13:17,760 | INFO | hi-lo : END EPOCH:  42 | ACCURACY: 75.0 | LOSS: 0.2922282814979553
2023-10-15 11:13:17,760 | INFO | hi-lo : BEGIN EPOCH 43 =========================================================================
2023-10-15 11:13:25,866 | INFO | hi-lo : END EPOCH:  43 | ACCURACY: 74.72 | LOSS: 0.1250637322664261
2023-10-15 11:13:25,866 | INFO | hi-lo : BEGIN EPOCH 44 =========================================================================
2023-10-15 11:13:33,860 | INFO | hi-lo : END EPOCH:  44 | ACCURACY: 75.67 | LOSS: 0.1362592726945877
2023-10-15 11:13:33,860 | INFO | hi-lo : BEGIN EPOCH 45 =========================================================================
2023-10-15 11:13:41,968 | INFO | hi-lo : END EPOCH:  45 | ACCURACY: 75.0 | LOSS: 0.2653021216392517
2023-10-15 11:13:41,968 | INFO | hi-lo : BEGIN EPOCH 46 =========================================================================
2023-10-15 11:13:49,975 | INFO | hi-lo : END EPOCH:  46 | ACCURACY: 73.96 | LOSS: 0.10135187208652496
2023-10-15 11:13:49,975 | INFO | hi-lo : BEGIN EPOCH 47 =========================================================================
2023-10-15 11:13:57,985 | INFO | hi-lo : END EPOCH:  47 | ACCURACY: 72.83 | LOSS: 0.17454580962657928
2023-10-15 11:13:57,986 | INFO | hi-lo : BEGIN EPOCH 48 =========================================================================
2023-10-15 11:14:05,979 | INFO | hi-lo : END EPOCH:  48 | ACCURACY: 73.18 | LOSS: 0.10645720362663269
2023-10-15 11:14:05,979 | INFO | hi-lo : BEGIN EPOCH 49 =========================================================================
2023-10-15 11:14:13,980 | INFO | hi-lo : END EPOCH:  49 | ACCURACY: 75.67 | LOSS: 0.12508563697338104
2023-10-15 11:14:13,980 | INFO | hi-lo : BEGIN EPOCH 50 =========================================================================
2023-10-15 11:14:21,970 | INFO | hi-lo : END EPOCH:  50 | ACCURACY: 73.44 | LOSS: 0.09982122480869293
2023-10-15 11:14:21,970 | INFO | hi-lo : BEGIN EPOCH 51 =========================================================================
2023-10-15 11:14:30,063 | INFO | hi-lo : END EPOCH:  51 | ACCURACY: 73.96 | LOSS: 0.05702195316553116
2023-10-15 11:14:30,063 | INFO | hi-lo : BEGIN EPOCH 52 =========================================================================
2023-10-15 11:14:38,068 | INFO | hi-lo : END EPOCH:  52 | ACCURACY: 76.35 | LOSS: 0.07053040713071823
2023-10-15 11:14:38,068 | INFO | hi-lo : BEGIN EPOCH 53 =========================================================================
2023-10-15 11:14:46,174 | INFO | hi-lo : END EPOCH:  53 | ACCURACY: 73.52 | LOSS: 0.17937546968460083
2023-10-15 11:14:46,174 | INFO | hi-lo : BEGIN EPOCH 54 =========================================================================
2023-10-15 11:14:54,185 | INFO | hi-lo : END EPOCH:  54 | ACCURACY: 74.2 | LOSS: 0.10080597549676895
2023-10-15 11:14:54,185 | INFO | hi-lo : BEGIN EPOCH 55 =========================================================================
2023-10-15 11:15:02,201 | INFO | hi-lo : END EPOCH:  55 | ACCURACY: 75.64 | LOSS: 0.12100903689861298
2023-10-15 11:15:02,201 | INFO | hi-lo : BEGIN EPOCH 56 =========================================================================
2023-10-15 11:15:10,233 | INFO | hi-lo : END EPOCH:  56 | ACCURACY: 76.17 | LOSS: 0.09016923606395721
2023-10-15 11:15:10,233 | INFO | hi-lo : BEGIN EPOCH 57 =========================================================================
2023-10-15 11:15:18,298 | INFO | hi-lo : END EPOCH:  57 | ACCURACY: 75.22 | LOSS: 0.05026040971279144
2023-10-15 11:15:18,299 | INFO | hi-lo : BEGIN EPOCH 58 =========================================================================
2023-10-15 11:15:26,396 | INFO | hi-lo : END EPOCH:  58 | ACCURACY: 80.47 | LOSS: 0.026191359385848045
2023-10-15 11:15:26,397 | INFO | hi-lo : BEGIN EPOCH 59 =========================================================================
2023-10-15 11:15:34,542 | INFO | hi-lo : END EPOCH:  59 | ACCURACY: 75.0 | LOSS: 0.14246223866939545
2023-10-15 11:15:34,542 | INFO | hi-lo : BEGIN EPOCH 60 =========================================================================
2023-10-15 11:15:42,642 | INFO | hi-lo : END EPOCH:  60 | ACCURACY: 76.56 | LOSS: 0.022291172295808792
2023-10-15 11:15:42,642 | INFO | hi-lo : BEGIN EPOCH 61 =========================================================================
2023-10-15 11:15:51,003 | INFO | hi-lo : END EPOCH:  61 | ACCURACY: 77.73 | LOSS: 0.006126213353127241
2023-10-15 11:15:51,003 | INFO | hi-lo : BEGIN EPOCH 62 =========================================================================
2023-10-15 11:15:59,199 | INFO | hi-lo : END EPOCH:  62 | ACCURACY: 75.75 | LOSS: 0.00970899686217308
2023-10-15 11:15:59,199 | INFO | hi-lo : BEGIN EPOCH 63 =========================================================================
2023-10-15 11:16:07,260 | INFO | hi-lo : END EPOCH:  63 | ACCURACY: 76.56 | LOSS: 0.005757829640060663
2023-10-15 11:16:07,260 | INFO | hi-lo : BEGIN EPOCH 64 =========================================================================
2023-10-15 11:16:15,311 | INFO | hi-lo : END EPOCH:  64 | ACCURACY: 82.81 | LOSS: 0.006080074701458216
2023-10-15 11:16:15,311 | INFO | hi-lo : BEGIN EPOCH 65 =========================================================================
2023-10-15 11:16:23,554 | INFO | hi-lo : END EPOCH:  65 | ACCURACY: 77.54 | LOSS: 0.0033714240416884422
2023-10-15 11:16:23,555 | INFO | hi-lo : BEGIN EPOCH 66 =========================================================================
2023-10-15 11:16:31,868 | INFO | hi-lo : END EPOCH:  66 | ACCURACY: 77.55 | LOSS: 0.006467482075095177
2023-10-15 11:16:31,868 | INFO | hi-lo : BEGIN EPOCH 67 =========================================================================
2023-10-15 11:16:40,164 | INFO | hi-lo : END EPOCH:  67 | ACCURACY: 77.34 | LOSS: 0.0029524972196668386
2023-10-15 11:16:40,164 | INFO | hi-lo : BEGIN EPOCH 68 =========================================================================
2023-10-15 11:16:48,438 | INFO | hi-lo : END EPOCH:  68 | ACCURACY: 78.91 | LOSS: 0.003712928621098399
2023-10-15 11:16:48,438 | INFO | hi-lo : BEGIN EPOCH 69 =========================================================================
2023-10-15 11:16:56,860 | INFO | hi-lo : END EPOCH:  69 | ACCURACY: 80.47 | LOSS: 0.0030894153751432896
2023-10-15 11:16:56,860 | INFO | hi-lo : BEGIN EPOCH 70 =========================================================================
2023-10-15 11:17:05,180 | INFO | hi-lo : END EPOCH:  70 | ACCURACY: 78.3 | LOSS: 0.007511762902140617
2023-10-15 11:17:05,180 | INFO | hi-lo : BEGIN EPOCH 71 =========================================================================
2023-10-15 11:17:13,516 | INFO | hi-lo : END EPOCH:  71 | ACCURACY: 79.69 | LOSS: 0.001999304862692952
2023-10-15 11:17:13,516 | INFO | hi-lo : BEGIN EPOCH 72 =========================================================================
2023-10-15 11:17:21,864 | INFO | hi-lo : END EPOCH:  72 | ACCURACY: 81.25 | LOSS: 0.004157134331762791
2023-10-15 11:17:21,864 | INFO | hi-lo : BEGIN EPOCH 73 =========================================================================
2023-10-15 11:17:30,460 | INFO | hi-lo : END EPOCH:  73 | ACCURACY: 78.65 | LOSS: 0.009435208514332771
2023-10-15 11:17:30,460 | INFO | hi-lo : BEGIN EPOCH 74 =========================================================================
2023-10-15 11:17:38,860 | INFO | hi-lo : END EPOCH:  74 | ACCURACY: 82.81 | LOSS: 0.002614458790048957
2023-10-15 11:17:38,860 | INFO | hi-lo : BEGIN EPOCH 75 =========================================================================
2023-10-15 11:17:47,192 | INFO | hi-lo : END EPOCH:  75 | ACCURACY: 77.34 | LOSS: 0.004157866816967726
2023-10-15 11:17:47,192 | INFO | hi-lo : BEGIN EPOCH 76 =========================================================================
2023-10-15 11:17:55,602 | INFO | hi-lo : END EPOCH:  76 | ACCURACY: 75.65 | LOSS: 0.0074431742541491985
2023-10-15 11:17:55,602 | INFO | hi-lo : BEGIN EPOCH 77 =========================================================================
2023-10-15 11:18:04,081 | INFO | hi-lo : END EPOCH:  77 | ACCURACY: 76.82 | LOSS: 0.0043745446018874645
2023-10-15 11:18:04,081 | INFO | hi-lo : BEGIN EPOCH 78 =========================================================================
2023-10-15 11:18:12,877 | INFO | hi-lo : END EPOCH:  78 | ACCURACY: 79.3 | LOSS: 0.004756458103656769
2023-10-15 11:18:12,878 | INFO | hi-lo : BEGIN EPOCH 79 =========================================================================
2023-10-15 11:18:21,498 | INFO | hi-lo : END EPOCH:  79 | ACCURACY: 76.95 | LOSS: 0.005090280435979366
2023-10-15 11:18:21,498 | INFO | hi-lo : BEGIN EPOCH 80 =========================================================================
2023-10-15 11:18:30,023 | INFO | hi-lo : END EPOCH:  80 | ACCURACY: 75.88 | LOSS: 0.004711304325610399
2023-10-15 11:18:30,023 | INFO | hi-lo : BEGIN EPOCH 81 =========================================================================
2023-10-15 11:18:38,536 | INFO | hi-lo : END EPOCH:  81 | ACCURACY: 76.56 | LOSS: 0.003923952113837004
2023-10-15 11:18:38,536 | INFO | hi-lo : BEGIN EPOCH 82 =========================================================================
2023-10-15 11:18:46,927 | INFO | hi-lo : END EPOCH:  82 | ACCURACY: 77.34 | LOSS: 0.00534139946103096
2023-10-15 11:18:46,927 | INFO | hi-lo : BEGIN EPOCH 83 =========================================================================
2023-10-15 11:18:55,451 | INFO | hi-lo : END EPOCH:  83 | ACCURACY: 82.81 | LOSS: 0.005280670244246721
2023-10-15 11:18:55,451 | INFO | hi-lo : BEGIN EPOCH 84 =========================================================================
2023-10-15 11:19:04,036 | INFO | hi-lo : END EPOCH:  84 | ACCURACY: 78.12 | LOSS: 0.008341679349541664
2023-10-15 11:19:04,036 | INFO | hi-lo : BEGIN EPOCH 85 =========================================================================
2023-10-15 11:19:12,665 | INFO | hi-lo : END EPOCH:  85 | ACCURACY: 77.68 | LOSS: 0.005261302459985018
2023-10-15 11:19:12,665 | INFO | hi-lo : BEGIN EPOCH 86 =========================================================================
2023-10-15 11:19:21,248 | INFO | hi-lo : END EPOCH:  86 | ACCURACY: 79.69 | LOSS: 0.005576515104621649
2023-10-15 11:19:21,248 | INFO | hi-lo : BEGIN EPOCH 87 =========================================================================
2023-10-15 11:19:29,938 | INFO | hi-lo : END EPOCH:  87 | ACCURACY: 81.25 | LOSS: 0.0070716869086027145
2023-10-15 11:19:29,938 | INFO | hi-lo : BEGIN EPOCH 88 =========================================================================
2023-10-15 11:19:38,773 | INFO | hi-lo : END EPOCH:  88 | ACCURACY: 84.38 | LOSS: 0.003946575801819563
2023-10-15 11:19:38,773 | INFO | hi-lo : BEGIN EPOCH 89 =========================================================================
2023-10-15 11:19:47,433 | INFO | hi-lo : END EPOCH:  89 | ACCURACY: 77.34 | LOSS: 0.004276445135474205
2023-10-15 11:19:47,433 | INFO | hi-lo : BEGIN EPOCH 90 =========================================================================
2023-10-15 11:19:56,146 | INFO | hi-lo : END EPOCH:  90 | ACCURACY: 79.69 | LOSS: 0.0035510666202753782
2023-10-15 11:19:56,146 | INFO | hi-lo : BEGIN EPOCH 91 =========================================================================
2023-10-15 11:20:04,893 | INFO | hi-lo : END EPOCH:  91 | ACCURACY: 84.38 | LOSS: 0.003558551426976919
2023-10-15 11:20:04,893 | INFO | hi-lo : BEGIN EPOCH 92 =========================================================================
2023-10-15 11:20:13,681 | INFO | hi-lo : END EPOCH:  92 | ACCURACY: 79.69 | LOSS: 0.00601964583620429
2023-10-15 11:20:13,681 | INFO | hi-lo : BEGIN EPOCH 93 =========================================================================
2023-10-15 11:20:22,455 | INFO | hi-lo : END EPOCH:  93 | ACCURACY: 84.38 | LOSS: 0.005540519021451473
2023-10-15 11:20:22,455 | INFO | hi-lo : BEGIN EPOCH 94 =========================================================================
2023-10-15 11:20:31,244 | INFO | hi-lo : END EPOCH:  94 | ACCURACY: 78.91 | LOSS: 0.00456372881308198
2023-10-15 11:20:31,244 | INFO | hi-lo : BEGIN EPOCH 95 =========================================================================
2023-10-15 11:20:39,983 | INFO | hi-lo : END EPOCH:  95 | ACCURACY: 77.5 | LOSS: 0.008815871551632881
2023-10-15 11:20:39,983 | INFO | hi-lo : BEGIN EPOCH 96 =========================================================================
2023-10-15 11:20:48,823 | INFO | hi-lo : END EPOCH:  96 | ACCURACY: 80.47 | LOSS: 0.0038784919306635857
2023-10-15 11:20:48,823 | INFO | hi-lo : BEGIN EPOCH 97 =========================================================================
2023-10-15 11:20:57,623 | INFO | hi-lo : END EPOCH:  97 | ACCURACY: 84.38 | LOSS: 0.006206373684108257
2023-10-15 11:20:57,623 | INFO | hi-lo : BEGIN EPOCH 98 =========================================================================
2023-10-15 11:21:06,376 | INFO | hi-lo : END EPOCH:  98 | ACCURACY: 84.38 | LOSS: 0.006214912049472332
2023-10-15 11:21:06,376 | INFO | hi-lo : BEGIN EPOCH 99 =========================================================================
2023-10-15 11:21:15,195 | INFO | hi-lo : END EPOCH:  99 | ACCURACY: 76.79 | LOSS: 0.006392857525497675
2023-10-15 11:21:15,195 | INFO | hi-lo : BEGIN EPOCH 100 =========================================================================
2023-10-15 11:21:23,993 | INFO | hi-lo : END EPOCH: 100 | ACCURACY: 78.25 | LOSS: 0.0035420481581240892
2023-10-15 11:21:23,993 | INFO | hi-lo : BEGIN EPOCH 101 =========================================================================
2023-10-15 11:21:32,751 | INFO | hi-lo : END EPOCH: 101 | ACCURACY: 76.56 | LOSS: 0.005342476069927216
2023-10-15 11:21:32,751 | INFO | hi-lo : BEGIN EPOCH 102 =========================================================================
2023-10-15 11:21:41,577 | INFO | hi-lo : END EPOCH: 102 | ACCURACY: 77.5 | LOSS: 0.00801195576786995
2023-10-15 11:21:41,577 | INFO | hi-lo : BEGIN EPOCH 103 =========================================================================
2023-10-15 11:21:50,496 | INFO | hi-lo : END EPOCH: 103 | ACCURACY: 79.69 | LOSS: 0.006680602207779884
2023-10-15 11:21:50,496 | INFO | hi-lo : BEGIN EPOCH 104 =========================================================================
2023-10-15 11:21:59,455 | INFO | hi-lo : END EPOCH: 104 | ACCURACY: 77.73 | LOSS: 0.005557911936193705
2023-10-15 11:21:59,455 | INFO | hi-lo : BEGIN EPOCH 105 =========================================================================
2023-10-15 11:22:08,328 | INFO | hi-lo : END EPOCH: 105 | ACCURACY: 81.25 | LOSS: 0.005758015904575586
2023-10-15 11:22:08,328 | INFO | hi-lo : BEGIN EPOCH 106 =========================================================================
2023-10-15 11:22:17,209 | INFO | hi-lo : END EPOCH: 106 | ACCURACY: 79.69 | LOSS: 0.007217009551823139
2023-10-15 11:22:17,209 | INFO | hi-lo : BEGIN EPOCH 107 =========================================================================
2023-10-15 11:22:26,261 | INFO | hi-lo : END EPOCH: 107 | ACCURACY: 84.38 | LOSS: 0.002476135967299342
2023-10-15 11:22:26,261 | INFO | hi-lo : BEGIN EPOCH 108 =========================================================================
2023-10-15 11:22:35,324 | INFO | hi-lo : END EPOCH: 108 | ACCURACY: 79.69 | LOSS: 0.006104845553636551
2023-10-15 11:22:35,324 | INFO | hi-lo : BEGIN EPOCH 109 =========================================================================
2023-10-15 11:22:44,491 | INFO | hi-lo : END EPOCH: 109 | ACCURACY: 77.19 | LOSS: 0.004641578532755375
2023-10-15 11:22:44,492 | INFO | hi-lo : BEGIN EPOCH 110 =========================================================================
2023-10-15 11:22:53,460 | INFO | hi-lo : END EPOCH: 110 | ACCURACY: 82.81 | LOSS: 0.0030578896403312683
2023-10-15 11:22:53,460 | INFO | hi-lo : BEGIN EPOCH 111 =========================================================================
2023-10-15 11:23:02,505 | INFO | hi-lo : END EPOCH: 111 | ACCURACY: 76.02 | LOSS: 0.006248109508305788
2023-10-15 11:23:02,505 | INFO | hi-lo : BEGIN EPOCH 112 =========================================================================
2023-10-15 11:23:11,593 | INFO | hi-lo : END EPOCH: 112 | ACCURACY: 76.42 | LOSS: 0.006871371995657682
2023-10-15 11:23:11,594 | INFO | hi-lo : BEGIN EPOCH 113 =========================================================================
2023-10-15 11:23:20,683 | INFO | hi-lo : END EPOCH: 113 | ACCURACY: 78.12 | LOSS: 0.003923807293176651
2023-10-15 11:23:20,683 | INFO | hi-lo : BEGIN EPOCH 114 =========================================================================
2023-10-15 11:23:29,795 | INFO | hi-lo : END EPOCH: 114 | ACCURACY: 81.25 | LOSS: 0.004549102857708931
2023-10-15 11:23:29,795 | INFO | hi-lo : BEGIN EPOCH 115 =========================================================================
2023-10-15 11:23:38,954 | INFO | hi-lo : END EPOCH: 115 | ACCURACY: 77.71 | LOSS: 0.006294357590377331
2023-10-15 11:23:38,955 | INFO | hi-lo : BEGIN EPOCH 116 =========================================================================
2023-10-15 11:23:48,030 | INFO | hi-lo : END EPOCH: 116 | ACCURACY: 80.47 | LOSS: 0.007458325009793043
2023-10-15 11:23:48,030 | INFO | hi-lo : BEGIN EPOCH 117 =========================================================================
2023-10-15 11:23:57,168 | INFO | hi-lo : END EPOCH: 117 | ACCURACY: 78.12 | LOSS: 0.005747135262936354
2023-10-15 11:23:57,168 | INFO | hi-lo : BEGIN EPOCH 118 =========================================================================
2023-10-15 11:24:06,281 | INFO | hi-lo : END EPOCH: 118 | ACCURACY: 77.21 | LOSS: 0.008686983957886696
2023-10-15 11:24:06,281 | INFO | hi-lo : BEGIN EPOCH 119 =========================================================================
2023-10-15 11:24:15,400 | INFO | hi-lo : END EPOCH: 119 | ACCURACY: 81.25 | LOSS: 0.005941776093095541
2023-10-15 11:24:15,400 | INFO | hi-lo : BEGIN EPOCH 120 =========================================================================
2023-10-15 11:24:24,599 | INFO | hi-lo : END EPOCH: 120 | ACCURACY: 76.48 | LOSS: 0.005563533864915371
2023-10-15 11:24:24,599 | INFO | hi-lo : BEGIN EPOCH 121 =========================================================================
2023-10-15 11:24:33,818 | INFO | hi-lo : END EPOCH: 121 | ACCURACY: 79.69 | LOSS: 0.004354009870439768
2023-10-15 11:24:33,818 | INFO | hi-lo : BEGIN EPOCH 122 =========================================================================
2023-10-15 11:24:42,979 | INFO | hi-lo : END EPOCH: 122 | ACCURACY: 79.69 | LOSS: 0.004759321920573711
2023-10-15 11:24:42,979 | INFO | hi-lo : BEGIN EPOCH 123 =========================================================================
2023-10-15 11:24:52,128 | INFO | hi-lo : END EPOCH: 123 | ACCURACY: 81.25 | LOSS: 0.0030352261383086443
2023-10-15 11:24:52,128 | INFO | hi-lo : BEGIN EPOCH 124 =========================================================================
2023-10-15 11:25:01,307 | INFO | hi-lo : END EPOCH: 124 | ACCURACY: 81.25 | LOSS: 0.003101324662566185
2023-10-15 11:25:01,307 | INFO | hi-lo : BEGIN EPOCH 125 =========================================================================
2023-10-15 11:25:10,548 | INFO | hi-lo : END EPOCH: 125 | ACCURACY: 78.91 | LOSS: 0.0048135872930288315
2023-10-15 11:25:10,549 | INFO | hi-lo : BEGIN EPOCH 126 =========================================================================
2023-10-15 11:25:19,865 | INFO | hi-lo : END EPOCH: 126 | ACCURACY: 78.65 | LOSS: 0.005904562771320343
2023-10-15 11:25:19,865 | INFO | hi-lo : BEGIN EPOCH 127 =========================================================================
2023-10-15 11:25:29,261 | INFO | hi-lo : END EPOCH: 127 | ACCURACY: 75.94 | LOSS: 0.004628555849194527
2023-10-15 11:25:29,261 | INFO | hi-lo : BEGIN EPOCH 128 =========================================================================
2023-10-15 11:25:38,698 | INFO | hi-lo : END EPOCH: 128 | ACCURACY: 76.26 | LOSS: 0.00365211209282279
2023-10-15 11:25:38,699 | INFO | hi-lo : BEGIN EPOCH 129 =========================================================================
2023-10-15 11:25:48,006 | INFO | hi-lo : END EPOCH: 129 | ACCURACY: 85.94 | LOSS: 0.0029436214827001095
2023-10-15 11:25:48,006 | INFO | hi-lo : BEGIN EPOCH 130 =========================================================================
2023-10-15 11:25:57,378 | INFO | hi-lo : END EPOCH: 130 | ACCURACY: 80.47 | LOSS: 0.002960702171549201
2023-10-15 11:25:57,378 | INFO | hi-lo : BEGIN EPOCH 131 =========================================================================
2023-10-15 11:26:06,823 | INFO | hi-lo : END EPOCH: 131 | ACCURACY: 76.25 | LOSS: 0.005507607478648424
2023-10-15 11:26:06,823 | INFO | hi-lo : BEGIN EPOCH 132 =========================================================================
2023-10-15 11:26:16,139 | INFO | hi-lo : END EPOCH: 132 | ACCURACY: 90.62 | LOSS: 0.00562153197824955
2023-10-15 11:26:16,139 | INFO | hi-lo : BEGIN EPOCH 133 =========================================================================
2023-10-15 11:26:25,597 | INFO | hi-lo : END EPOCH: 133 | ACCURACY: 78.75 | LOSS: 0.003583570709452033
2023-10-15 11:26:25,597 | INFO | hi-lo : BEGIN EPOCH 134 =========================================================================
2023-10-15 11:26:35,034 | INFO | hi-lo : END EPOCH: 134 | ACCURACY: 80.62 | LOSS: 0.007138016168028116
2023-10-15 11:26:35,034 | INFO | hi-lo : BEGIN EPOCH 135 =========================================================================
2023-10-15 11:26:44,473 | INFO | hi-lo : END EPOCH: 135 | ACCURACY: 81.64 | LOSS: 0.004002982750535011
2023-10-15 11:26:44,473 | INFO | hi-lo : BEGIN EPOCH 136 =========================================================================
2023-10-15 11:26:53,989 | INFO | hi-lo : END EPOCH: 136 | ACCURACY: 77.17 | LOSS: 0.004953977186232805
2023-10-15 11:26:53,989 | INFO | hi-lo : BEGIN EPOCH 137 =========================================================================
2023-10-15 11:27:03,512 | INFO | hi-lo : END EPOCH: 137 | ACCURACY: 84.38 | LOSS: 0.004923584870994091
2023-10-15 11:27:03,512 | INFO | hi-lo : BEGIN EPOCH 138 =========================================================================
2023-10-15 11:27:13,002 | INFO | hi-lo : END EPOCH: 138 | ACCURACY: 76.19 | LOSS: 0.005584952887147665
2023-10-15 11:27:13,002 | INFO | hi-lo : BEGIN EPOCH 139 =========================================================================
2023-10-15 11:27:22,436 | INFO | hi-lo : END EPOCH: 139 | ACCURACY: 76.88 | LOSS: 0.007616052404046059
2023-10-15 11:27:22,436 | INFO | hi-lo : BEGIN EPOCH 140 =========================================================================
2023-10-15 11:27:31,973 | INFO | hi-lo : END EPOCH: 140 | ACCURACY: 81.25 | LOSS: 0.004912092350423336
2023-10-15 11:27:31,974 | INFO | hi-lo : BEGIN EPOCH 141 =========================================================================
2023-10-15 11:27:41,484 | INFO | hi-lo : END EPOCH: 141 | ACCURACY: 80.21 | LOSS: 0.00455198809504509
2023-10-15 11:27:41,485 | INFO | hi-lo : BEGIN EPOCH 142 =========================================================================
2023-10-15 11:27:50,935 | INFO | hi-lo : END EPOCH: 142 | ACCURACY: 78.91 | LOSS: 0.007360559422522783
2023-10-15 11:27:50,935 | INFO | hi-lo : BEGIN EPOCH 143 =========================================================================
2023-10-15 11:28:00,397 | INFO | hi-lo : END EPOCH: 143 | ACCURACY: 79.69 | LOSS: 0.004424689337611198
2023-10-15 11:28:00,397 | INFO | hi-lo : BEGIN EPOCH 144 =========================================================================
2023-10-15 11:28:09,911 | INFO | hi-lo : END EPOCH: 144 | ACCURACY: 78.44 | LOSS: 0.0034694995265454054
2023-10-15 11:28:09,911 | INFO | hi-lo : BEGIN EPOCH 145 =========================================================================
2023-10-15 11:28:19,261 | INFO | hi-lo : END EPOCH: 145 | ACCURACY: 89.06 | LOSS: 0.0017269697273150086
2023-10-15 11:28:19,261 | INFO | hi-lo : BEGIN EPOCH 146 =========================================================================
2023-10-15 11:28:28,761 | INFO | hi-lo : END EPOCH: 146 | ACCURACY: 82.81 | LOSS: 0.007186517585068941
2023-10-15 11:28:28,761 | INFO | hi-lo : BEGIN EPOCH 147 =========================================================================
2023-10-15 11:28:38,395 | INFO | hi-lo : END EPOCH: 147 | ACCURACY: 78.12 | LOSS: 0.006320146843791008
2023-10-15 11:28:38,395 | INFO | hi-lo : BEGIN EPOCH 148 =========================================================================
2023-10-15 11:28:48,024 | INFO | hi-lo : END EPOCH: 148 | ACCURACY: 76.36 | LOSS: 0.004516091663390398
2023-10-15 11:28:48,024 | INFO | hi-lo : BEGIN EPOCH 149 =========================================================================
2023-10-15 11:28:57,587 | INFO | hi-lo : END EPOCH: 149 | ACCURACY: 79.69 | LOSS: 0.00510376738384366
2023-10-15 11:28:57,588 | INFO | hi-lo : BEGIN EPOCH 150 =========================================================================
2023-10-15 11:29:07,270 | INFO | hi-lo : END EPOCH: 150 | ACCURACY: 77.34 | LOSS: 0.006712264381349087
2023-10-15 11:29:07,270 | INFO | hi-lo : BEGIN EPOCH 151 =========================================================================
2023-10-15 11:29:16,947 | INFO | hi-lo : END EPOCH: 151 | ACCURACY: 76.23 | LOSS: 0.005383179523050785
2023-10-15 11:29:16,947 | INFO | hi-lo : BEGIN EPOCH 152 =========================================================================
2023-10-15 11:29:26,668 | INFO | hi-lo : END EPOCH: 152 | ACCURACY: 83.48 | LOSS: 0.00519273616373539
2023-10-15 11:29:26,668 | INFO | hi-lo : BEGIN EPOCH 153 =========================================================================
2023-10-15 11:29:36,471 | INFO | hi-lo : END EPOCH: 153 | ACCURACY: 77.12 | LOSS: 0.0039040083065629005
2023-10-15 11:29:36,471 | INFO | hi-lo : BEGIN EPOCH 154 =========================================================================
2023-10-15 11:29:46,039 | INFO | hi-lo : END EPOCH: 154 | ACCURACY: 81.25 | LOSS: 0.0035410714335739613
2023-10-15 11:29:46,039 | INFO | hi-lo : BEGIN EPOCH 155 =========================================================================
2023-10-15 11:29:55,695 | INFO | hi-lo : END EPOCH: 155 | ACCURACY: 76.17 | LOSS: 0.004406747408211231
2023-10-15 11:29:55,695 | INFO | hi-lo : BEGIN EPOCH 156 =========================================================================
2023-10-15 11:30:05,316 | INFO | hi-lo : END EPOCH: 156 | ACCURACY: 75.94 | LOSS: 0.0051216441206634045
2023-10-15 11:30:05,316 | INFO | hi-lo : BEGIN EPOCH 157 =========================================================================
2023-10-15 11:30:15,227 | INFO | hi-lo : END EPOCH: 157 | ACCURACY: 79.69 | LOSS: 0.003502815030515194
2023-10-15 11:30:15,227 | INFO | hi-lo : BEGIN EPOCH 158 =========================================================================
2023-10-15 11:30:24,770 | INFO | hi-lo : END EPOCH: 158 | ACCURACY: 79.69 | LOSS: 0.008054185658693314
2023-10-15 11:30:24,770 | INFO | hi-lo : BEGIN EPOCH 159 =========================================================================
2023-10-15 11:30:34,377 | INFO | hi-lo : END EPOCH: 159 | ACCURACY: 79.69 | LOSS: 0.005667314399033785
2023-10-15 11:30:34,377 | INFO | hi-lo : BEGIN EPOCH 160 =========================================================================
2023-10-15 11:30:44,070 | INFO | hi-lo : END EPOCH: 160 | ACCURACY: 81.25 | LOSS: 0.0036227935925126076
2023-10-15 11:30:44,071 | INFO | hi-lo : BEGIN EPOCH 161 =========================================================================
2023-10-15 11:30:53,834 | INFO | hi-lo : END EPOCH: 161 | ACCURACY: 79.69 | LOSS: 0.0039131720550358295
2023-10-15 11:30:53,835 | INFO | hi-lo : BEGIN EPOCH 162 =========================================================================
2023-10-15 11:31:03,681 | INFO | hi-lo : END EPOCH: 162 | ACCURACY: 76.33 | LOSS: 0.008428863249719143
2023-10-15 11:31:03,681 | INFO | hi-lo : BEGIN EPOCH 163 =========================================================================
2023-10-15 11:31:13,400 | INFO | hi-lo : END EPOCH: 163 | ACCURACY: 79.69 | LOSS: 0.003927200101315975
2023-10-15 11:31:13,400 | INFO | hi-lo : BEGIN EPOCH 164 =========================================================================
2023-10-15 11:31:23,225 | INFO | hi-lo : END EPOCH: 164 | ACCURACY: 82.81 | LOSS: 0.006383412983268499
2023-10-15 11:31:23,226 | INFO | hi-lo : BEGIN EPOCH 165 =========================================================================
2023-10-15 11:31:33,056 | INFO | hi-lo : END EPOCH: 165 | ACCURACY: 78.12 | LOSS: 0.00629360880702734
2023-10-15 11:31:33,056 | INFO | hi-lo : BEGIN EPOCH 166 =========================================================================
2023-10-15 11:31:43,252 | INFO | hi-lo : END EPOCH: 166 | ACCURACY: 79.83 | LOSS: 0.005098894704133272
2023-10-15 11:31:43,252 | INFO | hi-lo : BEGIN EPOCH 167 =========================================================================
2023-10-15 11:31:53,068 | INFO | hi-lo : END EPOCH: 167 | ACCURACY: 78.25 | LOSS: 0.006563291884958744
2023-10-15 11:31:53,068 | INFO | hi-lo : BEGIN EPOCH 168 =========================================================================
2023-10-15 11:32:02,955 | INFO | hi-lo : END EPOCH: 168 | ACCURACY: 80.21 | LOSS: 0.006671901326626539
2023-10-15 11:32:02,956 | INFO | hi-lo : BEGIN EPOCH 169 =========================================================================
2023-10-15 11:32:12,970 | INFO | hi-lo : END EPOCH: 169 | ACCURACY: 76.84 | LOSS: 0.0060326214879751205
2023-10-15 11:32:12,970 | INFO | hi-lo : BEGIN EPOCH 170 =========================================================================
2023-10-15 11:32:23,449 | INFO | hi-lo : END EPOCH: 170 | ACCURACY: 81.25 | LOSS: 0.005962292663753033
2023-10-15 11:32:23,449 | INFO | hi-lo : BEGIN EPOCH 171 =========================================================================
2023-10-15 11:32:33,592 | INFO | hi-lo : END EPOCH: 171 | ACCURACY: 78.12 | LOSS: 0.005458153784275055
2023-10-15 11:32:33,592 | INFO | hi-lo : BEGIN EPOCH 172 =========================================================================
2023-10-15 11:32:43,665 | INFO | hi-lo : END EPOCH: 172 | ACCURACY: 77.23 | LOSS: 0.00504247285425663
2023-10-15 11:32:43,665 | INFO | hi-lo : BEGIN EPOCH 173 =========================================================================
2023-10-15 11:32:53,867 | INFO | hi-lo : END EPOCH: 173 | ACCURACY: 85.94 | LOSS: 0.004890071228146553
2023-10-15 11:32:53,867 | INFO | hi-lo : BEGIN EPOCH 174 =========================================================================
2023-10-15 11:33:03,832 | INFO | hi-lo : END EPOCH: 174 | ACCURACY: 77.88 | LOSS: 0.007601687218993902
2023-10-15 11:33:03,833 | INFO | hi-lo : BEGIN EPOCH 175 =========================================================================
2023-10-15 11:33:13,873 | INFO | hi-lo : END EPOCH: 175 | ACCURACY: 76.56 | LOSS: 0.0041743917390704155
2023-10-15 11:33:13,873 | INFO | hi-lo : BEGIN EPOCH 176 =========================================================================
2023-10-15 11:33:23,889 | INFO | hi-lo : END EPOCH: 176 | ACCURACY: 79.69 | LOSS: 0.005801165942102671
2023-10-15 11:33:23,889 | INFO | hi-lo : BEGIN EPOCH 177 =========================================================================
2023-10-15 11:33:33,891 | INFO | hi-lo : END EPOCH: 177 | ACCURACY: 77.81 | LOSS: 0.007033024914562702
2023-10-15 11:33:33,891 | INFO | hi-lo : BEGIN EPOCH 178 =========================================================================
2023-10-15 11:33:43,989 | INFO | hi-lo : END EPOCH: 178 | ACCURACY: 84.38 | LOSS: 0.005068089347332716
2023-10-15 11:33:43,989 | INFO | hi-lo : BEGIN EPOCH 179 =========================================================================
2023-10-15 11:33:54,004 | INFO | hi-lo : END EPOCH: 179 | ACCURACY: 84.38 | LOSS: 0.0040221670642495155
2023-10-15 11:33:54,004 | INFO | hi-lo : BEGIN EPOCH 180 =========================================================================
2023-10-15 11:34:04,072 | INFO | hi-lo : END EPOCH: 180 | ACCURACY: 79.69 | LOSS: 0.004062531515955925
2023-10-15 11:34:04,072 | INFO | hi-lo : BEGIN EPOCH 181 =========================================================================
2023-10-15 11:34:14,044 | INFO | hi-lo : END EPOCH: 181 | ACCURACY: 81.25 | LOSS: 0.004011185839772224
2023-10-15 11:34:14,044 | INFO | hi-lo : BEGIN EPOCH 182 =========================================================================
2023-10-15 11:34:23,841 | INFO | hi-lo : END EPOCH: 182 | ACCURACY: 78.12 | LOSS: 0.006062107626348734
2023-10-15 11:34:23,841 | INFO | hi-lo : BEGIN EPOCH 183 =========================================================================
2023-10-15 11:34:33,904 | INFO | hi-lo : END EPOCH: 183 | ACCURACY: 78.91 | LOSS: 0.006125262938439846
2023-10-15 11:34:33,904 | INFO | hi-lo : BEGIN EPOCH 184 =========================================================================
2023-10-15 11:34:44,039 | INFO | hi-lo : END EPOCH: 184 | ACCURACY: 77.6 | LOSS: 0.003079423913732171
2023-10-15 11:34:44,039 | INFO | hi-lo : BEGIN EPOCH 185 =========================================================================
2023-10-15 11:34:54,042 | INFO | hi-lo : END EPOCH: 185 | ACCURACY: 75.87 | LOSS: 0.004168170969933271
2023-10-15 11:34:54,042 | INFO | hi-lo : BEGIN EPOCH 186 =========================================================================
2023-10-15 11:35:04,290 | INFO | hi-lo : END EPOCH: 186 | ACCURACY: 76.56 | LOSS: 0.00603308342397213
2023-10-15 11:35:04,290 | INFO | hi-lo : BEGIN EPOCH 187 =========================================================================
2023-10-15 11:35:14,287 | INFO | hi-lo : END EPOCH: 187 | ACCURACY: 79.69 | LOSS: 0.004284610040485859
2023-10-15 11:35:14,287 | INFO | hi-lo : BEGIN EPOCH 188 =========================================================================
2023-10-15 11:35:24,468 | INFO | hi-lo : END EPOCH: 188 | ACCURACY: 85.94 | LOSS: 0.0035833895672112703
2023-10-15 11:35:24,469 | INFO | hi-lo : BEGIN EPOCH 189 =========================================================================
2023-10-15 11:35:34,404 | INFO | hi-lo : END EPOCH: 189 | ACCURACY: 82.81 | LOSS: 0.008184152655303478
2023-10-15 11:35:34,404 | INFO | hi-lo : BEGIN EPOCH 190 =========================================================================
2023-10-15 11:35:44,589 | INFO | hi-lo : END EPOCH: 190 | ACCURACY: 76.27 | LOSS: 0.004035844001919031
2023-10-15 11:35:44,589 | INFO | hi-lo : BEGIN EPOCH 191 =========================================================================
2023-10-15 11:35:54,631 | INFO | hi-lo : END EPOCH: 191 | ACCURACY: 82.81 | LOSS: 0.006526544224470854
2023-10-15 11:35:54,631 | INFO | hi-lo : BEGIN EPOCH 192 =========================================================================
2023-10-15 11:36:04,875 | INFO | hi-lo : END EPOCH: 192 | ACCURACY: 78.12 | LOSS: 0.00458144024014473
2023-10-15 11:36:04,876 | INFO | hi-lo : BEGIN EPOCH 193 =========================================================================
2023-10-15 11:36:15,036 | INFO | hi-lo : END EPOCH: 193 | ACCURACY: 81.25 | LOSS: 0.004891518037766218
2023-10-15 11:36:15,036 | INFO | hi-lo : BEGIN EPOCH 194 =========================================================================
2023-10-15 11:36:25,282 | INFO | hi-lo : END EPOCH: 194 | ACCURACY: 85.94 | LOSS: 0.004375374875962734
2023-10-15 11:36:25,282 | INFO | hi-lo : BEGIN EPOCH 195 =========================================================================
2023-10-15 11:36:35,412 | INFO | hi-lo : END EPOCH: 195 | ACCURACY: 76.4 | LOSS: 0.008581215515732765
2023-10-15 11:36:35,412 | INFO | hi-lo : BEGIN EPOCH 196 =========================================================================
2023-10-15 11:36:45,679 | INFO | hi-lo : END EPOCH: 196 | ACCURACY: 82.03 | LOSS: 0.005841824226081371
2023-10-15 11:36:45,679 | INFO | hi-lo : BEGIN EPOCH 197 =========================================================================
2023-10-15 11:36:55,823 | INFO | hi-lo : END EPOCH: 197 | ACCURACY: 80.47 | LOSS: 0.006681965664029121
2023-10-15 11:36:55,823 | INFO | hi-lo : BEGIN EPOCH 198 =========================================================================
2023-10-15 11:37:06,168 | INFO | hi-lo : END EPOCH: 198 | ACCURACY: 78.65 | LOSS: 0.005024936515837908
2023-10-15 11:37:06,168 | INFO | hi-lo : BEGIN EPOCH 199 =========================================================================
2023-10-15 11:37:16,378 | INFO | hi-lo : END EPOCH: 199 | ACCURACY: 76.95 | LOSS: 0.0066277580335736275
2023-10-15 11:37:16,378 | INFO | hi-lo : BEGIN EPOCH 200 =========================================================================
2023-10-15 11:37:26,673 | INFO | hi-lo : END EPOCH: 200 | ACCURACY: 79.69 | LOSS: 0.0049817743711173534
2023-10-15 11:37:26,673 | INFO | hi-lo : Commencing testing phase...
2023-10-15 11:37:28,163 | INFO | hi-lo : Highest accuracy of 90.62% @ epoch 132
2023-10-15 11:37:28,163 | INFO | hi-lo : Recording results
2023-10-15 11:37:28,313 | INFO | hi-lo : Saved plotted graph to {f'{output_dir}/training_graph.jpg'}
2023-10-15 11:37:28,314 | INFO | hi-lo : Saved training report to output/None//normal/cifar100/20231015_110740/training_report.csv
2023-10-15 11:37:29,588 | INFO | hi-lo : Saved model data to output/None//normal/cifar100/20231015_110740/model.csv
