2023-11-30 14:00:54,923 | INFO | hi-lo : 
+==============================================================+
|                                                              |
| ██████╗  █████╗ ██████╗ ██╗         ██╗      █████╗ ██████╗  |
| ██╔══██╗██╔══██╗██╔══██╗██║         ██║     ██╔══██╗██╔══██╗ |
| ██║  ██║███████║██║  ██║██║         ██║     ███████║██████╔╝ |
| ██║  ██║██╔══██║██║  ██║██║         ██║     ██╔══██║██╔══██╗ |
| ██████╔╝██║  ██║██████╔╝███████╗    ███████╗██║  ██║██████╔╝ |
| ╚═════╝ ╚═╝  ╚═╝╚═════╝ ╚══════╝    ╚══════╝╚═╝  ╚═╝╚═════╝  |
|                                                              |
+==============================================================+
|             Hi-Lo Resolution Image Classification            |
|             -------------------------------------            |
|                       Gabriel C. Trahan                      |
|                          Sahan Ahmad                         |
|                       MD  Aminual Islam                      |
+==============================================================+
| MODEL:                 normal | LR:                      0.1 |
| DISTRO:                cauchy | KERNEL TYPE:               2 |
| DATASET:              cifar10 | BATCH SIZE:               64 |
+=========================================================================+
2023-11-30 14:00:54,924 | INFO | hi-lo : Output directory: output/normal/cauchy/2/cifar10/20231130_140054
2023-11-30 14:00:54,924 | INFO | hi-lo.dataset-accessor : Fetching dataset: cifar10
2023-11-30 14:00:54,924 | INFO | hi-lo.cifar10-dataset : Initializing transform.
2023-11-30 14:00:54,924 | INFO | hi-lo.cifar10-dataset : Verifying/downloading train data.
2023-11-30 14:00:55,543 | INFO | hi-lo.cifar10-dataset : Verifying/downloading test data.
2023-11-30 14:00:56,043 | INFO | hi-lo.cifar10-dataset : Creating train data loader.
2023-11-30 14:00:56,044 | INFO | hi-lo.cifar10-dataset : Creating test data loader.
2023-11-30 14:00:57,042 | INFO | hi-lo : Keyboard interrupt detected. Aborting operations...
