2023-10-10 12:27:34,800 | INFO | hi-lo : 
+=========================================================================+
|  ______     ______   ______    ___         ___        ______   _______  |
| /| ___ \  // ____ \ /| ___ \  /| |        /| |      // ____ \ /| ___  \ |
| /| |//\ \ /| |//| | /| |//\ \ /| |        /| |      /| |//| | /| |//| | |
| /| | /| | /| ____ | /| | /| | /| |        /| |      /| ____ | /| ___  / |
| /| |_// / /| |//| | /| |_// / /| |____    /| |____  /| |//| | /| |//\ \ |
| /|_____/  /|_| /|_| /|_____/  /|______|   /|______| /|_| /|_| /|______/ |
| ///////   ///  ///  //////    ////////    ////////  ///  ///  ////////  |
+=========================================================================+
|                  Hi-Lo Resolution Image Classification                  |
|                  -------------------------------------                  |
|                            Gabriel C. Trahan                            |
|                               Sahan Ahmad                               |
|                            MD  Aminual Islam                            |
+=========================================================================+
| MODEL:                      normal | LR:                            0.1 |
| DISTRO:                     cauchy | KERNEL TYPE:                     7 |
| DATASET:                   cifar10 | BATCH SIZE:                     64 |
+=========================================================================+
2023-10-10 12:27:34,800 | INFO | hi-lo : Output directory: output/cauchy//7/normal/cifar10/20231010_122734
2023-10-10 12:27:34,800 | INFO | hi-lo.dataset-accessor : Fetching dataset: cifar10
2023-10-10 12:27:34,800 | INFO | hi-lo.cifar10-dataset : Initializing transform.
2023-10-10 12:27:34,801 | INFO | hi-lo.cifar10-dataset : Verifying/downloading train data.
2023-10-10 12:27:35,413 | INFO | hi-lo.cifar10-dataset : Verifying/downloading test data.
2023-10-10 12:27:35,899 | INFO | hi-lo.cifar10-dataset : Creating train data loader.
2023-10-10 12:27:35,899 | INFO | hi-lo.cifar10-dataset : Creating test data loader.
2023-10-10 12:27:36,905 | INFO | hi-lo : Using device: NVIDIA GeForce GTX 1060 6GB
2023-10-10 12:27:36,906 | INFO | hi-lo : Commencing training phase...
2023-10-10 12:27:36,906 | INFO | hi-lo : BEGIN EPOCH 1 =========================================================================
2023-10-10 12:27:36,906 | INFO | hi-lo.kernel-accessor : Fetching kernel: cauchy
2023-10-10 12:27:36,907 | INFO | hi-lo.cauchy-kernel : CHI (LOCATION): 1 | GAMMA (SCALE): 1 | VAIRANCE: 1
2023-10-10 12:27:36,908 | INFO | hi-lo.cauchy-kernel : STATIC
tensor([[nan, 0., 0.],
        [0., 0., 0.],
        [0., 0., 0.]])
2023-10-10 12:27:36,908 | INFO | hi-lo.kernel-accessor : Fetching kernel: cauchy
2023-10-10 12:27:36,908 | INFO | hi-lo.cauchy-kernel : CHI (LOCATION): 1 | GAMMA (SCALE): 1 | VAIRANCE: 1
2023-10-10 12:27:36,908 | INFO | hi-lo.cauchy-kernel : STATIC
tensor([[nan, 0., 0.],
        [0., 0., 0.],
        [0., 0., 0.]])
2023-10-10 12:27:36,908 | INFO | hi-lo.kernel-accessor : Fetching kernel: cauchy
2023-10-10 12:27:36,908 | INFO | hi-lo.cauchy-kernel : CHI (LOCATION): 0.0 | GAMMA (SCALE): 1.0 | VAIRANCE: 1.0
2023-10-10 12:27:36,909 | INFO | hi-lo.cauchy-kernel : TOP-LEFT
tensor([[0.2703, 0.1351, 0.0901],
        [0.1351, 0.0901, 0.0676],
        [0.0901, 0.0676, 0.0541]])
2023-10-10 12:27:36,909 | INFO | hi-lo.kernel-accessor : Fetching kernel: cauchy
2023-10-10 12:27:36,909 | INFO | hi-lo.cauchy-kernel : CHI (LOCATION): 0.0 | GAMMA (SCALE): 1.0 | VAIRANCE: 1.0
2023-10-10 12:27:36,909 | INFO | hi-lo.cauchy-kernel : BOTTOM-RIGHT
tensor([[0.0541, 0.0676, 0.0901],
        [0.0676, 0.0901, 0.1351],
        [0.0901, 0.1351, 0.2703]])
2023-10-10 12:27:46,203 | INFO | hi-lo : END EPOCH:   1 | ACCURACY: 12.5 | LOSS: nan
2023-10-10 12:27:46,203 | INFO | hi-lo : BEGIN EPOCH 2 =========================================================================
2023-10-10 12:27:46,203 | INFO | hi-lo.kernel-accessor : Fetching kernel: cauchy
2023-10-10 12:27:46,204 | INFO | hi-lo.cauchy-kernel : CHI (LOCATION): 1 | GAMMA (SCALE): 1 | VAIRANCE: 1
2023-10-10 12:27:46,204 | INFO | hi-lo.cauchy-kernel : STATIC
tensor([[nan, 0., 0.],
        [0., 0., 0.],
        [0., 0., 0.]])
2023-10-10 12:27:46,204 | INFO | hi-lo.kernel-accessor : Fetching kernel: cauchy
2023-10-10 12:27:46,205 | INFO | hi-lo.cauchy-kernel : CHI (LOCATION): 1 | GAMMA (SCALE): 1 | VAIRANCE: 1
2023-10-10 12:27:46,205 | INFO | hi-lo.cauchy-kernel : STATIC
tensor([[nan, 0., 0.],
        [0., 0., 0.],
        [0., 0., 0.]])
2023-10-10 12:27:46,205 | INFO | hi-lo.kernel-accessor : Fetching kernel: cauchy
2023-10-10 12:27:46,205 | INFO | hi-lo.cauchy-kernel : CHI (LOCATION): 1 | GAMMA (SCALE): 1 | VAIRANCE: 1
2023-10-10 12:27:46,205 | INFO | hi-lo.cauchy-kernel : STATIC
tensor([[nan, 0., 0.],
        [0., 0., 0.],
        [0., 0., 0.]])
2023-10-10 12:27:46,205 | INFO | hi-lo.kernel-accessor : Fetching kernel: cauchy
2023-10-10 12:27:46,205 | INFO | hi-lo.cauchy-kernel : CHI (LOCATION): nan | GAMMA (SCALE): nan | VAIRANCE: nan
2023-10-10 12:27:46,206 | INFO | hi-lo.cauchy-kernel : BOTTOM-RIGHT
tensor([[nan, nan, nan],
        [nan, nan, nan],
        [nan, nan, nan]])
2023-10-10 12:27:54,897 | INFO | hi-lo : END EPOCH:   2 | ACCURACY: 14.84 | LOSS: nan
2023-10-10 12:27:54,897 | INFO | hi-lo : BEGIN EPOCH 3 =========================================================================
2023-10-10 12:27:54,897 | INFO | hi-lo.kernel-accessor : Fetching kernel: cauchy
2023-10-10 12:27:54,898 | INFO | hi-lo.cauchy-kernel : CHI (LOCATION): -0.02371273934841156 | GAMMA (SCALE): 0.4899996817111969 | VAIRANCE: 0.24009968807707427
2023-10-10 12:27:54,899 | INFO | hi-lo.cauchy-kernel : BOTTOM-RIGHT
tensor([[0.0311, 0.0406, 0.0585],
        [0.0406, 0.0585, 0.1049],
        [0.0585, 0.1049, 0.5024]])
2023-10-10 12:27:54,899 | INFO | hi-lo.kernel-accessor : Fetching kernel: cauchy
2023-10-10 12:27:54,899 | INFO | hi-lo.cauchy-kernel : CHI (LOCATION): nan | GAMMA (SCALE): nan | VAIRANCE: nan
2023-10-10 12:27:54,900 | INFO | hi-lo.cauchy-kernel : TOP-LEFT
tensor([[nan, nan, nan],
        [nan, nan, nan],
        [nan, nan, nan]])
2023-10-10 12:27:54,900 | INFO | hi-lo.kernel-accessor : Fetching kernel: cauchy
2023-10-10 12:27:54,900 | INFO | hi-lo.cauchy-kernel : CHI (LOCATION): nan | GAMMA (SCALE): nan | VAIRANCE: nan
2023-10-10 12:27:54,901 | INFO | hi-lo.cauchy-kernel : TOP-LEFT
tensor([[nan, nan, nan],
        [nan, nan, nan],
        [nan, nan, nan]])
2023-10-10 12:27:54,901 | INFO | hi-lo.kernel-accessor : Fetching kernel: cauchy
2023-10-10 12:27:54,901 | INFO | hi-lo.cauchy-kernel : CHI (LOCATION): nan | GAMMA (SCALE): nan | VAIRANCE: nan
2023-10-10 12:27:54,901 | INFO | hi-lo.cauchy-kernel : TOP-LEFT
tensor([[nan, nan, nan],
        [nan, nan, nan],
        [nan, nan, nan]])
2023-10-10 12:28:03,428 | INFO | hi-lo : END EPOCH:   3 | ACCURACY: 12.5 | LOSS: nan
2023-10-10 12:28:03,428 | INFO | hi-lo : BEGIN EPOCH 4 =========================================================================
2023-10-10 12:28:03,428 | INFO | hi-lo.kernel-accessor : Fetching kernel: cauchy
2023-10-10 12:28:03,429 | INFO | hi-lo.cauchy-kernel : CHI (LOCATION): -0.12181689590215683 | GAMMA (SCALE): 0.4387300908565521 | VAIRANCE: 0.19248409262299848
2023-10-10 12:28:03,430 | INFO | hi-lo.cauchy-kernel : TOP-LEFT
tensor([[0.4655, 0.1113, 0.0632],
        [0.1113, 0.0632, 0.0441],
        [0.0632, 0.0441, 0.0339]])
2023-10-10 12:28:03,430 | INFO | hi-lo.kernel-accessor : Fetching kernel: cauchy
2023-10-10 12:28:03,430 | INFO | hi-lo.cauchy-kernel : CHI (LOCATION): nan | GAMMA (SCALE): nan | VAIRANCE: nan
2023-10-10 12:28:03,431 | INFO | hi-lo.cauchy-kernel : BOTTOM-RIGHT
tensor([[nan, nan, nan],
        [nan, nan, nan],
        [nan, nan, nan]])
2023-10-10 12:28:03,431 | INFO | hi-lo.kernel-accessor : Fetching kernel: cauchy
2023-10-10 12:28:03,431 | INFO | hi-lo.cauchy-kernel : CHI (LOCATION): nan | GAMMA (SCALE): nan | VAIRANCE: nan
2023-10-10 12:28:03,432 | INFO | hi-lo.cauchy-kernel : BOTTOM-RIGHT
tensor([[nan, nan, nan],
        [nan, nan, nan],
        [nan, nan, nan]])
2023-10-10 12:28:03,432 | INFO | hi-lo.kernel-accessor : Fetching kernel: cauchy
2023-10-10 12:28:03,432 | INFO | hi-lo.cauchy-kernel : CHI (LOCATION): nan | GAMMA (SCALE): nan | VAIRANCE: nan
2023-10-10 12:28:03,433 | INFO | hi-lo.cauchy-kernel : TOP-LEFT
tensor([[nan, nan, nan],
        [nan, nan, nan],
        [nan, nan, nan]])
2023-10-10 12:28:12,011 | INFO | hi-lo : END EPOCH:   4 | ACCURACY: 15.62 | LOSS: nan
2023-10-10 12:28:12,011 | INFO | hi-lo : BEGIN EPOCH 5 =========================================================================
2023-10-10 12:28:12,011 | INFO | hi-lo.kernel-accessor : Fetching kernel: cauchy
2023-10-10 12:28:12,012 | INFO | hi-lo.cauchy-kernel : CHI (LOCATION): 1 | GAMMA (SCALE): 1 | VAIRANCE: 1
2023-10-10 12:28:12,012 | INFO | hi-lo.cauchy-kernel : STATIC
tensor([[nan, 0., 0.],
        [0., 0., 0.],
        [0., 0., 0.]])
2023-10-10 12:28:12,012 | INFO | hi-lo.kernel-accessor : Fetching kernel: cauchy
2023-10-10 12:28:12,013 | INFO | hi-lo.cauchy-kernel : CHI (LOCATION): 1 | GAMMA (SCALE): 1 | VAIRANCE: 1
2023-10-10 12:28:12,013 | INFO | hi-lo.cauchy-kernel : STATIC
tensor([[nan, 0., 0.],
        [0., 0., 0.],
        [0., 0., 0.]])
2023-10-10 12:28:12,013 | INFO | hi-lo.kernel-accessor : Fetching kernel: cauchy
2023-10-10 12:28:12,014 | INFO | hi-lo.cauchy-kernel : CHI (LOCATION): 1 | GAMMA (SCALE): 1 | VAIRANCE: 1
2023-10-10 12:28:12,014 | INFO | hi-lo.cauchy-kernel : STATIC
tensor([[nan, 0., 0.],
        [0., 0., 0.],
        [0., 0., 0.]])
2023-10-10 12:28:12,014 | INFO | hi-lo.kernel-accessor : Fetching kernel: cauchy
2023-10-10 12:28:12,015 | INFO | hi-lo.cauchy-kernel : CHI (LOCATION): nan | GAMMA (SCALE): nan | VAIRANCE: nan
2023-10-10 12:28:12,015 | INFO | hi-lo.cauchy-kernel : TOP-LEFT
tensor([[nan, nan, nan],
        [nan, nan, nan],
        [nan, nan, nan]])
2023-10-10 12:28:20,521 | INFO | hi-lo : END EPOCH:   5 | ACCURACY: 10.94 | LOSS: nan
2023-10-10 12:28:20,521 | INFO | hi-lo : BEGIN EPOCH 6 =========================================================================
2023-10-10 12:28:20,521 | INFO | hi-lo.kernel-accessor : Fetching kernel: cauchy
2023-10-10 12:28:20,521 | INFO | hi-lo.cauchy-kernel : CHI (LOCATION): 1 | GAMMA (SCALE): 1 | VAIRANCE: 1
2023-10-10 12:28:20,522 | INFO | hi-lo.cauchy-kernel : STATIC
tensor([[nan, 0., 0.],
        [0., 0., 0.],
        [0., 0., 0.]])
2023-10-10 12:28:20,522 | INFO | hi-lo.kernel-accessor : Fetching kernel: cauchy
2023-10-10 12:28:20,522 | INFO | hi-lo.cauchy-kernel : CHI (LOCATION): 1 | GAMMA (SCALE): 1 | VAIRANCE: 1
2023-10-10 12:28:20,523 | INFO | hi-lo.cauchy-kernel : STATIC
tensor([[nan, 0., 0.],
        [0., 0., 0.],
        [0., 0., 0.]])
2023-10-10 12:28:20,523 | INFO | hi-lo.kernel-accessor : Fetching kernel: cauchy
2023-10-10 12:28:20,523 | INFO | hi-lo.cauchy-kernel : CHI (LOCATION): 1 | GAMMA (SCALE): 1 | VAIRANCE: 1
2023-10-10 12:28:20,524 | INFO | hi-lo.cauchy-kernel : STATIC
tensor([[nan, 0., 0.],
        [0., 0., 0.],
        [0., 0., 0.]])
2023-10-10 12:28:20,524 | INFO | hi-lo.kernel-accessor : Fetching kernel: cauchy
2023-10-10 12:28:20,524 | INFO | hi-lo.cauchy-kernel : CHI (LOCATION): 1 | GAMMA (SCALE): 1 | VAIRANCE: 1
2023-10-10 12:28:20,524 | INFO | hi-lo.cauchy-kernel : STATIC
tensor([[nan, 0., 0.],
        [0., 0., 0.],
        [0., 0., 0.]])
2023-10-10 12:28:29,059 | INFO | hi-lo : END EPOCH:   6 | ACCURACY: 15.62 | LOSS: nan
2023-10-10 12:28:29,059 | INFO | hi-lo : BEGIN EPOCH 7 =========================================================================
2023-10-10 12:28:29,059 | INFO | hi-lo.kernel-accessor : Fetching kernel: cauchy
2023-10-10 12:28:29,060 | INFO | hi-lo.cauchy-kernel : CHI (LOCATION): -0.06678569316864014 | GAMMA (SCALE): 0.5627894401550293 | VAIRANCE: 0.3167319539500113
2023-10-10 12:28:29,061 | INFO | hi-lo.cauchy-kernel : TOP-LEFT
tensor([[0.4253, 0.1179, 0.0684],
        [0.1179, 0.0684, 0.0482],
        [0.0684, 0.0482, 0.0372]])
2023-10-10 12:28:29,061 | INFO | hi-lo.kernel-accessor : Fetching kernel: cauchy
2023-10-10 12:28:29,061 | INFO | hi-lo.cauchy-kernel : CHI (LOCATION): nan | GAMMA (SCALE): nan | VAIRANCE: nan
2023-10-10 12:28:29,061 | INFO | hi-lo.cauchy-kernel : TOP-LEFT
tensor([[nan, nan, nan],
        [nan, nan, nan],
        [nan, nan, nan]])
2023-10-10 12:28:29,062 | INFO | hi-lo.kernel-accessor : Fetching kernel: cauchy
2023-10-10 12:28:29,062 | INFO | hi-lo.cauchy-kernel : CHI (LOCATION): nan | GAMMA (SCALE): nan | VAIRANCE: nan
2023-10-10 12:28:29,062 | INFO | hi-lo.cauchy-kernel : BOTTOM-RIGHT
tensor([[nan, nan, nan],
        [nan, nan, nan],
        [nan, nan, nan]])
2023-10-10 12:28:29,062 | INFO | hi-lo.kernel-accessor : Fetching kernel: cauchy
2023-10-10 12:28:29,063 | INFO | hi-lo.cauchy-kernel : CHI (LOCATION): 1 | GAMMA (SCALE): 1 | VAIRANCE: 1
2023-10-10 12:28:29,063 | INFO | hi-lo.cauchy-kernel : STATIC
tensor([[nan, 0., 0.],
        [0., 0., 0.],
        [0., 0., 0.]])
2023-10-10 12:28:37,541 | INFO | hi-lo : END EPOCH:   7 | ACCURACY: 10.94 | LOSS: nan
2023-10-10 12:28:37,542 | INFO | hi-lo : BEGIN EPOCH 8 =========================================================================
2023-10-10 12:28:37,542 | INFO | hi-lo.kernel-accessor : Fetching kernel: cauchy
2023-10-10 12:28:37,542 | INFO | hi-lo.cauchy-kernel : CHI (LOCATION): 1 | GAMMA (SCALE): 1 | VAIRANCE: 1
2023-10-10 12:28:37,543 | INFO | hi-lo.cauchy-kernel : STATIC
tensor([[nan, 0., 0.],
        [0., 0., 0.],
        [0., 0., 0.]])
2023-10-10 12:28:37,543 | INFO | hi-lo.kernel-accessor : Fetching kernel: cauchy
2023-10-10 12:28:37,543 | INFO | hi-lo.cauchy-kernel : CHI (LOCATION): nan | GAMMA (SCALE): nan | VAIRANCE: nan
2023-10-10 12:28:37,544 | INFO | hi-lo.cauchy-kernel : BOTTOM-RIGHT
tensor([[nan, nan, nan],
        [nan, nan, nan],
        [nan, nan, nan]])
2023-10-10 12:28:37,544 | INFO | hi-lo.kernel-accessor : Fetching kernel: cauchy
2023-10-10 12:28:37,544 | INFO | hi-lo.cauchy-kernel : CHI (LOCATION): nan | GAMMA (SCALE): nan | VAIRANCE: nan
2023-10-10 12:28:37,544 | INFO | hi-lo.cauchy-kernel : TOP-LEFT
tensor([[nan, nan, nan],
        [nan, nan, nan],
        [nan, nan, nan]])
2023-10-10 12:28:37,545 | INFO | hi-lo.kernel-accessor : Fetching kernel: cauchy
2023-10-10 12:28:37,545 | INFO | hi-lo.cauchy-kernel : CHI (LOCATION): 1 | GAMMA (SCALE): 1 | VAIRANCE: 1
2023-10-10 12:28:37,545 | INFO | hi-lo.cauchy-kernel : STATIC
tensor([[nan, 0., 0.],
        [0., 0., 0.],
        [0., 0., 0.]])
2023-10-10 12:28:45,996 | INFO | hi-lo : END EPOCH:   8 | ACCURACY: 10.94 | LOSS: nan
2023-10-10 12:28:45,996 | INFO | hi-lo : BEGIN EPOCH 9 =========================================================================
2023-10-10 12:28:45,996 | INFO | hi-lo.kernel-accessor : Fetching kernel: cauchy
2023-10-10 12:28:45,997 | INFO | hi-lo.cauchy-kernel : CHI (LOCATION): -0.023065846413373947 | GAMMA (SCALE): 0.5272383093833923 | VAIRANCE: 0.27798023488145773
2023-10-10 12:28:45,997 | INFO | hi-lo.cauchy-kernel : TOP-LEFT
tensor([[0.4745, 0.1098, 0.0621],
        [0.1098, 0.0621, 0.0433],
        [0.0621, 0.0433, 0.0332]])
2023-10-10 12:28:45,997 | INFO | hi-lo.kernel-accessor : Fetching kernel: cauchy
2023-10-10 12:28:45,998 | INFO | hi-lo.cauchy-kernel : CHI (LOCATION): nan | GAMMA (SCALE): nan | VAIRANCE: nan
2023-10-10 12:28:45,998 | INFO | hi-lo.cauchy-kernel : TOP-LEFT
tensor([[nan, nan, nan],
        [nan, nan, nan],
        [nan, nan, nan]])
2023-10-10 12:28:45,998 | INFO | hi-lo.kernel-accessor : Fetching kernel: cauchy
2023-10-10 12:28:45,999 | INFO | hi-lo.cauchy-kernel : CHI (LOCATION): nan | GAMMA (SCALE): nan | VAIRANCE: nan
2023-10-10 12:28:45,999 | INFO | hi-lo.cauchy-kernel : TOP-LEFT
tensor([[nan, nan, nan],
        [nan, nan, nan],
        [nan, nan, nan]])
2023-10-10 12:28:45,999 | INFO | hi-lo.kernel-accessor : Fetching kernel: cauchy
2023-10-10 12:28:46,000 | INFO | hi-lo.cauchy-kernel : CHI (LOCATION): nan | GAMMA (SCALE): nan | VAIRANCE: nan
2023-10-10 12:28:46,000 | INFO | hi-lo.cauchy-kernel : TOP-LEFT
tensor([[nan, nan, nan],
        [nan, nan, nan],
        [nan, nan, nan]])
2023-10-10 12:28:54,506 | INFO | hi-lo : END EPOCH:   9 | ACCURACY: 12.11 | LOSS: nan
2023-10-10 12:28:54,507 | INFO | hi-lo : BEGIN EPOCH 10 =========================================================================
2023-10-10 12:28:54,507 | INFO | hi-lo.kernel-accessor : Fetching kernel: cauchy
2023-10-10 12:28:54,507 | INFO | hi-lo.cauchy-kernel : CHI (LOCATION): -0.10291866958141327 | GAMMA (SCALE): 0.5266575813293457 | VAIRANCE: 0.2773682079716764
2023-10-10 12:28:54,508 | INFO | hi-lo.cauchy-kernel : TOP-LEFT
tensor([[0.4270, 0.1176, 0.0682],
        [0.1176, 0.0682, 0.0480],
        [0.0682, 0.0480, 0.0371]])
2023-10-10 12:28:54,508 | INFO | hi-lo.kernel-accessor : Fetching kernel: cauchy
2023-10-10 12:28:54,509 | INFO | hi-lo.cauchy-kernel : CHI (LOCATION): 1 | GAMMA (SCALE): 1 | VAIRANCE: 1
2023-10-10 12:28:54,509 | INFO | hi-lo.cauchy-kernel : STATIC
tensor([[nan, 0., 0.],
        [0., 0., 0.],
        [0., 0., 0.]])
2023-10-10 12:28:54,509 | INFO | hi-lo.kernel-accessor : Fetching kernel: cauchy
2023-10-10 12:28:54,510 | INFO | hi-lo.cauchy-kernel : CHI (LOCATION): nan | GAMMA (SCALE): nan | VAIRANCE: nan
2023-10-10 12:28:54,510 | INFO | hi-lo.cauchy-kernel : BOTTOM-RIGHT
tensor([[nan, nan, nan],
        [nan, nan, nan],
        [nan, nan, nan]])
2023-10-10 12:28:54,510 | INFO | hi-lo.kernel-accessor : Fetching kernel: cauchy
2023-10-10 12:28:54,511 | INFO | hi-lo.cauchy-kernel : CHI (LOCATION): nan | GAMMA (SCALE): nan | VAIRANCE: nan
2023-10-10 12:28:54,511 | INFO | hi-lo.cauchy-kernel : TOP-LEFT
tensor([[nan, nan, nan],
        [nan, nan, nan],
        [nan, nan, nan]])
2023-10-10 12:29:03,042 | INFO | hi-lo : END EPOCH:  10 | ACCURACY: 15.62 | LOSS: nan
2023-10-10 12:29:03,042 | INFO | hi-lo : BEGIN EPOCH 11 =========================================================================
2023-10-10 12:29:03,042 | INFO | hi-lo.kernel-accessor : Fetching kernel: cauchy
2023-10-10 12:29:03,043 | INFO | hi-lo.cauchy-kernel : CHI (LOCATION): -0.08168401569128036 | GAMMA (SCALE): 0.4857354164123535 | VAIRANCE: 0.23593889475728247
2023-10-10 12:29:03,043 | INFO | hi-lo.cauchy-kernel : BOTTOM-RIGHT
tensor([[0.0341, 0.0444, 0.0635],
        [0.0444, 0.0635, 0.1117],
        [0.0635, 0.1117, 0.4633]])
2023-10-10 12:29:03,043 | INFO | hi-lo.kernel-accessor : Fetching kernel: cauchy
2023-10-10 12:29:03,044 | INFO | hi-lo.cauchy-kernel : CHI (LOCATION): 1 | GAMMA (SCALE): 1 | VAIRANCE: 1
2023-10-10 12:29:03,044 | INFO | hi-lo.cauchy-kernel : STATIC
tensor([[nan, 0., 0.],
        [0., 0., 0.],
        [0., 0., 0.]])
2023-10-10 12:29:03,044 | INFO | hi-lo.kernel-accessor : Fetching kernel: cauchy
2023-10-10 12:29:03,045 | INFO | hi-lo.cauchy-kernel : CHI (LOCATION): nan | GAMMA (SCALE): nan | VAIRANCE: nan
2023-10-10 12:29:03,045 | INFO | hi-lo.cauchy-kernel : BOTTOM-RIGHT
tensor([[nan, nan, nan],
        [nan, nan, nan],
        [nan, nan, nan]])
2023-10-10 12:29:03,045 | INFO | hi-lo.kernel-accessor : Fetching kernel: cauchy
2023-10-10 12:29:03,046 | INFO | hi-lo.cauchy-kernel : CHI (LOCATION): nan | GAMMA (SCALE): nan | VAIRANCE: nan
2023-10-10 12:29:03,046 | INFO | hi-lo.cauchy-kernel : TOP-LEFT
tensor([[nan, nan, nan],
        [nan, nan, nan],
        [nan, nan, nan]])
2023-10-10 12:29:11,578 | INFO | hi-lo : END EPOCH:  11 | ACCURACY: 10.57 | LOSS: nan
2023-10-10 12:29:11,578 | INFO | hi-lo : BEGIN EPOCH 12 =========================================================================
2023-10-10 12:29:11,578 | INFO | hi-lo.kernel-accessor : Fetching kernel: cauchy
2023-10-10 12:29:11,579 | INFO | hi-lo.cauchy-kernel : CHI (LOCATION): 1 | GAMMA (SCALE): 1 | VAIRANCE: 1
2023-10-10 12:29:11,579 | INFO | hi-lo.cauchy-kernel : STATIC
tensor([[nan, 0., 0.],
        [0., 0., 0.],
        [0., 0., 0.]])
2023-10-10 12:29:11,579 | INFO | hi-lo.kernel-accessor : Fetching kernel: cauchy
2023-10-10 12:29:11,580 | INFO | hi-lo.cauchy-kernel : CHI (LOCATION): nan | GAMMA (SCALE): nan | VAIRANCE: nan
2023-10-10 12:29:11,580 | INFO | hi-lo.cauchy-kernel : TOP-LEFT
tensor([[nan, nan, nan],
        [nan, nan, nan],
        [nan, nan, nan]])
2023-10-10 12:29:11,580 | INFO | hi-lo.kernel-accessor : Fetching kernel: cauchy
2023-10-10 12:29:11,580 | INFO | hi-lo.cauchy-kernel : CHI (LOCATION): 1 | GAMMA (SCALE): 1 | VAIRANCE: 1
2023-10-10 12:29:11,581 | INFO | hi-lo.cauchy-kernel : STATIC
tensor([[nan, 0., 0.],
        [0., 0., 0.],
        [0., 0., 0.]])
2023-10-10 12:29:11,581 | INFO | hi-lo.kernel-accessor : Fetching kernel: cauchy
2023-10-10 12:29:11,581 | INFO | hi-lo.cauchy-kernel : CHI (LOCATION): nan | GAMMA (SCALE): nan | VAIRANCE: nan
2023-10-10 12:29:11,582 | INFO | hi-lo.cauchy-kernel : BOTTOM-RIGHT
tensor([[nan, nan, nan],
        [nan, nan, nan],
        [nan, nan, nan]])
2023-10-10 12:29:20,103 | INFO | hi-lo : END EPOCH:  12 | ACCURACY: 11.46 | LOSS: nan
2023-10-10 12:29:20,103 | INFO | hi-lo : BEGIN EPOCH 13 =========================================================================
2023-10-10 12:29:20,103 | INFO | hi-lo.kernel-accessor : Fetching kernel: cauchy
2023-10-10 12:29:20,104 | INFO | hi-lo.cauchy-kernel : CHI (LOCATION): -0.06661351770162582 | GAMMA (SCALE): 0.4750322699546814 | VAIRANCE: 0.2256556574982973
2023-10-10 12:29:20,105 | INFO | hi-lo.cauchy-kernel : BOTTOM-RIGHT
tensor([[0.0327, 0.0427, 0.0613],
        [0.0427, 0.0613, 0.1087],
        [0.0613, 0.1087, 0.4807]])
2023-10-10 12:29:20,105 | INFO | hi-lo.kernel-accessor : Fetching kernel: cauchy
2023-10-10 12:29:20,105 | INFO | hi-lo.cauchy-kernel : CHI (LOCATION): 1 | GAMMA (SCALE): 1 | VAIRANCE: 1
2023-10-10 12:29:20,105 | INFO | hi-lo.cauchy-kernel : STATIC
tensor([[nan, 0., 0.],
        [0., 0., 0.],
        [0., 0., 0.]])
2023-10-10 12:29:20,106 | INFO | hi-lo.kernel-accessor : Fetching kernel: cauchy
2023-10-10 12:29:20,106 | INFO | hi-lo.cauchy-kernel : CHI (LOCATION): nan | GAMMA (SCALE): nan | VAIRANCE: nan
2023-10-10 12:29:20,106 | INFO | hi-lo.cauchy-kernel : BOTTOM-RIGHT
tensor([[nan, nan, nan],
        [nan, nan, nan],
        [nan, nan, nan]])
2023-10-10 12:29:20,106 | INFO | hi-lo.kernel-accessor : Fetching kernel: cauchy
2023-10-10 12:29:20,107 | INFO | hi-lo.cauchy-kernel : CHI (LOCATION): nan | GAMMA (SCALE): nan | VAIRANCE: nan
2023-10-10 12:29:20,107 | INFO | hi-lo.cauchy-kernel : TOP-LEFT
tensor([[nan, nan, nan],
        [nan, nan, nan],
        [nan, nan, nan]])
2023-10-10 12:29:28,672 | INFO | hi-lo : END EPOCH:  13 | ACCURACY: 12.5 | LOSS: nan
2023-10-10 12:29:28,672 | INFO | hi-lo : BEGIN EPOCH 14 =========================================================================
2023-10-10 12:29:28,672 | INFO | hi-lo.kernel-accessor : Fetching kernel: cauchy
2023-10-10 12:29:28,673 | INFO | hi-lo.cauchy-kernel : CHI (LOCATION): -0.0753360390663147 | GAMMA (SCALE): 0.4718075096607208 | VAIRANCE: 0.22260232617225117
2023-10-10 12:29:28,674 | INFO | hi-lo.cauchy-kernel : BOTTOM-RIGHT
tensor([[0.0330, 0.0431, 0.0618],
        [0.0431, 0.0618, 0.1094],
        [0.0618, 0.1094, 0.4766]])
2023-10-10 12:29:28,674 | INFO | hi-lo.kernel-accessor : Fetching kernel: cauchy
2023-10-10 12:29:28,674 | INFO | hi-lo.cauchy-kernel : CHI (LOCATION): 1 | GAMMA (SCALE): 1 | VAIRANCE: 1
2023-10-10 12:29:28,674 | INFO | hi-lo.cauchy-kernel : STATIC
tensor([[nan, 0., 0.],
        [0., 0., 0.],
        [0., 0., 0.]])
2023-10-10 12:29:28,675 | INFO | hi-lo.kernel-accessor : Fetching kernel: cauchy
2023-10-10 12:29:28,675 | INFO | hi-lo.cauchy-kernel : CHI (LOCATION): nan | GAMMA (SCALE): nan | VAIRANCE: nan
2023-10-10 12:29:28,675 | INFO | hi-lo.cauchy-kernel : TOP-LEFT
tensor([[nan, nan, nan],
        [nan, nan, nan],
        [nan, nan, nan]])
2023-10-10 12:29:28,676 | INFO | hi-lo.kernel-accessor : Fetching kernel: cauchy
2023-10-10 12:29:28,676 | INFO | hi-lo.cauchy-kernel : CHI (LOCATION): 1 | GAMMA (SCALE): 1 | VAIRANCE: 1
2023-10-10 12:29:28,676 | INFO | hi-lo.cauchy-kernel : STATIC
tensor([[nan, 0., 0.],
        [0., 0., 0.],
        [0., 0., 0.]])
2023-10-10 12:29:37,214 | INFO | hi-lo : END EPOCH:  14 | ACCURACY: 12.5 | LOSS: nan
2023-10-10 12:29:37,215 | INFO | hi-lo : BEGIN EPOCH 15 =========================================================================
2023-10-10 12:29:37,215 | INFO | hi-lo.kernel-accessor : Fetching kernel: cauchy
2023-10-10 12:29:37,215 | INFO | hi-lo.cauchy-kernel : CHI (LOCATION): -0.07497844099998474 | GAMMA (SCALE): 0.5201973915100098 | VAIRANCE: 0.2706053261338184
2023-10-10 12:29:37,216 | INFO | hi-lo.cauchy-kernel : BOTTOM-RIGHT
tensor([[0.0355, 0.0461, 0.0657],
        [0.0461, 0.0657, 0.1146],
        [0.0657, 0.1146, 0.4461]])
2023-10-10 12:29:37,216 | INFO | hi-lo.kernel-accessor : Fetching kernel: cauchy
2023-10-10 12:29:37,217 | INFO | hi-lo.cauchy-kernel : CHI (LOCATION): nan | GAMMA (SCALE): nan | VAIRANCE: nan
2023-10-10 12:29:37,217 | INFO | hi-lo.cauchy-kernel : BOTTOM-RIGHT
tensor([[nan, nan, nan],
        [nan, nan, nan],
        [nan, nan, nan]])
2023-10-10 12:29:37,217 | INFO | hi-lo.kernel-accessor : Fetching kernel: cauchy
2023-10-10 12:29:37,218 | INFO | hi-lo.cauchy-kernel : CHI (LOCATION): nan | GAMMA (SCALE): nan | VAIRANCE: nan
2023-10-10 12:29:37,218 | INFO | hi-lo.cauchy-kernel : TOP-LEFT
tensor([[nan, nan, nan],
        [nan, nan, nan],
        [nan, nan, nan]])
2023-10-10 12:29:37,218 | INFO | hi-lo.kernel-accessor : Fetching kernel: cauchy
2023-10-10 12:29:37,218 | INFO | hi-lo.cauchy-kernel : CHI (LOCATION): nan | GAMMA (SCALE): nan | VAIRANCE: nan
2023-10-10 12:29:37,219 | INFO | hi-lo.cauchy-kernel : TOP-LEFT
tensor([[nan, nan, nan],
        [nan, nan, nan],
        [nan, nan, nan]])
2023-10-10 12:29:45,759 | INFO | hi-lo : END EPOCH:  15 | ACCURACY: 10.94 | LOSS: nan
2023-10-10 12:29:45,759 | INFO | hi-lo : BEGIN EPOCH 16 =========================================================================
2023-10-10 12:29:45,759 | INFO | hi-lo.kernel-accessor : Fetching kernel: cauchy
2023-10-10 12:29:45,760 | INFO | hi-lo.cauchy-kernel : CHI (LOCATION): -0.0019192772451788187 | GAMMA (SCALE): 0.47876209020614624 | VAIRANCE: 0.2292131390185581
2023-10-10 12:29:45,760 | INFO | hi-lo.cauchy-kernel : BOTTOM-RIGHT
tensor([[0.0290, 0.0380, 0.0550],
        [0.0380, 0.0550, 0.0997],
        [0.0550, 0.0997, 0.5308]])
2023-10-10 12:29:45,760 | INFO | hi-lo.kernel-accessor : Fetching kernel: cauchy
2023-10-10 12:29:45,761 | INFO | hi-lo.cauchy-kernel : CHI (LOCATION): nan | GAMMA (SCALE): nan | VAIRANCE: nan
2023-10-10 12:29:45,761 | INFO | hi-lo.cauchy-kernel : BOTTOM-RIGHT
tensor([[nan, nan, nan],
        [nan, nan, nan],
        [nan, nan, nan]])
2023-10-10 12:29:45,761 | INFO | hi-lo.kernel-accessor : Fetching kernel: cauchy
2023-10-10 12:29:45,762 | INFO | hi-lo.cauchy-kernel : CHI (LOCATION): nan | GAMMA (SCALE): nan | VAIRANCE: nan
2023-10-10 12:29:45,762 | INFO | hi-lo.cauchy-kernel : BOTTOM-RIGHT
tensor([[nan, nan, nan],
        [nan, nan, nan],
        [nan, nan, nan]])
2023-10-10 12:29:45,762 | INFO | hi-lo.kernel-accessor : Fetching kernel: cauchy
2023-10-10 12:29:45,763 | INFO | hi-lo.cauchy-kernel : CHI (LOCATION): nan | GAMMA (SCALE): nan | VAIRANCE: nan
2023-10-10 12:29:45,763 | INFO | hi-lo.cauchy-kernel : TOP-LEFT
tensor([[nan, nan, nan],
        [nan, nan, nan],
        [nan, nan, nan]])
2023-10-10 12:29:54,342 | INFO | hi-lo : END EPOCH:  16 | ACCURACY: 16.41 | LOSS: nan
2023-10-10 12:29:54,343 | INFO | hi-lo : BEGIN EPOCH 17 =========================================================================
2023-10-10 12:29:54,343 | INFO | hi-lo.kernel-accessor : Fetching kernel: cauchy
2023-10-10 12:29:54,343 | INFO | hi-lo.cauchy-kernel : CHI (LOCATION): 1 | GAMMA (SCALE): 1 | VAIRANCE: 1
2023-10-10 12:29:54,344 | INFO | hi-lo.cauchy-kernel : STATIC
tensor([[nan, 0., 0.],
        [0., 0., 0.],
        [0., 0., 0.]])
2023-10-10 12:29:54,344 | INFO | hi-lo.kernel-accessor : Fetching kernel: cauchy
2023-10-10 12:29:54,344 | INFO | hi-lo.cauchy-kernel : CHI (LOCATION): 1 | GAMMA (SCALE): 1 | VAIRANCE: 1
2023-10-10 12:29:54,345 | INFO | hi-lo.cauchy-kernel : STATIC
tensor([[nan, 0., 0.],
        [0., 0., 0.],
        [0., 0., 0.]])
2023-10-10 12:29:54,345 | INFO | hi-lo.kernel-accessor : Fetching kernel: cauchy
2023-10-10 12:29:54,345 | INFO | hi-lo.cauchy-kernel : CHI (LOCATION): nan | GAMMA (SCALE): nan | VAIRANCE: nan
2023-10-10 12:29:54,345 | INFO | hi-lo.cauchy-kernel : TOP-LEFT
tensor([[nan, nan, nan],
        [nan, nan, nan],
        [nan, nan, nan]])
2023-10-10 12:29:54,346 | INFO | hi-lo.kernel-accessor : Fetching kernel: cauchy
2023-10-10 12:29:54,346 | INFO | hi-lo.cauchy-kernel : CHI (LOCATION): nan | GAMMA (SCALE): nan | VAIRANCE: nan
2023-10-10 12:29:54,346 | INFO | hi-lo.cauchy-kernel : BOTTOM-RIGHT
tensor([[nan, nan, nan],
        [nan, nan, nan],
        [nan, nan, nan]])
2023-10-10 12:30:02,947 | INFO | hi-lo : END EPOCH:  17 | ACCURACY: 10.2 | LOSS: nan
2023-10-10 12:30:02,947 | INFO | hi-lo : BEGIN EPOCH 18 =========================================================================
2023-10-10 12:30:02,947 | INFO | hi-lo.kernel-accessor : Fetching kernel: cauchy
2023-10-10 12:30:02,948 | INFO | hi-lo.cauchy-kernel : CHI (LOCATION): 1 | GAMMA (SCALE): 1 | VAIRANCE: 1
2023-10-10 12:30:02,948 | INFO | hi-lo.cauchy-kernel : STATIC
tensor([[nan, 0., 0.],
        [0., 0., 0.],
        [0., 0., 0.]])
2023-10-10 12:30:02,948 | INFO | hi-lo.kernel-accessor : Fetching kernel: cauchy
2023-10-10 12:30:02,949 | INFO | hi-lo.cauchy-kernel : CHI (LOCATION): 1 | GAMMA (SCALE): 1 | VAIRANCE: 1
2023-10-10 12:30:02,949 | INFO | hi-lo.cauchy-kernel : STATIC
tensor([[nan, 0., 0.],
        [0., 0., 0.],
        [0., 0., 0.]])
2023-10-10 12:30:02,949 | INFO | hi-lo.kernel-accessor : Fetching kernel: cauchy
2023-10-10 12:30:02,949 | INFO | hi-lo.cauchy-kernel : CHI (LOCATION): nan | GAMMA (SCALE): nan | VAIRANCE: nan
2023-10-10 12:30:02,950 | INFO | hi-lo.cauchy-kernel : BOTTOM-RIGHT
tensor([[nan, nan, nan],
        [nan, nan, nan],
        [nan, nan, nan]])
2023-10-10 12:30:02,950 | INFO | hi-lo.kernel-accessor : Fetching kernel: cauchy
2023-10-10 12:30:02,950 | INFO | hi-lo.cauchy-kernel : CHI (LOCATION): nan | GAMMA (SCALE): nan | VAIRANCE: nan
2023-10-10 12:30:02,951 | INFO | hi-lo.cauchy-kernel : BOTTOM-RIGHT
tensor([[nan, nan, nan],
        [nan, nan, nan],
        [nan, nan, nan]])
2023-10-10 12:30:11,547 | INFO | hi-lo : END EPOCH:  18 | ACCURACY: 10.13 | LOSS: nan
2023-10-10 12:30:11,547 | INFO | hi-lo : BEGIN EPOCH 19 =========================================================================
2023-10-10 12:30:11,547 | INFO | hi-lo.kernel-accessor : Fetching kernel: cauchy
2023-10-10 12:30:11,548 | INFO | hi-lo.cauchy-kernel : CHI (LOCATION): 1 | GAMMA (SCALE): 1 | VAIRANCE: 1
2023-10-10 12:30:11,548 | INFO | hi-lo.cauchy-kernel : STATIC
tensor([[nan, 0., 0.],
        [0., 0., 0.],
        [0., 0., 0.]])
2023-10-10 12:30:11,548 | INFO | hi-lo.kernel-accessor : Fetching kernel: cauchy
2023-10-10 12:30:11,549 | INFO | hi-lo.cauchy-kernel : CHI (LOCATION): nan | GAMMA (SCALE): nan | VAIRANCE: nan
2023-10-10 12:30:11,549 | INFO | hi-lo.cauchy-kernel : BOTTOM-RIGHT
tensor([[nan, nan, nan],
        [nan, nan, nan],
        [nan, nan, nan]])
2023-10-10 12:30:11,549 | INFO | hi-lo.kernel-accessor : Fetching kernel: cauchy
2023-10-10 12:30:11,549 | INFO | hi-lo.cauchy-kernel : CHI (LOCATION): nan | GAMMA (SCALE): nan | VAIRANCE: nan
2023-10-10 12:30:11,550 | INFO | hi-lo.cauchy-kernel : TOP-LEFT
tensor([[nan, nan, nan],
        [nan, nan, nan],
        [nan, nan, nan]])
2023-10-10 12:30:11,550 | INFO | hi-lo.kernel-accessor : Fetching kernel: cauchy
2023-10-10 12:30:11,550 | INFO | hi-lo.cauchy-kernel : CHI (LOCATION): nan | GAMMA (SCALE): nan | VAIRANCE: nan
2023-10-10 12:30:11,550 | INFO | hi-lo.cauchy-kernel : BOTTOM-RIGHT
tensor([[nan, nan, nan],
        [nan, nan, nan],
        [nan, nan, nan]])
2023-10-10 12:30:20,155 | INFO | hi-lo : END EPOCH:  19 | ACCURACY: 14.84 | LOSS: nan
2023-10-10 12:30:20,155 | INFO | hi-lo : BEGIN EPOCH 20 =========================================================================
2023-10-10 12:30:20,155 | INFO | hi-lo.kernel-accessor : Fetching kernel: cauchy
2023-10-10 12:30:20,156 | INFO | hi-lo.cauchy-kernel : CHI (LOCATION): 1 | GAMMA (SCALE): 1 | VAIRANCE: 1
2023-10-10 12:30:20,157 | INFO | hi-lo.cauchy-kernel : STATIC
tensor([[nan, 0., 0.],
        [0., 0., 0.],
        [0., 0., 0.]])
2023-10-10 12:30:20,157 | INFO | hi-lo.kernel-accessor : Fetching kernel: cauchy
2023-10-10 12:30:20,157 | INFO | hi-lo.cauchy-kernel : CHI (LOCATION): nan | GAMMA (SCALE): nan | VAIRANCE: nan
2023-10-10 12:30:20,158 | INFO | hi-lo.cauchy-kernel : TOP-LEFT
tensor([[nan, nan, nan],
        [nan, nan, nan],
        [nan, nan, nan]])
2023-10-10 12:30:20,158 | INFO | hi-lo.kernel-accessor : Fetching kernel: cauchy
2023-10-10 12:30:20,158 | INFO | hi-lo.cauchy-kernel : CHI (LOCATION): 1 | GAMMA (SCALE): 1 | VAIRANCE: 1
2023-10-10 12:30:20,159 | INFO | hi-lo.cauchy-kernel : STATIC
tensor([[nan, 0., 0.],
        [0., 0., 0.],
        [0., 0., 0.]])
2023-10-10 12:30:20,159 | INFO | hi-lo.kernel-accessor : Fetching kernel: cauchy
2023-10-10 12:30:20,159 | INFO | hi-lo.cauchy-kernel : CHI (LOCATION): nan | GAMMA (SCALE): nan | VAIRANCE: nan
2023-10-10 12:30:20,160 | INFO | hi-lo.cauchy-kernel : TOP-LEFT
tensor([[nan, nan, nan],
        [nan, nan, nan],
        [nan, nan, nan]])
2023-10-10 12:30:28,801 | INFO | hi-lo : END EPOCH:  20 | ACCURACY: 11.33 | LOSS: nan
2023-10-10 12:30:28,801 | INFO | hi-lo : BEGIN EPOCH 21 =========================================================================
2023-10-10 12:30:28,802 | INFO | hi-lo.kernel-accessor : Fetching kernel: cauchy
2023-10-10 12:30:28,802 | INFO | hi-lo.cauchy-kernel : CHI (LOCATION): 1 | GAMMA (SCALE): 1 | VAIRANCE: 1
2023-10-10 12:30:28,803 | INFO | hi-lo.cauchy-kernel : STATIC
tensor([[nan, 0., 0.],
        [0., 0., 0.],
        [0., 0., 0.]])
2023-10-10 12:30:28,803 | INFO | hi-lo.kernel-accessor : Fetching kernel: cauchy
2023-10-10 12:30:28,803 | INFO | hi-lo.cauchy-kernel : CHI (LOCATION): 1 | GAMMA (SCALE): 1 | VAIRANCE: 1
2023-10-10 12:30:28,804 | INFO | hi-lo.cauchy-kernel : STATIC
tensor([[nan, 0., 0.],
        [0., 0., 0.],
        [0., 0., 0.]])
2023-10-10 12:30:28,804 | INFO | hi-lo.kernel-accessor : Fetching kernel: cauchy
2023-10-10 12:30:28,804 | INFO | hi-lo.cauchy-kernel : CHI (LOCATION): 1 | GAMMA (SCALE): 1 | VAIRANCE: 1
2023-10-10 12:30:28,805 | INFO | hi-lo.cauchy-kernel : STATIC
tensor([[nan, 0., 0.],
        [0., 0., 0.],
        [0., 0., 0.]])
2023-10-10 12:30:28,805 | INFO | hi-lo.kernel-accessor : Fetching kernel: cauchy
2023-10-10 12:30:28,805 | INFO | hi-lo.cauchy-kernel : CHI (LOCATION): nan | GAMMA (SCALE): nan | VAIRANCE: nan
2023-10-10 12:30:28,806 | INFO | hi-lo.cauchy-kernel : BOTTOM-RIGHT
tensor([[nan, nan, nan],
        [nan, nan, nan],
        [nan, nan, nan]])
2023-10-10 12:30:37,388 | INFO | hi-lo : END EPOCH:  21 | ACCURACY: 13.09 | LOSS: nan
2023-10-10 12:30:37,388 | INFO | hi-lo : BEGIN EPOCH 22 =========================================================================
2023-10-10 12:30:37,388 | INFO | hi-lo.kernel-accessor : Fetching kernel: cauchy
2023-10-10 12:30:37,389 | INFO | hi-lo.cauchy-kernel : CHI (LOCATION): -0.10204248130321503 | GAMMA (SCALE): 0.5017118453979492 | VAIRANCE: 0.2517147758126157
2023-10-10 12:30:37,389 | INFO | hi-lo.cauchy-kernel : TOP-LEFT
tensor([[0.4414, 0.1153, 0.0663],
        [0.1153, 0.0663, 0.0466],
        [0.0663, 0.0466, 0.0359]])
2023-10-10 12:30:37,389 | INFO | hi-lo.kernel-accessor : Fetching kernel: cauchy
2023-10-10 12:30:37,390 | INFO | hi-lo.cauchy-kernel : CHI (LOCATION): nan | GAMMA (SCALE): nan | VAIRANCE: nan
2023-10-10 12:30:37,390 | INFO | hi-lo.cauchy-kernel : TOP-LEFT
tensor([[nan, nan, nan],
        [nan, nan, nan],
        [nan, nan, nan]])
2023-10-10 12:30:37,390 | INFO | hi-lo.kernel-accessor : Fetching kernel: cauchy
2023-10-10 12:30:37,391 | INFO | hi-lo.cauchy-kernel : CHI (LOCATION): 1 | GAMMA (SCALE): 1 | VAIRANCE: 1
2023-10-10 12:30:37,391 | INFO | hi-lo.cauchy-kernel : STATIC
tensor([[nan, 0., 0.],
        [0., 0., 0.],
        [0., 0., 0.]])
2023-10-10 12:30:37,391 | INFO | hi-lo.kernel-accessor : Fetching kernel: cauchy
2023-10-10 12:30:37,391 | INFO | hi-lo.cauchy-kernel : CHI (LOCATION): nan | GAMMA (SCALE): nan | VAIRANCE: nan
2023-10-10 12:30:37,392 | INFO | hi-lo.cauchy-kernel : TOP-LEFT
tensor([[nan, nan, nan],
        [nan, nan, nan],
        [nan, nan, nan]])
2023-10-10 12:30:45,977 | INFO | hi-lo : END EPOCH:  22 | ACCURACY: 12.5 | LOSS: nan
2023-10-10 12:30:45,977 | INFO | hi-lo : BEGIN EPOCH 23 =========================================================================
2023-10-10 12:30:45,977 | INFO | hi-lo.kernel-accessor : Fetching kernel: cauchy
2023-10-10 12:30:45,978 | INFO | hi-lo.cauchy-kernel : CHI (LOCATION): -0.035389844328165054 | GAMMA (SCALE): 0.5167061686515808 | VAIRANCE: 0.26698526472259587
2023-10-10 12:30:45,979 | INFO | hi-lo.cauchy-kernel : TOP-LEFT
tensor([[0.4735, 0.1099, 0.0622],
        [0.1099, 0.0622, 0.0434],
        [0.0622, 0.0434, 0.0333]])
2023-10-10 12:30:45,979 | INFO | hi-lo.kernel-accessor : Fetching kernel: cauchy
2023-10-10 12:30:45,979 | INFO | hi-lo.cauchy-kernel : CHI (LOCATION): nan | GAMMA (SCALE): nan | VAIRANCE: nan
2023-10-10 12:30:45,980 | INFO | hi-lo.cauchy-kernel : BOTTOM-RIGHT
tensor([[nan, nan, nan],
        [nan, nan, nan],
        [nan, nan, nan]])
2023-10-10 12:30:45,980 | INFO | hi-lo.kernel-accessor : Fetching kernel: cauchy
2023-10-10 12:30:45,980 | INFO | hi-lo.cauchy-kernel : CHI (LOCATION): 1 | GAMMA (SCALE): 1 | VAIRANCE: 1
2023-10-10 12:30:45,980 | INFO | hi-lo.cauchy-kernel : STATIC
tensor([[nan, 0., 0.],
        [0., 0., 0.],
        [0., 0., 0.]])
2023-10-10 12:30:45,981 | INFO | hi-lo.kernel-accessor : Fetching kernel: cauchy
2023-10-10 12:30:45,981 | INFO | hi-lo.cauchy-kernel : CHI (LOCATION): nan | GAMMA (SCALE): nan | VAIRANCE: nan
2023-10-10 12:30:45,981 | INFO | hi-lo.cauchy-kernel : TOP-LEFT
tensor([[nan, nan, nan],
        [nan, nan, nan],
        [nan, nan, nan]])
2023-10-10 12:30:54,603 | INFO | hi-lo : END EPOCH:  23 | ACCURACY: 10.94 | LOSS: nan
2023-10-10 12:30:54,603 | INFO | hi-lo : BEGIN EPOCH 24 =========================================================================
2023-10-10 12:30:54,603 | INFO | hi-lo.kernel-accessor : Fetching kernel: cauchy
2023-10-10 12:30:54,603 | INFO | hi-lo.cauchy-kernel : CHI (LOCATION): -0.00849862676113844 | GAMMA (SCALE): 0.47315534949302673 | VAIRANCE: 0.22387598475386827
2023-10-10 12:30:54,604 | INFO | hi-lo.cauchy-kernel : TOP-LEFT
tensor([[0.5296, 0.0999, 0.0551],
        [0.0999, 0.0551, 0.0381],
        [0.0551, 0.0381, 0.0291]])
2023-10-10 12:30:54,604 | INFO | hi-lo.kernel-accessor : Fetching kernel: cauchy
2023-10-10 12:30:54,604 | INFO | hi-lo.cauchy-kernel : CHI (LOCATION): nan | GAMMA (SCALE): nan | VAIRANCE: nan
2023-10-10 12:30:54,605 | INFO | hi-lo.cauchy-kernel : BOTTOM-RIGHT
tensor([[nan, nan, nan],
        [nan, nan, nan],
        [nan, nan, nan]])
2023-10-10 12:30:54,605 | INFO | hi-lo.kernel-accessor : Fetching kernel: cauchy
2023-10-10 12:30:54,605 | INFO | hi-lo.cauchy-kernel : CHI (LOCATION): nan | GAMMA (SCALE): nan | VAIRANCE: nan
2023-10-10 12:30:54,605 | INFO | hi-lo.cauchy-kernel : BOTTOM-RIGHT
tensor([[nan, nan, nan],
        [nan, nan, nan],
        [nan, nan, nan]])
2023-10-10 12:30:54,605 | INFO | hi-lo.kernel-accessor : Fetching kernel: cauchy
2023-10-10 12:30:54,606 | INFO | hi-lo.cauchy-kernel : CHI (LOCATION): nan | GAMMA (SCALE): nan | VAIRANCE: nan
2023-10-10 12:30:54,606 | INFO | hi-lo.cauchy-kernel : TOP-LEFT
tensor([[nan, nan, nan],
        [nan, nan, nan],
        [nan, nan, nan]])
2023-10-10 12:31:03,281 | INFO | hi-lo : END EPOCH:  24 | ACCURACY: 18.75 | LOSS: nan
2023-10-10 12:31:03,281 | INFO | hi-lo : BEGIN EPOCH 25 =========================================================================
2023-10-10 12:31:03,281 | INFO | hi-lo.kernel-accessor : Fetching kernel: cauchy
2023-10-10 12:31:03,282 | INFO | hi-lo.cauchy-kernel : CHI (LOCATION): 1 | GAMMA (SCALE): 1 | VAIRANCE: 1
2023-10-10 12:31:03,282 | INFO | hi-lo.cauchy-kernel : STATIC
tensor([[nan, 0., 0.],
        [0., 0., 0.],
        [0., 0., 0.]])
2023-10-10 12:31:03,283 | INFO | hi-lo.kernel-accessor : Fetching kernel: cauchy
2023-10-10 12:31:03,283 | INFO | hi-lo.cauchy-kernel : CHI (LOCATION): 1 | GAMMA (SCALE): 1 | VAIRANCE: 1
2023-10-10 12:31:03,283 | INFO | hi-lo.cauchy-kernel : STATIC
tensor([[nan, 0., 0.],
        [0., 0., 0.],
        [0., 0., 0.]])
2023-10-10 12:31:03,284 | INFO | hi-lo.kernel-accessor : Fetching kernel: cauchy
2023-10-10 12:31:03,284 | INFO | hi-lo.cauchy-kernel : CHI (LOCATION): nan | GAMMA (SCALE): nan | VAIRANCE: nan
2023-10-10 12:31:03,284 | INFO | hi-lo.cauchy-kernel : TOP-LEFT
tensor([[nan, nan, nan],
        [nan, nan, nan],
        [nan, nan, nan]])
2023-10-10 12:31:03,285 | INFO | hi-lo.kernel-accessor : Fetching kernel: cauchy
2023-10-10 12:31:03,285 | INFO | hi-lo.cauchy-kernel : CHI (LOCATION): nan | GAMMA (SCALE): nan | VAIRANCE: nan
2023-10-10 12:31:03,285 | INFO | hi-lo.cauchy-kernel : TOP-LEFT
tensor([[nan, nan, nan],
        [nan, nan, nan],
        [nan, nan, nan]])
2023-10-10 12:31:11,946 | INFO | hi-lo : END EPOCH:  25 | ACCURACY: 10.39 | LOSS: nan
2023-10-10 12:31:11,946 | INFO | hi-lo : BEGIN EPOCH 26 =========================================================================
2023-10-10 12:31:11,946 | INFO | hi-lo.kernel-accessor : Fetching kernel: cauchy
2023-10-10 12:31:11,947 | INFO | hi-lo.cauchy-kernel : CHI (LOCATION): 1 | GAMMA (SCALE): 1 | VAIRANCE: 1
2023-10-10 12:31:11,947 | INFO | hi-lo.cauchy-kernel : STATIC
tensor([[nan, 0., 0.],
        [0., 0., 0.],
        [0., 0., 0.]])
2023-10-10 12:31:11,947 | INFO | hi-lo.kernel-accessor : Fetching kernel: cauchy
2023-10-10 12:31:11,947 | INFO | hi-lo.cauchy-kernel : CHI (LOCATION): nan | GAMMA (SCALE): nan | VAIRANCE: nan
2023-10-10 12:31:11,948 | INFO | hi-lo.cauchy-kernel : TOP-LEFT
tensor([[nan, nan, nan],
        [nan, nan, nan],
        [nan, nan, nan]])
2023-10-10 12:31:11,948 | INFO | hi-lo.kernel-accessor : Fetching kernel: cauchy
2023-10-10 12:31:11,948 | INFO | hi-lo.cauchy-kernel : CHI (LOCATION): nan | GAMMA (SCALE): nan | VAIRANCE: nan
2023-10-10 12:31:11,949 | INFO | hi-lo.cauchy-kernel : BOTTOM-RIGHT
tensor([[nan, nan, nan],
        [nan, nan, nan],
        [nan, nan, nan]])
2023-10-10 12:31:11,949 | INFO | hi-lo.kernel-accessor : Fetching kernel: cauchy
2023-10-10 12:31:11,949 | INFO | hi-lo.cauchy-kernel : CHI (LOCATION): 1 | GAMMA (SCALE): 1 | VAIRANCE: 1
2023-10-10 12:31:11,949 | INFO | hi-lo.cauchy-kernel : STATIC
tensor([[nan, 0., 0.],
        [0., 0., 0.],
        [0., 0., 0.]])
2023-10-10 12:31:20,641 | INFO | hi-lo : END EPOCH:  26 | ACCURACY: 10.21 | LOSS: nan
2023-10-10 12:31:20,641 | INFO | hi-lo : BEGIN EPOCH 27 =========================================================================
2023-10-10 12:31:20,642 | INFO | hi-lo.kernel-accessor : Fetching kernel: cauchy
2023-10-10 12:31:20,642 | INFO | hi-lo.cauchy-kernel : CHI (LOCATION): -0.07841731607913971 | GAMMA (SCALE): 0.4277484118938446 | VAIRANCE: 0.18296870387770614
2023-10-10 12:31:20,643 | INFO | hi-lo.cauchy-kernel : TOP-LEFT
tensor([[0.5043, 0.1045, 0.0583],
        [0.1045, 0.0583, 0.0404],
        [0.0583, 0.0404, 0.0309]])
2023-10-10 12:31:20,643 | INFO | hi-lo.kernel-accessor : Fetching kernel: cauchy
2023-10-10 12:31:20,644 | INFO | hi-lo.cauchy-kernel : CHI (LOCATION): nan | GAMMA (SCALE): nan | VAIRANCE: nan
2023-10-10 12:31:20,644 | INFO | hi-lo.cauchy-kernel : BOTTOM-RIGHT
tensor([[nan, nan, nan],
        [nan, nan, nan],
        [nan, nan, nan]])
2023-10-10 12:31:20,644 | INFO | hi-lo.kernel-accessor : Fetching kernel: cauchy
2023-10-10 12:31:20,645 | INFO | hi-lo.cauchy-kernel : CHI (LOCATION): nan | GAMMA (SCALE): nan | VAIRANCE: nan
2023-10-10 12:31:20,645 | INFO | hi-lo.cauchy-kernel : BOTTOM-RIGHT
tensor([[nan, nan, nan],
        [nan, nan, nan],
        [nan, nan, nan]])
2023-10-10 12:31:20,645 | INFO | hi-lo.kernel-accessor : Fetching kernel: cauchy
2023-10-10 12:31:20,646 | INFO | hi-lo.cauchy-kernel : CHI (LOCATION): nan | GAMMA (SCALE): nan | VAIRANCE: nan
2023-10-10 12:31:20,646 | INFO | hi-lo.cauchy-kernel : BOTTOM-RIGHT
tensor([[nan, nan, nan],
        [nan, nan, nan],
        [nan, nan, nan]])
2023-10-10 12:31:29,292 | INFO | hi-lo : END EPOCH:  27 | ACCURACY: 12.5 | LOSS: nan
2023-10-10 12:31:29,292 | INFO | hi-lo : BEGIN EPOCH 28 =========================================================================
2023-10-10 12:31:29,292 | INFO | hi-lo.kernel-accessor : Fetching kernel: cauchy
2023-10-10 12:31:29,293 | INFO | hi-lo.cauchy-kernel : CHI (LOCATION): -0.08007795363664627 | GAMMA (SCALE): 0.48653534054756165 | VAIRANCE: 0.23671663760173178
2023-10-10 12:31:29,293 | INFO | hi-lo.cauchy-kernel : TOP-LEFT
tensor([[0.4639, 0.1116, 0.0634],
        [0.1116, 0.0634, 0.0443],
        [0.0634, 0.0443, 0.0340]])
2023-10-10 12:31:29,293 | INFO | hi-lo.kernel-accessor : Fetching kernel: cauchy
2023-10-10 12:31:29,294 | INFO | hi-lo.cauchy-kernel : CHI (LOCATION): nan | GAMMA (SCALE): nan | VAIRANCE: nan
2023-10-10 12:31:29,294 | INFO | hi-lo.cauchy-kernel : BOTTOM-RIGHT
tensor([[nan, nan, nan],
        [nan, nan, nan],
        [nan, nan, nan]])
2023-10-10 12:31:29,294 | INFO | hi-lo.kernel-accessor : Fetching kernel: cauchy
2023-10-10 12:31:29,295 | INFO | hi-lo.cauchy-kernel : CHI (LOCATION): nan | GAMMA (SCALE): nan | VAIRANCE: nan
2023-10-10 12:31:29,295 | INFO | hi-lo.cauchy-kernel : BOTTOM-RIGHT
tensor([[nan, nan, nan],
        [nan, nan, nan],
        [nan, nan, nan]])
2023-10-10 12:31:29,295 | INFO | hi-lo.kernel-accessor : Fetching kernel: cauchy
2023-10-10 12:31:29,295 | INFO | hi-lo.cauchy-kernel : CHI (LOCATION): nan | GAMMA (SCALE): nan | VAIRANCE: nan
2023-10-10 12:31:29,296 | INFO | hi-lo.cauchy-kernel : BOTTOM-RIGHT
tensor([[nan, nan, nan],
        [nan, nan, nan],
        [nan, nan, nan]])
2023-10-10 12:31:37,973 | INFO | hi-lo : END EPOCH:  28 | ACCURACY: 15.62 | LOSS: nan
2023-10-10 12:31:37,974 | INFO | hi-lo : BEGIN EPOCH 29 =========================================================================
2023-10-10 12:31:37,974 | INFO | hi-lo.kernel-accessor : Fetching kernel: cauchy
2023-10-10 12:31:37,975 | INFO | hi-lo.cauchy-kernel : CHI (LOCATION): 0.1064467653632164 | GAMMA (SCALE): 0.503169596195221 | VAIRANCE: 0.2531796425352617
2023-10-10 12:31:37,975 | INFO | hi-lo.cauchy-kernel : BOTTOM-RIGHT
tensor([[0.0223, 0.0293, 0.0430],
        [0.0293, 0.0430, 0.0805],
        [0.0430, 0.0805, 0.6291]])
2023-10-10 12:31:37,975 | INFO | hi-lo.kernel-accessor : Fetching kernel: cauchy
2023-10-10 12:31:37,976 | INFO | hi-lo.cauchy-kernel : CHI (LOCATION): nan | GAMMA (SCALE): nan | VAIRANCE: nan
2023-10-10 12:31:37,976 | INFO | hi-lo.cauchy-kernel : BOTTOM-RIGHT
tensor([[nan, nan, nan],
        [nan, nan, nan],
        [nan, nan, nan]])
2023-10-10 12:31:37,976 | INFO | hi-lo.kernel-accessor : Fetching kernel: cauchy
2023-10-10 12:31:37,977 | INFO | hi-lo.cauchy-kernel : CHI (LOCATION): nan | GAMMA (SCALE): nan | VAIRANCE: nan
2023-10-10 12:31:37,977 | INFO | hi-lo.cauchy-kernel : BOTTOM-RIGHT
tensor([[nan, nan, nan],
        [nan, nan, nan],
        [nan, nan, nan]])
2023-10-10 12:31:37,977 | INFO | hi-lo.kernel-accessor : Fetching kernel: cauchy
2023-10-10 12:31:37,977 | INFO | hi-lo.cauchy-kernel : CHI (LOCATION): 1 | GAMMA (SCALE): 1 | VAIRANCE: 1
2023-10-10 12:31:37,978 | INFO | hi-lo.cauchy-kernel : STATIC
tensor([[nan, 0., 0.],
        [0., 0., 0.],
        [0., 0., 0.]])
2023-10-10 12:31:46,673 | INFO | hi-lo : END EPOCH:  29 | ACCURACY: 14.06 | LOSS: nan
2023-10-10 12:31:46,673 | INFO | hi-lo : BEGIN EPOCH 30 =========================================================================
2023-10-10 12:31:46,674 | INFO | hi-lo.kernel-accessor : Fetching kernel: cauchy
2023-10-10 12:31:46,674 | INFO | hi-lo.cauchy-kernel : CHI (LOCATION): 0.05216138809919357 | GAMMA (SCALE): 0.5251625180244446 | VAIRANCE: 0.2757956703377751
2023-10-10 12:31:46,675 | INFO | hi-lo.cauchy-kernel : BOTTOM-RIGHT
tensor([[0.0285, 0.0373, 0.0541],
        [0.0373, 0.0541, 0.0983],
        [0.0541, 0.0983, 0.5379]])
2023-10-10 12:31:46,675 | INFO | hi-lo.kernel-accessor : Fetching kernel: cauchy
2023-10-10 12:31:46,675 | INFO | hi-lo.cauchy-kernel : CHI (LOCATION): nan | GAMMA (SCALE): nan | VAIRANCE: nan
2023-10-10 12:31:46,676 | INFO | hi-lo.cauchy-kernel : BOTTOM-RIGHT
tensor([[nan, nan, nan],
        [nan, nan, nan],
        [nan, nan, nan]])
2023-10-10 12:31:46,676 | INFO | hi-lo.kernel-accessor : Fetching kernel: cauchy
2023-10-10 12:31:46,676 | INFO | hi-lo.cauchy-kernel : CHI (LOCATION): nan | GAMMA (SCALE): nan | VAIRANCE: nan
2023-10-10 12:31:46,677 | INFO | hi-lo.cauchy-kernel : TOP-LEFT
tensor([[nan, nan, nan],
        [nan, nan, nan],
        [nan, nan, nan]])
2023-10-10 12:31:46,677 | INFO | hi-lo.kernel-accessor : Fetching kernel: cauchy
2023-10-10 12:31:46,677 | INFO | hi-lo.cauchy-kernel : CHI (LOCATION): nan | GAMMA (SCALE): nan | VAIRANCE: nan
2023-10-10 12:31:46,678 | INFO | hi-lo.cauchy-kernel : TOP-LEFT
tensor([[nan, nan, nan],
        [nan, nan, nan],
        [nan, nan, nan]])
2023-10-10 12:31:55,381 | INFO | hi-lo : END EPOCH:  30 | ACCURACY: 10.94 | LOSS: nan
2023-10-10 12:31:55,381 | INFO | hi-lo : BEGIN EPOCH 31 =========================================================================
2023-10-10 12:31:55,381 | INFO | hi-lo.kernel-accessor : Fetching kernel: cauchy
2023-10-10 12:31:55,382 | INFO | hi-lo.cauchy-kernel : CHI (LOCATION): -0.09531503915786743 | GAMMA (SCALE): 0.4765842854976654 | VAIRANCE: 0.22713258118332025
2023-10-10 12:31:55,383 | INFO | hi-lo.cauchy-kernel : BOTTOM-RIGHT
tensor([[0.0343, 0.0447, 0.0639],
        [0.0447, 0.0639, 0.1122],
        [0.0639, 0.1122, 0.4602]])
2023-10-10 12:31:55,383 | INFO | hi-lo.kernel-accessor : Fetching kernel: cauchy
2023-10-10 12:31:55,383 | INFO | hi-lo.cauchy-kernel : CHI (LOCATION): nan | GAMMA (SCALE): nan | VAIRANCE: nan
2023-10-10 12:31:55,384 | INFO | hi-lo.cauchy-kernel : TOP-LEFT
tensor([[nan, nan, nan],
        [nan, nan, nan],
        [nan, nan, nan]])
2023-10-10 12:31:55,384 | INFO | hi-lo.kernel-accessor : Fetching kernel: cauchy
2023-10-10 12:31:55,384 | INFO | hi-lo.cauchy-kernel : CHI (LOCATION): 1 | GAMMA (SCALE): 1 | VAIRANCE: 1
2023-10-10 12:31:55,385 | INFO | hi-lo.cauchy-kernel : STATIC
tensor([[nan, 0., 0.],
        [0., 0., 0.],
        [0., 0., 0.]])
2023-10-10 12:31:55,385 | INFO | hi-lo.kernel-accessor : Fetching kernel: cauchy
2023-10-10 12:31:55,385 | INFO | hi-lo.cauchy-kernel : CHI (LOCATION): nan | GAMMA (SCALE): nan | VAIRANCE: nan
2023-10-10 12:31:55,385 | INFO | hi-lo.cauchy-kernel : BOTTOM-RIGHT
tensor([[nan, nan, nan],
        [nan, nan, nan],
        [nan, nan, nan]])
2023-10-10 12:32:04,111 | INFO | hi-lo : END EPOCH:  31 | ACCURACY: 10.71 | LOSS: nan
2023-10-10 12:32:04,111 | INFO | hi-lo : BEGIN EPOCH 32 =========================================================================
2023-10-10 12:32:04,112 | INFO | hi-lo.kernel-accessor : Fetching kernel: cauchy
2023-10-10 12:32:04,112 | INFO | hi-lo.cauchy-kernel : CHI (LOCATION): 0.007398116867989302 | GAMMA (SCALE): 0.5188601016998291 | VAIRANCE: 0.269215805135957
2023-10-10 12:32:04,113 | INFO | hi-lo.cauchy-kernel : TOP-LEFT
tensor([[0.5040, 0.1046, 0.0583],
        [0.1046, 0.0583, 0.0405],
        [0.0583, 0.0405, 0.0310]])
2023-10-10 12:32:04,113 | INFO | hi-lo.kernel-accessor : Fetching kernel: cauchy
2023-10-10 12:32:04,113 | INFO | hi-lo.cauchy-kernel : CHI (LOCATION): 1 | GAMMA (SCALE): 1 | VAIRANCE: 1
2023-10-10 12:32:04,114 | INFO | hi-lo.cauchy-kernel : STATIC
tensor([[nan, 0., 0.],
        [0., 0., 0.],
        [0., 0., 0.]])
2023-10-10 12:32:04,114 | INFO | hi-lo.kernel-accessor : Fetching kernel: cauchy
2023-10-10 12:32:04,114 | INFO | hi-lo.cauchy-kernel : CHI (LOCATION): 1 | GAMMA (SCALE): 1 | VAIRANCE: 1
2023-10-10 12:32:04,115 | INFO | hi-lo.cauchy-kernel : STATIC
tensor([[nan, 0., 0.],
        [0., 0., 0.],
        [0., 0., 0.]])
2023-10-10 12:32:04,115 | INFO | hi-lo.kernel-accessor : Fetching kernel: cauchy
2023-10-10 12:32:04,115 | INFO | hi-lo.cauchy-kernel : CHI (LOCATION): nan | GAMMA (SCALE): nan | VAIRANCE: nan
2023-10-10 12:32:04,116 | INFO | hi-lo.cauchy-kernel : TOP-LEFT
tensor([[nan, nan, nan],
        [nan, nan, nan],
        [nan, nan, nan]])
2023-10-10 12:32:12,906 | INFO | hi-lo : END EPOCH:  32 | ACCURACY: 15.62 | LOSS: nan
2023-10-10 12:32:12,906 | INFO | hi-lo : BEGIN EPOCH 33 =========================================================================
2023-10-10 12:32:12,907 | INFO | hi-lo.kernel-accessor : Fetching kernel: cauchy
2023-10-10 12:32:12,907 | INFO | hi-lo.cauchy-kernel : CHI (LOCATION): 1 | GAMMA (SCALE): 1 | VAIRANCE: 1
2023-10-10 12:32:12,908 | INFO | hi-lo.cauchy-kernel : STATIC
tensor([[nan, 0., 0.],
        [0., 0., 0.],
        [0., 0., 0.]])
2023-10-10 12:32:12,908 | INFO | hi-lo.kernel-accessor : Fetching kernel: cauchy
2023-10-10 12:32:12,908 | INFO | hi-lo.cauchy-kernel : CHI (LOCATION): nan | GAMMA (SCALE): nan | VAIRANCE: nan
2023-10-10 12:32:12,908 | INFO | hi-lo.cauchy-kernel : TOP-LEFT
tensor([[nan, nan, nan],
        [nan, nan, nan],
        [nan, nan, nan]])
2023-10-10 12:32:12,909 | INFO | hi-lo.kernel-accessor : Fetching kernel: cauchy
2023-10-10 12:32:12,909 | INFO | hi-lo.cauchy-kernel : CHI (LOCATION): nan | GAMMA (SCALE): nan | VAIRANCE: nan
2023-10-10 12:32:12,909 | INFO | hi-lo.cauchy-kernel : BOTTOM-RIGHT
tensor([[nan, nan, nan],
        [nan, nan, nan],
        [nan, nan, nan]])
2023-10-10 12:32:12,909 | INFO | hi-lo.kernel-accessor : Fetching kernel: cauchy
2023-10-10 12:32:12,910 | INFO | hi-lo.cauchy-kernel : CHI (LOCATION): 1 | GAMMA (SCALE): 1 | VAIRANCE: 1
2023-10-10 12:32:12,910 | INFO | hi-lo.cauchy-kernel : STATIC
tensor([[nan, 0., 0.],
        [0., 0., 0.],
        [0., 0., 0.]])
2023-10-10 12:32:21,673 | INFO | hi-lo : END EPOCH:  33 | ACCURACY: 11.13 | LOSS: nan
2023-10-10 12:32:21,673 | INFO | hi-lo : BEGIN EPOCH 34 =========================================================================
2023-10-10 12:32:21,673 | INFO | hi-lo.kernel-accessor : Fetching kernel: cauchy
2023-10-10 12:32:21,674 | INFO | hi-lo.cauchy-kernel : CHI (LOCATION): 1 | GAMMA (SCALE): 1 | VAIRANCE: 1
2023-10-10 12:32:21,674 | INFO | hi-lo.cauchy-kernel : STATIC
tensor([[nan, 0., 0.],
        [0., 0., 0.],
        [0., 0., 0.]])
2023-10-10 12:32:21,674 | INFO | hi-lo.kernel-accessor : Fetching kernel: cauchy
2023-10-10 12:32:21,675 | INFO | hi-lo.cauchy-kernel : CHI (LOCATION): 1 | GAMMA (SCALE): 1 | VAIRANCE: 1
2023-10-10 12:32:21,675 | INFO | hi-lo.cauchy-kernel : STATIC
tensor([[nan, 0., 0.],
        [0., 0., 0.],
        [0., 0., 0.]])
2023-10-10 12:32:21,675 | INFO | hi-lo.kernel-accessor : Fetching kernel: cauchy
2023-10-10 12:32:21,676 | INFO | hi-lo.cauchy-kernel : CHI (LOCATION): nan | GAMMA (SCALE): nan | VAIRANCE: nan
2023-10-10 12:32:21,676 | INFO | hi-lo.cauchy-kernel : TOP-LEFT
tensor([[nan, nan, nan],
        [nan, nan, nan],
        [nan, nan, nan]])
2023-10-10 12:32:21,676 | INFO | hi-lo.kernel-accessor : Fetching kernel: cauchy
2023-10-10 12:32:21,677 | INFO | hi-lo.cauchy-kernel : CHI (LOCATION): nan | GAMMA (SCALE): nan | VAIRANCE: nan
2023-10-10 12:32:21,677 | INFO | hi-lo.cauchy-kernel : TOP-LEFT
tensor([[nan, nan, nan],
        [nan, nan, nan],
        [nan, nan, nan]])
2023-10-10 12:32:30,444 | INFO | hi-lo : END EPOCH:  34 | ACCURACY: 15.62 | LOSS: nan
2023-10-10 12:32:30,445 | INFO | hi-lo : BEGIN EPOCH 35 =========================================================================
2023-10-10 12:32:30,445 | INFO | hi-lo.kernel-accessor : Fetching kernel: cauchy
2023-10-10 12:32:30,445 | INFO | hi-lo.cauchy-kernel : CHI (LOCATION): -0.09179048240184784 | GAMMA (SCALE): 0.493147611618042 | VAIRANCE: 0.24319456684457919
2023-10-10 12:32:30,446 | INFO | hi-lo.cauchy-kernel : TOP-LEFT
tensor([[0.4524, 0.1135, 0.0649],
        [0.1135, 0.0649, 0.0454],
        [0.0649, 0.0454, 0.0350]])
2023-10-10 12:32:30,446 | INFO | hi-lo.kernel-accessor : Fetching kernel: cauchy
2023-10-10 12:32:30,446 | INFO | hi-lo.cauchy-kernel : CHI (LOCATION): nan | GAMMA (SCALE): nan | VAIRANCE: nan
2023-10-10 12:32:30,447 | INFO | hi-lo.cauchy-kernel : TOP-LEFT
tensor([[nan, nan, nan],
        [nan, nan, nan],
        [nan, nan, nan]])
2023-10-10 12:32:30,447 | INFO | hi-lo.kernel-accessor : Fetching kernel: cauchy
2023-10-10 12:32:30,447 | INFO | hi-lo.cauchy-kernel : CHI (LOCATION): nan | GAMMA (SCALE): nan | VAIRANCE: nan
2023-10-10 12:32:30,448 | INFO | hi-lo.cauchy-kernel : TOP-LEFT
tensor([[nan, nan, nan],
        [nan, nan, nan],
        [nan, nan, nan]])
2023-10-10 12:32:30,448 | INFO | hi-lo.kernel-accessor : Fetching kernel: cauchy
2023-10-10 12:32:30,448 | INFO | hi-lo.cauchy-kernel : CHI (LOCATION): nan | GAMMA (SCALE): nan | VAIRANCE: nan
2023-10-10 12:32:30,448 | INFO | hi-lo.cauchy-kernel : BOTTOM-RIGHT
tensor([[nan, nan, nan],
        [nan, nan, nan],
        [nan, nan, nan]])
2023-10-10 12:32:39,253 | INFO | hi-lo : END EPOCH:  35 | ACCURACY: 11.72 | LOSS: nan
2023-10-10 12:32:39,253 | INFO | hi-lo : BEGIN EPOCH 36 =========================================================================
2023-10-10 12:32:39,253 | INFO | hi-lo.kernel-accessor : Fetching kernel: cauchy
2023-10-10 12:32:39,254 | INFO | hi-lo.cauchy-kernel : CHI (LOCATION): -0.04708322137594223 | GAMMA (SCALE): 0.4570326805114746 | VAIRANCE: 0.20887887105550362
2023-10-10 12:32:39,255 | INFO | hi-lo.cauchy-kernel : TOP-LEFT
tensor([[0.5088, 0.1037, 0.0577],
        [0.1037, 0.0577, 0.0400],
        [0.0577, 0.0400, 0.0306]])
2023-10-10 12:32:39,255 | INFO | hi-lo.kernel-accessor : Fetching kernel: cauchy
2023-10-10 12:32:39,255 | INFO | hi-lo.cauchy-kernel : CHI (LOCATION): nan | GAMMA (SCALE): nan | VAIRANCE: nan
2023-10-10 12:32:39,255 | INFO | hi-lo.cauchy-kernel : TOP-LEFT
tensor([[nan, nan, nan],
        [nan, nan, nan],
        [nan, nan, nan]])
2023-10-10 12:32:39,256 | INFO | hi-lo.kernel-accessor : Fetching kernel: cauchy
2023-10-10 12:32:39,256 | INFO | hi-lo.cauchy-kernel : CHI (LOCATION): nan | GAMMA (SCALE): nan | VAIRANCE: nan
2023-10-10 12:32:39,256 | INFO | hi-lo.cauchy-kernel : TOP-LEFT
tensor([[nan, nan, nan],
        [nan, nan, nan],
        [nan, nan, nan]])
2023-10-10 12:32:39,256 | INFO | hi-lo.kernel-accessor : Fetching kernel: cauchy
2023-10-10 12:32:39,257 | INFO | hi-lo.cauchy-kernel : CHI (LOCATION): 1 | GAMMA (SCALE): 1 | VAIRANCE: 1
2023-10-10 12:32:39,257 | INFO | hi-lo.cauchy-kernel : STATIC
tensor([[nan, 0., 0.],
        [0., 0., 0.],
        [0., 0., 0.]])
2023-10-10 12:32:47,973 | INFO | hi-lo : END EPOCH:  36 | ACCURACY: 11.28 | LOSS: nan
2023-10-10 12:32:47,973 | INFO | hi-lo : BEGIN EPOCH 37 =========================================================================
2023-10-10 12:32:47,973 | INFO | hi-lo.kernel-accessor : Fetching kernel: cauchy
2023-10-10 12:32:47,974 | INFO | hi-lo.cauchy-kernel : CHI (LOCATION): 1 | GAMMA (SCALE): 1 | VAIRANCE: 1
2023-10-10 12:32:47,974 | INFO | hi-lo.cauchy-kernel : STATIC
tensor([[nan, 0., 0.],
        [0., 0., 0.],
        [0., 0., 0.]])
2023-10-10 12:32:47,974 | INFO | hi-lo.kernel-accessor : Fetching kernel: cauchy
2023-10-10 12:32:47,974 | INFO | hi-lo.cauchy-kernel : CHI (LOCATION): 1 | GAMMA (SCALE): 1 | VAIRANCE: 1
2023-10-10 12:32:47,975 | INFO | hi-lo.cauchy-kernel : STATIC
tensor([[nan, 0., 0.],
        [0., 0., 0.],
        [0., 0., 0.]])
2023-10-10 12:32:47,975 | INFO | hi-lo.kernel-accessor : Fetching kernel: cauchy
2023-10-10 12:32:47,975 | INFO | hi-lo.cauchy-kernel : CHI (LOCATION): 1 | GAMMA (SCALE): 1 | VAIRANCE: 1
2023-10-10 12:32:47,976 | INFO | hi-lo.cauchy-kernel : STATIC
tensor([[nan, 0., 0.],
        [0., 0., 0.],
        [0., 0., 0.]])
2023-10-10 12:32:47,976 | INFO | hi-lo.kernel-accessor : Fetching kernel: cauchy
2023-10-10 12:32:47,976 | INFO | hi-lo.cauchy-kernel : CHI (LOCATION): 1 | GAMMA (SCALE): 1 | VAIRANCE: 1
2023-10-10 12:32:47,976 | INFO | hi-lo.cauchy-kernel : STATIC
tensor([[nan, 0., 0.],
        [0., 0., 0.],
        [0., 0., 0.]])
2023-10-10 12:32:56,717 | INFO | hi-lo : END EPOCH:  37 | ACCURACY: 10.8 | LOSS: nan
2023-10-10 12:32:56,718 | INFO | hi-lo : BEGIN EPOCH 38 =========================================================================
2023-10-10 12:32:56,718 | INFO | hi-lo.kernel-accessor : Fetching kernel: cauchy
2023-10-10 12:32:56,718 | INFO | hi-lo.cauchy-kernel : CHI (LOCATION): 1 | GAMMA (SCALE): 1 | VAIRANCE: 1
2023-10-10 12:32:56,719 | INFO | hi-lo.cauchy-kernel : STATIC
tensor([[nan, 0., 0.],
        [0., 0., 0.],
        [0., 0., 0.]])
2023-10-10 12:32:56,719 | INFO | hi-lo.kernel-accessor : Fetching kernel: cauchy
2023-10-10 12:32:56,719 | INFO | hi-lo.cauchy-kernel : CHI (LOCATION): nan | GAMMA (SCALE): nan | VAIRANCE: nan
2023-10-10 12:32:56,720 | INFO | hi-lo.cauchy-kernel : TOP-LEFT
tensor([[nan, nan, nan],
        [nan, nan, nan],
        [nan, nan, nan]])
2023-10-10 12:32:56,720 | INFO | hi-lo.kernel-accessor : Fetching kernel: cauchy
2023-10-10 12:32:56,720 | INFO | hi-lo.cauchy-kernel : CHI (LOCATION): nan | GAMMA (SCALE): nan | VAIRANCE: nan
2023-10-10 12:32:56,721 | INFO | hi-lo.cauchy-kernel : BOTTOM-RIGHT
tensor([[nan, nan, nan],
        [nan, nan, nan],
        [nan, nan, nan]])
2023-10-10 12:32:56,721 | INFO | hi-lo.kernel-accessor : Fetching kernel: cauchy
2023-10-10 12:32:56,721 | INFO | hi-lo.cauchy-kernel : CHI (LOCATION): nan | GAMMA (SCALE): nan | VAIRANCE: nan
2023-10-10 12:32:56,722 | INFO | hi-lo.cauchy-kernel : TOP-LEFT
tensor([[nan, nan, nan],
        [nan, nan, nan],
        [nan, nan, nan]])
2023-10-10 12:33:05,555 | INFO | hi-lo : END EPOCH:  38 | ACCURACY: 11.72 | LOSS: nan
2023-10-10 12:33:05,555 | INFO | hi-lo : BEGIN EPOCH 39 =========================================================================
2023-10-10 12:33:05,555 | INFO | hi-lo.kernel-accessor : Fetching kernel: cauchy
2023-10-10 12:33:05,556 | INFO | hi-lo.cauchy-kernel : CHI (LOCATION): 0.09645646810531616 | GAMMA (SCALE): 0.5445502400398254 | VAIRANCE: 0.2965349639274315
2023-10-10 12:33:05,557 | INFO | hi-lo.cauchy-kernel : TOP-LEFT
tensor([[0.5621, 0.0937, 0.0511],
        [0.0937, 0.0511, 0.0351],
        [0.0511, 0.0351, 0.0268]])
2023-10-10 12:33:05,557 | INFO | hi-lo.kernel-accessor : Fetching kernel: cauchy
2023-10-10 12:33:05,557 | INFO | hi-lo.cauchy-kernel : CHI (LOCATION): 1 | GAMMA (SCALE): 1 | VAIRANCE: 1
2023-10-10 12:33:05,558 | INFO | hi-lo.cauchy-kernel : STATIC
tensor([[nan, 0., 0.],
        [0., 0., 0.],
        [0., 0., 0.]])
2023-10-10 12:33:05,558 | INFO | hi-lo.kernel-accessor : Fetching kernel: cauchy
2023-10-10 12:33:05,558 | INFO | hi-lo.cauchy-kernel : CHI (LOCATION): 1 | GAMMA (SCALE): 1 | VAIRANCE: 1
2023-10-10 12:33:05,559 | INFO | hi-lo.cauchy-kernel : STATIC
tensor([[nan, 0., 0.],
        [0., 0., 0.],
        [0., 0., 0.]])
2023-10-10 12:33:05,559 | INFO | hi-lo.kernel-accessor : Fetching kernel: cauchy
2023-10-10 12:33:05,559 | INFO | hi-lo.cauchy-kernel : CHI (LOCATION): 1 | GAMMA (SCALE): 1 | VAIRANCE: 1
2023-10-10 12:33:05,559 | INFO | hi-lo.cauchy-kernel : STATIC
tensor([[nan, 0., 0.],
        [0., 0., 0.],
        [0., 0., 0.]])
2023-10-10 12:33:14,409 | INFO | hi-lo : END EPOCH:  39 | ACCURACY: 11.38 | LOSS: nan
2023-10-10 12:33:14,409 | INFO | hi-lo : BEGIN EPOCH 40 =========================================================================
2023-10-10 12:33:14,409 | INFO | hi-lo.kernel-accessor : Fetching kernel: cauchy
2023-10-10 12:33:14,410 | INFO | hi-lo.cauchy-kernel : CHI (LOCATION): -0.029559990391135216 | GAMMA (SCALE): 0.5557242631912231 | VAIRANCE: 0.30882945669942785
2023-10-10 12:33:14,410 | INFO | hi-lo.cauchy-kernel : BOTTOM-RIGHT
tensor([[0.0351, 0.0456, 0.0652],
        [0.0456, 0.0652, 0.1139],
        [0.0652, 0.1139, 0.4503]])
2023-10-10 12:33:14,411 | INFO | hi-lo.kernel-accessor : Fetching kernel: cauchy
2023-10-10 12:33:14,411 | INFO | hi-lo.cauchy-kernel : CHI (LOCATION): nan | GAMMA (SCALE): nan | VAIRANCE: nan
2023-10-10 12:33:14,411 | INFO | hi-lo.cauchy-kernel : TOP-LEFT
tensor([[nan, nan, nan],
        [nan, nan, nan],
        [nan, nan, nan]])
2023-10-10 12:33:14,411 | INFO | hi-lo.kernel-accessor : Fetching kernel: cauchy
2023-10-10 12:33:14,412 | INFO | hi-lo.cauchy-kernel : CHI (LOCATION): nan | GAMMA (SCALE): nan | VAIRANCE: nan
2023-10-10 12:33:14,412 | INFO | hi-lo.cauchy-kernel : TOP-LEFT
tensor([[nan, nan, nan],
        [nan, nan, nan],
        [nan, nan, nan]])
2023-10-10 12:33:14,412 | INFO | hi-lo.kernel-accessor : Fetching kernel: cauchy
2023-10-10 12:33:14,413 | INFO | hi-lo.cauchy-kernel : CHI (LOCATION): 1 | GAMMA (SCALE): 1 | VAIRANCE: 1
2023-10-10 12:33:14,413 | INFO | hi-lo.cauchy-kernel : STATIC
tensor([[nan, 0., 0.],
        [0., 0., 0.],
        [0., 0., 0.]])
2023-10-10 12:33:23,564 | INFO | hi-lo : END EPOCH:  40 | ACCURACY: 10.94 | LOSS: nan
2023-10-10 12:33:23,564 | INFO | hi-lo : BEGIN EPOCH 41 =========================================================================
2023-10-10 12:33:23,564 | INFO | hi-lo.kernel-accessor : Fetching kernel: cauchy
2023-10-10 12:33:23,565 | INFO | hi-lo.cauchy-kernel : CHI (LOCATION): 1 | GAMMA (SCALE): 1 | VAIRANCE: 1
2023-10-10 12:33:23,565 | INFO | hi-lo.cauchy-kernel : STATIC
tensor([[nan, 0., 0.],
        [0., 0., 0.],
        [0., 0., 0.]])
2023-10-10 12:33:23,565 | INFO | hi-lo.kernel-accessor : Fetching kernel: cauchy
2023-10-10 12:33:23,566 | INFO | hi-lo.cauchy-kernel : CHI (LOCATION): nan | GAMMA (SCALE): nan | VAIRANCE: nan
2023-10-10 12:33:23,566 | INFO | hi-lo.cauchy-kernel : BOTTOM-RIGHT
tensor([[nan, nan, nan],
        [nan, nan, nan],
        [nan, nan, nan]])
2023-10-10 12:33:23,566 | INFO | hi-lo.kernel-accessor : Fetching kernel: cauchy
2023-10-10 12:33:23,566 | INFO | hi-lo.cauchy-kernel : CHI (LOCATION): nan | GAMMA (SCALE): nan | VAIRANCE: nan
2023-10-10 12:33:23,567 | INFO | hi-lo.cauchy-kernel : TOP-LEFT
tensor([[nan, nan, nan],
        [nan, nan, nan],
        [nan, nan, nan]])
2023-10-10 12:33:23,567 | INFO | hi-lo.kernel-accessor : Fetching kernel: cauchy
2023-10-10 12:33:23,567 | INFO | hi-lo.cauchy-kernel : CHI (LOCATION): nan | GAMMA (SCALE): nan | VAIRANCE: nan
2023-10-10 12:33:23,568 | INFO | hi-lo.cauchy-kernel : TOP-LEFT
tensor([[nan, nan, nan],
        [nan, nan, nan],
        [nan, nan, nan]])
2023-10-10 12:33:32,721 | INFO | hi-lo : END EPOCH:  41 | ACCURACY: 20.31 | LOSS: nan
2023-10-10 12:33:32,721 | INFO | hi-lo : BEGIN EPOCH 42 =========================================================================
2023-10-10 12:33:32,721 | INFO | hi-lo.kernel-accessor : Fetching kernel: cauchy
2023-10-10 12:33:32,722 | INFO | hi-lo.cauchy-kernel : CHI (LOCATION): 1 | GAMMA (SCALE): 1 | VAIRANCE: 1
2023-10-10 12:33:32,722 | INFO | hi-lo.cauchy-kernel : STATIC
tensor([[nan, 0., 0.],
        [0., 0., 0.],
        [0., 0., 0.]])
2023-10-10 12:33:32,722 | INFO | hi-lo.kernel-accessor : Fetching kernel: cauchy
2023-10-10 12:33:32,723 | INFO | hi-lo.cauchy-kernel : CHI (LOCATION): nan | GAMMA (SCALE): nan | VAIRANCE: nan
2023-10-10 12:33:32,723 | INFO | hi-lo.cauchy-kernel : BOTTOM-RIGHT
tensor([[nan, nan, nan],
        [nan, nan, nan],
        [nan, nan, nan]])
2023-10-10 12:33:32,723 | INFO | hi-lo.kernel-accessor : Fetching kernel: cauchy
2023-10-10 12:33:32,724 | INFO | hi-lo.cauchy-kernel : CHI (LOCATION): nan | GAMMA (SCALE): nan | VAIRANCE: nan
2023-10-10 12:33:32,724 | INFO | hi-lo.cauchy-kernel : TOP-LEFT
tensor([[nan, nan, nan],
        [nan, nan, nan],
        [nan, nan, nan]])
2023-10-10 12:33:32,724 | INFO | hi-lo.kernel-accessor : Fetching kernel: cauchy
2023-10-10 12:33:32,725 | INFO | hi-lo.cauchy-kernel : CHI (LOCATION): nan | GAMMA (SCALE): nan | VAIRANCE: nan
2023-10-10 12:33:32,725 | INFO | hi-lo.cauchy-kernel : TOP-LEFT
tensor([[nan, nan, nan],
        [nan, nan, nan],
        [nan, nan, nan]])
2023-10-10 12:33:41,698 | INFO | hi-lo : END EPOCH:  42 | ACCURACY: 10.64 | LOSS: nan
2023-10-10 12:33:41,698 | INFO | hi-lo : BEGIN EPOCH 43 =========================================================================
2023-10-10 12:33:41,698 | INFO | hi-lo.kernel-accessor : Fetching kernel: cauchy
2023-10-10 12:33:41,699 | INFO | hi-lo.cauchy-kernel : CHI (LOCATION): 0.005437495186924934 | GAMMA (SCALE): 0.48601052165031433 | VAIRANCE: 0.23620622715481066
2023-10-10 12:33:41,700 | INFO | hi-lo.cauchy-kernel : BOTTOM-RIGHT
tensor([[0.0290, 0.0379, 0.0549],
        [0.0379, 0.0549, 0.0996],
        [0.0549, 0.0996, 0.5311]])
2023-10-10 12:33:41,700 | INFO | hi-lo.kernel-accessor : Fetching kernel: cauchy
2023-10-10 12:33:41,700 | INFO | hi-lo.cauchy-kernel : CHI (LOCATION): 1 | GAMMA (SCALE): 1 | VAIRANCE: 1
2023-10-10 12:33:41,701 | INFO | hi-lo.cauchy-kernel : STATIC
tensor([[nan, 0., 0.],
        [0., 0., 0.],
        [0., 0., 0.]])
2023-10-10 12:33:41,701 | INFO | hi-lo.kernel-accessor : Fetching kernel: cauchy
2023-10-10 12:33:41,701 | INFO | hi-lo.cauchy-kernel : CHI (LOCATION): nan | GAMMA (SCALE): nan | VAIRANCE: nan
2023-10-10 12:33:41,702 | INFO | hi-lo.cauchy-kernel : BOTTOM-RIGHT
tensor([[nan, nan, nan],
        [nan, nan, nan],
        [nan, nan, nan]])
2023-10-10 12:33:41,702 | INFO | hi-lo.kernel-accessor : Fetching kernel: cauchy
2023-10-10 12:33:41,702 | INFO | hi-lo.cauchy-kernel : CHI (LOCATION): nan | GAMMA (SCALE): nan | VAIRANCE: nan
2023-10-10 12:33:41,703 | INFO | hi-lo.cauchy-kernel : BOTTOM-RIGHT
tensor([[nan, nan, nan],
        [nan, nan, nan],
        [nan, nan, nan]])
2023-10-10 12:33:50,894 | INFO | hi-lo : END EPOCH:  43 | ACCURACY: 11.52 | LOSS: nan
2023-10-10 12:33:50,894 | INFO | hi-lo : BEGIN EPOCH 44 =========================================================================
2023-10-10 12:33:50,894 | INFO | hi-lo.kernel-accessor : Fetching kernel: cauchy
2023-10-10 12:33:50,895 | INFO | hi-lo.cauchy-kernel : CHI (LOCATION): -0.04259725660085678 | GAMMA (SCALE): 0.4891022741794586 | VAIRANCE: 0.2392210346075183
2023-10-10 12:33:50,895 | INFO | hi-lo.cauchy-kernel : BOTTOM-RIGHT
tensor([[0.0321, 0.0419, 0.0603],
        [0.0419, 0.0603, 0.1074],
        [0.0603, 0.1074, 0.4883]])
2023-10-10 12:33:50,896 | INFO | hi-lo.kernel-accessor : Fetching kernel: cauchy
2023-10-10 12:33:50,896 | INFO | hi-lo.cauchy-kernel : CHI (LOCATION): nan | GAMMA (SCALE): nan | VAIRANCE: nan
2023-10-10 12:33:50,896 | INFO | hi-lo.cauchy-kernel : TOP-LEFT
tensor([[nan, nan, nan],
        [nan, nan, nan],
        [nan, nan, nan]])
2023-10-10 12:33:50,896 | INFO | hi-lo.kernel-accessor : Fetching kernel: cauchy
2023-10-10 12:33:50,897 | INFO | hi-lo.cauchy-kernel : CHI (LOCATION): nan | GAMMA (SCALE): nan | VAIRANCE: nan
2023-10-10 12:33:50,897 | INFO | hi-lo.cauchy-kernel : BOTTOM-RIGHT
tensor([[nan, nan, nan],
        [nan, nan, nan],
        [nan, nan, nan]])
2023-10-10 12:33:50,897 | INFO | hi-lo.kernel-accessor : Fetching kernel: cauchy
2023-10-10 12:33:50,898 | INFO | hi-lo.cauchy-kernel : CHI (LOCATION): nan | GAMMA (SCALE): nan | VAIRANCE: nan
2023-10-10 12:33:50,898 | INFO | hi-lo.cauchy-kernel : BOTTOM-RIGHT
tensor([[nan, nan, nan],
        [nan, nan, nan],
        [nan, nan, nan]])
2023-10-10 12:34:00,020 | INFO | hi-lo : END EPOCH:  44 | ACCURACY: 14.06 | LOSS: nan
2023-10-10 12:34:00,020 | INFO | hi-lo : BEGIN EPOCH 45 =========================================================================
2023-10-10 12:34:00,020 | INFO | hi-lo.kernel-accessor : Fetching kernel: cauchy
2023-10-10 12:34:00,021 | INFO | hi-lo.cauchy-kernel : CHI (LOCATION): 1 | GAMMA (SCALE): 1 | VAIRANCE: 1
2023-10-10 12:34:00,021 | INFO | hi-lo.cauchy-kernel : STATIC
tensor([[nan, 0., 0.],
        [0., 0., 0.],
        [0., 0., 0.]])
2023-10-10 12:34:00,021 | INFO | hi-lo.kernel-accessor : Fetching kernel: cauchy
2023-10-10 12:34:00,022 | INFO | hi-lo.cauchy-kernel : CHI (LOCATION): nan | GAMMA (SCALE): nan | VAIRANCE: nan
2023-10-10 12:34:00,022 | INFO | hi-lo.cauchy-kernel : BOTTOM-RIGHT
tensor([[nan, nan, nan],
        [nan, nan, nan],
        [nan, nan, nan]])
2023-10-10 12:34:00,022 | INFO | hi-lo.kernel-accessor : Fetching kernel: cauchy
2023-10-10 12:34:00,023 | INFO | hi-lo.cauchy-kernel : CHI (LOCATION): nan | GAMMA (SCALE): nan | VAIRANCE: nan
2023-10-10 12:34:00,023 | INFO | hi-lo.cauchy-kernel : TOP-LEFT
tensor([[nan, nan, nan],
        [nan, nan, nan],
        [nan, nan, nan]])
2023-10-10 12:34:00,023 | INFO | hi-lo.kernel-accessor : Fetching kernel: cauchy
2023-10-10 12:34:00,024 | INFO | hi-lo.cauchy-kernel : CHI (LOCATION): nan | GAMMA (SCALE): nan | VAIRANCE: nan
2023-10-10 12:34:00,024 | INFO | hi-lo.cauchy-kernel : TOP-LEFT
tensor([[nan, nan, nan],
        [nan, nan, nan],
        [nan, nan, nan]])
2023-10-10 12:34:09,155 | INFO | hi-lo : END EPOCH:  45 | ACCURACY: 13.75 | LOSS: nan
2023-10-10 12:34:09,155 | INFO | hi-lo : BEGIN EPOCH 46 =========================================================================
2023-10-10 12:34:09,155 | INFO | hi-lo.kernel-accessor : Fetching kernel: cauchy
2023-10-10 12:34:09,156 | INFO | hi-lo.cauchy-kernel : CHI (LOCATION): 1 | GAMMA (SCALE): 1 | VAIRANCE: 1
2023-10-10 12:34:09,156 | INFO | hi-lo.cauchy-kernel : STATIC
tensor([[nan, 0., 0.],
        [0., 0., 0.],
        [0., 0., 0.]])
2023-10-10 12:34:09,156 | INFO | hi-lo.kernel-accessor : Fetching kernel: cauchy
2023-10-10 12:34:09,157 | INFO | hi-lo.cauchy-kernel : CHI (LOCATION): nan | GAMMA (SCALE): nan | VAIRANCE: nan
2023-10-10 12:34:09,157 | INFO | hi-lo.cauchy-kernel : TOP-LEFT
tensor([[nan, nan, nan],
        [nan, nan, nan],
        [nan, nan, nan]])
2023-10-10 12:34:09,157 | INFO | hi-lo.kernel-accessor : Fetching kernel: cauchy
2023-10-10 12:34:09,157 | INFO | hi-lo.cauchy-kernel : CHI (LOCATION): nan | GAMMA (SCALE): nan | VAIRANCE: nan
2023-10-10 12:34:09,158 | INFO | hi-lo.cauchy-kernel : BOTTOM-RIGHT
tensor([[nan, nan, nan],
        [nan, nan, nan],
        [nan, nan, nan]])
2023-10-10 12:34:09,158 | INFO | hi-lo.kernel-accessor : Fetching kernel: cauchy
2023-10-10 12:34:09,158 | INFO | hi-lo.cauchy-kernel : CHI (LOCATION): nan | GAMMA (SCALE): nan | VAIRANCE: nan
2023-10-10 12:34:09,159 | INFO | hi-lo.cauchy-kernel : BOTTOM-RIGHT
tensor([[nan, nan, nan],
        [nan, nan, nan],
        [nan, nan, nan]])
2023-10-10 12:34:18,200 | INFO | hi-lo : END EPOCH:  46 | ACCURACY: 11.72 | LOSS: nan
2023-10-10 12:34:18,200 | INFO | hi-lo : BEGIN EPOCH 47 =========================================================================
2023-10-10 12:34:18,200 | INFO | hi-lo.kernel-accessor : Fetching kernel: cauchy
2023-10-10 12:34:18,201 | INFO | hi-lo.cauchy-kernel : CHI (LOCATION): -0.12066434323787689 | GAMMA (SCALE): 0.5441582798957825 | VAIRANCE: 0.29610823357913674
2023-10-10 12:34:18,202 | INFO | hi-lo.cauchy-kernel : BOTTOM-RIGHT
tensor([[0.0386, 0.0499, 0.0706],
        [0.0499, 0.0706, 0.1204],
        [0.0706, 0.1204, 0.4092]])
2023-10-10 12:34:18,202 | INFO | hi-lo.kernel-accessor : Fetching kernel: cauchy
2023-10-10 12:34:18,202 | INFO | hi-lo.cauchy-kernel : CHI (LOCATION): nan | GAMMA (SCALE): nan | VAIRANCE: nan
2023-10-10 12:34:18,203 | INFO | hi-lo.cauchy-kernel : TOP-LEFT
tensor([[nan, nan, nan],
        [nan, nan, nan],
        [nan, nan, nan]])
2023-10-10 12:34:18,203 | INFO | hi-lo.kernel-accessor : Fetching kernel: cauchy
2023-10-10 12:34:18,203 | INFO | hi-lo.cauchy-kernel : CHI (LOCATION): nan | GAMMA (SCALE): nan | VAIRANCE: nan
2023-10-10 12:34:18,204 | INFO | hi-lo.cauchy-kernel : BOTTOM-RIGHT
tensor([[nan, nan, nan],
        [nan, nan, nan],
        [nan, nan, nan]])
2023-10-10 12:34:18,204 | INFO | hi-lo.kernel-accessor : Fetching kernel: cauchy
2023-10-10 12:34:18,204 | INFO | hi-lo.cauchy-kernel : CHI (LOCATION): nan | GAMMA (SCALE): nan | VAIRANCE: nan
2023-10-10 12:34:18,205 | INFO | hi-lo.cauchy-kernel : TOP-LEFT
tensor([[nan, nan, nan],
        [nan, nan, nan],
        [nan, nan, nan]])
2023-10-10 12:34:27,134 | INFO | hi-lo : END EPOCH:  47 | ACCURACY: 13.28 | LOSS: nan
2023-10-10 12:34:27,135 | INFO | hi-lo : BEGIN EPOCH 48 =========================================================================
2023-10-10 12:34:27,135 | INFO | hi-lo.kernel-accessor : Fetching kernel: cauchy
2023-10-10 12:34:27,135 | INFO | hi-lo.cauchy-kernel : CHI (LOCATION): -0.11788304895162582 | GAMMA (SCALE): 0.465568870306015 | VAIRANCE: 0.21675437299801903
2023-10-10 12:34:27,136 | INFO | hi-lo.cauchy-kernel : TOP-LEFT
tensor([[0.4526, 0.1135, 0.0649],
        [0.1135, 0.0649, 0.0454],
        [0.0649, 0.0454, 0.0349]])
2023-10-10 12:34:27,136 | INFO | hi-lo.kernel-accessor : Fetching kernel: cauchy
2023-10-10 12:34:27,137 | INFO | hi-lo.cauchy-kernel : CHI (LOCATION): nan | GAMMA (SCALE): nan | VAIRANCE: nan
2023-10-10 12:34:27,137 | INFO | hi-lo.cauchy-kernel : BOTTOM-RIGHT
tensor([[nan, nan, nan],
        [nan, nan, nan],
        [nan, nan, nan]])
2023-10-10 12:34:27,137 | INFO | hi-lo.kernel-accessor : Fetching kernel: cauchy
2023-10-10 12:34:27,138 | INFO | hi-lo.cauchy-kernel : CHI (LOCATION): nan | GAMMA (SCALE): nan | VAIRANCE: nan
2023-10-10 12:34:27,138 | INFO | hi-lo.cauchy-kernel : BOTTOM-RIGHT
tensor([[nan, nan, nan],
        [nan, nan, nan],
        [nan, nan, nan]])
2023-10-10 12:34:27,138 | INFO | hi-lo.kernel-accessor : Fetching kernel: cauchy
2023-10-10 12:34:27,139 | INFO | hi-lo.cauchy-kernel : CHI (LOCATION): nan | GAMMA (SCALE): nan | VAIRANCE: nan
2023-10-10 12:34:27,139 | INFO | hi-lo.cauchy-kernel : BOTTOM-RIGHT
tensor([[nan, nan, nan],
        [nan, nan, nan],
        [nan, nan, nan]])
2023-10-10 12:34:36,169 | INFO | hi-lo : END EPOCH:  48 | ACCURACY: 11.19 | LOSS: nan
2023-10-10 12:34:36,169 | INFO | hi-lo : BEGIN EPOCH 49 =========================================================================
2023-10-10 12:34:36,169 | INFO | hi-lo.kernel-accessor : Fetching kernel: cauchy
2023-10-10 12:34:36,170 | INFO | hi-lo.cauchy-kernel : CHI (LOCATION): -0.1051623672246933 | GAMMA (SCALE): 0.49434781074523926 | VAIRANCE: 0.2443797579886109
2023-10-10 12:34:36,171 | INFO | hi-lo.cauchy-kernel : TOP-LEFT
tensor([[0.4438, 0.1149, 0.0660],
        [0.1149, 0.0660, 0.0463],
        [0.0660, 0.0463, 0.0357]])
2023-10-10 12:34:36,171 | INFO | hi-lo.kernel-accessor : Fetching kernel: cauchy
2023-10-10 12:34:36,171 | INFO | hi-lo.cauchy-kernel : CHI (LOCATION): nan | GAMMA (SCALE): nan | VAIRANCE: nan
2023-10-10 12:34:36,172 | INFO | hi-lo.cauchy-kernel : TOP-LEFT
tensor([[nan, nan, nan],
        [nan, nan, nan],
        [nan, nan, nan]])
2023-10-10 12:34:36,172 | INFO | hi-lo.kernel-accessor : Fetching kernel: cauchy
2023-10-10 12:34:36,172 | INFO | hi-lo.cauchy-kernel : CHI (LOCATION): 1 | GAMMA (SCALE): 1 | VAIRANCE: 1
2023-10-10 12:34:36,173 | INFO | hi-lo.cauchy-kernel : STATIC
tensor([[nan, 0., 0.],
        [0., 0., 0.],
        [0., 0., 0.]])
2023-10-10 12:34:36,173 | INFO | hi-lo.kernel-accessor : Fetching kernel: cauchy
2023-10-10 12:34:36,173 | INFO | hi-lo.cauchy-kernel : CHI (LOCATION): 1 | GAMMA (SCALE): 1 | VAIRANCE: 1
2023-10-10 12:34:36,174 | INFO | hi-lo.cauchy-kernel : STATIC
tensor([[nan, 0., 0.],
        [0., 0., 0.],
        [0., 0., 0.]])
2023-10-10 12:34:45,242 | INFO | hi-lo : END EPOCH:  49 | ACCURACY: 10.09 | LOSS: nan
2023-10-10 12:34:45,242 | INFO | hi-lo : BEGIN EPOCH 50 =========================================================================
2023-10-10 12:34:45,243 | INFO | hi-lo.kernel-accessor : Fetching kernel: cauchy
2023-10-10 12:34:45,243 | INFO | hi-lo.cauchy-kernel : CHI (LOCATION): 0.03518722578883171 | GAMMA (SCALE): 0.5508120059967041 | VAIRANCE: 0.3033938659501132
2023-10-10 12:34:45,244 | INFO | hi-lo.cauchy-kernel : TOP-LEFT
tensor([[0.4988, 0.1055, 0.0590],
        [0.1055, 0.0590, 0.0409],
        [0.0590, 0.0409, 0.0313]])
2023-10-10 12:34:45,244 | INFO | hi-lo.kernel-accessor : Fetching kernel: cauchy
2023-10-10 12:34:45,245 | INFO | hi-lo.cauchy-kernel : CHI (LOCATION): nan | GAMMA (SCALE): nan | VAIRANCE: nan
2023-10-10 12:34:45,245 | INFO | hi-lo.cauchy-kernel : TOP-LEFT
tensor([[nan, nan, nan],
        [nan, nan, nan],
        [nan, nan, nan]])
2023-10-10 12:34:45,245 | INFO | hi-lo.kernel-accessor : Fetching kernel: cauchy
2023-10-10 12:34:45,245 | INFO | hi-lo.cauchy-kernel : CHI (LOCATION): nan | GAMMA (SCALE): nan | VAIRANCE: nan
2023-10-10 12:34:45,246 | INFO | hi-lo.cauchy-kernel : TOP-LEFT
tensor([[nan, nan, nan],
        [nan, nan, nan],
        [nan, nan, nan]])
2023-10-10 12:34:45,246 | INFO | hi-lo.kernel-accessor : Fetching kernel: cauchy
2023-10-10 12:34:45,246 | INFO | hi-lo.cauchy-kernel : CHI (LOCATION): 1 | GAMMA (SCALE): 1 | VAIRANCE: 1
2023-10-10 12:34:45,247 | INFO | hi-lo.cauchy-kernel : STATIC
tensor([[nan, 0., 0.],
        [0., 0., 0.],
        [0., 0., 0.]])
2023-10-10 12:34:54,237 | INFO | hi-lo : END EPOCH:  50 | ACCURACY: 10.49 | LOSS: nan
2023-10-10 12:34:54,237 | INFO | hi-lo : BEGIN EPOCH 51 =========================================================================
2023-10-10 12:34:54,237 | INFO | hi-lo.kernel-accessor : Fetching kernel: cauchy
2023-10-10 12:34:54,238 | INFO | hi-lo.cauchy-kernel : CHI (LOCATION): -0.11631655693054199 | GAMMA (SCALE): 0.46870484948158264 | VAIRANCE: 0.21968423592755304
2023-10-10 12:34:54,239 | INFO | hi-lo.cauchy-kernel : TOP-LEFT
tensor([[0.4518, 0.1136, 0.0650],
        [0.1136, 0.0650, 0.0455],
        [0.0650, 0.0455, 0.0350]])
2023-10-10 12:34:54,239 | INFO | hi-lo.kernel-accessor : Fetching kernel: cauchy
2023-10-10 12:34:54,239 | INFO | hi-lo.cauchy-kernel : CHI (LOCATION): nan | GAMMA (SCALE): nan | VAIRANCE: nan
2023-10-10 12:34:54,240 | INFO | hi-lo.cauchy-kernel : BOTTOM-RIGHT
tensor([[nan, nan, nan],
        [nan, nan, nan],
        [nan, nan, nan]])
2023-10-10 12:34:54,240 | INFO | hi-lo.kernel-accessor : Fetching kernel: cauchy
2023-10-10 12:34:54,240 | INFO | hi-lo.cauchy-kernel : CHI (LOCATION): nan | GAMMA (SCALE): nan | VAIRANCE: nan
2023-10-10 12:34:54,241 | INFO | hi-lo.cauchy-kernel : BOTTOM-RIGHT
tensor([[nan, nan, nan],
        [nan, nan, nan],
        [nan, nan, nan]])
2023-10-10 12:34:54,241 | INFO | hi-lo.kernel-accessor : Fetching kernel: cauchy
2023-10-10 12:34:54,241 | INFO | hi-lo.cauchy-kernel : CHI (LOCATION): nan | GAMMA (SCALE): nan | VAIRANCE: nan
2023-10-10 12:34:54,242 | INFO | hi-lo.cauchy-kernel : BOTTOM-RIGHT
tensor([[nan, nan, nan],
        [nan, nan, nan],
        [nan, nan, nan]])
2023-10-10 12:35:03,272 | INFO | hi-lo : END EPOCH:  51 | ACCURACY: 17.19 | LOSS: nan
2023-10-10 12:35:03,273 | INFO | hi-lo : BEGIN EPOCH 52 =========================================================================
2023-10-10 12:35:03,273 | INFO | hi-lo.kernel-accessor : Fetching kernel: cauchy
2023-10-10 12:35:03,273 | INFO | hi-lo.cauchy-kernel : CHI (LOCATION): 1 | GAMMA (SCALE): 1 | VAIRANCE: 1
2023-10-10 12:35:03,274 | INFO | hi-lo.cauchy-kernel : STATIC
tensor([[nan, 0., 0.],
        [0., 0., 0.],
        [0., 0., 0.]])
2023-10-10 12:35:03,274 | INFO | hi-lo.kernel-accessor : Fetching kernel: cauchy
2023-10-10 12:35:03,274 | INFO | hi-lo.cauchy-kernel : CHI (LOCATION): nan | GAMMA (SCALE): nan | VAIRANCE: nan
2023-10-10 12:35:03,275 | INFO | hi-lo.cauchy-kernel : BOTTOM-RIGHT
tensor([[nan, nan, nan],
        [nan, nan, nan],
        [nan, nan, nan]])
2023-10-10 12:35:03,275 | INFO | hi-lo.kernel-accessor : Fetching kernel: cauchy
2023-10-10 12:35:03,275 | INFO | hi-lo.cauchy-kernel : CHI (LOCATION): nan | GAMMA (SCALE): nan | VAIRANCE: nan
2023-10-10 12:35:03,275 | INFO | hi-lo.cauchy-kernel : TOP-LEFT
tensor([[nan, nan, nan],
        [nan, nan, nan],
        [nan, nan, nan]])
2023-10-10 12:35:03,276 | INFO | hi-lo.kernel-accessor : Fetching kernel: cauchy
2023-10-10 12:35:03,276 | INFO | hi-lo.cauchy-kernel : CHI (LOCATION): nan | GAMMA (SCALE): nan | VAIRANCE: nan
2023-10-10 12:35:03,276 | INFO | hi-lo.cauchy-kernel : BOTTOM-RIGHT
tensor([[nan, nan, nan],
        [nan, nan, nan],
        [nan, nan, nan]])
2023-10-10 12:35:12,422 | INFO | hi-lo : END EPOCH:  52 | ACCURACY: 10.24 | LOSS: nan
2023-10-10 12:35:12,422 | INFO | hi-lo : BEGIN EPOCH 53 =========================================================================
2023-10-10 12:35:12,423 | INFO | hi-lo.kernel-accessor : Fetching kernel: cauchy
2023-10-10 12:35:12,423 | INFO | hi-lo.cauchy-kernel : CHI (LOCATION): 1 | GAMMA (SCALE): 1 | VAIRANCE: 1
2023-10-10 12:35:12,424 | INFO | hi-lo.cauchy-kernel : STATIC
tensor([[nan, 0., 0.],
        [0., 0., 0.],
        [0., 0., 0.]])
2023-10-10 12:35:12,424 | INFO | hi-lo.kernel-accessor : Fetching kernel: cauchy
2023-10-10 12:35:12,424 | INFO | hi-lo.cauchy-kernel : CHI (LOCATION): nan | GAMMA (SCALE): nan | VAIRANCE: nan
2023-10-10 12:35:12,424 | INFO | hi-lo.cauchy-kernel : TOP-LEFT
tensor([[nan, nan, nan],
        [nan, nan, nan],
        [nan, nan, nan]])
2023-10-10 12:35:12,425 | INFO | hi-lo.kernel-accessor : Fetching kernel: cauchy
2023-10-10 12:35:12,425 | INFO | hi-lo.cauchy-kernel : CHI (LOCATION): nan | GAMMA (SCALE): nan | VAIRANCE: nan
2023-10-10 12:35:12,425 | INFO | hi-lo.cauchy-kernel : BOTTOM-RIGHT
tensor([[nan, nan, nan],
        [nan, nan, nan],
        [nan, nan, nan]])
2023-10-10 12:35:12,426 | INFO | hi-lo.kernel-accessor : Fetching kernel: cauchy
2023-10-10 12:35:12,426 | INFO | hi-lo.cauchy-kernel : CHI (LOCATION): 1 | GAMMA (SCALE): 1 | VAIRANCE: 1
2023-10-10 12:35:12,426 | INFO | hi-lo.cauchy-kernel : STATIC
tensor([[nan, 0., 0.],
        [0., 0., 0.],
        [0., 0., 0.]])
2023-10-10 12:35:17,683 | INFO | hi-lo : Keyboard interrupt detected. Aborting operations...
