2023-10-27 11:44:55,417 | INFO | hi-lo : 
+=========================================================================+
|  ______     ______   ______    ___         ___        ______   _______  |
| /| ___ \  // ____ \ /| ___ \  /| |        /| |      // ____ \ /| ___  \ |
| /| |//\ \ /| |//| | /| |//\ \ /| |        /| |      /| |//| | /| |//| | |
| /| | /| | /| ____ | /| | /| | /| |        /| |      /| ____ | /| ___  / |
| /| |_// / /| |//| | /| |_// / /| |____    /| |____  /| |//| | /| |//\ \ |
| /|_____/  /|_| /|_| /|_____/  /|______|   /|______| /|_| /|_| /|______/ |
| ///////   ///  ///  //////    ////////    ////////  ///  ///  ////////  |
+=========================================================================+
|                  Hi-Lo Resolution Image Classification                  |
|                  -------------------------------------                  |
|                            Gabriel C. Trahan                            |
|                               Sahan Ahmad                               |
|                            MD  Aminual Islam                            |
+=========================================================================+
| MODEL:                      normal | LR:                            0.1 |
| DISTRO:                    poisson | KERNEL TYPE:                    10 |
| DATASET:                  imagenet | BATCH SIZE:                     64 |
+=========================================================================+
2023-10-27 11:44:55,417 | INFO | hi-lo : Output directory: output/poisson//10/normal/imagenet/20231027_114455
2023-10-27 11:44:55,417 | INFO | hi-lo.dataset-accessor : Fetching dataset: imagenet
2023-10-27 11:44:55,417 | INFO | hi-lo.imagenet-dataset : Initializing transform.
2023-10-27 11:44:55,417 | INFO | hi-lo.imagenet-dataset : Verifying/downloading train data.
2023-10-27 11:44:58,499 | INFO | hi-lo.imagenet-dataset : Verifying/downloading test data.
2023-10-27 11:44:58,532 | INFO | hi-lo.imagenet-dataset : Creating train data loader.
2023-10-27 11:44:58,532 | INFO | hi-lo.imagenet-dataset : Creating test data loader.
2023-10-27 11:44:59,554 | INFO | hi-lo : Using device: NVIDIA GeForce GTX 1060 6GB
2023-10-27 11:44:59,554 | INFO | hi-lo : Commencing training phase...
2023-10-27 11:44:59,555 | INFO | hi-lo : BEGIN EPOCH 1 =========================================================================
2023-10-27 11:44:59,555 | INFO | hi-lo.kernel-accessor : Fetching kernel: poisson
2023-10-27 11:44:59,556 | INFO | hi-lo.poisson-kernel : LAMBDA (RATE): 0.0
2023-10-27 11:44:59,556 | INFO | hi-lo.poisson-kernel : BOTTOM-RIGHT
tensor([[0., 0., 0.],
        [0., 0., 0.],
        [0., 0., 1.]])
2023-10-27 11:44:59,556 | INFO | hi-lo.kernel-accessor : Fetching kernel: poisson
2023-10-27 11:44:59,556 | INFO | hi-lo.poisson-kernel : LAMBDA (RATE): 0.0
2023-10-27 11:44:59,557 | INFO | hi-lo.poisson-kernel : BOTTOM-RIGHT
tensor([[0., 0., 0.],
        [0., 0., 0.],
        [0., 0., 1.]])
2023-10-27 11:44:59,557 | INFO | hi-lo.kernel-accessor : Fetching kernel: poisson
2023-10-27 11:44:59,557 | INFO | hi-lo.poisson-kernel : LAMBDA (RATE): 0.0
2023-10-27 11:44:59,557 | INFO | hi-lo.poisson-kernel : STATIC
tensor([[1., 0., 0.],
        [0., 0., 0.],
        [0., 0., 0.]])
2023-10-27 11:44:59,557 | INFO | hi-lo.kernel-accessor : Fetching kernel: poisson
2023-10-27 11:44:59,558 | INFO | hi-lo.poisson-kernel : LAMBDA (RATE): 0.0
2023-10-27 11:44:59,558 | INFO | hi-lo.poisson-kernel : TOP-RIGHT
tensor([[0., 0., 1.],
        [0., 0., 0.],
        [0., 0., 0.]])
2023-10-27 11:45:24,353 | INFO | hi-lo : END EPOCH:   1 | ACCURACY: 0.2 | LOSS: 4.738953113555908
2023-10-27 11:45:24,353 | INFO | hi-lo : BEGIN EPOCH 2 =========================================================================
2023-10-27 11:45:24,353 | INFO | hi-lo.kernel-accessor : Fetching kernel: poisson
2023-10-27 11:45:24,354 | INFO | hi-lo.poisson-kernel : LAMBDA (RATE): -0.1278463751077652
2023-10-27 11:45:24,354 | INFO | hi-lo.poisson-kernel : TOP-RIGHT
tensor([[ 1.0639e-02, -1.6644e-01,  1.3018e+00],
        [-4.5339e-04,  1.0639e-02, -1.6644e-01],
        [ 1.4491e-05, -4.5339e-04,  1.0639e-02]])
2023-10-27 11:45:24,354 | INFO | hi-lo.kernel-accessor : Fetching kernel: poisson
2023-10-27 11:45:24,355 | INFO | hi-lo.poisson-kernel : LAMBDA (RATE): -0.4131242632865906
2023-10-27 11:45:24,355 | INFO | hi-lo.poisson-kernel : TOP-RIGHT
tensor([[ 0.2094, -1.0139,  2.4542],
        [-0.0288,  0.2094, -1.0139],
        [ 0.0030, -0.0288,  0.2094]])
2023-10-27 11:45:24,355 | INFO | hi-lo.kernel-accessor : Fetching kernel: poisson
2023-10-27 11:45:24,355 | INFO | hi-lo.poisson-kernel : LAMBDA (RATE): -0.46697166562080383
2023-10-27 11:45:24,355 | INFO | hi-lo.poisson-kernel : STATIC
tensor([[ 2.7686, -1.2929,  0.3019],
        [-1.2929,  0.3019, -0.0470],
        [ 0.3019, -0.0470,  0.0055]])
2023-10-27 11:45:24,356 | INFO | hi-lo.kernel-accessor : Fetching kernel: poisson
2023-10-27 11:45:24,356 | INFO | hi-lo.poisson-kernel : LAMBDA (RATE): -0.3584821820259094
2023-10-27 11:45:24,356 | INFO | hi-lo.poisson-kernel : BOTTOM-RIGHT
tensor([[ 1.4922e-03, -1.6650e-02,  1.3934e-01],
        [-1.6650e-02,  1.3934e-01, -7.7740e-01],
        [ 1.3934e-01, -7.7740e-01,  2.1686e+00]])
2023-10-27 11:45:48,595 | INFO | hi-lo : END EPOCH:   2 | ACCURACY: 0 | LOSS: 5.135072231292725
2023-10-27 11:45:48,595 | INFO | hi-lo : BEGIN EPOCH 3 =========================================================================
2023-10-27 11:45:48,595 | INFO | hi-lo.kernel-accessor : Fetching kernel: poisson
2023-10-27 11:45:48,596 | INFO | hi-lo.poisson-kernel : LAMBDA (RATE): -0.11134375631809235
2023-10-27 11:45:48,596 | INFO | hi-lo.poisson-kernel : TOP-RIGHT
tensor([[ 7.7927e-03, -1.3997e-01,  1.2571e+00],
        [-2.8922e-04,  7.7927e-03, -1.3997e-01],
        [ 8.0508e-06, -2.8922e-04,  7.7927e-03]])
2023-10-27 11:45:48,597 | INFO | hi-lo.kernel-accessor : Fetching kernel: poisson
2023-10-27 11:45:48,597 | INFO | hi-lo.poisson-kernel : LAMBDA (RATE): -0.5155928134918213
2023-10-27 11:45:48,598 | INFO | hi-lo.poisson-kernel : TOP-RIGHT
tensor([[ 0.4092, -1.5873,  3.0786],
        [-0.0703,  0.4092, -1.5873],
        [ 0.0091, -0.0703,  0.4092]])
2023-10-27 11:45:48,598 | INFO | hi-lo.kernel-accessor : Fetching kernel: poisson
2023-10-27 11:45:48,598 | INFO | hi-lo.poisson-kernel : LAMBDA (RATE): -0.3582131862640381
2023-10-27 11:45:48,599 | INFO | hi-lo.poisson-kernel : BOTTOM-RIGHT
tensor([[ 1.4868e-03, -1.6603e-02,  1.3905e-01],
        [-1.6603e-02,  1.3905e-01, -7.7634e-01],
        [ 1.3905e-01, -7.7634e-01,  2.1673e+00]])
2023-10-27 11:45:48,599 | INFO | hi-lo.kernel-accessor : Fetching kernel: poisson
2023-10-27 11:45:48,599 | INFO | hi-lo.poisson-kernel : LAMBDA (RATE): -0.25583648681640625
2023-10-27 11:45:48,600 | INFO | hi-lo.poisson-kernel : TOP-RIGHT
tensor([[ 5.6317e-02, -4.4026e-01,  1.7209e+00],
        [-4.8027e-03,  5.6317e-02, -4.4026e-01],
        [ 3.0718e-04, -4.8027e-03,  5.6317e-02]])
2023-10-27 11:46:12,661 | INFO | hi-lo : END EPOCH:   3 | ACCURACY: 0 | LOSS: 4.903594017028809
2023-10-27 11:46:12,661 | INFO | hi-lo : BEGIN EPOCH 4 =========================================================================
2023-10-27 11:46:12,661 | INFO | hi-lo.kernel-accessor : Fetching kernel: poisson
2023-10-27 11:46:12,662 | INFO | hi-lo.poisson-kernel : LAMBDA (RATE): -0.15729708969593048
2023-10-27 11:46:12,663 | INFO | hi-lo.poisson-kernel : STATIC
tensor([[ 1.3865e+00, -2.1809e-01,  1.7152e-02],
        [-2.1809e-01,  1.7152e-02, -8.9935e-04],
        [ 1.7152e-02, -8.9935e-04,  3.5366e-05]])
2023-10-27 11:46:12,663 | INFO | hi-lo.kernel-accessor : Fetching kernel: poisson
2023-10-27 11:46:12,663 | INFO | hi-lo.poisson-kernel : LAMBDA (RATE): -0.6300667524337769
2023-10-27 11:46:12,664 | INFO | hi-lo.poisson-kernel : BOTTOM-RIGHT
tensor([[ 0.0254, -0.1612,  0.7678],
        [-0.1612,  0.7678, -2.4371],
        [ 0.7678, -2.4371,  3.8680]])
2023-10-27 11:46:12,664 | INFO | hi-lo.kernel-accessor : Fetching kernel: poisson
2023-10-27 11:46:12,664 | INFO | hi-lo.poisson-kernel : LAMBDA (RATE): -0.3873944580554962
2023-10-27 11:46:12,665 | INFO | hi-lo.poisson-kernel : STATIC
tensor([[ 2.3154e+00, -8.9699e-01,  1.7374e-01],
        [-8.9699e-01,  1.7374e-01, -2.2436e-02],
        [ 1.7374e-01, -2.2436e-02,  2.1729e-03]])
2023-10-27 11:46:12,665 | INFO | hi-lo.kernel-accessor : Fetching kernel: poisson
2023-10-27 11:46:12,666 | INFO | hi-lo.poisson-kernel : LAMBDA (RATE): -0.6595329642295837
2023-10-27 11:46:12,666 | INFO | hi-lo.poisson-kernel : BOTTOM-RIGHT
tensor([[ 0.0321, -0.1946,  0.8853],
        [-0.1946,  0.8853, -2.6847],
        [ 0.8853, -2.6847,  4.0706]])
2023-10-27 11:46:36,777 | INFO | hi-lo : END EPOCH:   4 | ACCURACY: 0 | LOSS: 5.314947128295898
2023-10-27 11:46:36,777 | INFO | hi-lo : BEGIN EPOCH 5 =========================================================================
2023-10-27 11:46:36,777 | INFO | hi-lo.kernel-accessor : Fetching kernel: poisson
2023-10-27 11:46:36,778 | INFO | hi-lo.poisson-kernel : LAMBDA (RATE): -0.14257173240184784
2023-10-27 11:46:36,779 | INFO | hi-lo.poisson-kernel : BOTTOM-RIGHT
tensor([[ 2.3127e-05, -6.4885e-04,  1.3653e-02],
        [-6.4885e-04,  1.3653e-02, -1.9153e-01],
        [ 1.3653e-02, -1.9153e-01,  1.3434e+00]])
2023-10-27 11:46:36,779 | INFO | hi-lo.kernel-accessor : Fetching kernel: poisson
2023-10-27 11:46:36,779 | INFO | hi-lo.poisson-kernel : LAMBDA (RATE): -0.3121846914291382
2023-10-27 11:46:36,780 | INFO | hi-lo.poisson-kernel : STATIC
tensor([[ 1.9528e+00, -6.0965e-01,  9.5161e-02],
        [-6.0965e-01,  9.5161e-02, -9.9026e-03],
        [ 9.5161e-02, -9.9026e-03,  7.7286e-04]])
2023-10-27 11:46:36,780 | INFO | hi-lo.kernel-accessor : Fetching kernel: poisson
2023-10-27 11:46:36,781 | INFO | hi-lo.poisson-kernel : LAMBDA (RATE): -0.17781558632850647
2023-10-27 11:46:36,781 | INFO | hi-lo.poisson-kernel : BOTTOM-RIGHT
tensor([[ 6.0373e-05, -1.3581e-03,  2.2913e-02],
        [-1.3581e-03,  2.2913e-02, -2.5772e-01],
        [ 2.2913e-02, -2.5772e-01,  1.4494e+00]])
2023-10-27 11:46:36,781 | INFO | hi-lo.kernel-accessor : Fetching kernel: poisson
2023-10-27 11:46:36,782 | INFO | hi-lo.poisson-kernel : LAMBDA (RATE): -0.18965944647789001
2023-10-27 11:46:36,782 | INFO | hi-lo.poisson-kernel : STATIC
tensor([[ 1.4872e+00, -2.8206e-01,  2.6747e-02],
        [-2.8206e-01,  2.6747e-02, -1.6910e-03],
        [ 2.6747e-02, -1.6910e-03,  8.0177e-05]])
2023-10-27 11:47:01,038 | INFO | hi-lo : END EPOCH:   5 | ACCURACY: 0.42 | LOSS: 5.133522033691406
2023-10-27 11:47:01,038 | INFO | hi-lo : BEGIN EPOCH 6 =========================================================================
2023-10-27 11:47:01,038 | INFO | hi-lo.kernel-accessor : Fetching kernel: poisson
2023-10-27 11:47:01,039 | INFO | hi-lo.poisson-kernel : LAMBDA (RATE): -0.12211066484451294
2023-10-27 11:47:01,039 | INFO | hi-lo.poisson-kernel : BOTTOM-RIGHT
tensor([[ 1.1915e-05, -3.9029e-04,  9.5885e-03],
        [-3.9029e-04,  9.5885e-03, -1.5705e-01],
        [ 9.5885e-03, -1.5705e-01,  1.2861e+00]])
2023-10-27 11:47:01,040 | INFO | hi-lo.kernel-accessor : Fetching kernel: poisson
2023-10-27 11:47:01,040 | INFO | hi-lo.poisson-kernel : LAMBDA (RATE): -0.3084273338317871
2023-10-27 11:47:01,041 | INFO | hi-lo.poisson-kernel : BOTTOM-RIGHT
tensor([[ 7.3011e-04, -9.4688e-03,  9.2100e-02],
        [-9.4688e-03,  9.2100e-02, -5.9723e-01],
        [ 9.2100e-02, -5.9723e-01,  1.9364e+00]])
2023-10-27 11:47:01,041 | INFO | hi-lo.kernel-accessor : Fetching kernel: poisson
2023-10-27 11:47:01,041 | INFO | hi-lo.poisson-kernel : LAMBDA (RATE): -0.4762570261955261
2023-10-27 11:47:01,042 | INFO | hi-lo.poisson-kernel : TOP-RIGHT
tensor([[ 0.3205, -1.3459,  2.8260],
        [-0.0509,  0.3205, -1.3459],
        [ 0.0061, -0.0509,  0.3205]])
2023-10-27 11:47:01,042 | INFO | hi-lo.kernel-accessor : Fetching kernel: poisson
2023-10-27 11:47:01,042 | INFO | hi-lo.poisson-kernel : LAMBDA (RATE): -0.6153262257575989
2023-10-27 11:47:01,043 | INFO | hi-lo.poisson-kernel : BOTTOM-RIGHT
tensor([[ 0.0225, -0.1462,  0.7128],
        [-0.1462,  0.7128, -2.3167],
        [ 0.7128, -2.3167,  3.7650]])
2023-10-27 11:47:25,210 | INFO | hi-lo : END EPOCH:   6 | ACCURACY: 0 | LOSS: 5.2908525466918945
2023-10-27 11:47:25,210 | INFO | hi-lo : BEGIN EPOCH 7 =========================================================================
2023-10-27 11:47:25,211 | INFO | hi-lo.kernel-accessor : Fetching kernel: poisson
2023-10-27 11:47:25,211 | INFO | hi-lo.poisson-kernel : LAMBDA (RATE): -0.14710605144500732
2023-10-27 11:47:25,212 | INFO | hi-lo.poisson-kernel : BOTTOM-RIGHT
tensor([[ 2.6468e-05, -7.1970e-04,  1.4677e-02],
        [-7.1970e-04,  1.4677e-02, -1.9955e-01],
        [ 1.4677e-02, -1.9955e-01,  1.3565e+00]])
2023-10-27 11:47:25,212 | INFO | hi-lo.kernel-accessor : Fetching kernel: poisson
2023-10-27 11:47:25,213 | INFO | hi-lo.poisson-kernel : LAMBDA (RATE): -0.35978883504867554
2023-10-27 11:47:25,213 | INFO | hi-lo.poisson-kernel : STATIC
tensor([[ 2.1750e+00, -7.8254e-01,  1.4078e-01],
        [-7.8254e-01,  1.4078e-01, -1.6883e-02],
        [ 1.4078e-01, -1.6883e-02,  1.5186e-03]])
2023-10-27 11:47:25,213 | INFO | hi-lo.kernel-accessor : Fetching kernel: poisson
2023-10-27 11:47:25,214 | INFO | hi-lo.poisson-kernel : LAMBDA (RATE): 0.04689352586865425
2023-10-27 11:47:25,214 | INFO | hi-lo.poisson-kernel : TOP-RIGHT
tensor([[1.0022e-03, 4.2742e-02, 9.1148e-01],
        [1.5665e-05, 1.0022e-03, 4.2742e-02],
        [1.8365e-07, 1.5665e-05, 1.0022e-03]])
2023-10-27 11:47:25,214 | INFO | hi-lo.kernel-accessor : Fetching kernel: poisson
2023-10-27 11:47:25,215 | INFO | hi-lo.poisson-kernel : LAMBDA (RATE): -0.017460133880376816
2023-10-27 11:47:25,216 | INFO | hi-lo.poisson-kernel : BOTTOM-RIGHT
tensor([[ 4.0106e-09, -9.1881e-07,  1.5787e-04],
        [-9.1881e-07,  1.5787e-04, -1.8083e-02],
        [ 1.5787e-04, -1.8083e-02,  1.0357e+00]])
2023-10-27 11:47:49,328 | INFO | hi-lo : END EPOCH:   7 | ACCURACY: 0 | LOSS: 5.300490379333496
2023-10-27 11:47:49,328 | INFO | hi-lo : BEGIN EPOCH 8 =========================================================================
2023-10-27 11:47:49,329 | INFO | hi-lo.kernel-accessor : Fetching kernel: poisson
2023-10-27 11:47:49,329 | INFO | hi-lo.poisson-kernel : LAMBDA (RATE): -0.0006438441341742873
2023-10-27 11:47:49,330 | INFO | hi-lo.poisson-kernel : STATIC
tensor([[ 1.0013e+00, -6.4467e-04,  2.0753e-07],
        [-6.4467e-04,  2.0753e-07, -4.4540e-11],
        [ 2.0753e-07, -4.4540e-11,  7.1692e-15]])
2023-10-27 11:47:49,330 | INFO | hi-lo.kernel-accessor : Fetching kernel: poisson
2023-10-27 11:47:49,331 | INFO | hi-lo.poisson-kernel : LAMBDA (RATE): -0.16696560382843018
2023-10-27 11:47:49,331 | INFO | hi-lo.poisson-kernel : STATIC
tensor([[ 1.4157e+00, -2.3637e-01,  1.9733e-02],
        [-2.3637e-01,  1.9733e-02, -1.0982e-03],
        [ 1.9733e-02, -1.0982e-03,  4.5842e-05]])
2023-10-27 11:47:49,331 | INFO | hi-lo.kernel-accessor : Fetching kernel: poisson
2023-10-27 11:47:49,332 | INFO | hi-lo.poisson-kernel : LAMBDA (RATE): 0.018216991797089577
2023-10-27 11:47:49,332 | INFO | hi-lo.poisson-kernel : BOTTOM-RIGHT
tensor([[4.4253e-09, 9.7169e-07, 1.6002e-04],
        [9.7169e-07, 1.6002e-04, 1.7568e-02],
        [1.6002e-04, 1.7568e-02, 9.6438e-01]])
2023-10-27 11:47:49,332 | INFO | hi-lo.kernel-accessor : Fetching kernel: poisson
2023-10-27 11:47:49,333 | INFO | hi-lo.poisson-kernel : LAMBDA (RATE): -0.004908808507025242
2023-10-27 11:47:49,333 | INFO | hi-lo.poisson-kernel : TOP-RIGHT
tensor([[ 1.2167e-05, -4.9573e-03,  1.0099e+00],
        [-1.9909e-08,  1.2167e-05, -4.9573e-03],
        [ 2.4432e-11, -1.9909e-08,  1.2167e-05]])
2023-10-27 11:48:13,552 | INFO | hi-lo : END EPOCH:   8 | ACCURACY: 0 | LOSS: 4.940709114074707
2023-10-27 11:48:13,553 | INFO | hi-lo : BEGIN EPOCH 9 =========================================================================
2023-10-27 11:48:13,553 | INFO | hi-lo.kernel-accessor : Fetching kernel: poisson
2023-10-27 11:48:13,554 | INFO | hi-lo.poisson-kernel : LAMBDA (RATE): -0.003151149023324251
2023-10-27 11:48:13,554 | INFO | hi-lo.poisson-kernel : STATIC
tensor([[ 1.0063e+00, -3.1711e-03,  4.9963e-06],
        [-3.1711e-03,  4.9963e-06, -5.2480e-09],
        [ 4.9963e-06, -5.2480e-09,  4.1343e-12]])
2023-10-27 11:48:13,555 | INFO | hi-lo.kernel-accessor : Fetching kernel: poisson
2023-10-27 11:48:13,555 | INFO | hi-lo.poisson-kernel : LAMBDA (RATE): -0.2471024990081787
2023-10-27 11:48:13,556 | INFO | hi-lo.poisson-kernel : BOTTOM-RIGHT
tensor([[ 2.6218e-04, -4.2441e-03,  5.1526e-02],
        [-4.2441e-03,  5.1526e-02, -4.1704e-01],
        [ 5.1526e-02, -4.1704e-01,  1.6877e+00]])
2023-10-27 11:48:13,556 | INFO | hi-lo.kernel-accessor : Fetching kernel: poisson
2023-10-27 11:48:13,557 | INFO | hi-lo.poisson-kernel : LAMBDA (RATE): -0.4537698030471802
2023-10-27 11:48:13,557 | INFO | hi-lo.poisson-kernel : BOTTOM-RIGHT
tensor([[ 0.0047, -0.0419,  0.2768],
        [-0.0419,  0.2768, -1.2200],
        [ 0.2768, -1.2200,  2.6886]])
2023-10-27 11:48:13,557 | INFO | hi-lo.kernel-accessor : Fetching kernel: poisson
2023-10-27 11:48:13,558 | INFO | hi-lo.poisson-kernel : LAMBDA (RATE): -0.24189460277557373
2023-10-27 11:48:13,559 | INFO | hi-lo.poisson-kernel : TOP-RIGHT
tensor([[ 4.8809e-02, -4.0356e-01,  1.6683e+00],
        [-3.9356e-03,  4.8809e-02, -4.0356e-01],
        [ 2.3800e-04, -3.9356e-03,  4.8809e-02]])
2023-10-27 11:48:37,860 | INFO | hi-lo : END EPOCH:   9 | ACCURACY: 2.5 | LOSS: 5.025271415710449
2023-10-27 11:48:37,860 | INFO | hi-lo : BEGIN EPOCH 10 =========================================================================
2023-10-27 11:48:37,860 | INFO | hi-lo.kernel-accessor : Fetching kernel: poisson
2023-10-27 11:48:37,861 | INFO | hi-lo.poisson-kernel : LAMBDA (RATE): -0.185494527220726
2023-10-27 11:48:37,862 | INFO | hi-lo.poisson-kernel : TOP-RIGHT
tensor([[ 2.5354e-02, -2.7337e-01,  1.4737e+00],
        [-1.5677e-03,  2.5354e-02, -2.7337e-01],
        [ 7.2700e-05, -1.5677e-03,  2.5354e-02]])
2023-10-27 11:48:37,862 | INFO | hi-lo.kernel-accessor : Fetching kernel: poisson
2023-10-27 11:48:37,862 | INFO | hi-lo.poisson-kernel : LAMBDA (RATE): -0.3439076542854309
2023-10-27 11:48:37,863 | INFO | hi-lo.poisson-kernel : TOP-RIGHT
tensor([[ 1.2407e-01, -7.2156e-01,  2.0981e+00],
        [-1.4223e-02,  1.2407e-01, -7.2156e-01],
        [ 1.2229e-03, -1.4223e-02,  1.2407e-01]])
2023-10-27 11:48:37,863 | INFO | hi-lo.kernel-accessor : Fetching kernel: poisson
2023-10-27 11:48:37,864 | INFO | hi-lo.poisson-kernel : LAMBDA (RATE): -0.3340754508972168
2023-10-27 11:48:37,864 | INFO | hi-lo.poisson-kernel : STATIC
tensor([[ 2.0519e+00, -6.8549e-01,  1.1450e-01],
        [-6.8549e-01,  1.1450e-01, -1.2751e-02],
        [ 1.1450e-01, -1.2751e-02,  1.0649e-03]])
2023-10-27 11:48:37,864 | INFO | hi-lo.kernel-accessor : Fetching kernel: poisson
2023-10-27 11:48:37,865 | INFO | hi-lo.poisson-kernel : LAMBDA (RATE): -0.24356423318386078
2023-10-27 11:48:37,865 | INFO | hi-lo.poisson-kernel : STATIC
tensor([[ 1.6745e+00, -4.0785e-01,  4.9669e-02],
        [-4.0785e-01,  4.9669e-02, -4.0325e-03],
        [ 4.9669e-02, -4.0325e-03,  2.4555e-04]])
2023-10-27 11:49:02,055 | INFO | hi-lo : END EPOCH:  10 | ACCURACY: 0 | LOSS: 4.789429187774658
2023-10-27 11:49:02,055 | INFO | hi-lo : BEGIN EPOCH 11 =========================================================================
2023-10-27 11:49:02,055 | INFO | hi-lo.kernel-accessor : Fetching kernel: poisson
2023-10-27 11:49:02,056 | INFO | hi-lo.poisson-kernel : LAMBDA (RATE): -0.11493006348609924
2023-10-27 11:49:02,056 | INFO | hi-lo.poisson-kernel : BOTTOM-RIGHT
tensor([[ 9.2087e-06, -3.2050e-04,  8.3659e-03],
        [-3.2050e-04,  8.3659e-03, -1.4558e-01],
        [ 8.3659e-03, -1.4558e-01,  1.2667e+00]])
2023-10-27 11:49:02,056 | INFO | hi-lo.kernel-accessor : Fetching kernel: poisson
2023-10-27 11:49:02,057 | INFO | hi-lo.poisson-kernel : LAMBDA (RATE): -0.38159507513046265
2023-10-27 11:49:02,057 | INFO | hi-lo.poisson-kernel : STATIC
tensor([[ 2.2852e+00, -8.7203e-01,  1.6638e-01],
        [-8.7203e-01,  1.6638e-01, -2.1163e-02],
        [ 1.6638e-01, -2.1163e-02,  2.0190e-03]])
2023-10-27 11:49:02,057 | INFO | hi-lo.kernel-accessor : Fetching kernel: poisson
2023-10-27 11:49:02,057 | INFO | hi-lo.poisson-kernel : LAMBDA (RATE): -0.3754698634147644
2023-10-27 11:49:02,057 | INFO | hi-lo.poisson-kernel : STATIC
tensor([[ 2.2537e+00, -8.4620e-01,  1.5886e-01],
        [-8.4620e-01,  1.5886e-01, -1.9883e-02],
        [ 1.5886e-01, -1.9883e-02,  1.8663e-03]])
2023-10-27 11:49:02,057 | INFO | hi-lo.kernel-accessor : Fetching kernel: poisson
2023-10-27 11:49:02,058 | INFO | hi-lo.poisson-kernel : LAMBDA (RATE): -0.36311075091362
2023-10-27 11:49:02,058 | INFO | hi-lo.poisson-kernel : STATIC
tensor([[ 2.1915e+00, -7.9574e-01,  1.4447e-01],
        [-7.9574e-01,  1.4447e-01, -1.7486e-02],
        [ 1.4447e-01, -1.7486e-02,  1.5874e-03]])
2023-10-27 11:49:26,280 | INFO | hi-lo : END EPOCH:  11 | ACCURACY: 0 | LOSS: 5.009704113006592
2023-10-27 11:49:26,281 | INFO | hi-lo : BEGIN EPOCH 12 =========================================================================
2023-10-27 11:49:26,281 | INFO | hi-lo.kernel-accessor : Fetching kernel: poisson
2023-10-27 11:49:26,282 | INFO | hi-lo.poisson-kernel : LAMBDA (RATE): -0.20779064297676086
2023-10-27 11:49:26,282 | INFO | hi-lo.poisson-kernel : BOTTOM-RIGHT
tensor([[ 1.2019e-04, -2.3137e-03,  3.3405e-02],
        [-2.3137e-03,  3.3405e-02, -3.2152e-01],
        [ 3.3405e-02, -3.2152e-01,  1.5473e+00]])
2023-10-27 11:49:26,282 | INFO | hi-lo.kernel-accessor : Fetching kernel: poisson
2023-10-27 11:49:26,283 | INFO | hi-lo.poisson-kernel : LAMBDA (RATE): -0.31392595171928406
2023-10-27 11:49:26,283 | INFO | hi-lo.poisson-kernel : BOTTOM-RIGHT
tensor([[ 7.9336e-04, -1.0109e-02,  9.6605e-02],
        [-1.0109e-02,  9.6605e-02, -6.1546e-01],
        [ 9.6605e-02, -6.1546e-01,  1.9605e+00]])
2023-10-27 11:49:26,283 | INFO | hi-lo.kernel-accessor : Fetching kernel: poisson
2023-10-27 11:49:26,284 | INFO | hi-lo.poisson-kernel : LAMBDA (RATE): -0.16753536462783813
2023-10-27 11:49:26,284 | INFO | hi-lo.poisson-kernel : TOP-RIGHT
tensor([[ 1.9892e-02, -2.3747e-01,  1.4174e+00],
        [-1.1109e-03,  1.9892e-02, -2.3747e-01],
        [ 4.6529e-05, -1.1109e-03,  1.9892e-02]])
2023-10-27 11:49:26,285 | INFO | hi-lo.kernel-accessor : Fetching kernel: poisson
2023-10-27 11:49:26,285 | INFO | hi-lo.poisson-kernel : LAMBDA (RATE): -0.281757116317749
2023-10-27 11:49:26,286 | INFO | hi-lo.poisson-kernel : STATIC
tensor([[ 1.8236e+00, -5.1381e-01,  7.2384e-02],
        [-5.1381e-01,  7.2384e-02, -6.7983e-03],
        [ 7.2384e-02, -6.7983e-03,  4.7886e-04]])
2023-10-27 11:49:50,482 | INFO | hi-lo : END EPOCH:  12 | ACCURACY: 0 | LOSS: 4.844019412994385
2023-10-27 11:49:50,482 | INFO | hi-lo : BEGIN EPOCH 13 =========================================================================
2023-10-27 11:49:50,482 | INFO | hi-lo.kernel-accessor : Fetching kernel: poisson
2023-10-27 11:49:50,483 | INFO | hi-lo.poisson-kernel : LAMBDA (RATE): -0.17455923557281494
2023-10-27 11:49:50,484 | INFO | hi-lo.poisson-kernel : BOTTOM-RIGHT
tensor([[ 5.5676e-05, -1.2758e-03,  2.1926e-02],
        [-1.2758e-03,  2.1926e-02, -2.5122e-01],
        [ 2.1926e-02, -2.5122e-01,  1.4392e+00]])
2023-10-27 11:49:50,484 | INFO | hi-lo.kernel-accessor : Fetching kernel: poisson
2023-10-27 11:49:50,485 | INFO | hi-lo.poisson-kernel : LAMBDA (RATE): -0.2688571810722351
2023-10-27 11:49:50,485 | INFO | hi-lo.poisson-kernel : BOTTOM-RIGHT
tensor([[ 3.8570e-04, -5.7383e-03,  6.4030e-02],
        [-5.7383e-03,  6.4030e-02, -4.7632e-01],
        [ 6.4030e-02, -4.7632e-01,  1.7716e+00]])
2023-10-27 11:49:50,485 | INFO | hi-lo.kernel-accessor : Fetching kernel: poisson
2023-10-27 11:49:50,486 | INFO | hi-lo.poisson-kernel : LAMBDA (RATE): -0.33983638882637024
2023-10-27 11:49:50,486 | INFO | hi-lo.poisson-kernel : STATIC
tensor([[ 2.0789e+00, -7.0647e-01,  1.2004e-01],
        [-7.0647e-01,  1.2004e-01, -1.3598e-02],
        [ 1.2004e-01, -1.3598e-02,  1.1553e-03]])
2023-10-27 11:49:50,486 | INFO | hi-lo.kernel-accessor : Fetching kernel: poisson
2023-10-27 11:49:50,487 | INFO | hi-lo.poisson-kernel : LAMBDA (RATE): -0.40905287861824036
2023-10-27 11:49:50,487 | INFO | hi-lo.poisson-kernel : TOP-RIGHT
tensor([[ 0.2034, -0.9947,  2.4317],
        [-0.0277,  0.2034, -0.9947],
        [ 0.0028, -0.0277,  0.2034]])
2023-10-27 11:50:14,790 | INFO | hi-lo : END EPOCH:  13 | ACCURACY: 0 | LOSS: 5.310582160949707
2023-10-27 11:50:14,790 | INFO | hi-lo : BEGIN EPOCH 14 =========================================================================
2023-10-27 11:50:14,790 | INFO | hi-lo.kernel-accessor : Fetching kernel: poisson
2023-10-27 11:50:14,791 | INFO | hi-lo.poisson-kernel : LAMBDA (RATE): -0.017607949674129486
2023-10-27 11:50:14,791 | INFO | hi-lo.poisson-kernel : BOTTOM-RIGHT
tensor([[ 4.1494e-09, -9.4262e-07,  1.6060e-04],
        [-9.4262e-07,  1.6060e-04, -1.8242e-02],
        [ 1.6060e-04, -1.8242e-02,  1.0360e+00]])
2023-10-27 11:50:14,792 | INFO | hi-lo.kernel-accessor : Fetching kernel: poisson
2023-10-27 11:50:14,792 | INFO | hi-lo.poisson-kernel : LAMBDA (RATE): -0.13230204582214355
2023-10-27 11:50:14,792 | INFO | hi-lo.poisson-kernel : STATIC
tensor([[ 1.3142e+00, -1.7388e-01,  1.1502e-02],
        [-1.7388e-01,  1.1502e-02, -5.0725e-04],
        [ 1.1502e-02, -5.0725e-04,  1.6778e-05]])
2023-10-27 11:50:14,792 | INFO | hi-lo.kernel-accessor : Fetching kernel: poisson
2023-10-27 11:50:14,793 | INFO | hi-lo.poisson-kernel : LAMBDA (RATE): -0.0717700943350792
2023-10-27 11:50:14,793 | INFO | hi-lo.poisson-kernel : TOP-RIGHT
tensor([[ 2.9807e-03, -8.3061e-02,  1.1573e+00],
        [-7.1307e-05,  2.9807e-03, -8.3061e-02],
        [ 1.2794e-06, -7.1307e-05,  2.9807e-03]])
2023-10-27 11:50:14,793 | INFO | hi-lo.kernel-accessor : Fetching kernel: poisson
2023-10-27 11:50:14,794 | INFO | hi-lo.poisson-kernel : LAMBDA (RATE): -0.05627050995826721
2023-10-27 11:50:14,794 | INFO | hi-lo.poisson-kernel : STATIC
tensor([[ 1.1209e+00, -6.3073e-02,  1.7746e-03],
        [-6.3073e-02,  1.7746e-03, -3.3285e-05],
        [ 1.7746e-03, -3.3285e-05,  4.6825e-07]])
2023-10-27 11:50:39,047 | INFO | hi-lo : END EPOCH:  14 | ACCURACY: 0 | LOSS: 4.717553615570068
2023-10-27 11:50:39,047 | INFO | hi-lo : BEGIN EPOCH 15 =========================================================================
2023-10-27 11:50:39,048 | INFO | hi-lo.kernel-accessor : Fetching kernel: poisson
2023-10-27 11:50:39,048 | INFO | hi-lo.poisson-kernel : LAMBDA (RATE): 0.0075596049427986145
2023-10-27 11:50:39,049 | INFO | hi-lo.poisson-kernel : TOP-RIGHT
tensor([[2.8146e-05, 7.4464e-03, 9.8502e-01],
        [7.0924e-08, 2.8146e-05, 7.4464e-03],
        [1.3404e-10, 7.0924e-08, 2.8146e-05]])
2023-10-27 11:50:39,049 | INFO | hi-lo.kernel-accessor : Fetching kernel: poisson
2023-10-27 11:50:39,050 | INFO | hi-lo.poisson-kernel : LAMBDA (RATE): -0.2301928997039795
2023-10-27 11:50:39,050 | INFO | hi-lo.poisson-kernel : STATIC
tensor([[ 1.6256e+00, -3.7421e-01,  4.3070e-02],
        [-3.7421e-01,  4.3070e-02, -3.3048e-03],
        [ 4.3070e-02, -3.3048e-03,  1.9019e-04]])
2023-10-27 11:50:39,050 | INFO | hi-lo.kernel-accessor : Fetching kernel: poisson
2023-10-27 11:50:39,051 | INFO | hi-lo.poisson-kernel : LAMBDA (RATE): -0.4422394037246704
2023-10-27 11:50:39,051 | INFO | hi-lo.poisson-kernel : BOTTOM-RIGHT
tensor([[ 0.0042, -0.0378,  0.2562],
        [-0.0378,  0.2562, -1.1588],
        [ 0.2562, -1.1588,  2.6202]])
2023-10-27 11:50:39,052 | INFO | hi-lo.kernel-accessor : Fetching kernel: poisson
2023-10-27 11:50:39,052 | INFO | hi-lo.poisson-kernel : LAMBDA (RATE): -0.3572182357311249
2023-10-27 11:50:39,053 | INFO | hi-lo.poisson-kernel : STATIC
tensor([[ 2.1624e+00, -7.7244e-01,  1.3796e-01],
        [-7.7244e-01,  1.3796e-01, -1.6428e-02],
        [ 1.3796e-01, -1.6428e-02,  1.4671e-03]])
2023-10-27 11:51:03,186 | INFO | hi-lo : END EPOCH:  15 | ACCURACY: 0 | LOSS: 5.223567485809326
2023-10-27 11:51:03,186 | INFO | hi-lo : BEGIN EPOCH 16 =========================================================================
2023-10-27 11:51:03,186 | INFO | hi-lo.kernel-accessor : Fetching kernel: poisson
2023-10-27 11:51:03,187 | INFO | hi-lo.poisson-kernel : LAMBDA (RATE): -0.1719582974910736
2023-10-27 11:51:03,188 | INFO | hi-lo.poisson-kernel : TOP-RIGHT
tensor([[ 2.1158e-02, -2.4608e-01,  1.4311e+00],
        [-1.2128e-03,  2.1158e-02, -2.4608e-01],
        [ 5.2136e-05, -1.2128e-03,  2.1158e-02]])
2023-10-27 11:51:03,188 | INFO | hi-lo.kernel-accessor : Fetching kernel: poisson
2023-10-27 11:51:03,189 | INFO | hi-lo.poisson-kernel : LAMBDA (RATE): -0.18175473809242249
2023-10-27 11:51:03,189 | INFO | hi-lo.poisson-kernel : STATIC
tensor([[ 1.4618e+00, -2.6569e-01,  2.4145e-02],
        [-2.6569e-01,  2.4145e-02, -1.4628e-03],
        [ 2.4145e-02, -1.4628e-03,  6.6469e-05]])
2023-10-27 11:51:03,189 | INFO | hi-lo.kernel-accessor : Fetching kernel: poisson
2023-10-27 11:51:03,190 | INFO | hi-lo.poisson-kernel : LAMBDA (RATE): -0.11928561329841614
2023-10-27 11:51:03,190 | INFO | hi-lo.poisson-kernel : TOP-RIGHT
tensor([[ 9.0954e-03, -1.5250e-01,  1.2784e+00],
        [-3.6165e-04,  9.0954e-03, -1.5250e-01],
        [ 1.0785e-05, -3.6165e-04,  9.0954e-03]])
2023-10-27 11:51:03,190 | INFO | hi-lo.kernel-accessor : Fetching kernel: poisson
2023-10-27 11:51:03,191 | INFO | hi-lo.poisson-kernel : LAMBDA (RATE): -0.11798441410064697
2023-10-27 11:51:03,191 | INFO | hi-lo.poisson-kernel : BOTTOM-RIGHT
tensor([[ 1.0294e-05, -3.4898e-04,  8.8735e-03],
        [-3.4898e-04,  8.8735e-03, -1.5042e-01],
        [ 8.8735e-03, -1.5042e-01,  1.2749e+00]])
2023-10-27 11:51:27,452 | INFO | hi-lo : END EPOCH:  16 | ACCURACY: 0 | LOSS: 4.801690578460693
2023-10-27 11:51:27,452 | INFO | hi-lo : BEGIN EPOCH 17 =========================================================================
2023-10-27 11:51:27,452 | INFO | hi-lo.kernel-accessor : Fetching kernel: poisson
2023-10-27 11:51:27,453 | INFO | hi-lo.poisson-kernel : LAMBDA (RATE): -0.17519640922546387
2023-10-27 11:51:27,454 | INFO | hi-lo.poisson-kernel : BOTTOM-RIGHT
tensor([[ 5.6571e-05, -1.2916e-03,  2.2117e-02],
        [-1.2916e-03,  2.2117e-02, -2.5248e-01],
        [ 2.2117e-02, -2.5248e-01,  1.4411e+00]])
2023-10-27 11:51:27,454 | INFO | hi-lo.kernel-accessor : Fetching kernel: poisson
2023-10-27 11:51:27,455 | INFO | hi-lo.poisson-kernel : LAMBDA (RATE): -0.28125864267349243
2023-10-27 11:51:27,455 | INFO | hi-lo.poisson-kernel : BOTTOM-RIGHT
tensor([[ 4.7495e-04, -6.7547e-03,  7.2048e-02],
        [-6.7547e-03,  7.2048e-02, -5.1232e-01],
        [ 7.2048e-02, -5.1232e-01,  1.8215e+00]])
2023-10-27 11:51:27,455 | INFO | hi-lo.kernel-accessor : Fetching kernel: poisson
2023-10-27 11:51:27,456 | INFO | hi-lo.poisson-kernel : LAMBDA (RATE): -0.3363076448440552
2023-10-27 11:51:27,456 | INFO | hi-lo.poisson-kernel : STATIC
tensor([[ 2.0623e+00, -6.9357e-01,  1.1663e-01],
        [-6.9357e-01,  1.1663e-01, -1.3074e-02],
        [ 1.1663e-01, -1.3074e-02,  1.0992e-03]])
2023-10-27 11:51:27,456 | INFO | hi-lo.kernel-accessor : Fetching kernel: poisson
2023-10-27 11:51:27,457 | INFO | hi-lo.poisson-kernel : LAMBDA (RATE): -0.4379327893257141
2023-10-27 11:51:27,457 | INFO | hi-lo.poisson-kernel : STATIC
tensor([[ 2.5951, -1.1365,  0.2488],
        [-1.1365,  0.2488, -0.0363],
        [ 0.2488, -0.0363,  0.0040]])
2023-10-27 11:51:51,816 | INFO | hi-lo : END EPOCH:  17 | ACCURACY: 0 | LOSS: 5.317265033721924
2023-10-27 11:51:51,816 | INFO | hi-lo : BEGIN EPOCH 18 =========================================================================
2023-10-27 11:51:51,816 | INFO | hi-lo.kernel-accessor : Fetching kernel: poisson
2023-10-27 11:51:51,817 | INFO | hi-lo.poisson-kernel : LAMBDA (RATE): -0.11907502263784409
2023-10-27 11:51:51,817 | INFO | hi-lo.poisson-kernel : BOTTOM-RIGHT
tensor([[ 1.0704e-05, -3.5958e-04,  9.0592e-03],
        [-3.5958e-04,  9.0592e-03, -1.5216e-01],
        [ 9.0592e-03, -1.5216e-01,  1.2779e+00]])
2023-10-27 11:51:51,818 | INFO | hi-lo.kernel-accessor : Fetching kernel: poisson
2023-10-27 11:51:51,818 | INFO | hi-lo.poisson-kernel : LAMBDA (RATE): -0.1645093411207199
2023-10-27 11:51:51,819 | INFO | hi-lo.poisson-kernel : TOP-RIGHT
tensor([[ 1.9055e-02, -2.3166e-01,  1.4082e+00],
        [-1.0449e-03,  1.9055e-02, -2.3166e-01],
        [ 4.2975e-05, -1.0449e-03,  1.9055e-02]])
2023-10-27 11:51:51,819 | INFO | hi-lo.kernel-accessor : Fetching kernel: poisson
2023-10-27 11:51:51,819 | INFO | hi-lo.poisson-kernel : LAMBDA (RATE): -0.40183162689208984
2023-10-27 11:51:51,820 | INFO | hi-lo.poisson-kernel : TOP-RIGHT
tensor([[ 0.1931, -0.9613,  2.3924],
        [-0.0259,  0.1931, -0.9613],
        [ 0.0026, -0.0259,  0.1931]])
2023-10-27 11:51:51,820 | INFO | hi-lo.kernel-accessor : Fetching kernel: poisson
2023-10-27 11:51:51,820 | INFO | hi-lo.poisson-kernel : LAMBDA (RATE): -0.0651794821023941
2023-10-27 11:51:51,821 | INFO | hi-lo.poisson-kernel : STATIC
tensor([[ 1.1417e+00, -7.4412e-02,  2.4251e-03],
        [-7.4412e-02,  2.4251e-03, -5.2689e-05],
        [ 2.4251e-03, -5.2689e-05,  8.5855e-07]])
2023-10-27 11:52:15,993 | INFO | hi-lo : END EPOCH:  18 | ACCURACY: 0 | LOSS: 5.092006683349609
2023-10-27 11:52:15,993 | INFO | hi-lo : BEGIN EPOCH 19 =========================================================================
2023-10-27 11:52:15,994 | INFO | hi-lo.kernel-accessor : Fetching kernel: poisson
2023-10-27 11:52:15,994 | INFO | hi-lo.poisson-kernel : LAMBDA (RATE): -0.2473331093788147
2023-10-27 11:52:15,995 | INFO | hi-lo.poisson-kernel : BOTTOM-RIGHT
tensor([[ 2.6330e-04, -4.2582e-03,  5.1649e-02],
        [-4.2582e-03,  5.1649e-02, -4.1765e-01],
        [ 5.1649e-02, -4.1765e-01,  1.6886e+00]])
2023-10-27 11:52:15,995 | INFO | hi-lo.kernel-accessor : Fetching kernel: poisson
2023-10-27 11:52:15,996 | INFO | hi-lo.poisson-kernel : LAMBDA (RATE): -0.1866629719734192
2023-10-27 11:52:15,996 | INFO | hi-lo.poisson-kernel : BOTTOM-RIGHT
tensor([[ 7.4739e-05, -1.6016e-03,  2.5740e-02],
        [-1.6016e-03,  2.5740e-02, -2.7579e-01],
        [ 2.5740e-02, -2.7579e-01,  1.4775e+00]])
2023-10-27 11:52:15,996 | INFO | hi-lo.kernel-accessor : Fetching kernel: poisson
2023-10-27 11:52:15,997 | INFO | hi-lo.poisson-kernel : LAMBDA (RATE): -0.2113255262374878
2023-10-27 11:52:15,998 | INFO | hi-lo.poisson-kernel : BOTTOM-RIGHT
tensor([[ 1.2958e-04, -2.4528e-03,  3.4820e-02],
        [-2.4528e-03,  3.4820e-02, -3.2954e-01],
        [ 3.4820e-02, -3.2954e-01,  1.5594e+00]])
2023-10-27 11:52:15,998 | INFO | hi-lo.kernel-accessor : Fetching kernel: poisson
2023-10-27 11:52:15,998 | INFO | hi-lo.poisson-kernel : LAMBDA (RATE): -0.11007920652627945
2023-10-27 11:52:15,999 | INFO | hi-lo.poisson-kernel : BOTTOM-RIGHT
tensor([[ 7.6707e-06, -2.7873e-04,  7.5964e-03],
        [-2.7873e-04,  7.5964e-03, -1.3802e-01],
        [ 7.5964e-03, -1.3802e-01,  1.2538e+00]])
2023-10-27 11:52:40,141 | INFO | hi-lo : END EPOCH:  19 | ACCURACY: 0.1 | LOSS: 4.969598770141602
2023-10-27 11:52:40,142 | INFO | hi-lo : BEGIN EPOCH 20 =========================================================================
2023-10-27 11:52:40,142 | INFO | hi-lo.kernel-accessor : Fetching kernel: poisson
2023-10-27 11:52:40,142 | INFO | hi-lo.poisson-kernel : LAMBDA (RATE): -0.15575501322746277
2023-10-27 11:52:40,143 | INFO | hi-lo.poisson-kernel : BOTTOM-RIGHT
tensor([[ 3.3887e-05, -8.7026e-04,  1.6762e-02],
        [-8.7026e-04,  1.6762e-02, -2.1524e-01],
        [ 1.6762e-02, -2.1524e-01,  1.3819e+00]])
2023-10-27 11:52:40,143 | INFO | hi-lo.kernel-accessor : Fetching kernel: poisson
2023-10-27 11:52:40,144 | INFO | hi-lo.poisson-kernel : LAMBDA (RATE): -0.29777729511260986
2023-10-27 11:52:40,144 | INFO | hi-lo.poisson-kernel : BOTTOM-RIGHT
tensor([[ 6.1932e-04, -8.3193e-03,  8.3814e-02],
        [-8.3193e-03,  8.3814e-02, -5.6293e-01],
        [ 8.3814e-02, -5.6293e-01,  1.8904e+00]])
2023-10-27 11:52:40,144 | INFO | hi-lo.kernel-accessor : Fetching kernel: poisson
2023-10-27 11:52:40,145 | INFO | hi-lo.poisson-kernel : LAMBDA (RATE): -0.3835771977901459
2023-10-27 11:52:40,145 | INFO | hi-lo.poisson-kernel : BOTTOM-RIGHT
tensor([[ 2.0705e-03, -2.1592e-02,  1.6887e-01],
        [-2.1592e-02,  1.6887e-01, -8.8051e-01],
        [ 1.6887e-01, -8.8051e-01,  2.2955e+00]])
2023-10-27 11:52:40,146 | INFO | hi-lo.kernel-accessor : Fetching kernel: poisson
2023-10-27 11:52:40,146 | INFO | hi-lo.poisson-kernel : LAMBDA (RATE): -0.41808032989501953
2023-10-27 11:52:40,146 | INFO | hi-lo.poisson-kernel : STATIC
tensor([[ 2.4818, -1.0376,  0.2169],
        [-1.0376,  0.2169, -0.0302],
        [ 0.2169, -0.0302,  0.0032]])
2023-10-27 11:53:04,355 | INFO | hi-lo : END EPOCH:  20 | ACCURACY: 0 | LOSS: 5.302281856536865
2023-10-27 11:53:04,355 | INFO | hi-lo : BEGIN EPOCH 21 =========================================================================
2023-10-27 11:53:04,355 | INFO | hi-lo.kernel-accessor : Fetching kernel: poisson
2023-10-27 11:53:04,356 | INFO | hi-lo.poisson-kernel : LAMBDA (RATE): -0.012972628697752953
2023-10-27 11:53:04,357 | INFO | hi-lo.poisson-kernel : BOTTOM-RIGHT
tensor([[ 1.2112e-09, -3.7345e-07,  8.6364e-05],
        [-3.7345e-07,  8.6364e-05, -1.3315e-02],
        [ 8.6364e-05, -1.3315e-02,  1.0264e+00]])
2023-10-27 11:53:04,357 | INFO | hi-lo.kernel-accessor : Fetching kernel: poisson
2023-10-27 11:53:04,357 | INFO | hi-lo.poisson-kernel : LAMBDA (RATE): -0.2046780288219452
2023-10-27 11:53:04,358 | INFO | hi-lo.poisson-kernel : BOTTOM-RIGHT
tensor([[ 1.1238e-04, -2.1963e-03,  3.2191e-02],
        [-2.1963e-03,  3.2191e-02, -3.1455e-01],
        [ 3.2191e-02, -3.1455e-01,  1.5368e+00]])
2023-10-27 11:53:04,358 | INFO | hi-lo.kernel-accessor : Fetching kernel: poisson
2023-10-27 11:53:04,358 | INFO | hi-lo.poisson-kernel : LAMBDA (RATE): -0.18801599740982056
2023-10-27 11:53:04,359 | INFO | hi-lo.poisson-kernel : TOP-RIGHT
tensor([[ 2.6192e-02, -2.7861e-01,  1.4819e+00],
        [-1.6415e-03,  2.6192e-02, -2.7861e-01],
        [ 7.7157e-05, -1.6415e-03,  2.6192e-02]])
2023-10-27 11:53:04,359 | INFO | hi-lo.kernel-accessor : Fetching kernel: poisson
2023-10-27 11:53:04,360 | INFO | hi-lo.poisson-kernel : LAMBDA (RATE): -0.05321449041366577
2023-10-27 11:53:04,360 | INFO | hi-lo.poisson-kernel : BOTTOM-RIGHT
tensor([[ 3.7217e-07, -2.7975e-05,  1.5771e-03],
        [-2.7975e-05,  1.5771e-03, -5.9274e-02],
        [ 1.5771e-03, -5.9274e-02,  1.1139e+00]])
2023-10-27 11:53:28,632 | INFO | hi-lo : END EPOCH:  21 | ACCURACY: 4.69 | LOSS: 5.133508682250977
2023-10-27 11:53:28,632 | INFO | hi-lo : BEGIN EPOCH 22 =========================================================================
2023-10-27 11:53:28,632 | INFO | hi-lo.kernel-accessor : Fetching kernel: poisson
2023-10-27 11:53:28,633 | INFO | hi-lo.poisson-kernel : LAMBDA (RATE): -0.10978635400533676
2023-10-27 11:53:28,633 | INFO | hi-lo.poisson-kernel : BOTTOM-RIGHT
tensor([[ 7.5847e-06, -2.7635e-04,  7.5514e-03],
        [-2.7635e-04,  7.5514e-03, -1.3756e-01],
        [ 7.5514e-03, -1.3756e-01,  1.2530e+00]])
2023-10-27 11:53:28,634 | INFO | hi-lo.kernel-accessor : Fetching kernel: poisson
2023-10-27 11:53:28,634 | INFO | hi-lo.poisson-kernel : LAMBDA (RATE): -0.2325977087020874
2023-10-27 11:53:28,635 | INFO | hi-lo.poisson-kernel : BOTTOM-RIGHT
tensor([[ 1.9932e-04, -3.4276e-03,  4.4209e-02],
        [-3.4276e-03,  4.4209e-02, -3.8013e-01],
        [ 4.4209e-02, -3.8013e-01,  1.6343e+00]])
2023-10-27 11:53:28,635 | INFO | hi-lo.kernel-accessor : Fetching kernel: poisson
2023-10-27 11:53:28,635 | INFO | hi-lo.poisson-kernel : LAMBDA (RATE): -0.3656637668609619
2023-10-27 11:53:28,636 | INFO | hi-lo.poisson-kernel : BOTTOM-RIGHT
tensor([[ 1.6420e-03, -1.7961e-02,  1.4736e-01],
        [-1.7961e-02,  1.4736e-01, -8.0599e-01],
        [ 1.4736e-01, -8.0599e-01,  2.2042e+00]])
2023-10-27 11:53:28,636 | INFO | hi-lo.kernel-accessor : Fetching kernel: poisson
2023-10-27 11:53:28,636 | INFO | hi-lo.poisson-kernel : LAMBDA (RATE): -0.3820927143096924
2023-10-27 11:53:28,637 | INFO | hi-lo.poisson-kernel : STATIC
tensor([[ 2.2878e+00, -8.7415e-01,  1.6700e-01],
        [-8.7415e-01,  1.6700e-01, -2.1270e-02],
        [ 1.6700e-01, -2.1270e-02,  2.0318e-03]])
2023-10-27 11:53:52,728 | INFO | hi-lo : END EPOCH:  22 | ACCURACY: 1.56 | LOSS: 4.9735870361328125
2023-10-27 11:53:52,728 | INFO | hi-lo : BEGIN EPOCH 23 =========================================================================
2023-10-27 11:53:52,729 | INFO | hi-lo.kernel-accessor : Fetching kernel: poisson
2023-10-27 11:53:52,729 | INFO | hi-lo.poisson-kernel : LAMBDA (RATE): -0.09885045140981674
2023-10-27 11:53:52,730 | INFO | hi-lo.poisson-kernel : TOP-RIGHT
tensor([[ 5.9827e-03, -1.2105e-01,  1.2245e+00],
        [-1.9713e-04,  5.9827e-03, -1.2105e-01],
        [ 4.8716e-06, -1.9713e-04,  5.9827e-03]])
2023-10-27 11:53:52,730 | INFO | hi-lo.kernel-accessor : Fetching kernel: poisson
2023-10-27 11:53:52,730 | INFO | hi-lo.poisson-kernel : LAMBDA (RATE): -0.3428959846496582
2023-10-27 11:53:52,731 | INFO | hi-lo.poisson-kernel : BOTTOM-RIGHT
tensor([[ 1.2058e-03, -1.4066e-02,  1.2306e-01],
        [-1.4066e-02,  1.2306e-01, -7.1779e-01],
        [ 1.2306e-01, -7.1779e-01,  2.0933e+00]])
2023-10-27 11:53:52,731 | INFO | hi-lo.kernel-accessor : Fetching kernel: poisson
2023-10-27 11:53:52,731 | INFO | hi-lo.poisson-kernel : LAMBDA (RATE): -0.15345975756645203
2023-10-27 11:53:52,732 | INFO | hi-lo.poisson-kernel : TOP-RIGHT
tensor([[ 1.6192e-02, -2.1102e-01,  1.3751e+00],
        [-8.2826e-04,  1.6192e-02, -2.1102e-01],
        [ 3.1776e-05, -8.2826e-04,  1.6192e-02]])
2023-10-27 11:53:52,732 | INFO | hi-lo.kernel-accessor : Fetching kernel: poisson
2023-10-27 11:53:52,732 | INFO | hi-lo.poisson-kernel : LAMBDA (RATE): -0.17170670628547668
2023-10-27 11:53:52,732 | INFO | hi-lo.poisson-kernel : BOTTOM-RIGHT
tensor([[ 5.1804e-05, -1.2068e-03,  2.1085e-02],
        [-1.2068e-03,  2.1085e-02, -2.4559e-01],
        [ 2.1085e-02, -2.4559e-01,  1.4303e+00]])
2023-10-27 11:54:16,956 | INFO | hi-lo : END EPOCH:  23 | ACCURACY: 0 | LOSS: 5.037233352661133
2023-10-27 11:54:16,957 | INFO | hi-lo : BEGIN EPOCH 24 =========================================================================
2023-10-27 11:54:16,957 | INFO | hi-lo.kernel-accessor : Fetching kernel: poisson
2023-10-27 11:54:16,958 | INFO | hi-lo.poisson-kernel : LAMBDA (RATE): -0.16440412402153015
2023-10-27 11:54:16,958 | INFO | hi-lo.poisson-kernel : BOTTOM-RIGHT
tensor([[ 4.2856e-05, -1.0427e-03,  1.9027e-02],
        [-1.0427e-03,  1.9027e-02, -2.3146e-01],
        [ 1.9027e-02, -2.3146e-01,  1.4079e+00]])
2023-10-27 11:54:16,959 | INFO | hi-lo.kernel-accessor : Fetching kernel: poisson
2023-10-27 11:54:16,959 | INFO | hi-lo.poisson-kernel : LAMBDA (RATE): -0.26039063930511475
2023-10-27 11:54:16,959 | INFO | hi-lo.poisson-kernel : STATIC
tensor([[ 1.7384e+00, -4.5267e-01,  5.8936e-02],
        [-4.5267e-01,  5.8936e-02, -5.1154e-03],
        [ 5.8936e-02, -5.1154e-03,  3.3300e-04]])
2023-10-27 11:54:16,960 | INFO | hi-lo.kernel-accessor : Fetching kernel: poisson
2023-10-27 11:54:16,960 | INFO | hi-lo.poisson-kernel : LAMBDA (RATE): -0.35874250531196594
2023-10-27 11:54:16,961 | INFO | hi-lo.poisson-kernel : TOP-RIGHT
tensor([[ 1.3963e-01, -7.7842e-01,  2.1699e+00],
        [-1.6697e-02,  1.3963e-01, -7.7842e-01],
        [ 1.4974e-03, -1.6697e-02,  1.3963e-01]])
2023-10-27 11:54:16,961 | INFO | hi-lo.kernel-accessor : Fetching kernel: poisson
2023-10-27 11:54:16,961 | INFO | hi-lo.poisson-kernel : LAMBDA (RATE): -0.5920055508613586
2023-10-27 11:54:16,962 | INFO | hi-lo.poisson-kernel : TOP-RIGHT
tensor([[ 0.6311, -2.1322,  3.6016],
        [-0.1245,  0.6311, -2.1322],
        [ 0.0184, -0.1245,  0.6311]])
2023-10-27 11:54:41,189 | INFO | hi-lo : END EPOCH:  24 | ACCURACY: 0 | LOSS: 5.282135486602783
2023-10-27 11:54:41,189 | INFO | hi-lo : BEGIN EPOCH 25 =========================================================================
2023-10-27 11:54:41,189 | INFO | hi-lo.kernel-accessor : Fetching kernel: poisson
2023-10-27 11:54:41,190 | INFO | hi-lo.poisson-kernel : LAMBDA (RATE): -0.2187008559703827
2023-10-27 11:54:41,190 | INFO | hi-lo.poisson-kernel : TOP-RIGHT
tensor([[ 3.7903e-02, -3.4662e-01,  1.5849e+00],
        [-2.7631e-03,  3.7903e-02, -3.4662e-01],
        [ 1.5108e-04, -2.7631e-03,  3.7903e-02]])
2023-10-27 11:54:41,191 | INFO | hi-lo.kernel-accessor : Fetching kernel: poisson
2023-10-27 11:54:41,191 | INFO | hi-lo.poisson-kernel : LAMBDA (RATE): -0.15366114675998688
2023-10-27 11:54:41,192 | INFO | hi-lo.poisson-kernel : BOTTOM-RIGHT
tensor([[ 3.1957e-05, -8.3188e-04,  1.6241e-02],
        [-8.3188e-04,  1.6241e-02, -2.1139e-01],
        [ 1.6241e-02, -2.1139e-01,  1.3757e+00]])
2023-10-27 11:54:41,192 | INFO | hi-lo.kernel-accessor : Fetching kernel: poisson
2023-10-27 11:54:41,192 | INFO | hi-lo.poisson-kernel : LAMBDA (RATE): -0.052380044013261795
2023-10-27 11:54:41,193 | INFO | hi-lo.poisson-kernel : TOP-RIGHT
tensor([[ 1.5254e-03, -5.8245e-02,  1.1120e+00],
        [-2.6634e-05,  1.5254e-03, -5.8245e-02],
        [ 3.4877e-07, -2.6634e-05,  1.5254e-03]])
2023-10-27 11:54:41,193 | INFO | hi-lo.kernel-accessor : Fetching kernel: poisson
2023-10-27 11:54:41,193 | INFO | hi-lo.poisson-kernel : LAMBDA (RATE): -0.09256798774003983
2023-10-27 11:54:41,194 | INFO | hi-lo.poisson-kernel : BOTTOM-RIGHT
tensor([[ 3.6973e-06, -1.5977e-04,  5.1778e-03],
        [-1.5977e-04,  5.1778e-03, -1.1187e-01],
        [ 5.1778e-03, -1.1187e-01,  1.2085e+00]])
2023-10-27 11:55:05,425 | INFO | hi-lo : END EPOCH:  25 | ACCURACY: 0.17 | LOSS: 4.700518608093262
2023-10-27 11:55:05,425 | INFO | hi-lo : BEGIN EPOCH 26 =========================================================================
2023-10-27 11:55:05,425 | INFO | hi-lo.kernel-accessor : Fetching kernel: poisson
2023-10-27 11:55:05,426 | INFO | hi-lo.poisson-kernel : LAMBDA (RATE): -0.25149738788604736
2023-10-27 11:55:05,427 | INFO | hi-lo.poisson-kernel : STATIC
tensor([[ 1.7043e+00, -4.2863e-01,  5.3900e-02],
        [-4.2863e-01,  5.3900e-02, -4.5186e-03],
        [ 5.3900e-02, -4.5186e-03,  2.8410e-04]])
2023-10-27 11:55:05,427 | INFO | hi-lo.kernel-accessor : Fetching kernel: poisson
2023-10-27 11:55:05,428 | INFO | hi-lo.poisson-kernel : LAMBDA (RATE): -0.201724112033844
2023-10-27 11:55:05,428 | INFO | hi-lo.poisson-kernel : BOTTOM-RIGHT
tensor([[ 1.0535e-04, -2.0890e-03,  3.1067e-02],
        [-2.0890e-03,  3.1067e-02, -3.0801e-01],
        [ 3.1067e-02, -3.0801e-01,  1.5269e+00]])
2023-10-27 11:55:05,428 | INFO | hi-lo.kernel-accessor : Fetching kernel: poisson
2023-10-27 11:55:05,429 | INFO | hi-lo.poisson-kernel : LAMBDA (RATE): -0.7708315849304199
2023-10-27 11:55:05,429 | INFO | hi-lo.poisson-kernel : STATIC
tensor([[ 4.7248, -3.6420,  1.4037],
        [-3.6420,  1.4037, -0.3607],
        [ 1.4037, -0.3607,  0.0695]])
2023-10-27 11:55:05,430 | INFO | hi-lo.kernel-accessor : Fetching kernel: poisson
2023-10-27 11:55:05,430 | INFO | hi-lo.poisson-kernel : LAMBDA (RATE): -0.6633809804916382
2023-10-27 11:55:05,431 | INFO | hi-lo.poisson-kernel : BOTTOM-RIGHT
tensor([[ 0.0331, -0.1993,  0.9014],
        [-0.1993,  0.9014, -2.7176],
        [ 0.9014, -2.7176,  4.0966]])
2023-10-27 11:55:29,718 | INFO | hi-lo : END EPOCH:  26 | ACCURACY: 0 | LOSS: 5.304244041442871
2023-10-27 11:55:29,718 | INFO | hi-lo : BEGIN EPOCH 27 =========================================================================
2023-10-27 11:55:29,718 | INFO | hi-lo.kernel-accessor : Fetching kernel: poisson
2023-10-27 11:55:29,719 | INFO | hi-lo.poisson-kernel : LAMBDA (RATE): -0.2100282609462738
2023-10-27 11:55:29,720 | INFO | hi-lo.poisson-kernel : TOP-RIGHT
tensor([[ 3.4296e-02, -3.2659e-01,  1.5550e+00],
        [-2.4010e-03,  3.4296e-02, -3.2659e-01],
        [ 1.2607e-04, -2.4010e-03,  3.4296e-02]])
2023-10-27 11:55:29,720 | INFO | hi-lo.kernel-accessor : Fetching kernel: poisson
2023-10-27 11:55:29,721 | INFO | hi-lo.poisson-kernel : LAMBDA (RATE): 9353.2861328125
2023-10-27 11:55:29,721 | INFO | hi-lo.poisson-kernel : BOTTOM-RIGHT
tensor([[nan, nan, nan],
        [nan, nan, nan],
        [nan, nan, nan]])
2023-10-27 11:55:29,721 | INFO | hi-lo.kernel-accessor : Fetching kernel: poisson
2023-10-27 11:55:29,722 | ERROR | hi-lo : An error occurred: (34, 'Numerical result out of range')
